{
  "stats": {
    "suites": 6,
    "tests": 20,
    "passes": 20,
    "pending": 0,
    "failures": 0,
    "start": "2025-09-19T18:14:30.716Z",
    "end": "2025-09-19T18:14:30.992Z",
    "duration": 276,
    "testsRegistered": 20,
    "passPercent": 100,
    "pendingPercent": 0,
    "other": 0,
    "hasOther": false,
    "skipped": 0,
    "hasSkipped": false
  },
  "results": [
    {
      "uuid": "0611c5fd-8049-4572-9b31-d8b5faa7c49d",
      "title": "",
      "fullFile": "",
      "file": "",
      "beforeHooks": [],
      "afterHooks": [],
      "tests": [],
      "suites": [
        {
          "uuid": "9826b106-39ff-4a03-aa63-df6e001d6cee",
          "title": "Expense External - GraphQL",
          "fullFile": "/home/runner/work/trabalho-final-automacao-api/trabalho-final-automacao-api/test/graphql/external/expense/expenseExternal.graphql.test.js",
          "file": "/test/graphql/external/expense/expenseExternal.graphql.test.js",
          "beforeHooks": [
            {
              "title": "\"before all\" hook in \"Expense External - GraphQL\"",
              "fullTitle": "Expense External - GraphQL \"before all\" hook in \"Expense External - GraphQL\"",
              "timedOut": false,
              "duration": 72,
              "state": null,
              "speed": null,
              "pass": false,
              "fail": false,
              "pending": false,
              "context": null,
              "code": "const loginRequest = require(\"../../fixture/requests/user/loginRequest.json\");\nconst response = await request(process.env.BASE_URL_GRAPHQL)\n  .post(\"/\")\n  .send(loginRequest);\ntoken = response.body.data.login.token;",
              "err": {},
              "uuid": "b4e81fe2-3343-4b4a-bfe4-9af6d59700da",
              "parentUUID": "9826b106-39ff-4a03-aa63-df6e001d6cee",
              "isHook": true,
              "skipped": false
            }
          ],
          "afterHooks": [],
          "tests": [],
          "suites": [
            {
              "uuid": "581db9b4-0c1a-4593-9e10-415dde8e9600",
              "title": "addExpense Mutation",
              "fullFile": "/home/runner/work/trabalho-final-automacao-api/trabalho-final-automacao-api/test/graphql/external/expense/expenseExternal.graphql.test.js",
              "file": "/test/graphql/external/expense/expenseExternal.graphql.test.js",
              "beforeHooks": [],
              "afterHooks": [],
              "tests": [
                {
                  "title": "Deve retornar erro quando a descrição não for informada",
                  "fullTitle": "Expense External - GraphQL addExpense Mutation Deve retornar erro quando a descrição não for informada",
                  "timedOut": false,
                  "duration": 9,
                  "state": "passed",
                  "speed": "fast",
                  "pass": true,
                  "fail": false,
                  "pending": false,
                  "context": null,
                  "code": "const response = await request(process.env.BASE_URL_GRAPHQL)\n  .post(\"/\")\n  .set(\"Authorization\", `Bearer ${token}`)\n  .send(test.addExpense);\nexpect(response.status).to.equal(test.statusCode);\nexpect(response.body.errors[0].message).to.equal(test.expectedMessage);",
                  "err": {},
                  "uuid": "11c8bd39-3cd4-4ad5-b9ca-828bf054d883",
                  "parentUUID": "581db9b4-0c1a-4593-9e10-415dde8e9600",
                  "isHook": false,
                  "skipped": false
                },
                {
                  "title": "Deve retornar erro quando o valor não for informado",
                  "fullTitle": "Expense External - GraphQL addExpense Mutation Deve retornar erro quando o valor não for informado",
                  "timedOut": false,
                  "duration": 3,
                  "state": "passed",
                  "speed": "fast",
                  "pass": true,
                  "fail": false,
                  "pending": false,
                  "context": null,
                  "code": "const response = await request(process.env.BASE_URL_GRAPHQL)\n  .post(\"/\")\n  .set(\"Authorization\", `Bearer ${token}`)\n  .send(test.addExpense);\nexpect(response.status).to.equal(test.statusCode);\nexpect(response.body.errors[0].message).to.equal(test.expectedMessage);",
                  "err": {},
                  "uuid": "8df2e7e1-4aec-4296-b43e-769fa4f0e612",
                  "parentUUID": "581db9b4-0c1a-4593-9e10-415dde8e9600",
                  "isHook": false,
                  "skipped": false
                },
                {
                  "title": "Deve retornar erro quando a data não for informada",
                  "fullTitle": "Expense External - GraphQL addExpense Mutation Deve retornar erro quando a data não for informada",
                  "timedOut": false,
                  "duration": 3,
                  "state": "passed",
                  "speed": "fast",
                  "pass": true,
                  "fail": false,
                  "pending": false,
                  "context": null,
                  "code": "const response = await request(process.env.BASE_URL_GRAPHQL)\n  .post(\"/\")\n  .set(\"Authorization\", `Bearer ${token}`)\n  .send(test.addExpense);\nexpect(response.status).to.equal(test.statusCode);\nexpect(response.body.errors[0].message).to.equal(test.expectedMessage);",
                  "err": {},
                  "uuid": "e17bb79b-ae96-47a7-a949-4f4b5a1f2d4f",
                  "parentUUID": "581db9b4-0c1a-4593-9e10-415dde8e9600",
                  "isHook": false,
                  "skipped": false
                },
                {
                  "title": "Deve retornar erro quando a edição de uma despesa for feita sem token de autenticação",
                  "fullTitle": "Expense External - GraphQL addExpense Mutation Deve retornar erro quando a edição de uma despesa for feita sem token de autenticação",
                  "timedOut": false,
                  "duration": 2,
                  "state": "passed",
                  "speed": "fast",
                  "pass": true,
                  "fail": false,
                  "pending": false,
                  "context": null,
                  "code": "const response = await request(process.env.BASE_URL_GRAPHQL)\n  .post(\"/\")\n  .send(createExpenseRequest);\nexpect(response.body.errors[0].message).to.equal(\"Not authenticated\");",
                  "err": {},
                  "uuid": "013fd454-1246-48c7-ab00-852140bd4a43",
                  "parentUUID": "581db9b4-0c1a-4593-9e10-415dde8e9600",
                  "isHook": false,
                  "skipped": false
                },
                {
                  "title": "Deve registrar uma despesa com sucesso",
                  "fullTitle": "Expense External - GraphQL addExpense Mutation Deve registrar uma despesa com sucesso",
                  "timedOut": false,
                  "duration": 4,
                  "state": "passed",
                  "speed": "fast",
                  "pass": true,
                  "fail": false,
                  "pending": false,
                  "context": null,
                  "code": "const response = await request(process.env.BASE_URL_GRAPHQL)\n  .post(\"/\")\n  .set(\"Authorization\", `Bearer ${token}`)\n  .send(createExpenseRequest);\nconst expectedResponse = require(\"../../fixture/responses/expense/createExpenseSuccessfulResponse.json\");\nexpect(response.status).to.equal(expectedResponse.statusCode);\nexpect(response.body.data.addExpense)\n  .excluding([\"date\", \"id\"])\n  .to.deep.equal(expectedResponse.data.addExpense);\nexpenseId = response.body.data.addExpense.id;",
                  "err": {},
                  "uuid": "e3f8f21d-3d4f-4958-885a-4fe05209f828",
                  "parentUUID": "581db9b4-0c1a-4593-9e10-415dde8e9600",
                  "isHook": false,
                  "skipped": false
                }
              ],
              "suites": [],
              "passes": [
                "11c8bd39-3cd4-4ad5-b9ca-828bf054d883",
                "8df2e7e1-4aec-4296-b43e-769fa4f0e612",
                "e17bb79b-ae96-47a7-a949-4f4b5a1f2d4f",
                "013fd454-1246-48c7-ab00-852140bd4a43",
                "e3f8f21d-3d4f-4958-885a-4fe05209f828"
              ],
              "failures": [],
              "pending": [],
              "skipped": [],
              "duration": 21,
              "root": false,
              "rootEmpty": false,
              "_timeout": 10000
            },
            {
              "uuid": "8832a364-7887-429b-a143-0ea263bfb80d",
              "title": "editExpense Mutation",
              "fullFile": "/home/runner/work/trabalho-final-automacao-api/trabalho-final-automacao-api/test/graphql/external/expense/expenseExternal.graphql.test.js",
              "file": "/test/graphql/external/expense/expenseExternal.graphql.test.js",
              "beforeHooks": [],
              "afterHooks": [],
              "tests": [
                {
                  "title": "Deve retornar erro quando a descrição não for informada",
                  "fullTitle": "Expense External - GraphQL editExpense Mutation Deve retornar erro quando a descrição não for informada",
                  "timedOut": false,
                  "duration": 4,
                  "state": "passed",
                  "speed": "fast",
                  "pass": true,
                  "fail": false,
                  "pending": false,
                  "context": null,
                  "code": "const response = await request(process.env.BASE_URL_GRAPHQL)\n  .post(\"/\")\n  .set(\"Authorization\", `Bearer ${token}`)\n  .send(test.editExpense);\nexpect(response.body.errors[0].message).to.equal(test.expectedMessage);",
                  "err": {},
                  "uuid": "d23822a9-6064-4f17-a7ed-5bda772f4cff",
                  "parentUUID": "8832a364-7887-429b-a143-0ea263bfb80d",
                  "isHook": false,
                  "skipped": false
                },
                {
                  "title": "Deve retornar erro quando o valor não for informado",
                  "fullTitle": "Expense External - GraphQL editExpense Mutation Deve retornar erro quando o valor não for informado",
                  "timedOut": false,
                  "duration": 2,
                  "state": "passed",
                  "speed": "fast",
                  "pass": true,
                  "fail": false,
                  "pending": false,
                  "context": null,
                  "code": "const response = await request(process.env.BASE_URL_GRAPHQL)\n  .post(\"/\")\n  .set(\"Authorization\", `Bearer ${token}`)\n  .send(test.editExpense);\nexpect(response.body.errors[0].message).to.equal(test.expectedMessage);",
                  "err": {},
                  "uuid": "bf1fb110-215e-4878-a1cf-a7be0b6b93cd",
                  "parentUUID": "8832a364-7887-429b-a143-0ea263bfb80d",
                  "isHook": false,
                  "skipped": false
                },
                {
                  "title": "Deve retornar erro quando o valor não for informado",
                  "fullTitle": "Expense External - GraphQL editExpense Mutation Deve retornar erro quando o valor não for informado",
                  "timedOut": false,
                  "duration": 3,
                  "state": "passed",
                  "speed": "fast",
                  "pass": true,
                  "fail": false,
                  "pending": false,
                  "context": null,
                  "code": "const response = await request(process.env.BASE_URL_GRAPHQL)\n  .post(\"/\")\n  .set(\"Authorization\", `Bearer ${token}`)\n  .send(test.editExpense);\nexpect(response.body.errors[0].message).to.equal(test.expectedMessage);",
                  "err": {},
                  "uuid": "fdb3d2d2-eadf-4913-b73a-657a6a511f2b",
                  "parentUUID": "8832a364-7887-429b-a143-0ea263bfb80d",
                  "isHook": false,
                  "skipped": false
                },
                {
                  "title": "Deve retornar erro quando a data não for informada",
                  "fullTitle": "Expense External - GraphQL editExpense Mutation Deve retornar erro quando a data não for informada",
                  "timedOut": false,
                  "duration": 4,
                  "state": "passed",
                  "speed": "fast",
                  "pass": true,
                  "fail": false,
                  "pending": false,
                  "context": null,
                  "code": "const response = await request(process.env.BASE_URL_GRAPHQL)\n  .post(\"/\")\n  .set(\"Authorization\", `Bearer ${token}`)\n  .send(test.editExpense);\nexpect(response.body.errors[0].message).to.equal(test.expectedMessage);",
                  "err": {},
                  "uuid": "4606675f-bd37-4075-b844-6fabf0d71043",
                  "parentUUID": "8832a364-7887-429b-a143-0ea263bfb80d",
                  "isHook": false,
                  "skipped": false
                },
                {
                  "title": "Deve retornar erro quando a edição de uma despesa for feita sem token de autenticação",
                  "fullTitle": "Expense External - GraphQL editExpense Mutation Deve retornar erro quando a edição de uma despesa for feita sem token de autenticação",
                  "timedOut": false,
                  "duration": 4,
                  "state": "passed",
                  "speed": "fast",
                  "pass": true,
                  "fail": false,
                  "pending": false,
                  "context": null,
                  "code": "// Use the dynamically created expense ID\neditExpenseRequest.variables.id = expenseId;\nconst response = await request(process.env.BASE_URL_GRAPHQL)\n  .post(\"/\")\n  .send(editExpenseRequest);\nexpect(response.body.errors[0].message).to.equal(\"Not authenticated\");",
                  "err": {},
                  "uuid": "46409853-0030-47e7-8083-768fd3f1624d",
                  "parentUUID": "8832a364-7887-429b-a143-0ea263bfb80d",
                  "isHook": false,
                  "skipped": false
                },
                {
                  "title": "Deve editar uma despesa com sucesso",
                  "fullTitle": "Expense External - GraphQL editExpense Mutation Deve editar uma despesa com sucesso",
                  "timedOut": false,
                  "duration": 4,
                  "state": "passed",
                  "speed": "fast",
                  "pass": true,
                  "fail": false,
                  "pending": false,
                  "context": null,
                  "code": "// Use the dynamically created expense ID\neditExpenseRequest.variables.id = expenseId;\nconst response = await request(process.env.BASE_URL_GRAPHQL)\n  .post(\"/\")\n  .set(\"Authorization\", `Bearer ${token}`)\n  .send(editExpenseRequest);\nconst expectedResponse = require(\"../../fixture/responses/expense/editExpenseSuccessfulResponse.json\");\nexpect(response.status).to.equal(expectedResponse.statusCode);\nexpect(response.body.data.editExpense).to.deep.equal(\n  expectedResponse.data.editExpense\n);",
                  "err": {},
                  "uuid": "1aafebd0-5d58-4a4b-9576-370a2536c36f",
                  "parentUUID": "8832a364-7887-429b-a143-0ea263bfb80d",
                  "isHook": false,
                  "skipped": false
                }
              ],
              "suites": [],
              "passes": [
                "d23822a9-6064-4f17-a7ed-5bda772f4cff",
                "bf1fb110-215e-4878-a1cf-a7be0b6b93cd",
                "fdb3d2d2-eadf-4913-b73a-657a6a511f2b",
                "4606675f-bd37-4075-b844-6fabf0d71043",
                "46409853-0030-47e7-8083-768fd3f1624d",
                "1aafebd0-5d58-4a4b-9576-370a2536c36f"
              ],
              "failures": [],
              "pending": [],
              "skipped": [],
              "duration": 21,
              "root": false,
              "rootEmpty": false,
              "_timeout": 10000
            }
          ],
          "passes": [],
          "failures": [],
          "pending": [],
          "skipped": [],
          "duration": 0,
          "root": false,
          "rootEmpty": false,
          "_timeout": 10000
        },
        {
          "uuid": "507580b6-0221-48de-b0ba-e5a1b6863057",
          "title": "User External - GraphQL",
          "fullFile": "/home/runner/work/trabalho-final-automacao-api/trabalho-final-automacao-api/test/graphql/external/user/userExternal.graphql.test.js",
          "file": "/test/graphql/external/user/userExternal.graphql.test.js",
          "beforeHooks": [],
          "afterHooks": [],
          "tests": [],
          "suites": [
            {
              "uuid": "6dd8d3e6-f55b-4f28-bbac-ca4d06a0c59e",
              "title": "register Mutation",
              "fullFile": "/home/runner/work/trabalho-final-automacao-api/trabalho-final-automacao-api/test/graphql/external/user/userExternal.graphql.test.js",
              "file": "/test/graphql/external/user/userExternal.graphql.test.js",
              "beforeHooks": [],
              "afterHooks": [],
              "tests": [
                {
                  "title": "Deve retornar erro quando o usuário não for informado",
                  "fullTitle": "User External - GraphQL register Mutation Deve retornar erro quando o usuário não for informado",
                  "timedOut": false,
                  "duration": 4,
                  "state": "passed",
                  "speed": "fast",
                  "pass": true,
                  "fail": false,
                  "pending": false,
                  "context": null,
                  "code": "const response = await request(process.env.BASE_URL_GRAPHQL)\n  .post(\"/\")\n  .send(test.createUser);\nexpect(response.status).to.equal(test.statusCode);\nexpect(response.body.errors[0].message).to.equal(test.expectedMessage);",
                  "err": {},
                  "uuid": "1ebfa95c-cfd2-4c25-8bc8-0df34c56f582",
                  "parentUUID": "6dd8d3e6-f55b-4f28-bbac-ca4d06a0c59e",
                  "isHook": false,
                  "skipped": false
                },
                {
                  "title": "Deve retornar erro quando a senha não for informada",
                  "fullTitle": "User External - GraphQL register Mutation Deve retornar erro quando a senha não for informada",
                  "timedOut": false,
                  "duration": 2,
                  "state": "passed",
                  "speed": "fast",
                  "pass": true,
                  "fail": false,
                  "pending": false,
                  "context": null,
                  "code": "const response = await request(process.env.BASE_URL_GRAPHQL)\n  .post(\"/\")\n  .send(test.createUser);\nexpect(response.status).to.equal(test.statusCode);\nexpect(response.body.errors[0].message).to.equal(test.expectedMessage);",
                  "err": {},
                  "uuid": "a2bd3be9-5176-40a7-b6a0-153d209664fc",
                  "parentUUID": "6dd8d3e6-f55b-4f28-bbac-ca4d06a0c59e",
                  "isHook": false,
                  "skipped": false
                },
                {
                  "title": "Deve retornar erro quando o usuário já existir",
                  "fullTitle": "User External - GraphQL register Mutation Deve retornar erro quando o usuário já existir",
                  "timedOut": false,
                  "duration": 2,
                  "state": "passed",
                  "speed": "fast",
                  "pass": true,
                  "fail": false,
                  "pending": false,
                  "context": null,
                  "code": "const response = await request(process.env.BASE_URL_GRAPHQL)\n  .post(\"/\")\n  .send(test.createUser);\nexpect(response.status).to.equal(test.statusCode);\nexpect(response.body.errors[0].message).to.equal(test.expectedMessage);",
                  "err": {},
                  "uuid": "4af54759-1be0-4e94-a816-d6edf94c1cac",
                  "parentUUID": "6dd8d3e6-f55b-4f28-bbac-ca4d06a0c59e",
                  "isHook": false,
                  "skipped": false
                },
                {
                  "title": "Deve criar usuário com sucesso",
                  "fullTitle": "User External - GraphQL register Mutation Deve criar usuário com sucesso",
                  "timedOut": false,
                  "duration": 85,
                  "state": "passed",
                  "speed": "slow",
                  "pass": true,
                  "fail": false,
                  "pending": false,
                  "context": null,
                  "code": "const username = `user${Math.floor(Math.random() * 100000)}`;\nconst mutation = `mutation { register(username: \\\"${username}\\\", password: \\\"password\\\") { message } }`;\nconst response = await request(process.env.BASE_URL_GRAPHQL)\n  .post(\"/\")\n  .send({ query: mutation });\nexpect(response.body.data.register.message).to.equal(\n  \"Usuário registrado com sucesso\"\n);",
                  "err": {},
                  "uuid": "18520355-b592-49f3-a296-6b80c8a87a86",
                  "parentUUID": "6dd8d3e6-f55b-4f28-bbac-ca4d06a0c59e",
                  "isHook": false,
                  "skipped": false
                }
              ],
              "suites": [],
              "passes": [
                "1ebfa95c-cfd2-4c25-8bc8-0df34c56f582",
                "a2bd3be9-5176-40a7-b6a0-153d209664fc",
                "4af54759-1be0-4e94-a816-d6edf94c1cac",
                "18520355-b592-49f3-a296-6b80c8a87a86"
              ],
              "failures": [],
              "pending": [],
              "skipped": [],
              "duration": 93,
              "root": false,
              "rootEmpty": false,
              "_timeout": 10000
            },
            {
              "uuid": "23f5b463-ed6f-46b2-b75f-e2254e2c7416",
              "title": "login Query",
              "fullFile": "/home/runner/work/trabalho-final-automacao-api/trabalho-final-automacao-api/test/graphql/external/user/userExternal.graphql.test.js",
              "file": "/test/graphql/external/user/userExternal.graphql.test.js",
              "beforeHooks": [],
              "afterHooks": [],
              "tests": [
                {
                  "title": "Deve retornar erro quando o usuário não for informado",
                  "fullTitle": "User External - GraphQL login Query Deve retornar erro quando o usuário não for informado",
                  "timedOut": false,
                  "duration": 3,
                  "state": "passed",
                  "speed": "fast",
                  "pass": true,
                  "fail": false,
                  "pending": false,
                  "context": null,
                  "code": "const response = await request(process.env.BASE_URL_GRAPHQL)\n  .post(\"/\")\n  .send(test.loginUser);\nexpect(response.body.errors[0].message).to.equal(test.expectedMessage);",
                  "err": {},
                  "uuid": "a28d4e2b-dcec-40ea-af83-681005a9ef12",
                  "parentUUID": "23f5b463-ed6f-46b2-b75f-e2254e2c7416",
                  "isHook": false,
                  "skipped": false
                },
                {
                  "title": "Deve retornar erro quando a senha não for informada",
                  "fullTitle": "User External - GraphQL login Query Deve retornar erro quando a senha não for informada",
                  "timedOut": false,
                  "duration": 2,
                  "state": "passed",
                  "speed": "fast",
                  "pass": true,
                  "fail": false,
                  "pending": false,
                  "context": null,
                  "code": "const response = await request(process.env.BASE_URL_GRAPHQL)\n  .post(\"/\")\n  .send(test.loginUser);\nexpect(response.body.errors[0].message).to.equal(test.expectedMessage);",
                  "err": {},
                  "uuid": "6f5ee464-b747-4bc6-b170-d9c496f17255",
                  "parentUUID": "23f5b463-ed6f-46b2-b75f-e2254e2c7416",
                  "isHook": false,
                  "skipped": false
                },
                {
                  "title": "Deve retornar erro quando informar usuário inexistente",
                  "fullTitle": "User External - GraphQL login Query Deve retornar erro quando informar usuário inexistente",
                  "timedOut": false,
                  "duration": 2,
                  "state": "passed",
                  "speed": "fast",
                  "pass": true,
                  "fail": false,
                  "pending": false,
                  "context": null,
                  "code": "const response = await request(process.env.BASE_URL_GRAPHQL)\n  .post(\"/\")\n  .send(test.loginUser);\nexpect(response.body.errors[0].message).to.equal(test.expectedMessage);",
                  "err": {},
                  "uuid": "04368a89-772f-4574-ba14-96218b0e29b6",
                  "parentUUID": "23f5b463-ed6f-46b2-b75f-e2254e2c7416",
                  "isHook": false,
                  "skipped": false
                },
                {
                  "title": "Deve retornar erro quando informar senha incorreta",
                  "fullTitle": "User External - GraphQL login Query Deve retornar erro quando informar senha incorreta",
                  "timedOut": false,
                  "duration": 24,
                  "state": "passed",
                  "speed": "fast",
                  "pass": true,
                  "fail": false,
                  "pending": false,
                  "context": null,
                  "code": "const response = await request(process.env.BASE_URL_GRAPHQL)\n  .post(\"/\")\n  .send(test.loginUser);\nexpect(response.body.errors[0].message).to.equal(test.expectedMessage);",
                  "err": {},
                  "uuid": "13c61c2c-65cf-475d-93cc-1401bc86af60",
                  "parentUUID": "23f5b463-ed6f-46b2-b75f-e2254e2c7416",
                  "isHook": false,
                  "skipped": false
                },
                {
                  "title": "Deve realizar o login com sucesso",
                  "fullTitle": "User External - GraphQL login Query Deve realizar o login com sucesso",
                  "timedOut": false,
                  "duration": 25,
                  "state": "passed",
                  "speed": "fast",
                  "pass": true,
                  "fail": false,
                  "pending": false,
                  "context": null,
                  "code": "const loginRequest = require(\"../../fixture/requests/user/loginRequest.json\");\nconst response = await request(process.env.BASE_URL_GRAPHQL)\n  .post(\"/\")\n  .send(loginRequest);\nexpect(response.body.data.login.token).to.be.a(\"string\");",
                  "err": {},
                  "uuid": "515126de-5ed7-42ff-bc36-44deb196a6d2",
                  "parentUUID": "23f5b463-ed6f-46b2-b75f-e2254e2c7416",
                  "isHook": false,
                  "skipped": false
                }
              ],
              "suites": [],
              "passes": [
                "a28d4e2b-dcec-40ea-af83-681005a9ef12",
                "6f5ee464-b747-4bc6-b170-d9c496f17255",
                "04368a89-772f-4574-ba14-96218b0e29b6",
                "13c61c2c-65cf-475d-93cc-1401bc86af60",
                "515126de-5ed7-42ff-bc36-44deb196a6d2"
              ],
              "failures": [],
              "pending": [],
              "skipped": [],
              "duration": 56,
              "root": false,
              "rootEmpty": false,
              "_timeout": 10000
            }
          ],
          "passes": [],
          "failures": [],
          "pending": [],
          "skipped": [],
          "duration": 0,
          "root": false,
          "rootEmpty": false,
          "_timeout": 10000
        }
      ],
      "passes": [],
      "failures": [],
      "pending": [],
      "skipped": [],
      "duration": 0,
      "root": true,
      "rootEmpty": true,
      "_timeout": 10000
    }
  ],
  "meta": {
    "mocha": {
      "version": "11.7.2"
    },
    "mochawesome": {
      "options": {
        "quiet": false,
        "reportFilename": "mochawesome",
        "saveHtml": true,
        "saveJson": true,
        "consoleReporter": "spec",
        "useInlineDiffs": false,
        "code": true
      },
      "version": "7.1.4"
    },
    "marge": {
      "options": {
        "reportDir": "mochawesome-report",
        "overwrite": "false"
      },
      "version": "6.3.0"
    }
  }
}