{
  "stats": {
    "suites": 12,
    "tests": 38,
    "passes": 38,
    "pending": 0,
    "failures": 0,
    "start": "2025-09-19T21:03:21.802Z",
    "end": "2025-09-19T21:03:22.193Z",
    "duration": 391,
    "testsRegistered": 38,
    "passPercent": 100,
    "pendingPercent": 0,
    "other": 0,
    "hasOther": false,
    "skipped": 0,
    "hasSkipped": false
  },
  "results": [
    {
      "uuid": "64c0b346-24dc-41b3-bc73-f7a9b9ad78da",
      "title": "",
      "fullFile": "",
      "file": "",
      "beforeHooks": [],
      "afterHooks": [],
      "tests": [],
      "suites": [
        {
          "uuid": "826c7222-2612-4255-8b44-d8699f496912",
          "title": "Expense Controller",
          "fullFile": "/home/runner/work/trabalho-final-automacao-api/trabalho-final-automacao-api/test/rest/controller/expense/expenseController.test.js",
          "file": "/test/rest/controller/expense/expenseController.test.js",
          "beforeHooks": [
            {
              "title": "\"before all\" hook in \"Expense Controller\"",
              "fullTitle": "Expense Controller \"before all\" hook in \"Expense Controller\"",
              "timedOut": false,
              "duration": 48,
              "state": null,
              "speed": null,
              "pass": false,
              "fail": false,
              "pending": false,
              "context": null,
              "code": "const loginRequest = require(\"../../fixture/requests/user/loginRequest.json\");\nconst respostaLogin = await request(app)\n  .post(\"/users/login\")\n  .send(loginRequest);\ntoken = respostaLogin.body.token;",
              "err": {},
              "uuid": "5d6ebd79-b053-40e6-b39b-03ae4dc436bc",
              "parentUUID": "826c7222-2612-4255-8b44-d8699f496912",
              "isHook": true,
              "skipped": false
            }
          ],
          "afterHooks": [],
          "tests": [],
          "suites": [
            {
              "uuid": "9f386670-0633-40bd-85e0-fde41e199359",
              "title": "POST /expenses",
              "fullFile": "/home/runner/work/trabalho-final-automacao-api/trabalho-final-automacao-api/test/rest/controller/expense/expenseController.test.js",
              "file": "/test/rest/controller/expense/expenseController.test.js",
              "beforeHooks": [],
              "afterHooks": [],
              "tests": [
                {
                  "title": "Deve retornar erro quando a descrição não for informada",
                  "fullTitle": "Expense Controller POST /expenses Deve retornar erro quando a descrição não for informada",
                  "timedOut": false,
                  "duration": 8,
                  "state": "passed",
                  "speed": "fast",
                  "pass": true,
                  "fail": false,
                  "pending": false,
                  "context": null,
                  "code": "const response = await request(app)\n  .post(\"/expenses\")\n  .set(\"Authorization\", `Bearer ${token}`)\n  .send(test.createExpense);\nexpect(response.status).to.equal(test.statusCode);\nexpect(response.body.message).to.equal(test.expectedMessage);",
                  "err": {},
                  "uuid": "1e86f826-2c0e-4de1-aeca-5793790005f5",
                  "parentUUID": "9f386670-0633-40bd-85e0-fde41e199359",
                  "isHook": false,
                  "skipped": false
                },
                {
                  "title": "Deve retornar erro quando o valor não for informado",
                  "fullTitle": "Expense Controller POST /expenses Deve retornar erro quando o valor não for informado",
                  "timedOut": false,
                  "duration": 5,
                  "state": "passed",
                  "speed": "fast",
                  "pass": true,
                  "fail": false,
                  "pending": false,
                  "context": null,
                  "code": "const response = await request(app)\n  .post(\"/expenses\")\n  .set(\"Authorization\", `Bearer ${token}`)\n  .send(test.createExpense);\nexpect(response.status).to.equal(test.statusCode);\nexpect(response.body.message).to.equal(test.expectedMessage);",
                  "err": {},
                  "uuid": "8b17cd0c-8cf8-4c02-a34d-bc05e414505a",
                  "parentUUID": "9f386670-0633-40bd-85e0-fde41e199359",
                  "isHook": false,
                  "skipped": false
                },
                {
                  "title": "Deve retornar erro quando a data não for informada",
                  "fullTitle": "Expense Controller POST /expenses Deve retornar erro quando a data não for informada",
                  "timedOut": false,
                  "duration": 5,
                  "state": "passed",
                  "speed": "fast",
                  "pass": true,
                  "fail": false,
                  "pending": false,
                  "context": null,
                  "code": "const response = await request(app)\n  .post(\"/expenses\")\n  .set(\"Authorization\", `Bearer ${token}`)\n  .send(test.createExpense);\nexpect(response.status).to.equal(test.statusCode);\nexpect(response.body.message).to.equal(test.expectedMessage);",
                  "err": {},
                  "uuid": "401e9b38-a1e4-42ce-bfab-83b38bbec22b",
                  "parentUUID": "9f386670-0633-40bd-85e0-fde41e199359",
                  "isHook": false,
                  "skipped": false
                },
                {
                  "title": "Deve registrar uma despesa com sucesso",
                  "fullTitle": "Expense Controller POST /expenses Deve registrar uma despesa com sucesso",
                  "timedOut": false,
                  "duration": 7,
                  "state": "passed",
                  "speed": "fast",
                  "pass": true,
                  "fail": false,
                  "pending": false,
                  "context": null,
                  "code": "const expenseRequest = require(\"../../fixture/requests/expense/expenseRequest.json\");\nconst response = await request(app)\n  .post(\"/expenses\")\n  .set(\"Authorization\", `Bearer ${token}`)\n  .send(expenseRequest);\nconst expectedResponse = require(\"../../fixture/responses/expense/createExpenseSuccessfulResponse.json\");\nexpect(response.status).to.equal(expectedResponse.statusCode);\nexpect(response.body)\n  .excluding(\"date\")\n  .to.deep.equal(expectedResponse.body);",
                  "err": {},
                  "uuid": "973bbc37-0efc-4767-8117-995977bc3657",
                  "parentUUID": "9f386670-0633-40bd-85e0-fde41e199359",
                  "isHook": false,
                  "skipped": false
                }
              ],
              "suites": [],
              "passes": [
                "1e86f826-2c0e-4de1-aeca-5793790005f5",
                "8b17cd0c-8cf8-4c02-a34d-bc05e414505a",
                "401e9b38-a1e4-42ce-bfab-83b38bbec22b",
                "973bbc37-0efc-4767-8117-995977bc3657"
              ],
              "failures": [],
              "pending": [],
              "skipped": [],
              "duration": 25,
              "root": false,
              "rootEmpty": false,
              "_timeout": 10000
            },
            {
              "uuid": "2f845a7f-1e30-4834-93e8-f1508ce5429c",
              "title": "PUT /expenses/:id",
              "fullFile": "/home/runner/work/trabalho-final-automacao-api/trabalho-final-automacao-api/test/rest/controller/expense/expenseController.test.js",
              "file": "/test/rest/controller/expense/expenseController.test.js",
              "beforeHooks": [],
              "afterHooks": [],
              "tests": [
                {
                  "title": "Deve retornar erro quando a descrição não for informada",
                  "fullTitle": "Expense Controller PUT /expenses/:id Deve retornar erro quando a descrição não for informada",
                  "timedOut": false,
                  "duration": 5,
                  "state": "passed",
                  "speed": "fast",
                  "pass": true,
                  "fail": false,
                  "pending": false,
                  "context": null,
                  "code": "const response = await request(app)\n  .put(\"/expenses/1\")\n  .set(\"Authorization\", `Bearer ${token}`)\n  .send(test.editExpense);\nexpect(response.status).to.equal(test.statusCode);\nexpect(response.body.message).to.equal(test.expectedMessage);",
                  "err": {},
                  "uuid": "06364d92-4a75-4c3b-a647-9e9534df5724",
                  "parentUUID": "2f845a7f-1e30-4834-93e8-f1508ce5429c",
                  "isHook": false,
                  "skipped": false
                },
                {
                  "title": "Deve retornar erro quando o valor não for informado",
                  "fullTitle": "Expense Controller PUT /expenses/:id Deve retornar erro quando o valor não for informado",
                  "timedOut": false,
                  "duration": 5,
                  "state": "passed",
                  "speed": "fast",
                  "pass": true,
                  "fail": false,
                  "pending": false,
                  "context": null,
                  "code": "const response = await request(app)\n  .put(\"/expenses/1\")\n  .set(\"Authorization\", `Bearer ${token}`)\n  .send(test.editExpense);\nexpect(response.status).to.equal(test.statusCode);\nexpect(response.body.message).to.equal(test.expectedMessage);",
                  "err": {},
                  "uuid": "d2f9bfe0-51ca-42b0-b10b-45bcffc7a07d",
                  "parentUUID": "2f845a7f-1e30-4834-93e8-f1508ce5429c",
                  "isHook": false,
                  "skipped": false
                },
                {
                  "title": "Deve retornar erro quando o valor menor que zero",
                  "fullTitle": "Expense Controller PUT /expenses/:id Deve retornar erro quando o valor menor que zero",
                  "timedOut": false,
                  "duration": 4,
                  "state": "passed",
                  "speed": "fast",
                  "pass": true,
                  "fail": false,
                  "pending": false,
                  "context": null,
                  "code": "const response = await request(app)\n  .put(\"/expenses/1\")\n  .set(\"Authorization\", `Bearer ${token}`)\n  .send(test.editExpense);\nexpect(response.status).to.equal(test.statusCode);\nexpect(response.body.message).to.equal(test.expectedMessage);",
                  "err": {},
                  "uuid": "7fe1a383-26c4-4b64-865e-9222551f2109",
                  "parentUUID": "2f845a7f-1e30-4834-93e8-f1508ce5429c",
                  "isHook": false,
                  "skipped": false
                },
                {
                  "title": "Deve retornar erro quando o valor for igual a zero",
                  "fullTitle": "Expense Controller PUT /expenses/:id Deve retornar erro quando o valor for igual a zero",
                  "timedOut": false,
                  "duration": 5,
                  "state": "passed",
                  "speed": "fast",
                  "pass": true,
                  "fail": false,
                  "pending": false,
                  "context": null,
                  "code": "const response = await request(app)\n  .put(\"/expenses/1\")\n  .set(\"Authorization\", `Bearer ${token}`)\n  .send(test.editExpense);\nexpect(response.status).to.equal(test.statusCode);\nexpect(response.body.message).to.equal(test.expectedMessage);",
                  "err": {},
                  "uuid": "357c8068-51c3-453e-98fa-3cb681706922",
                  "parentUUID": "2f845a7f-1e30-4834-93e8-f1508ce5429c",
                  "isHook": false,
                  "skipped": false
                },
                {
                  "title": "Deve retornar erro quando a data não for informada",
                  "fullTitle": "Expense Controller PUT /expenses/:id Deve retornar erro quando a data não for informada",
                  "timedOut": false,
                  "duration": 5,
                  "state": "passed",
                  "speed": "fast",
                  "pass": true,
                  "fail": false,
                  "pending": false,
                  "context": null,
                  "code": "const response = await request(app)\n  .put(\"/expenses/1\")\n  .set(\"Authorization\", `Bearer ${token}`)\n  .send(test.editExpense);\nexpect(response.status).to.equal(test.statusCode);\nexpect(response.body.message).to.equal(test.expectedMessage);",
                  "err": {},
                  "uuid": "0b82d962-f260-48cf-9c97-bf020dadd2d4",
                  "parentUUID": "2f845a7f-1e30-4834-93e8-f1508ce5429c",
                  "isHook": false,
                  "skipped": false
                },
                {
                  "title": "Deve editar uma despesa com sucesso",
                  "fullTitle": "Expense Controller PUT /expenses/:id Deve editar uma despesa com sucesso",
                  "timedOut": false,
                  "duration": 5,
                  "state": "passed",
                  "speed": "fast",
                  "pass": true,
                  "fail": false,
                  "pending": false,
                  "context": null,
                  "code": "const expenseRequest = require(\"../../fixture/requests/expense/expenseRequest.json\");\nconst response = await request(app)\n  .put(\"/expenses/1\")\n  .set(\"Authorization\", `Bearer ${token}`)\n  .send(expenseRequest);\nconst expectedResponse = require(\"../../fixture/responses/expense/editExpenseSuccessfulResponse.json\");\nexpect(response.status).to.equal(expectedResponse.statusCode);\nexpect(response.body)\n  .excluding(\"date\")\n  .to.deep.equal(expectedResponse.body);",
                  "err": {},
                  "uuid": "5fa98d82-a2c1-43fb-9ef8-31ca5cdede78",
                  "parentUUID": "2f845a7f-1e30-4834-93e8-f1508ce5429c",
                  "isHook": false,
                  "skipped": false
                }
              ],
              "suites": [],
              "passes": [
                "06364d92-4a75-4c3b-a647-9e9534df5724",
                "d2f9bfe0-51ca-42b0-b10b-45bcffc7a07d",
                "7fe1a383-26c4-4b64-865e-9222551f2109",
                "357c8068-51c3-453e-98fa-3cb681706922",
                "0b82d962-f260-48cf-9c97-bf020dadd2d4",
                "5fa98d82-a2c1-43fb-9ef8-31ca5cdede78"
              ],
              "failures": [],
              "pending": [],
              "skipped": [],
              "duration": 29,
              "root": false,
              "rootEmpty": false,
              "_timeout": 10000
            }
          ],
          "passes": [],
          "failures": [],
          "pending": [],
          "skipped": [],
          "duration": 0,
          "root": false,
          "rootEmpty": false,
          "_timeout": 10000
        },
        {
          "uuid": "424eed21-afd5-4f0a-a496-0eeabb3bba4a",
          "title": "Expense Controller - Mocked",
          "fullFile": "/home/runner/work/trabalho-final-automacao-api/trabalho-final-automacao-api/test/rest/controller/expense/expenseControllerMocked.test.js",
          "file": "/test/rest/controller/expense/expenseControllerMocked.test.js",
          "beforeHooks": [
            {
              "title": "\"before all\" hook in \"Expense Controller - Mocked\"",
              "fullTitle": "Expense Controller - Mocked \"before all\" hook in \"Expense Controller - Mocked\"",
              "timedOut": false,
              "duration": 28,
              "state": null,
              "speed": null,
              "pass": false,
              "fail": false,
              "pending": false,
              "context": null,
              "code": "const loginRequest = require(\"../../fixture/requests/user/loginRequest.json\");\nconst response = await request(app).post(\"/users/login\").send(loginRequest);\ntoken = response.body.token;",
              "err": {},
              "uuid": "c5aaeb1f-9791-4f82-bb98-e7ce70787511",
              "parentUUID": "424eed21-afd5-4f0a-a496-0eeabb3bba4a",
              "isHook": true,
              "skipped": false
            }
          ],
          "afterHooks": [
            {
              "title": "\"after each\" hook in \"Expense Controller - Mocked\"",
              "fullTitle": "Expense Controller - Mocked \"after each\" hook in \"Expense Controller - Mocked\"",
              "timedOut": false,
              "duration": 0,
              "state": null,
              "speed": null,
              "pass": false,
              "fail": false,
              "pending": false,
              "context": null,
              "code": "sinon.restore();",
              "err": {},
              "uuid": "f8fbfbc5-f476-43ac-99c3-fa797603fc84",
              "parentUUID": "424eed21-afd5-4f0a-a496-0eeabb3bba4a",
              "isHook": true,
              "skipped": false
            }
          ],
          "tests": [],
          "suites": [
            {
              "uuid": "583fe485-9007-4935-ad9e-2570a1a93720",
              "title": "POST /expenses",
              "fullFile": "/home/runner/work/trabalho-final-automacao-api/trabalho-final-automacao-api/test/rest/controller/expense/expenseControllerMocked.test.js",
              "file": "/test/rest/controller/expense/expenseControllerMocked.test.js",
              "beforeHooks": [],
              "afterHooks": [],
              "tests": [
                {
                  "title": "Deve retornar erro quando a descrição não for informada",
                  "fullTitle": "Expense Controller - Mocked POST /expenses Deve retornar erro quando a descrição não for informada",
                  "timedOut": false,
                  "duration": 6,
                  "state": "passed",
                  "speed": "fast",
                  "pass": true,
                  "fail": false,
                  "pending": false,
                  "context": null,
                  "code": "const error = new Error(test.expectedMessage);\nerror.status = test.statusCode;\nconst expenseServiceMock = sinon.stub(expenseService, \"addExpense\");\nexpenseServiceMock.throws(error);\nconst response = await request(app)\n  .post(\"/expenses\")\n  .set(\"Authorization\", `Bearer ${token}`)\n  .send(test.createExpense);\nexpect(response.status).to.equal(test.statusCode);\nexpect(response.body.message).to.equal(test.expectedMessage);",
                  "err": {},
                  "uuid": "54da839d-d666-4030-8d40-d6d4dfe3e89f",
                  "parentUUID": "583fe485-9007-4935-ad9e-2570a1a93720",
                  "isHook": false,
                  "skipped": false
                },
                {
                  "title": "Deve retornar erro quando o valor não for informado",
                  "fullTitle": "Expense Controller - Mocked POST /expenses Deve retornar erro quando o valor não for informado",
                  "timedOut": false,
                  "duration": 5,
                  "state": "passed",
                  "speed": "fast",
                  "pass": true,
                  "fail": false,
                  "pending": false,
                  "context": null,
                  "code": "const error = new Error(test.expectedMessage);\nerror.status = test.statusCode;\nconst expenseServiceMock = sinon.stub(expenseService, \"addExpense\");\nexpenseServiceMock.throws(error);\nconst response = await request(app)\n  .post(\"/expenses\")\n  .set(\"Authorization\", `Bearer ${token}`)\n  .send(test.createExpense);\nexpect(response.status).to.equal(test.statusCode);\nexpect(response.body.message).to.equal(test.expectedMessage);",
                  "err": {},
                  "uuid": "584a69b2-c265-4aad-9e12-564d97e3c7f9",
                  "parentUUID": "583fe485-9007-4935-ad9e-2570a1a93720",
                  "isHook": false,
                  "skipped": false
                },
                {
                  "title": "Deve retornar erro quando a data não for informada",
                  "fullTitle": "Expense Controller - Mocked POST /expenses Deve retornar erro quando a data não for informada",
                  "timedOut": false,
                  "duration": 5,
                  "state": "passed",
                  "speed": "fast",
                  "pass": true,
                  "fail": false,
                  "pending": false,
                  "context": null,
                  "code": "const error = new Error(test.expectedMessage);\nerror.status = test.statusCode;\nconst expenseServiceMock = sinon.stub(expenseService, \"addExpense\");\nexpenseServiceMock.throws(error);\nconst response = await request(app)\n  .post(\"/expenses\")\n  .set(\"Authorization\", `Bearer ${token}`)\n  .send(test.createExpense);\nexpect(response.status).to.equal(test.statusCode);\nexpect(response.body.message).to.equal(test.expectedMessage);",
                  "err": {},
                  "uuid": "0a86bb30-bdc5-42f6-9b9d-ad19a800fec3",
                  "parentUUID": "583fe485-9007-4935-ad9e-2570a1a93720",
                  "isHook": false,
                  "skipped": false
                },
                {
                  "title": "Deve registrar uma despesa com sucesso",
                  "fullTitle": "Expense Controller - Mocked POST /expenses Deve registrar uma despesa com sucesso",
                  "timedOut": false,
                  "duration": 4,
                  "state": "passed",
                  "speed": "fast",
                  "pass": true,
                  "fail": false,
                  "pending": false,
                  "context": null,
                  "code": "const expenseRequest = require(\"../../fixture/requests/expense/expenseRequest.json\");\nconst expectedResponse = require(\"../../fixture/responses/expense/createExpenseSuccessfulResponse.json\");\nconst expenseServiceMock = sinon.stub(expenseService, \"addExpense\");\nexpenseServiceMock.returns(expectedResponse.body);\nconst response = await request(app)\n  .post(\"/expenses\")\n  .set(\"Authorization\", `Bearer ${token}`)\n  .send(expenseRequest);\nexpect(response.status).to.equal(expectedResponse.statusCode);\nexpect(response.body).to.deep.equal(expectedResponse.body);",
                  "err": {},
                  "uuid": "6612854a-3a5e-466b-8f55-a7cdfadca5c7",
                  "parentUUID": "583fe485-9007-4935-ad9e-2570a1a93720",
                  "isHook": false,
                  "skipped": false
                }
              ],
              "suites": [],
              "passes": [
                "54da839d-d666-4030-8d40-d6d4dfe3e89f",
                "584a69b2-c265-4aad-9e12-564d97e3c7f9",
                "0a86bb30-bdc5-42f6-9b9d-ad19a800fec3",
                "6612854a-3a5e-466b-8f55-a7cdfadca5c7"
              ],
              "failures": [],
              "pending": [],
              "skipped": [],
              "duration": 20,
              "root": false,
              "rootEmpty": false,
              "_timeout": 10000
            },
            {
              "uuid": "3d5851a1-10e7-483a-b187-83900825d4eb",
              "title": "PUT /expenses/:id",
              "fullFile": "/home/runner/work/trabalho-final-automacao-api/trabalho-final-automacao-api/test/rest/controller/expense/expenseControllerMocked.test.js",
              "file": "/test/rest/controller/expense/expenseControllerMocked.test.js",
              "beforeHooks": [],
              "afterHooks": [],
              "tests": [
                {
                  "title": "Deve retornar erro quando a descrição não for informada",
                  "fullTitle": "Expense Controller - Mocked PUT /expenses/:id Deve retornar erro quando a descrição não for informada",
                  "timedOut": false,
                  "duration": 5,
                  "state": "passed",
                  "speed": "fast",
                  "pass": true,
                  "fail": false,
                  "pending": false,
                  "context": null,
                  "code": "const error = new Error(test.expectedMessage);\nerror.status = test.statusCode;\nconst expenseServiceMock = sinon.stub(expenseService, \"editExpense\");\nexpenseServiceMock.throws(error);\nconst response = await request(app)\n  .put(\"/expenses/1\")\n  .set(\"Authorization\", `Bearer ${token}`)\n  .send(test.editExpense);\nexpect(response.status).to.equal(test.statusCode);\nexpect(response.body.message).to.equal(test.expectedMessage);",
                  "err": {},
                  "uuid": "fef5db16-a06a-4057-a533-2f47180d3cd5",
                  "parentUUID": "3d5851a1-10e7-483a-b187-83900825d4eb",
                  "isHook": false,
                  "skipped": false
                },
                {
                  "title": "Deve retornar erro quando o valor não for informado",
                  "fullTitle": "Expense Controller - Mocked PUT /expenses/:id Deve retornar erro quando o valor não for informado",
                  "timedOut": false,
                  "duration": 5,
                  "state": "passed",
                  "speed": "fast",
                  "pass": true,
                  "fail": false,
                  "pending": false,
                  "context": null,
                  "code": "const error = new Error(test.expectedMessage);\nerror.status = test.statusCode;\nconst expenseServiceMock = sinon.stub(expenseService, \"editExpense\");\nexpenseServiceMock.throws(error);\nconst response = await request(app)\n  .put(\"/expenses/1\")\n  .set(\"Authorization\", `Bearer ${token}`)\n  .send(test.editExpense);\nexpect(response.status).to.equal(test.statusCode);\nexpect(response.body.message).to.equal(test.expectedMessage);",
                  "err": {},
                  "uuid": "f28642bb-6950-48cc-9caf-d6967f3c5253",
                  "parentUUID": "3d5851a1-10e7-483a-b187-83900825d4eb",
                  "isHook": false,
                  "skipped": false
                },
                {
                  "title": "Deve retornar erro quando o valor menor que zero",
                  "fullTitle": "Expense Controller - Mocked PUT /expenses/:id Deve retornar erro quando o valor menor que zero",
                  "timedOut": false,
                  "duration": 6,
                  "state": "passed",
                  "speed": "fast",
                  "pass": true,
                  "fail": false,
                  "pending": false,
                  "context": null,
                  "code": "const error = new Error(test.expectedMessage);\nerror.status = test.statusCode;\nconst expenseServiceMock = sinon.stub(expenseService, \"editExpense\");\nexpenseServiceMock.throws(error);\nconst response = await request(app)\n  .put(\"/expenses/1\")\n  .set(\"Authorization\", `Bearer ${token}`)\n  .send(test.editExpense);\nexpect(response.status).to.equal(test.statusCode);\nexpect(response.body.message).to.equal(test.expectedMessage);",
                  "err": {},
                  "uuid": "9e8344f2-591d-483c-b71f-58443fe2cbfb",
                  "parentUUID": "3d5851a1-10e7-483a-b187-83900825d4eb",
                  "isHook": false,
                  "skipped": false
                },
                {
                  "title": "Deve retornar erro quando o valor for igual a zero",
                  "fullTitle": "Expense Controller - Mocked PUT /expenses/:id Deve retornar erro quando o valor for igual a zero",
                  "timedOut": false,
                  "duration": 4,
                  "state": "passed",
                  "speed": "fast",
                  "pass": true,
                  "fail": false,
                  "pending": false,
                  "context": null,
                  "code": "const error = new Error(test.expectedMessage);\nerror.status = test.statusCode;\nconst expenseServiceMock = sinon.stub(expenseService, \"editExpense\");\nexpenseServiceMock.throws(error);\nconst response = await request(app)\n  .put(\"/expenses/1\")\n  .set(\"Authorization\", `Bearer ${token}`)\n  .send(test.editExpense);\nexpect(response.status).to.equal(test.statusCode);\nexpect(response.body.message).to.equal(test.expectedMessage);",
                  "err": {},
                  "uuid": "738ee387-9d7d-453c-aff5-2d34c6fbf6b7",
                  "parentUUID": "3d5851a1-10e7-483a-b187-83900825d4eb",
                  "isHook": false,
                  "skipped": false
                },
                {
                  "title": "Deve retornar erro quando a data não for informada",
                  "fullTitle": "Expense Controller - Mocked PUT /expenses/:id Deve retornar erro quando a data não for informada",
                  "timedOut": false,
                  "duration": 4,
                  "state": "passed",
                  "speed": "fast",
                  "pass": true,
                  "fail": false,
                  "pending": false,
                  "context": null,
                  "code": "const error = new Error(test.expectedMessage);\nerror.status = test.statusCode;\nconst expenseServiceMock = sinon.stub(expenseService, \"editExpense\");\nexpenseServiceMock.throws(error);\nconst response = await request(app)\n  .put(\"/expenses/1\")\n  .set(\"Authorization\", `Bearer ${token}`)\n  .send(test.editExpense);\nexpect(response.status).to.equal(test.statusCode);\nexpect(response.body.message).to.equal(test.expectedMessage);",
                  "err": {},
                  "uuid": "8af19357-f22b-4bbf-9116-1392ce201c3a",
                  "parentUUID": "3d5851a1-10e7-483a-b187-83900825d4eb",
                  "isHook": false,
                  "skipped": false
                },
                {
                  "title": "Deve editar uma despesa com sucesso",
                  "fullTitle": "Expense Controller - Mocked PUT /expenses/:id Deve editar uma despesa com sucesso",
                  "timedOut": false,
                  "duration": 4,
                  "state": "passed",
                  "speed": "fast",
                  "pass": true,
                  "fail": false,
                  "pending": false,
                  "context": null,
                  "code": "const expenseRequest = require(\"../../fixture/requests/expense/expenseRequest.json\");\nconst expectedResponse = require(\"../../fixture/responses/expense/editExpenseSuccessfulResponse.json\");\nconst expenseServiceMock = sinon.stub(expenseService, \"editExpense\");\nexpenseServiceMock.returns(expectedResponse.body);\nconst response = await request(app)\n  .put(\"/expenses/1\")\n  .set(\"Authorization\", `Bearer ${token}`)\n  .send(expenseRequest);\nexpect(response.status).to.equal(200);\nexpect(response.body).to.deep.equal(expectedResponse.body);",
                  "err": {},
                  "uuid": "909bca63-0cc3-43aa-ba77-75c8c1e3c748",
                  "parentUUID": "3d5851a1-10e7-483a-b187-83900825d4eb",
                  "isHook": false,
                  "skipped": false
                }
              ],
              "suites": [],
              "passes": [
                "fef5db16-a06a-4057-a533-2f47180d3cd5",
                "f28642bb-6950-48cc-9caf-d6967f3c5253",
                "9e8344f2-591d-483c-b71f-58443fe2cbfb",
                "738ee387-9d7d-453c-aff5-2d34c6fbf6b7",
                "8af19357-f22b-4bbf-9116-1392ce201c3a",
                "909bca63-0cc3-43aa-ba77-75c8c1e3c748"
              ],
              "failures": [],
              "pending": [],
              "skipped": [],
              "duration": 28,
              "root": false,
              "rootEmpty": false,
              "_timeout": 10000
            }
          ],
          "passes": [],
          "failures": [],
          "pending": [],
          "skipped": [],
          "duration": 0,
          "root": false,
          "rootEmpty": false,
          "_timeout": 10000
        },
        {
          "uuid": "17c058c6-0ac5-4f93-8dc1-e9d8093af3e0",
          "title": "User Controller",
          "fullFile": "/home/runner/work/trabalho-final-automacao-api/trabalho-final-automacao-api/test/rest/controller/user/userController.test.js",
          "file": "/test/rest/controller/user/userController.test.js",
          "beforeHooks": [],
          "afterHooks": [],
          "tests": [],
          "suites": [
            {
              "uuid": "aa65d1eb-1567-46ad-8441-08f7c839f401",
              "title": "POST /users/register",
              "fullFile": "/home/runner/work/trabalho-final-automacao-api/trabalho-final-automacao-api/test/rest/controller/user/userController.test.js",
              "file": "/test/rest/controller/user/userController.test.js",
              "beforeHooks": [],
              "afterHooks": [],
              "tests": [
                {
                  "title": "Deve retornar erro quando o usuário não for informado",
                  "fullTitle": "User Controller POST /users/register Deve retornar erro quando o usuário não for informado",
                  "timedOut": false,
                  "duration": 3,
                  "state": "passed",
                  "speed": "fast",
                  "pass": true,
                  "fail": false,
                  "pending": false,
                  "context": null,
                  "code": "const response = await request(app)\n  .post(\"/users/register\")\n  .send(test.createUser);\nexpect(response.status).to.equal(test.statusCode);\nexpect(response.body.message).to.equal(test.expectedMessage);",
                  "err": {},
                  "uuid": "ed9d637e-b065-435e-92cf-f01537740f55",
                  "parentUUID": "aa65d1eb-1567-46ad-8441-08f7c839f401",
                  "isHook": false,
                  "skipped": false
                },
                {
                  "title": "Deve retornar erro quando a senha não for informada",
                  "fullTitle": "User Controller POST /users/register Deve retornar erro quando a senha não for informada",
                  "timedOut": false,
                  "duration": 2,
                  "state": "passed",
                  "speed": "fast",
                  "pass": true,
                  "fail": false,
                  "pending": false,
                  "context": null,
                  "code": "const response = await request(app)\n  .post(\"/users/register\")\n  .send(test.createUser);\nexpect(response.status).to.equal(test.statusCode);\nexpect(response.body.message).to.equal(test.expectedMessage);",
                  "err": {},
                  "uuid": "3df4379b-9a6f-4cf4-b9cc-4f3d911ebc32",
                  "parentUUID": "aa65d1eb-1567-46ad-8441-08f7c839f401",
                  "isHook": false,
                  "skipped": false
                },
                {
                  "title": "Deve retornar erro quando o usuário já existir",
                  "fullTitle": "User Controller POST /users/register Deve retornar erro quando o usuário já existir",
                  "timedOut": false,
                  "duration": 2,
                  "state": "passed",
                  "speed": "fast",
                  "pass": true,
                  "fail": false,
                  "pending": false,
                  "context": null,
                  "code": "const response = await request(app)\n  .post(\"/users/register\")\n  .send(test.createUser);\nexpect(response.status).to.equal(test.statusCode);\nexpect(response.body.message).to.equal(test.expectedMessage);",
                  "err": {},
                  "uuid": "a0ea71de-8856-438e-929f-53ce380ae14f",
                  "parentUUID": "aa65d1eb-1567-46ad-8441-08f7c839f401",
                  "isHook": false,
                  "skipped": false
                },
                {
                  "title": "Deve criar usuário com sucesso",
                  "fullTitle": "User Controller POST /users/register Deve criar usuário com sucesso",
                  "timedOut": false,
                  "duration": 101,
                  "state": "passed",
                  "speed": "slow",
                  "pass": true,
                  "fail": false,
                  "pending": false,
                  "context": null,
                  "code": "const response = await request(app)\n  .post(\"/users/register\")\n  .send({\n    username: `user${Math.random()}`,\n    password: \"password\",\n  });\nconst expectedResponse = require(\"../../fixture/responses/user/createUserResponseSuccessful.json\");\nexpect(response.status).to.equal(expectedResponse.statusCode);\nexpect(response.body).to.deep.equal(expectedResponse.body);",
                  "err": {},
                  "uuid": "883c0a24-2951-458f-93cf-759d287b79b1",
                  "parentUUID": "aa65d1eb-1567-46ad-8441-08f7c839f401",
                  "isHook": false,
                  "skipped": false
                }
              ],
              "suites": [],
              "passes": [
                "ed9d637e-b065-435e-92cf-f01537740f55",
                "3df4379b-9a6f-4cf4-b9cc-4f3d911ebc32",
                "a0ea71de-8856-438e-929f-53ce380ae14f",
                "883c0a24-2951-458f-93cf-759d287b79b1"
              ],
              "failures": [],
              "pending": [],
              "skipped": [],
              "duration": 108,
              "root": false,
              "rootEmpty": false,
              "_timeout": 10000
            },
            {
              "uuid": "9ad759a0-409a-4ae8-b26f-7bca41fab307",
              "title": "POST /users/login",
              "fullFile": "/home/runner/work/trabalho-final-automacao-api/trabalho-final-automacao-api/test/rest/controller/user/userController.test.js",
              "file": "/test/rest/controller/user/userController.test.js",
              "beforeHooks": [],
              "afterHooks": [],
              "tests": [
                {
                  "title": "Deve retornar erro quando o usuário não for informado",
                  "fullTitle": "User Controller POST /users/login Deve retornar erro quando o usuário não for informado",
                  "timedOut": false,
                  "duration": 2,
                  "state": "passed",
                  "speed": "fast",
                  "pass": true,
                  "fail": false,
                  "pending": false,
                  "context": null,
                  "code": "const response = await request(app)\n  .post(\"/users/login\")\n  .send(test.loginUser);\nexpect(response.status).to.equal(test.statusCode);\nexpect(response.body.message).to.equal(test.expectedMessage);",
                  "err": {},
                  "uuid": "fad7fc77-2f6a-4be3-ac2d-676cbc597938",
                  "parentUUID": "9ad759a0-409a-4ae8-b26f-7bca41fab307",
                  "isHook": false,
                  "skipped": false
                },
                {
                  "title": "Deve retornar erro quando a senha não for informada",
                  "fullTitle": "User Controller POST /users/login Deve retornar erro quando a senha não for informada",
                  "timedOut": false,
                  "duration": 2,
                  "state": "passed",
                  "speed": "fast",
                  "pass": true,
                  "fail": false,
                  "pending": false,
                  "context": null,
                  "code": "const response = await request(app)\n  .post(\"/users/login\")\n  .send(test.loginUser);\nexpect(response.status).to.equal(test.statusCode);\nexpect(response.body.message).to.equal(test.expectedMessage);",
                  "err": {},
                  "uuid": "178ce063-448d-486a-8ed3-809c226f47b5",
                  "parentUUID": "9ad759a0-409a-4ae8-b26f-7bca41fab307",
                  "isHook": false,
                  "skipped": false
                },
                {
                  "title": "Deve retornar erro quando informar usuário inexistente",
                  "fullTitle": "User Controller POST /users/login Deve retornar erro quando informar usuário inexistente",
                  "timedOut": false,
                  "duration": 1,
                  "state": "passed",
                  "speed": "fast",
                  "pass": true,
                  "fail": false,
                  "pending": false,
                  "context": null,
                  "code": "const response = await request(app)\n  .post(\"/users/login\")\n  .send(test.loginUser);\nexpect(response.status).to.equal(test.statusCode);\nexpect(response.body.message).to.equal(test.expectedMessage);",
                  "err": {},
                  "uuid": "50d0fee6-0022-4922-9cb8-ada569ea502c",
                  "parentUUID": "9ad759a0-409a-4ae8-b26f-7bca41fab307",
                  "isHook": false,
                  "skipped": false
                },
                {
                  "title": "Deve retornar erro quando informar senha incorreta",
                  "fullTitle": "User Controller POST /users/login Deve retornar erro quando informar senha incorreta",
                  "timedOut": false,
                  "duration": 27,
                  "state": "passed",
                  "speed": "fast",
                  "pass": true,
                  "fail": false,
                  "pending": false,
                  "context": null,
                  "code": "const response = await request(app)\n  .post(\"/users/login\")\n  .send(test.loginUser);\nexpect(response.status).to.equal(test.statusCode);\nexpect(response.body.message).to.equal(test.expectedMessage);",
                  "err": {},
                  "uuid": "62b74bc9-e88c-4222-a480-2f673f76374b",
                  "parentUUID": "9ad759a0-409a-4ae8-b26f-7bca41fab307",
                  "isHook": false,
                  "skipped": false
                },
                {
                  "title": "Deve realizar o login com sucesso",
                  "fullTitle": "User Controller POST /users/login Deve realizar o login com sucesso",
                  "timedOut": false,
                  "duration": 31,
                  "state": "passed",
                  "speed": "fast",
                  "pass": true,
                  "fail": false,
                  "pending": false,
                  "context": null,
                  "code": "const loginRequest = require(\"../../fixture/requests/user/loginRequest.json\");\nconst response = await request(app)\n  .post(\"/users/login\")\n  .send(loginRequest);\nexpect(response.status).to.equal(200);\nexpect(response.body.token).to.be.not.null;",
                  "err": {},
                  "uuid": "5cd8d572-6645-45b2-b736-ce4037d686d2",
                  "parentUUID": "9ad759a0-409a-4ae8-b26f-7bca41fab307",
                  "isHook": false,
                  "skipped": false
                }
              ],
              "suites": [],
              "passes": [
                "fad7fc77-2f6a-4be3-ac2d-676cbc597938",
                "178ce063-448d-486a-8ed3-809c226f47b5",
                "50d0fee6-0022-4922-9cb8-ada569ea502c",
                "62b74bc9-e88c-4222-a480-2f673f76374b",
                "5cd8d572-6645-45b2-b736-ce4037d686d2"
              ],
              "failures": [],
              "pending": [],
              "skipped": [],
              "duration": 63,
              "root": false,
              "rootEmpty": false,
              "_timeout": 10000
            }
          ],
          "passes": [],
          "failures": [],
          "pending": [],
          "skipped": [],
          "duration": 0,
          "root": false,
          "rootEmpty": false,
          "_timeout": 10000
        },
        {
          "uuid": "ef2d9b93-6ab7-4791-bc95-9d90bf3ff3e4",
          "title": "User Controller - Mocked",
          "fullFile": "/home/runner/work/trabalho-final-automacao-api/trabalho-final-automacao-api/test/rest/controller/user/userControllerMocked.test.js",
          "file": "/test/rest/controller/user/userControllerMocked.test.js",
          "beforeHooks": [],
          "afterHooks": [
            {
              "title": "\"after each\" hook in \"User Controller - Mocked\"",
              "fullTitle": "User Controller - Mocked \"after each\" hook in \"User Controller - Mocked\"",
              "timedOut": false,
              "duration": 0,
              "state": null,
              "speed": null,
              "pass": false,
              "fail": false,
              "pending": false,
              "context": null,
              "code": "sinon.restore();",
              "err": {},
              "uuid": "31a75df1-7164-4aa7-bc62-195c384c69de",
              "parentUUID": "ef2d9b93-6ab7-4791-bc95-9d90bf3ff3e4",
              "isHook": true,
              "skipped": false
            }
          ],
          "tests": [],
          "suites": [
            {
              "uuid": "62ef6c1d-8954-4137-b43d-8d1799c3f849",
              "title": "POST /users/register",
              "fullFile": "/home/runner/work/trabalho-final-automacao-api/trabalho-final-automacao-api/test/rest/controller/user/userControllerMocked.test.js",
              "file": "/test/rest/controller/user/userControllerMocked.test.js",
              "beforeHooks": [],
              "afterHooks": [],
              "tests": [
                {
                  "title": "Deve retornar erro quando o usuário não for informado",
                  "fullTitle": "User Controller - Mocked POST /users/register Deve retornar erro quando o usuário não for informado",
                  "timedOut": false,
                  "duration": 3,
                  "state": "passed",
                  "speed": "fast",
                  "pass": true,
                  "fail": false,
                  "pending": false,
                  "context": null,
                  "code": "const error = new Error(test.expectedMessage);\nerror.status = test.statusCode;\nconst userServiceMock = sinon.stub(userService, \"registerUser\");\nuserServiceMock.throws(error);\nconst response = await request(app)\n  .post(\"/users/register\")\n  .send(test.createUser);\nexpect(response.status).to.equal(test.statusCode);\nexpect(response.body.message).to.equal(test.expectedMessage);",
                  "err": {},
                  "uuid": "77a5fd7a-b337-4834-857d-3fbb415a0bcf",
                  "parentUUID": "62ef6c1d-8954-4137-b43d-8d1799c3f849",
                  "isHook": false,
                  "skipped": false
                },
                {
                  "title": "Deve retornar erro quando a senha não for informada",
                  "fullTitle": "User Controller - Mocked POST /users/register Deve retornar erro quando a senha não for informada",
                  "timedOut": false,
                  "duration": 2,
                  "state": "passed",
                  "speed": "fast",
                  "pass": true,
                  "fail": false,
                  "pending": false,
                  "context": null,
                  "code": "const error = new Error(test.expectedMessage);\nerror.status = test.statusCode;\nconst userServiceMock = sinon.stub(userService, \"registerUser\");\nuserServiceMock.throws(error);\nconst response = await request(app)\n  .post(\"/users/register\")\n  .send(test.createUser);\nexpect(response.status).to.equal(test.statusCode);\nexpect(response.body.message).to.equal(test.expectedMessage);",
                  "err": {},
                  "uuid": "91e601e7-3eb5-4306-b8d1-9e359131732e",
                  "parentUUID": "62ef6c1d-8954-4137-b43d-8d1799c3f849",
                  "isHook": false,
                  "skipped": false
                },
                {
                  "title": "Deve retornar erro quando o usuário já existir",
                  "fullTitle": "User Controller - Mocked POST /users/register Deve retornar erro quando o usuário já existir",
                  "timedOut": false,
                  "duration": 2,
                  "state": "passed",
                  "speed": "fast",
                  "pass": true,
                  "fail": false,
                  "pending": false,
                  "context": null,
                  "code": "const error = new Error(test.expectedMessage);\nerror.status = test.statusCode;\nconst userServiceMock = sinon.stub(userService, \"registerUser\");\nuserServiceMock.throws(error);\nconst response = await request(app)\n  .post(\"/users/register\")\n  .send(test.createUser);\nexpect(response.status).to.equal(test.statusCode);\nexpect(response.body.message).to.equal(test.expectedMessage);",
                  "err": {},
                  "uuid": "fde6d42a-2a75-4337-a3ab-7695f35343d6",
                  "parentUUID": "62ef6c1d-8954-4137-b43d-8d1799c3f849",
                  "isHook": false,
                  "skipped": false
                },
                {
                  "title": "Deve criar usuário com sucesso",
                  "fullTitle": "User Controller - Mocked POST /users/register Deve criar usuário com sucesso",
                  "timedOut": false,
                  "duration": 2,
                  "state": "passed",
                  "speed": "fast",
                  "pass": true,
                  "fail": false,
                  "pending": false,
                  "context": null,
                  "code": "const expectedResponse = require(\"../../fixture/responses/user/createUserResponseSuccessful.json\");\nconst userServiceMock = sinon.stub(userService, \"registerUser\");\nuserServiceMock.returns({\n  message: expectedResponse.body.message,\n  user: { username: \"user\", password: \"password\" },\n});\nconst response = await request(app).post(\"/users/register\").send({\n  username: \"username\",\n  password: \"password\",\n});\nexpect(response.status).to.equal(expectedResponse.statusCode);\nexpect(response.body).to.deep.equal(expectedResponse.body);",
                  "err": {},
                  "uuid": "e7e87d51-0bc0-4971-95a8-832978001168",
                  "parentUUID": "62ef6c1d-8954-4137-b43d-8d1799c3f849",
                  "isHook": false,
                  "skipped": false
                }
              ],
              "suites": [],
              "passes": [
                "77a5fd7a-b337-4834-857d-3fbb415a0bcf",
                "91e601e7-3eb5-4306-b8d1-9e359131732e",
                "fde6d42a-2a75-4337-a3ab-7695f35343d6",
                "e7e87d51-0bc0-4971-95a8-832978001168"
              ],
              "failures": [],
              "pending": [],
              "skipped": [],
              "duration": 9,
              "root": false,
              "rootEmpty": false,
              "_timeout": 10000
            },
            {
              "uuid": "3a3597ff-f9e2-4342-aafd-9d222b718bd1",
              "title": "POST /users/login",
              "fullFile": "/home/runner/work/trabalho-final-automacao-api/trabalho-final-automacao-api/test/rest/controller/user/userControllerMocked.test.js",
              "file": "/test/rest/controller/user/userControllerMocked.test.js",
              "beforeHooks": [],
              "afterHooks": [],
              "tests": [
                {
                  "title": "Deve retornar erro quando o usuário não for informado",
                  "fullTitle": "User Controller - Mocked POST /users/login Deve retornar erro quando o usuário não for informado",
                  "timedOut": false,
                  "duration": 2,
                  "state": "passed",
                  "speed": "fast",
                  "pass": true,
                  "fail": false,
                  "pending": false,
                  "context": null,
                  "code": "const error = new Error(test.expectedMessage);\nerror.status = test.statusCode;\nconst userServiceMock = sinon.stub(userService, \"validateUser\");\nuserServiceMock.throws(error);\nconst response = await request(app)\n  .post(\"/users/login\")\n  .send(test.loginUser);\nexpect(response.status).to.equal(test.statusCode);\nexpect(response.body.message).to.equal(test.expectedMessage);",
                  "err": {},
                  "uuid": "9a3ef8cd-43c0-499e-bff9-ad0c9c25a695",
                  "parentUUID": "3a3597ff-f9e2-4342-aafd-9d222b718bd1",
                  "isHook": false,
                  "skipped": false
                },
                {
                  "title": "Deve retornar erro quando a senha não for informada",
                  "fullTitle": "User Controller - Mocked POST /users/login Deve retornar erro quando a senha não for informada",
                  "timedOut": false,
                  "duration": 4,
                  "state": "passed",
                  "speed": "fast",
                  "pass": true,
                  "fail": false,
                  "pending": false,
                  "context": null,
                  "code": "const error = new Error(test.expectedMessage);\nerror.status = test.statusCode;\nconst userServiceMock = sinon.stub(userService, \"validateUser\");\nuserServiceMock.throws(error);\nconst response = await request(app)\n  .post(\"/users/login\")\n  .send(test.loginUser);\nexpect(response.status).to.equal(test.statusCode);\nexpect(response.body.message).to.equal(test.expectedMessage);",
                  "err": {},
                  "uuid": "da4aebf7-b418-4080-9314-5de40f84b332",
                  "parentUUID": "3a3597ff-f9e2-4342-aafd-9d222b718bd1",
                  "isHook": false,
                  "skipped": false
                },
                {
                  "title": "Deve retornar erro quando informar usuário inexistente",
                  "fullTitle": "User Controller - Mocked POST /users/login Deve retornar erro quando informar usuário inexistente",
                  "timedOut": false,
                  "duration": 2,
                  "state": "passed",
                  "speed": "fast",
                  "pass": true,
                  "fail": false,
                  "pending": false,
                  "context": null,
                  "code": "const error = new Error(test.expectedMessage);\nerror.status = test.statusCode;\nconst userServiceMock = sinon.stub(userService, \"validateUser\");\nuserServiceMock.throws(error);\nconst response = await request(app)\n  .post(\"/users/login\")\n  .send(test.loginUser);\nexpect(response.status).to.equal(test.statusCode);\nexpect(response.body.message).to.equal(test.expectedMessage);",
                  "err": {},
                  "uuid": "09b386df-9a08-440c-abc4-e0fb7393a869",
                  "parentUUID": "3a3597ff-f9e2-4342-aafd-9d222b718bd1",
                  "isHook": false,
                  "skipped": false
                },
                {
                  "title": "Deve retornar erro quando informar senha incorreta",
                  "fullTitle": "User Controller - Mocked POST /users/login Deve retornar erro quando informar senha incorreta",
                  "timedOut": false,
                  "duration": 1,
                  "state": "passed",
                  "speed": "fast",
                  "pass": true,
                  "fail": false,
                  "pending": false,
                  "context": null,
                  "code": "const error = new Error(test.expectedMessage);\nerror.status = test.statusCode;\nconst userServiceMock = sinon.stub(userService, \"validateUser\");\nuserServiceMock.throws(error);\nconst response = await request(app)\n  .post(\"/users/login\")\n  .send(test.loginUser);\nexpect(response.status).to.equal(test.statusCode);\nexpect(response.body.message).to.equal(test.expectedMessage);",
                  "err": {},
                  "uuid": "8cf4052c-f5be-4a9f-97e8-3af3c9c874b8",
                  "parentUUID": "3a3597ff-f9e2-4342-aafd-9d222b718bd1",
                  "isHook": false,
                  "skipped": false
                },
                {
                  "title": "Deve realizar o login com sucesso",
                  "fullTitle": "User Controller - Mocked POST /users/login Deve realizar o login com sucesso",
                  "timedOut": false,
                  "duration": 2,
                  "state": "passed",
                  "speed": "fast",
                  "pass": true,
                  "fail": false,
                  "pending": false,
                  "context": null,
                  "code": "const userServiceMock = sinon.stub(userService, \"validateUser\");\nuserServiceMock.returns({\n  token: \"eyJhbGciOiJIUzI1NiIsInR5cCI6IkpXVCJ9.mocktoken\",\n});\nconst loginRequest = require(\"../../fixture/requests/user/loginRequest.json\");\nconst response = await request(app)\n  .post(\"/users/login\")\n  .send(loginRequest);\nexpect(response.status).to.equal(200);\nexpect(response.body.token).to.be.not.null;",
                  "err": {},
                  "uuid": "1986b5f3-f7e6-4499-90b3-18b5897b1c1b",
                  "parentUUID": "3a3597ff-f9e2-4342-aafd-9d222b718bd1",
                  "isHook": false,
                  "skipped": false
                }
              ],
              "suites": [],
              "passes": [
                "9a3ef8cd-43c0-499e-bff9-ad0c9c25a695",
                "da4aebf7-b418-4080-9314-5de40f84b332",
                "09b386df-9a08-440c-abc4-e0fb7393a869",
                "8cf4052c-f5be-4a9f-97e8-3af3c9c874b8",
                "1986b5f3-f7e6-4499-90b3-18b5897b1c1b"
              ],
              "failures": [],
              "pending": [],
              "skipped": [],
              "duration": 11,
              "root": false,
              "rootEmpty": false,
              "_timeout": 10000
            }
          ],
          "passes": [],
          "failures": [],
          "pending": [],
          "skipped": [],
          "duration": 0,
          "root": false,
          "rootEmpty": false,
          "_timeout": 10000
        }
      ],
      "passes": [],
      "failures": [],
      "pending": [],
      "skipped": [],
      "duration": 0,
      "root": true,
      "rootEmpty": true,
      "_timeout": 10000
    }
  ],
  "meta": {
    "mocha": {
      "version": "11.7.2"
    },
    "mochawesome": {
      "options": {
        "quiet": false,
        "reportFilename": "mochawesome",
        "saveHtml": true,
        "saveJson": true,
        "consoleReporter": "spec",
        "useInlineDiffs": false,
        "code": true
      },
      "version": "7.1.4"
    },
    "marge": {
      "options": {
        "reportDir": "mochawesome-report",
        "overwrite": "false"
      },
      "version": "6.3.0"
    }
  }
}