{
  "stats": {
    "suites": 6,
    "tests": 20,
    "passes": 20,
    "pending": 0,
    "failures": 0,
    "start": "2025-09-19T18:16:40.425Z",
    "end": "2025-09-19T18:16:40.686Z",
    "duration": 261,
    "testsRegistered": 20,
    "passPercent": 100,
    "pendingPercent": 0,
    "other": 0,
    "hasOther": false,
    "skipped": 0,
    "hasSkipped": false
  },
  "results": [
    {
      "uuid": "902a0de9-5c55-4a50-8bfd-3a62381dfcf2",
      "title": "",
      "fullFile": "",
      "file": "",
      "beforeHooks": [],
      "afterHooks": [],
      "tests": [],
      "suites": [
        {
          "uuid": "9b06db1f-0008-455b-9e9a-6210c9b36523",
          "title": "Expense External - GraphQL",
          "fullFile": "/home/runner/work/trabalho-final-automacao-api/trabalho-final-automacao-api/test/graphql/external/expense/expenseExternal.graphql.test.js",
          "file": "/test/graphql/external/expense/expenseExternal.graphql.test.js",
          "beforeHooks": [
            {
              "title": "\"before all\" hook in \"Expense External - GraphQL\"",
              "fullTitle": "Expense External - GraphQL \"before all\" hook in \"Expense External - GraphQL\"",
              "timedOut": false,
              "duration": 63,
              "state": null,
              "speed": null,
              "pass": false,
              "fail": false,
              "pending": false,
              "context": null,
              "code": "const loginRequest = require(\"../../fixture/requests/user/loginRequest.json\");\nconst response = await request(process.env.BASE_URL_GRAPHQL)\n  .post(\"/\")\n  .send(loginRequest);\ntoken = response.body.data.login.token;",
              "err": {},
              "uuid": "7006a343-0345-4cca-9887-56cdce2ebba4",
              "parentUUID": "9b06db1f-0008-455b-9e9a-6210c9b36523",
              "isHook": true,
              "skipped": false
            }
          ],
          "afterHooks": [],
          "tests": [],
          "suites": [
            {
              "uuid": "1846c376-d6ed-4d4f-80fd-00f0e01271a4",
              "title": "addExpense Mutation",
              "fullFile": "/home/runner/work/trabalho-final-automacao-api/trabalho-final-automacao-api/test/graphql/external/expense/expenseExternal.graphql.test.js",
              "file": "/test/graphql/external/expense/expenseExternal.graphql.test.js",
              "beforeHooks": [],
              "afterHooks": [],
              "tests": [
                {
                  "title": "Deve retornar erro quando a descrição não for informada",
                  "fullTitle": "Expense External - GraphQL addExpense Mutation Deve retornar erro quando a descrição não for informada",
                  "timedOut": false,
                  "duration": 8,
                  "state": "passed",
                  "speed": "fast",
                  "pass": true,
                  "fail": false,
                  "pending": false,
                  "context": null,
                  "code": "const response = await request(process.env.BASE_URL_GRAPHQL)\n  .post(\"/\")\n  .set(\"Authorization\", `Bearer ${token}`)\n  .send(test.addExpense);\nexpect(response.status).to.equal(test.statusCode);\nexpect(response.body.errors[0].message).to.equal(test.expectedMessage);",
                  "err": {},
                  "uuid": "ef98d5ff-a237-4a9f-b947-5f87153e53ec",
                  "parentUUID": "1846c376-d6ed-4d4f-80fd-00f0e01271a4",
                  "isHook": false,
                  "skipped": false
                },
                {
                  "title": "Deve retornar erro quando o valor não for informado",
                  "fullTitle": "Expense External - GraphQL addExpense Mutation Deve retornar erro quando o valor não for informado",
                  "timedOut": false,
                  "duration": 3,
                  "state": "passed",
                  "speed": "fast",
                  "pass": true,
                  "fail": false,
                  "pending": false,
                  "context": null,
                  "code": "const response = await request(process.env.BASE_URL_GRAPHQL)\n  .post(\"/\")\n  .set(\"Authorization\", `Bearer ${token}`)\n  .send(test.addExpense);\nexpect(response.status).to.equal(test.statusCode);\nexpect(response.body.errors[0].message).to.equal(test.expectedMessage);",
                  "err": {},
                  "uuid": "d903851b-a3bb-4f16-a8e3-a07ab024f8f5",
                  "parentUUID": "1846c376-d6ed-4d4f-80fd-00f0e01271a4",
                  "isHook": false,
                  "skipped": false
                },
                {
                  "title": "Deve retornar erro quando a data não for informada",
                  "fullTitle": "Expense External - GraphQL addExpense Mutation Deve retornar erro quando a data não for informada",
                  "timedOut": false,
                  "duration": 3,
                  "state": "passed",
                  "speed": "fast",
                  "pass": true,
                  "fail": false,
                  "pending": false,
                  "context": null,
                  "code": "const response = await request(process.env.BASE_URL_GRAPHQL)\n  .post(\"/\")\n  .set(\"Authorization\", `Bearer ${token}`)\n  .send(test.addExpense);\nexpect(response.status).to.equal(test.statusCode);\nexpect(response.body.errors[0].message).to.equal(test.expectedMessage);",
                  "err": {},
                  "uuid": "dc5be1f1-993c-44ce-9cfc-4a99722a3332",
                  "parentUUID": "1846c376-d6ed-4d4f-80fd-00f0e01271a4",
                  "isHook": false,
                  "skipped": false
                },
                {
                  "title": "Deve retornar erro quando a edição de uma despesa for feita sem token de autenticação",
                  "fullTitle": "Expense External - GraphQL addExpense Mutation Deve retornar erro quando a edição de uma despesa for feita sem token de autenticação",
                  "timedOut": false,
                  "duration": 3,
                  "state": "passed",
                  "speed": "fast",
                  "pass": true,
                  "fail": false,
                  "pending": false,
                  "context": null,
                  "code": "const response = await request(process.env.BASE_URL_GRAPHQL)\n  .post(\"/\")\n  .send(createExpenseRequest);\nexpect(response.body.errors[0].message).to.equal(\"Not authenticated\");",
                  "err": {},
                  "uuid": "abe30a78-e32c-4802-bcc1-74a9c4d20e92",
                  "parentUUID": "1846c376-d6ed-4d4f-80fd-00f0e01271a4",
                  "isHook": false,
                  "skipped": false
                },
                {
                  "title": "Deve registrar uma despesa com sucesso",
                  "fullTitle": "Expense External - GraphQL addExpense Mutation Deve registrar uma despesa com sucesso",
                  "timedOut": false,
                  "duration": 4,
                  "state": "passed",
                  "speed": "fast",
                  "pass": true,
                  "fail": false,
                  "pending": false,
                  "context": null,
                  "code": "const response = await request(process.env.BASE_URL_GRAPHQL)\n  .post(\"/\")\n  .set(\"Authorization\", `Bearer ${token}`)\n  .send(createExpenseRequest);\nconst expectedResponse = require(\"../../fixture/responses/expense/createExpenseSuccessfulResponse.json\");\nexpect(response.status).to.equal(expectedResponse.statusCode);\nexpect(response.body.data.addExpense)\n  .excluding([\"date\", \"id\"])\n  .to.deep.equal(expectedResponse.data.addExpense);\nexpenseId = response.body.data.addExpense.id;",
                  "err": {},
                  "uuid": "b415c622-7568-4067-8a64-148ced2666fa",
                  "parentUUID": "1846c376-d6ed-4d4f-80fd-00f0e01271a4",
                  "isHook": false,
                  "skipped": false
                }
              ],
              "suites": [],
              "passes": [
                "ef98d5ff-a237-4a9f-b947-5f87153e53ec",
                "d903851b-a3bb-4f16-a8e3-a07ab024f8f5",
                "dc5be1f1-993c-44ce-9cfc-4a99722a3332",
                "abe30a78-e32c-4802-bcc1-74a9c4d20e92",
                "b415c622-7568-4067-8a64-148ced2666fa"
              ],
              "failures": [],
              "pending": [],
              "skipped": [],
              "duration": 21,
              "root": false,
              "rootEmpty": false,
              "_timeout": 10000
            },
            {
              "uuid": "e1a5faf4-9857-4346-b001-3690fd4b424b",
              "title": "editExpense Mutation",
              "fullFile": "/home/runner/work/trabalho-final-automacao-api/trabalho-final-automacao-api/test/graphql/external/expense/expenseExternal.graphql.test.js",
              "file": "/test/graphql/external/expense/expenseExternal.graphql.test.js",
              "beforeHooks": [],
              "afterHooks": [],
              "tests": [
                {
                  "title": "Deve retornar erro quando a descrição não for informada",
                  "fullTitle": "Expense External - GraphQL editExpense Mutation Deve retornar erro quando a descrição não for informada",
                  "timedOut": false,
                  "duration": 4,
                  "state": "passed",
                  "speed": "fast",
                  "pass": true,
                  "fail": false,
                  "pending": false,
                  "context": null,
                  "code": "const response = await request(process.env.BASE_URL_GRAPHQL)\n  .post(\"/\")\n  .set(\"Authorization\", `Bearer ${token}`)\n  .send(test.editExpense);\nexpect(response.body.errors[0].message).to.equal(test.expectedMessage);",
                  "err": {},
                  "uuid": "9a5f9f63-e6fe-4bc1-96c6-655d9677c513",
                  "parentUUID": "e1a5faf4-9857-4346-b001-3690fd4b424b",
                  "isHook": false,
                  "skipped": false
                },
                {
                  "title": "Deve retornar erro quando o valor não for informado",
                  "fullTitle": "Expense External - GraphQL editExpense Mutation Deve retornar erro quando o valor não for informado",
                  "timedOut": false,
                  "duration": 3,
                  "state": "passed",
                  "speed": "fast",
                  "pass": true,
                  "fail": false,
                  "pending": false,
                  "context": null,
                  "code": "const response = await request(process.env.BASE_URL_GRAPHQL)\n  .post(\"/\")\n  .set(\"Authorization\", `Bearer ${token}`)\n  .send(test.editExpense);\nexpect(response.body.errors[0].message).to.equal(test.expectedMessage);",
                  "err": {},
                  "uuid": "79e2c894-cd46-4058-ad03-cd1cc405f351",
                  "parentUUID": "e1a5faf4-9857-4346-b001-3690fd4b424b",
                  "isHook": false,
                  "skipped": false
                },
                {
                  "title": "Deve retornar erro quando o valor não for informado",
                  "fullTitle": "Expense External - GraphQL editExpense Mutation Deve retornar erro quando o valor não for informado",
                  "timedOut": false,
                  "duration": 3,
                  "state": "passed",
                  "speed": "fast",
                  "pass": true,
                  "fail": false,
                  "pending": false,
                  "context": null,
                  "code": "const response = await request(process.env.BASE_URL_GRAPHQL)\n  .post(\"/\")\n  .set(\"Authorization\", `Bearer ${token}`)\n  .send(test.editExpense);\nexpect(response.body.errors[0].message).to.equal(test.expectedMessage);",
                  "err": {},
                  "uuid": "7e83db30-0237-492e-a8c7-bcf1a15d9201",
                  "parentUUID": "e1a5faf4-9857-4346-b001-3690fd4b424b",
                  "isHook": false,
                  "skipped": false
                },
                {
                  "title": "Deve retornar erro quando a data não for informada",
                  "fullTitle": "Expense External - GraphQL editExpense Mutation Deve retornar erro quando a data não for informada",
                  "timedOut": false,
                  "duration": 3,
                  "state": "passed",
                  "speed": "fast",
                  "pass": true,
                  "fail": false,
                  "pending": false,
                  "context": null,
                  "code": "const response = await request(process.env.BASE_URL_GRAPHQL)\n  .post(\"/\")\n  .set(\"Authorization\", `Bearer ${token}`)\n  .send(test.editExpense);\nexpect(response.body.errors[0].message).to.equal(test.expectedMessage);",
                  "err": {},
                  "uuid": "740e58ee-d84c-42a2-bb96-5d3d20dc2dc9",
                  "parentUUID": "e1a5faf4-9857-4346-b001-3690fd4b424b",
                  "isHook": false,
                  "skipped": false
                },
                {
                  "title": "Deve retornar erro quando a edição de uma despesa for feita sem token de autenticação",
                  "fullTitle": "Expense External - GraphQL editExpense Mutation Deve retornar erro quando a edição de uma despesa for feita sem token de autenticação",
                  "timedOut": false,
                  "duration": 4,
                  "state": "passed",
                  "speed": "fast",
                  "pass": true,
                  "fail": false,
                  "pending": false,
                  "context": null,
                  "code": "// Use the dynamically created expense ID\neditExpenseRequest.variables.id = expenseId;\nconst response = await request(process.env.BASE_URL_GRAPHQL)\n  .post(\"/\")\n  .send(editExpenseRequest);\nexpect(response.body.errors[0].message).to.equal(\"Not authenticated\");",
                  "err": {},
                  "uuid": "c22cfdc9-aca4-4dcc-9657-abdf2cdee551",
                  "parentUUID": "e1a5faf4-9857-4346-b001-3690fd4b424b",
                  "isHook": false,
                  "skipped": false
                },
                {
                  "title": "Deve editar uma despesa com sucesso",
                  "fullTitle": "Expense External - GraphQL editExpense Mutation Deve editar uma despesa com sucesso",
                  "timedOut": false,
                  "duration": 3,
                  "state": "passed",
                  "speed": "fast",
                  "pass": true,
                  "fail": false,
                  "pending": false,
                  "context": null,
                  "code": "// Use the dynamically created expense ID\neditExpenseRequest.variables.id = expenseId;\nconst response = await request(process.env.BASE_URL_GRAPHQL)\n  .post(\"/\")\n  .set(\"Authorization\", `Bearer ${token}`)\n  .send(editExpenseRequest);\nconst expectedResponse = require(\"../../fixture/responses/expense/editExpenseSuccessfulResponse.json\");\nexpect(response.status).to.equal(expectedResponse.statusCode);\nexpect(response.body.data.editExpense).to.deep.equal(\n  expectedResponse.data.editExpense\n);",
                  "err": {},
                  "uuid": "390eba68-1b76-49a3-8e81-13c513d7a5e8",
                  "parentUUID": "e1a5faf4-9857-4346-b001-3690fd4b424b",
                  "isHook": false,
                  "skipped": false
                }
              ],
              "suites": [],
              "passes": [
                "9a5f9f63-e6fe-4bc1-96c6-655d9677c513",
                "79e2c894-cd46-4058-ad03-cd1cc405f351",
                "7e83db30-0237-492e-a8c7-bcf1a15d9201",
                "740e58ee-d84c-42a2-bb96-5d3d20dc2dc9",
                "c22cfdc9-aca4-4dcc-9657-abdf2cdee551",
                "390eba68-1b76-49a3-8e81-13c513d7a5e8"
              ],
              "failures": [],
              "pending": [],
              "skipped": [],
              "duration": 20,
              "root": false,
              "rootEmpty": false,
              "_timeout": 10000
            }
          ],
          "passes": [],
          "failures": [],
          "pending": [],
          "skipped": [],
          "duration": 0,
          "root": false,
          "rootEmpty": false,
          "_timeout": 10000
        },
        {
          "uuid": "29e90c1c-8904-48e8-b74f-2d76e973e023",
          "title": "User External - GraphQL",
          "fullFile": "/home/runner/work/trabalho-final-automacao-api/trabalho-final-automacao-api/test/graphql/external/user/userExternal.graphql.test.js",
          "file": "/test/graphql/external/user/userExternal.graphql.test.js",
          "beforeHooks": [],
          "afterHooks": [],
          "tests": [],
          "suites": [
            {
              "uuid": "7f1c5f5e-07cc-4c63-a99e-ed70b7b58f96",
              "title": "register Mutation",
              "fullFile": "/home/runner/work/trabalho-final-automacao-api/trabalho-final-automacao-api/test/graphql/external/user/userExternal.graphql.test.js",
              "file": "/test/graphql/external/user/userExternal.graphql.test.js",
              "beforeHooks": [],
              "afterHooks": [],
              "tests": [
                {
                  "title": "Deve retornar erro quando o usuário não for informado",
                  "fullTitle": "User External - GraphQL register Mutation Deve retornar erro quando o usuário não for informado",
                  "timedOut": false,
                  "duration": 4,
                  "state": "passed",
                  "speed": "fast",
                  "pass": true,
                  "fail": false,
                  "pending": false,
                  "context": null,
                  "code": "const response = await request(process.env.BASE_URL_GRAPHQL)\n  .post(\"/\")\n  .send(test.createUser);\nexpect(response.status).to.equal(test.statusCode);\nexpect(response.body.errors[0].message).to.equal(test.expectedMessage);",
                  "err": {},
                  "uuid": "a8105018-b093-491e-949e-1e30602b02a7",
                  "parentUUID": "7f1c5f5e-07cc-4c63-a99e-ed70b7b58f96",
                  "isHook": false,
                  "skipped": false
                },
                {
                  "title": "Deve retornar erro quando a senha não for informada",
                  "fullTitle": "User External - GraphQL register Mutation Deve retornar erro quando a senha não for informada",
                  "timedOut": false,
                  "duration": 2,
                  "state": "passed",
                  "speed": "fast",
                  "pass": true,
                  "fail": false,
                  "pending": false,
                  "context": null,
                  "code": "const response = await request(process.env.BASE_URL_GRAPHQL)\n  .post(\"/\")\n  .send(test.createUser);\nexpect(response.status).to.equal(test.statusCode);\nexpect(response.body.errors[0].message).to.equal(test.expectedMessage);",
                  "err": {},
                  "uuid": "bacccb17-a088-430d-900e-43813273fbcc",
                  "parentUUID": "7f1c5f5e-07cc-4c63-a99e-ed70b7b58f96",
                  "isHook": false,
                  "skipped": false
                },
                {
                  "title": "Deve retornar erro quando o usuário já existir",
                  "fullTitle": "User External - GraphQL register Mutation Deve retornar erro quando o usuário já existir",
                  "timedOut": false,
                  "duration": 2,
                  "state": "passed",
                  "speed": "fast",
                  "pass": true,
                  "fail": false,
                  "pending": false,
                  "context": null,
                  "code": "const response = await request(process.env.BASE_URL_GRAPHQL)\n  .post(\"/\")\n  .send(test.createUser);\nexpect(response.status).to.equal(test.statusCode);\nexpect(response.body.errors[0].message).to.equal(test.expectedMessage);",
                  "err": {},
                  "uuid": "8fa066a4-e895-4092-820d-54c12465549d",
                  "parentUUID": "7f1c5f5e-07cc-4c63-a99e-ed70b7b58f96",
                  "isHook": false,
                  "skipped": false
                },
                {
                  "title": "Deve criar usuário com sucesso",
                  "fullTitle": "User External - GraphQL register Mutation Deve criar usuário com sucesso",
                  "timedOut": false,
                  "duration": 85,
                  "state": "passed",
                  "speed": "slow",
                  "pass": true,
                  "fail": false,
                  "pending": false,
                  "context": null,
                  "code": "const username = `user${Math.floor(Math.random() * 100000)}`;\nconst mutation = `mutation { register(username: \\\"${username}\\\", password: \\\"password\\\") { message } }`;\nconst response = await request(process.env.BASE_URL_GRAPHQL)\n  .post(\"/\")\n  .send({ query: mutation });\nexpect(response.body.data.register.message).to.equal(\n  \"Usuário registrado com sucesso\"\n);",
                  "err": {},
                  "uuid": "f4647aa0-8e36-4994-826e-6ad308ada4b9",
                  "parentUUID": "7f1c5f5e-07cc-4c63-a99e-ed70b7b58f96",
                  "isHook": false,
                  "skipped": false
                }
              ],
              "suites": [],
              "passes": [
                "a8105018-b093-491e-949e-1e30602b02a7",
                "bacccb17-a088-430d-900e-43813273fbcc",
                "8fa066a4-e895-4092-820d-54c12465549d",
                "f4647aa0-8e36-4994-826e-6ad308ada4b9"
              ],
              "failures": [],
              "pending": [],
              "skipped": [],
              "duration": 93,
              "root": false,
              "rootEmpty": false,
              "_timeout": 10000
            },
            {
              "uuid": "e61b7294-ad24-4444-b375-d1ea2c8e915c",
              "title": "login Query",
              "fullFile": "/home/runner/work/trabalho-final-automacao-api/trabalho-final-automacao-api/test/graphql/external/user/userExternal.graphql.test.js",
              "file": "/test/graphql/external/user/userExternal.graphql.test.js",
              "beforeHooks": [],
              "afterHooks": [],
              "tests": [
                {
                  "title": "Deve retornar erro quando o usuário não for informado",
                  "fullTitle": "User External - GraphQL login Query Deve retornar erro quando o usuário não for informado",
                  "timedOut": false,
                  "duration": 3,
                  "state": "passed",
                  "speed": "fast",
                  "pass": true,
                  "fail": false,
                  "pending": false,
                  "context": null,
                  "code": "const response = await request(process.env.BASE_URL_GRAPHQL)\n  .post(\"/\")\n  .send(test.loginUser);\nexpect(response.body.errors[0].message).to.equal(test.expectedMessage);",
                  "err": {},
                  "uuid": "8b28dcfe-7694-4e0f-aae3-82e77e138d62",
                  "parentUUID": "e61b7294-ad24-4444-b375-d1ea2c8e915c",
                  "isHook": false,
                  "skipped": false
                },
                {
                  "title": "Deve retornar erro quando a senha não for informada",
                  "fullTitle": "User External - GraphQL login Query Deve retornar erro quando a senha não for informada",
                  "timedOut": false,
                  "duration": 2,
                  "state": "passed",
                  "speed": "fast",
                  "pass": true,
                  "fail": false,
                  "pending": false,
                  "context": null,
                  "code": "const response = await request(process.env.BASE_URL_GRAPHQL)\n  .post(\"/\")\n  .send(test.loginUser);\nexpect(response.body.errors[0].message).to.equal(test.expectedMessage);",
                  "err": {},
                  "uuid": "4f2dc07c-2610-452c-9908-f97de0543bef",
                  "parentUUID": "e61b7294-ad24-4444-b375-d1ea2c8e915c",
                  "isHook": false,
                  "skipped": false
                },
                {
                  "title": "Deve retornar erro quando informar usuário inexistente",
                  "fullTitle": "User External - GraphQL login Query Deve retornar erro quando informar usuário inexistente",
                  "timedOut": false,
                  "duration": 2,
                  "state": "passed",
                  "speed": "fast",
                  "pass": true,
                  "fail": false,
                  "pending": false,
                  "context": null,
                  "code": "const response = await request(process.env.BASE_URL_GRAPHQL)\n  .post(\"/\")\n  .send(test.loginUser);\nexpect(response.body.errors[0].message).to.equal(test.expectedMessage);",
                  "err": {},
                  "uuid": "e88b0d9f-09f8-4fa6-9cfc-a972d66fac29",
                  "parentUUID": "e61b7294-ad24-4444-b375-d1ea2c8e915c",
                  "isHook": false,
                  "skipped": false
                },
                {
                  "title": "Deve retornar erro quando informar senha incorreta",
                  "fullTitle": "User External - GraphQL login Query Deve retornar erro quando informar senha incorreta",
                  "timedOut": false,
                  "duration": 23,
                  "state": "passed",
                  "speed": "fast",
                  "pass": true,
                  "fail": false,
                  "pending": false,
                  "context": null,
                  "code": "const response = await request(process.env.BASE_URL_GRAPHQL)\n  .post(\"/\")\n  .send(test.loginUser);\nexpect(response.body.errors[0].message).to.equal(test.expectedMessage);",
                  "err": {},
                  "uuid": "e3ae0d1c-209f-4273-ac02-23521e2f1638",
                  "parentUUID": "e61b7294-ad24-4444-b375-d1ea2c8e915c",
                  "isHook": false,
                  "skipped": false
                },
                {
                  "title": "Deve realizar o login com sucesso",
                  "fullTitle": "User External - GraphQL login Query Deve realizar o login com sucesso",
                  "timedOut": false,
                  "duration": 24,
                  "state": "passed",
                  "speed": "fast",
                  "pass": true,
                  "fail": false,
                  "pending": false,
                  "context": null,
                  "code": "const loginRequest = require(\"../../fixture/requests/user/loginRequest.json\");\nconst response = await request(process.env.BASE_URL_GRAPHQL)\n  .post(\"/\")\n  .send(loginRequest);\nexpect(response.body.data.login.token).to.be.a(\"string\");",
                  "err": {},
                  "uuid": "2bd25590-3b6b-488a-8914-c73b8809186b",
                  "parentUUID": "e61b7294-ad24-4444-b375-d1ea2c8e915c",
                  "isHook": false,
                  "skipped": false
                }
              ],
              "suites": [],
              "passes": [
                "8b28dcfe-7694-4e0f-aae3-82e77e138d62",
                "4f2dc07c-2610-452c-9908-f97de0543bef",
                "e88b0d9f-09f8-4fa6-9cfc-a972d66fac29",
                "e3ae0d1c-209f-4273-ac02-23521e2f1638",
                "2bd25590-3b6b-488a-8914-c73b8809186b"
              ],
              "failures": [],
              "pending": [],
              "skipped": [],
              "duration": 54,
              "root": false,
              "rootEmpty": false,
              "_timeout": 10000
            }
          ],
          "passes": [],
          "failures": [],
          "pending": [],
          "skipped": [],
          "duration": 0,
          "root": false,
          "rootEmpty": false,
          "_timeout": 10000
        }
      ],
      "passes": [],
      "failures": [],
      "pending": [],
      "skipped": [],
      "duration": 0,
      "root": true,
      "rootEmpty": true,
      "_timeout": 10000
    }
  ],
  "meta": {
    "mocha": {
      "version": "11.7.2"
    },
    "mochawesome": {
      "options": {
        "quiet": false,
        "reportFilename": "mochawesome",
        "saveHtml": true,
        "saveJson": true,
        "consoleReporter": "spec",
        "useInlineDiffs": false,
        "code": true
      },
      "version": "7.1.4"
    },
    "marge": {
      "options": {
        "reportDir": "mochawesome-report",
        "overwrite": "false"
      },
      "version": "6.3.0"
    }
  }
}