{
  "stats": {
    "suites": 6,
    "tests": 21,
    "passes": 21,
    "pending": 0,
    "failures": 0,
    "start": "2025-12-11T01:13:43.303Z",
    "end": "2025-12-11T01:13:43.533Z",
    "duration": 230,
    "testsRegistered": 21,
    "passPercent": 100,
    "pendingPercent": 0,
    "other": 0,
    "hasOther": false,
    "skipped": 0,
    "hasSkipped": false
  },
  "results": [
    {
      "uuid": "d87e9674-5ebc-4b93-9bf4-9c03545bad66",
      "title": "",
      "fullFile": "",
      "file": "",
      "beforeHooks": [],
      "afterHooks": [],
      "tests": [],
      "suites": [
        {
          "uuid": "1b22dcd8-7249-4510-bbfd-8d52ee182a6e",
          "title": "Expense External - HTTP Rest",
          "fullFile": "/home/runner/work/trabalho-final-automacao-api/trabalho-final-automacao-api/test/rest/external/expense/expenseExternal.rest.test.js",
          "file": "/test/rest/external/expense/expenseExternal.rest.test.js",
          "beforeHooks": [
            {
              "title": "\"before all\" hook in \"Expense External - HTTP Rest\"",
              "fullTitle": "Expense External - HTTP Rest \"before all\" hook in \"Expense External - HTTP Rest\"",
              "timedOut": false,
              "duration": 50,
              "state": null,
              "speed": null,
              "pass": false,
              "fail": false,
              "pending": false,
              "context": null,
              "code": "const loginRequest = require(\"../../fixture/requests/user/loginRequest.json\");\nconst respostaLogin = await request(process.env.BASE_URL_REST)\n  .post(\"/users/login\")\n  .send(loginRequest);\ntoken = respostaLogin.body.token;",
              "err": {},
              "uuid": "f5f78bda-4000-4d38-94cc-606b1c8535bc",
              "parentUUID": "1b22dcd8-7249-4510-bbfd-8d52ee182a6e",
              "isHook": true,
              "skipped": false
            }
          ],
          "afterHooks": [],
          "tests": [],
          "suites": [
            {
              "uuid": "06c6a8a1-f52e-4099-a3de-9452506a9ee9",
              "title": "POST /expenses",
              "fullFile": "/home/runner/work/trabalho-final-automacao-api/trabalho-final-automacao-api/test/rest/external/expense/expenseExternal.rest.test.js",
              "file": "/test/rest/external/expense/expenseExternal.rest.test.js",
              "beforeHooks": [],
              "afterHooks": [],
              "tests": [
                {
                  "title": "Deve retornar erro quando a descrição não for informada",
                  "fullTitle": "Expense External - HTTP Rest POST /expenses Deve retornar erro quando a descrição não for informada",
                  "timedOut": false,
                  "duration": 6,
                  "state": "passed",
                  "speed": "fast",
                  "pass": true,
                  "fail": false,
                  "pending": false,
                  "context": null,
                  "code": "const response = await request(process.env.BASE_URL_REST)\n  .post(\"/expenses\")\n  .set(\"Authorization\", `Bearer ${token}`)\n  .send(test.createExpense);\nexpect(response.status).to.equal(test.statusCode);\nexpect(response.body.message).to.equal(test.expectedMessage);",
                  "err": {},
                  "uuid": "e3c9f30e-af2f-414f-a1d9-1a0aee344366",
                  "parentUUID": "06c6a8a1-f52e-4099-a3de-9452506a9ee9",
                  "isHook": false,
                  "skipped": false
                },
                {
                  "title": "Deve retornar erro quando o valor não for informado",
                  "fullTitle": "Expense External - HTTP Rest POST /expenses Deve retornar erro quando o valor não for informado",
                  "timedOut": false,
                  "duration": 4,
                  "state": "passed",
                  "speed": "fast",
                  "pass": true,
                  "fail": false,
                  "pending": false,
                  "context": null,
                  "code": "const response = await request(process.env.BASE_URL_REST)\n  .post(\"/expenses\")\n  .set(\"Authorization\", `Bearer ${token}`)\n  .send(test.createExpense);\nexpect(response.status).to.equal(test.statusCode);\nexpect(response.body.message).to.equal(test.expectedMessage);",
                  "err": {},
                  "uuid": "c0a30d45-46ed-4bdb-87ff-c4a49a9152b7",
                  "parentUUID": "06c6a8a1-f52e-4099-a3de-9452506a9ee9",
                  "isHook": false,
                  "skipped": false
                },
                {
                  "title": "Deve retornar erro quando a data não for informada",
                  "fullTitle": "Expense External - HTTP Rest POST /expenses Deve retornar erro quando a data não for informada",
                  "timedOut": false,
                  "duration": 3,
                  "state": "passed",
                  "speed": "fast",
                  "pass": true,
                  "fail": false,
                  "pending": false,
                  "context": null,
                  "code": "const response = await request(process.env.BASE_URL_REST)\n  .post(\"/expenses\")\n  .set(\"Authorization\", `Bearer ${token}`)\n  .send(test.createExpense);\nexpect(response.status).to.equal(test.statusCode);\nexpect(response.body.message).to.equal(test.expectedMessage);",
                  "err": {},
                  "uuid": "0d20fbb5-3433-4280-b062-4700b66ee3b7",
                  "parentUUID": "06c6a8a1-f52e-4099-a3de-9452506a9ee9",
                  "isHook": false,
                  "skipped": false
                },
                {
                  "title": "Deve retornar erro quando a inclusão de uma despesa for feita sem token de autenticação",
                  "fullTitle": "Expense External - HTTP Rest POST /expenses Deve retornar erro quando a inclusão de uma despesa for feita sem token de autenticação",
                  "timedOut": false,
                  "duration": 2,
                  "state": "passed",
                  "speed": "fast",
                  "pass": true,
                  "fail": false,
                  "pending": false,
                  "context": null,
                  "code": "const expenseRequest = require(\"../../fixture/requests/expense/expenseRequest.json\");\nconst response = await request(process.env.BASE_URL_REST)\n  .post(\"/expenses\")\n  .send(expenseRequest);\nexpect(response.status).to.equal(401);\nexpect(response.body.message).to.equal(\"Token não fornecido\");",
                  "err": {},
                  "uuid": "2bb65557-3f1d-4a9d-854f-7c4fa7e57a82",
                  "parentUUID": "06c6a8a1-f52e-4099-a3de-9452506a9ee9",
                  "isHook": false,
                  "skipped": false
                },
                {
                  "title": "Deve registrar uma despesa com sucesso",
                  "fullTitle": "Expense External - HTTP Rest POST /expenses Deve registrar uma despesa com sucesso",
                  "timedOut": false,
                  "duration": 5,
                  "state": "passed",
                  "speed": "fast",
                  "pass": true,
                  "fail": false,
                  "pending": false,
                  "context": null,
                  "code": "const expenseRequest = require(\"../../fixture/requests/expense/expenseRequest.json\");\nconst response = await request(process.env.BASE_URL_REST)\n  .post(\"/expenses\")\n  .set(\"Authorization\", `Bearer ${token}`)\n  .send(expenseRequest);\nconst expectedResponse = require(\"../../fixture/responses/expense/createExpenseSuccessfulResponse.json\");\nexpect(response.status).to.equal(expectedResponse.statusCode);\nexpect(response.body)\n  .excluding([\"date\", \"id\"])\n  .to.deep.equal(expectedResponse.body);\nexpenseId = response.body.id;",
                  "err": {},
                  "uuid": "bc5b1c51-0bf3-4735-86a1-6c4a3fec1f82",
                  "parentUUID": "06c6a8a1-f52e-4099-a3de-9452506a9ee9",
                  "isHook": false,
                  "skipped": false
                }
              ],
              "suites": [],
              "passes": [
                "e3c9f30e-af2f-414f-a1d9-1a0aee344366",
                "c0a30d45-46ed-4bdb-87ff-c4a49a9152b7",
                "0d20fbb5-3433-4280-b062-4700b66ee3b7",
                "2bb65557-3f1d-4a9d-854f-7c4fa7e57a82",
                "bc5b1c51-0bf3-4735-86a1-6c4a3fec1f82"
              ],
              "failures": [],
              "pending": [],
              "skipped": [],
              "duration": 20,
              "root": false,
              "rootEmpty": false,
              "_timeout": 10000
            },
            {
              "uuid": "5add19cd-025f-47d9-aee1-32baff16dd38",
              "title": "PUT /expenses",
              "fullFile": "/home/runner/work/trabalho-final-automacao-api/trabalho-final-automacao-api/test/rest/external/expense/expenseExternal.rest.test.js",
              "file": "/test/rest/external/expense/expenseExternal.rest.test.js",
              "beforeHooks": [],
              "afterHooks": [],
              "tests": [
                {
                  "title": "Deve retornar erro quando a descrição não for informada",
                  "fullTitle": "Expense External - HTTP Rest PUT /expenses Deve retornar erro quando a descrição não for informada",
                  "timedOut": false,
                  "duration": 4,
                  "state": "passed",
                  "speed": "fast",
                  "pass": true,
                  "fail": false,
                  "pending": false,
                  "context": null,
                  "code": "const response = await request(process.env.BASE_URL_REST)\n  .put(`/expenses/${expenseId}`)\n  .set(\"Authorization\", `Bearer ${token}`)\n  .send(test.editExpense);\nexpect(response.status).to.equal(test.statusCode);\nexpect(response.body.message).to.equal(test.expectedMessage);",
                  "err": {},
                  "uuid": "6a5ba0e6-9d7a-4993-8da0-d1aa11014a74",
                  "parentUUID": "5add19cd-025f-47d9-aee1-32baff16dd38",
                  "isHook": false,
                  "skipped": false
                },
                {
                  "title": "Deve retornar erro quando o valor não for informado",
                  "fullTitle": "Expense External - HTTP Rest PUT /expenses Deve retornar erro quando o valor não for informado",
                  "timedOut": false,
                  "duration": 3,
                  "state": "passed",
                  "speed": "fast",
                  "pass": true,
                  "fail": false,
                  "pending": false,
                  "context": null,
                  "code": "const response = await request(process.env.BASE_URL_REST)\n  .put(`/expenses/${expenseId}`)\n  .set(\"Authorization\", `Bearer ${token}`)\n  .send(test.editExpense);\nexpect(response.status).to.equal(test.statusCode);\nexpect(response.body.message).to.equal(test.expectedMessage);",
                  "err": {},
                  "uuid": "898132fa-db28-4932-8963-cff1953158b0",
                  "parentUUID": "5add19cd-025f-47d9-aee1-32baff16dd38",
                  "isHook": false,
                  "skipped": false
                },
                {
                  "title": "Deve retornar erro quando o valor menor que zero",
                  "fullTitle": "Expense External - HTTP Rest PUT /expenses Deve retornar erro quando o valor menor que zero",
                  "timedOut": false,
                  "duration": 3,
                  "state": "passed",
                  "speed": "fast",
                  "pass": true,
                  "fail": false,
                  "pending": false,
                  "context": null,
                  "code": "const response = await request(process.env.BASE_URL_REST)\n  .put(`/expenses/${expenseId}`)\n  .set(\"Authorization\", `Bearer ${token}`)\n  .send(test.editExpense);\nexpect(response.status).to.equal(test.statusCode);\nexpect(response.body.message).to.equal(test.expectedMessage);",
                  "err": {},
                  "uuid": "c999d743-d6fe-451d-b85c-75a030bae890",
                  "parentUUID": "5add19cd-025f-47d9-aee1-32baff16dd38",
                  "isHook": false,
                  "skipped": false
                },
                {
                  "title": "Deve retornar erro quando o valor for igual a zero",
                  "fullTitle": "Expense External - HTTP Rest PUT /expenses Deve retornar erro quando o valor for igual a zero",
                  "timedOut": false,
                  "duration": 4,
                  "state": "passed",
                  "speed": "fast",
                  "pass": true,
                  "fail": false,
                  "pending": false,
                  "context": null,
                  "code": "const response = await request(process.env.BASE_URL_REST)\n  .put(`/expenses/${expenseId}`)\n  .set(\"Authorization\", `Bearer ${token}`)\n  .send(test.editExpense);\nexpect(response.status).to.equal(test.statusCode);\nexpect(response.body.message).to.equal(test.expectedMessage);",
                  "err": {},
                  "uuid": "845a3b5a-6b1c-422a-82b3-ad6cfe525cea",
                  "parentUUID": "5add19cd-025f-47d9-aee1-32baff16dd38",
                  "isHook": false,
                  "skipped": false
                },
                {
                  "title": "Deve retornar erro quando a data não for informada",
                  "fullTitle": "Expense External - HTTP Rest PUT /expenses Deve retornar erro quando a data não for informada",
                  "timedOut": false,
                  "duration": 2,
                  "state": "passed",
                  "speed": "fast",
                  "pass": true,
                  "fail": false,
                  "pending": false,
                  "context": null,
                  "code": "const response = await request(process.env.BASE_URL_REST)\n  .put(`/expenses/${expenseId}`)\n  .set(\"Authorization\", `Bearer ${token}`)\n  .send(test.editExpense);\nexpect(response.status).to.equal(test.statusCode);\nexpect(response.body.message).to.equal(test.expectedMessage);",
                  "err": {},
                  "uuid": "10dfae8e-543a-4c11-b52b-cb9a6e923cbf",
                  "parentUUID": "5add19cd-025f-47d9-aee1-32baff16dd38",
                  "isHook": false,
                  "skipped": false
                },
                {
                  "title": "Deve retornar erro quando a edição de uma despesa for feita sem token de autenticação",
                  "fullTitle": "Expense External - HTTP Rest PUT /expenses Deve retornar erro quando a edição de uma despesa for feita sem token de autenticação",
                  "timedOut": false,
                  "duration": 2,
                  "state": "passed",
                  "speed": "fast",
                  "pass": true,
                  "fail": false,
                  "pending": false,
                  "context": null,
                  "code": "const expenseRequest = require(\"../../fixture/requests/expense/expenseRequest.json\");\nconst response = await request(process.env.BASE_URL_REST)\n  .put(`/expenses/${expenseId}`)\n  .send(expenseRequest);\nexpect(response.status).to.equal(401);\nexpect(response.body.message).to.equal(\"Token não fornecido\");",
                  "err": {},
                  "uuid": "c585a64c-3b72-460b-846f-0160f39b19be",
                  "parentUUID": "5add19cd-025f-47d9-aee1-32baff16dd38",
                  "isHook": false,
                  "skipped": false
                },
                {
                  "title": "Deve editar uma despesa com sucesso",
                  "fullTitle": "Expense External - HTTP Rest PUT /expenses Deve editar uma despesa com sucesso",
                  "timedOut": false,
                  "duration": 4,
                  "state": "passed",
                  "speed": "fast",
                  "pass": true,
                  "fail": false,
                  "pending": false,
                  "context": null,
                  "code": "const expenseRequest = require(\"../../fixture/requests/expense/expenseRequest.json\");\nconst response = await request(process.env.BASE_URL_REST)\n  .put(`/expenses/${expenseId}`)\n  .set(\"Authorization\", `Bearer ${token}`)\n  .send(expenseRequest);\nconst expectedResponse = require(\"../../fixture/responses/expense/editExpenseSuccessfulResponse.json\");\nexpect(response.status).to.equal(expectedResponse.statusCode);\nexpect(response.body)\n  .excluding(\"date\")\n  .to.deep.equal(expectedResponse.body);",
                  "err": {},
                  "uuid": "abc6fa13-bc84-4e8f-93ad-c6d22a788c55",
                  "parentUUID": "5add19cd-025f-47d9-aee1-32baff16dd38",
                  "isHook": false,
                  "skipped": false
                }
              ],
              "suites": [],
              "passes": [
                "6a5ba0e6-9d7a-4993-8da0-d1aa11014a74",
                "898132fa-db28-4932-8963-cff1953158b0",
                "c999d743-d6fe-451d-b85c-75a030bae890",
                "845a3b5a-6b1c-422a-82b3-ad6cfe525cea",
                "10dfae8e-543a-4c11-b52b-cb9a6e923cbf",
                "c585a64c-3b72-460b-846f-0160f39b19be",
                "abc6fa13-bc84-4e8f-93ad-c6d22a788c55"
              ],
              "failures": [],
              "pending": [],
              "skipped": [],
              "duration": 22,
              "root": false,
              "rootEmpty": false,
              "_timeout": 10000
            }
          ],
          "passes": [],
          "failures": [],
          "pending": [],
          "skipped": [],
          "duration": 0,
          "root": false,
          "rootEmpty": false,
          "_timeout": 10000
        },
        {
          "uuid": "ab860097-6e86-4f0f-9ae6-18e502197028",
          "title": "User External - HTTP Rest",
          "fullFile": "/home/runner/work/trabalho-final-automacao-api/trabalho-final-automacao-api/test/rest/external/user/userExternal.rest.test.js",
          "file": "/test/rest/external/user/userExternal.rest.test.js",
          "beforeHooks": [],
          "afterHooks": [],
          "tests": [],
          "suites": [
            {
              "uuid": "e7508555-eb16-4047-8bed-225197bcdbc6",
              "title": "POST /users/register",
              "fullFile": "/home/runner/work/trabalho-final-automacao-api/trabalho-final-automacao-api/test/rest/external/user/userExternal.rest.test.js",
              "file": "/test/rest/external/user/userExternal.rest.test.js",
              "beforeHooks": [],
              "afterHooks": [],
              "tests": [
                {
                  "title": "Deve retornar erro quando o usuário não for informado",
                  "fullTitle": "User External - HTTP Rest POST /users/register Deve retornar erro quando o usuário não for informado",
                  "timedOut": false,
                  "duration": 2,
                  "state": "passed",
                  "speed": "fast",
                  "pass": true,
                  "fail": false,
                  "pending": false,
                  "context": null,
                  "code": "const response = await request(process.env.BASE_URL_REST)\n  .post(\"/users/register\")\n  .send(test.createUser);\nexpect(response.status).to.equal(test.statusCode);\nexpect(response.body.message).to.equal(test.expectedMessage);",
                  "err": {},
                  "uuid": "fd4df784-58f0-4bf7-8f63-20da38d05b07",
                  "parentUUID": "e7508555-eb16-4047-8bed-225197bcdbc6",
                  "isHook": false,
                  "skipped": false
                },
                {
                  "title": "Deve retornar erro quando a senha não for informada",
                  "fullTitle": "User External - HTTP Rest POST /users/register Deve retornar erro quando a senha não for informada",
                  "timedOut": false,
                  "duration": 2,
                  "state": "passed",
                  "speed": "fast",
                  "pass": true,
                  "fail": false,
                  "pending": false,
                  "context": null,
                  "code": "const response = await request(process.env.BASE_URL_REST)\n  .post(\"/users/register\")\n  .send(test.createUser);\nexpect(response.status).to.equal(test.statusCode);\nexpect(response.body.message).to.equal(test.expectedMessage);",
                  "err": {},
                  "uuid": "d54a4759-2d4f-4d44-9e05-c3b2248670ee",
                  "parentUUID": "e7508555-eb16-4047-8bed-225197bcdbc6",
                  "isHook": false,
                  "skipped": false
                },
                {
                  "title": "Deve retornar erro quando o usuário já existir",
                  "fullTitle": "User External - HTTP Rest POST /users/register Deve retornar erro quando o usuário já existir",
                  "timedOut": false,
                  "duration": 2,
                  "state": "passed",
                  "speed": "fast",
                  "pass": true,
                  "fail": false,
                  "pending": false,
                  "context": null,
                  "code": "const response = await request(process.env.BASE_URL_REST)\n  .post(\"/users/register\")\n  .send(test.createUser);\nexpect(response.status).to.equal(test.statusCode);\nexpect(response.body.message).to.equal(test.expectedMessage);",
                  "err": {},
                  "uuid": "c8172805-ccb1-4fbd-a215-ca58350488bd",
                  "parentUUID": "e7508555-eb16-4047-8bed-225197bcdbc6",
                  "isHook": false,
                  "skipped": false
                },
                {
                  "title": "Deve criar usuário com sucesso",
                  "fullTitle": "User External - HTTP Rest POST /users/register Deve criar usuário com sucesso",
                  "timedOut": false,
                  "duration": 76,
                  "state": "passed",
                  "speed": "slow",
                  "pass": true,
                  "fail": false,
                  "pending": false,
                  "context": null,
                  "code": "const response = await request(process.env.BASE_URL_REST)\n  .post(\"/users/register\")\n  .send({\n    username: `user${Math.random()}`,\n    password: \"password\",\n  });\nconst expectedResponse = require(\"../../fixture/responses/user/createUserResponseSuccessful.json\");\nexpect(response.status).to.equal(expectedResponse.statusCode);\nexpect(response.body).to.deep.equal(expectedResponse.body);",
                  "err": {},
                  "uuid": "82f387e4-b294-4db2-b313-a45831c49bec",
                  "parentUUID": "e7508555-eb16-4047-8bed-225197bcdbc6",
                  "isHook": false,
                  "skipped": false
                }
              ],
              "suites": [],
              "passes": [
                "fd4df784-58f0-4bf7-8f63-20da38d05b07",
                "d54a4759-2d4f-4d44-9e05-c3b2248670ee",
                "c8172805-ccb1-4fbd-a215-ca58350488bd",
                "82f387e4-b294-4db2-b313-a45831c49bec"
              ],
              "failures": [],
              "pending": [],
              "skipped": [],
              "duration": 82,
              "root": false,
              "rootEmpty": false,
              "_timeout": 10000
            },
            {
              "uuid": "4087d44d-cf5f-4d0b-99bf-f8ec9b0fbfdb",
              "title": "POST /users/login",
              "fullFile": "/home/runner/work/trabalho-final-automacao-api/trabalho-final-automacao-api/test/rest/external/user/userExternal.rest.test.js",
              "file": "/test/rest/external/user/userExternal.rest.test.js",
              "beforeHooks": [],
              "afterHooks": [],
              "tests": [
                {
                  "title": "Deve retornar erro quando o usuário não for informado",
                  "fullTitle": "User External - HTTP Rest POST /users/login Deve retornar erro quando o usuário não for informado",
                  "timedOut": false,
                  "duration": 2,
                  "state": "passed",
                  "speed": "fast",
                  "pass": true,
                  "fail": false,
                  "pending": false,
                  "context": null,
                  "code": "const response = await request(process.env.BASE_URL_REST)\n  .post(\"/users/login\")\n  .send(test.loginUser);\nexpect(response.status).to.equal(test.statusCode);\nexpect(response.body.message).to.equal(test.expectedMessage);",
                  "err": {},
                  "uuid": "3948ae7a-3975-4dfd-9e29-6ffafa15b9dc",
                  "parentUUID": "4087d44d-cf5f-4d0b-99bf-f8ec9b0fbfdb",
                  "isHook": false,
                  "skipped": false
                },
                {
                  "title": "Deve retornar erro quando a senha não for informada",
                  "fullTitle": "User External - HTTP Rest POST /users/login Deve retornar erro quando a senha não for informada",
                  "timedOut": false,
                  "duration": 2,
                  "state": "passed",
                  "speed": "fast",
                  "pass": true,
                  "fail": false,
                  "pending": false,
                  "context": null,
                  "code": "const response = await request(process.env.BASE_URL_REST)\n  .post(\"/users/login\")\n  .send(test.loginUser);\nexpect(response.status).to.equal(test.statusCode);\nexpect(response.body.message).to.equal(test.expectedMessage);",
                  "err": {},
                  "uuid": "042902d6-ed7d-4d46-a02c-df78bd7c2cec",
                  "parentUUID": "4087d44d-cf5f-4d0b-99bf-f8ec9b0fbfdb",
                  "isHook": false,
                  "skipped": false
                },
                {
                  "title": "Deve retornar erro quando informar usuário inexistente",
                  "fullTitle": "User External - HTTP Rest POST /users/login Deve retornar erro quando informar usuário inexistente",
                  "timedOut": false,
                  "duration": 2,
                  "state": "passed",
                  "speed": "fast",
                  "pass": true,
                  "fail": false,
                  "pending": false,
                  "context": null,
                  "code": "const response = await request(process.env.BASE_URL_REST)\n  .post(\"/users/login\")\n  .send(test.loginUser);\nexpect(response.status).to.equal(test.statusCode);\nexpect(response.body.message).to.equal(test.expectedMessage);",
                  "err": {},
                  "uuid": "67366879-8981-4ab9-b51d-59ce21f3ab28",
                  "parentUUID": "4087d44d-cf5f-4d0b-99bf-f8ec9b0fbfdb",
                  "isHook": false,
                  "skipped": false
                },
                {
                  "title": "Deve retornar erro quando informar senha incorreta",
                  "fullTitle": "User External - HTTP Rest POST /users/login Deve retornar erro quando informar senha incorreta",
                  "timedOut": false,
                  "duration": 20,
                  "state": "passed",
                  "speed": "fast",
                  "pass": true,
                  "fail": false,
                  "pending": false,
                  "context": null,
                  "code": "const response = await request(process.env.BASE_URL_REST)\n  .post(\"/users/login\")\n  .send(test.loginUser);\nexpect(response.status).to.equal(test.statusCode);\nexpect(response.body.message).to.equal(test.expectedMessage);",
                  "err": {},
                  "uuid": "c5e04357-65f0-44f8-b9c1-ecdf562a4b56",
                  "parentUUID": "4087d44d-cf5f-4d0b-99bf-f8ec9b0fbfdb",
                  "isHook": false,
                  "skipped": false
                },
                {
                  "title": "Deve realizar o login com sucesso",
                  "fullTitle": "User External - HTTP Rest POST /users/login Deve realizar o login com sucesso",
                  "timedOut": false,
                  "duration": 21,
                  "state": "passed",
                  "speed": "fast",
                  "pass": true,
                  "fail": false,
                  "pending": false,
                  "context": null,
                  "code": "const loginRequest = require(\"../../fixture/requests/user/loginRequest.json\");\nconst response = await request(process.env.BASE_URL_REST)\n  .post(\"/users/login\")\n  .send(loginRequest);\nexpect(response.status).to.equal(200);\nexpect(response.body.token).to.be.not.null;",
                  "err": {},
                  "uuid": "896a01c3-4222-47a6-9cbe-8ff734afb6a1",
                  "parentUUID": "4087d44d-cf5f-4d0b-99bf-f8ec9b0fbfdb",
                  "isHook": false,
                  "skipped": false
                }
              ],
              "suites": [],
              "passes": [
                "3948ae7a-3975-4dfd-9e29-6ffafa15b9dc",
                "042902d6-ed7d-4d46-a02c-df78bd7c2cec",
                "67366879-8981-4ab9-b51d-59ce21f3ab28",
                "c5e04357-65f0-44f8-b9c1-ecdf562a4b56",
                "896a01c3-4222-47a6-9cbe-8ff734afb6a1"
              ],
              "failures": [],
              "pending": [],
              "skipped": [],
              "duration": 47,
              "root": false,
              "rootEmpty": false,
              "_timeout": 10000
            }
          ],
          "passes": [],
          "failures": [],
          "pending": [],
          "skipped": [],
          "duration": 0,
          "root": false,
          "rootEmpty": false,
          "_timeout": 10000
        }
      ],
      "passes": [],
      "failures": [],
      "pending": [],
      "skipped": [],
      "duration": 0,
      "root": true,
      "rootEmpty": true,
      "_timeout": 10000
    }
  ],
  "meta": {
    "mocha": {
      "version": "11.7.2"
    },
    "mochawesome": {
      "options": {
        "quiet": false,
        "reportFilename": "mochawesome",
        "saveHtml": true,
        "saveJson": true,
        "consoleReporter": "spec",
        "useInlineDiffs": false,
        "code": true
      },
      "version": "7.1.4"
    },
    "marge": {
      "options": {
        "reportDir": "mochawesome-report",
        "overwrite": "false"
      },
      "version": "6.3.0"
    }
  }
}