{
  "stats": {
    "suites": 6,
    "tests": 21,
    "passes": 21,
    "pending": 0,
    "failures": 0,
    "start": "2025-09-19T21:04:53.918Z",
    "end": "2025-09-19T21:04:54.185Z",
    "duration": 267,
    "testsRegistered": 21,
    "passPercent": 100,
    "pendingPercent": 0,
    "other": 0,
    "hasOther": false,
    "skipped": 0,
    "hasSkipped": false
  },
  "results": [
    {
      "uuid": "13d2e7ea-71ba-4ecf-a874-1ffe107fc089",
      "title": "",
      "fullFile": "",
      "file": "",
      "beforeHooks": [],
      "afterHooks": [],
      "tests": [],
      "suites": [
        {
          "uuid": "073eeaf5-345d-41eb-b739-344a4aec3719",
          "title": "Expense External - GraphQL",
          "fullFile": "/home/runner/work/trabalho-final-automacao-api/trabalho-final-automacao-api/test/graphql/external/expense/expenseExternal.graphql.test.js",
          "file": "/test/graphql/external/expense/expenseExternal.graphql.test.js",
          "beforeHooks": [
            {
              "title": "\"before all\" hook in \"Expense External - GraphQL\"",
              "fullTitle": "Expense External - GraphQL \"before all\" hook in \"Expense External - GraphQL\"",
              "timedOut": false,
              "duration": 63,
              "state": null,
              "speed": null,
              "pass": false,
              "fail": false,
              "pending": false,
              "context": null,
              "code": "const loginRequest = require(\"../../fixture/requests/user/loginRequest.json\");\nconst response = await request(process.env.BASE_URL_GRAPHQL)\n  .post(\"/\")\n  .send(loginRequest);\ntoken = response.body.data.login.token;",
              "err": {},
              "uuid": "f313c0a0-964e-4cfe-8649-ea27ed971464",
              "parentUUID": "073eeaf5-345d-41eb-b739-344a4aec3719",
              "isHook": true,
              "skipped": false
            }
          ],
          "afterHooks": [],
          "tests": [],
          "suites": [
            {
              "uuid": "243a4c9f-1145-4416-9fbf-a9d148ba28f8",
              "title": "addExpense Mutation",
              "fullFile": "/home/runner/work/trabalho-final-automacao-api/trabalho-final-automacao-api/test/graphql/external/expense/expenseExternal.graphql.test.js",
              "file": "/test/graphql/external/expense/expenseExternal.graphql.test.js",
              "beforeHooks": [],
              "afterHooks": [],
              "tests": [
                {
                  "title": "Deve retornar erro quando a descrição não for informada",
                  "fullTitle": "Expense External - GraphQL addExpense Mutation Deve retornar erro quando a descrição não for informada",
                  "timedOut": false,
                  "duration": 9,
                  "state": "passed",
                  "speed": "fast",
                  "pass": true,
                  "fail": false,
                  "pending": false,
                  "context": null,
                  "code": "const response = await request(process.env.BASE_URL_GRAPHQL)\n  .post(\"/\")\n  .set(\"Authorization\", `Bearer ${token}`)\n  .send(test.addExpense);\nexpect(response.status).to.equal(test.statusCode);\nexpect(response.body.errors[0].message).to.equal(test.expectedMessage);",
                  "err": {},
                  "uuid": "1e67e424-1e0e-439c-8dc6-2c122557fc1d",
                  "parentUUID": "243a4c9f-1145-4416-9fbf-a9d148ba28f8",
                  "isHook": false,
                  "skipped": false
                },
                {
                  "title": "Deve retornar erro quando o valor não for informado",
                  "fullTitle": "Expense External - GraphQL addExpense Mutation Deve retornar erro quando o valor não for informado",
                  "timedOut": false,
                  "duration": 4,
                  "state": "passed",
                  "speed": "fast",
                  "pass": true,
                  "fail": false,
                  "pending": false,
                  "context": null,
                  "code": "const response = await request(process.env.BASE_URL_GRAPHQL)\n  .post(\"/\")\n  .set(\"Authorization\", `Bearer ${token}`)\n  .send(test.addExpense);\nexpect(response.status).to.equal(test.statusCode);\nexpect(response.body.errors[0].message).to.equal(test.expectedMessage);",
                  "err": {},
                  "uuid": "e6fdec9c-a69b-444d-92b5-9290b156f11f",
                  "parentUUID": "243a4c9f-1145-4416-9fbf-a9d148ba28f8",
                  "isHook": false,
                  "skipped": false
                },
                {
                  "title": "Deve retornar erro quando a data não for informada",
                  "fullTitle": "Expense External - GraphQL addExpense Mutation Deve retornar erro quando a data não for informada",
                  "timedOut": false,
                  "duration": 3,
                  "state": "passed",
                  "speed": "fast",
                  "pass": true,
                  "fail": false,
                  "pending": false,
                  "context": null,
                  "code": "const response = await request(process.env.BASE_URL_GRAPHQL)\n  .post(\"/\")\n  .set(\"Authorization\", `Bearer ${token}`)\n  .send(test.addExpense);\nexpect(response.status).to.equal(test.statusCode);\nexpect(response.body.errors[0].message).to.equal(test.expectedMessage);",
                  "err": {},
                  "uuid": "3ec949bf-40f7-4d1e-88ec-e8dd11998cd8",
                  "parentUUID": "243a4c9f-1145-4416-9fbf-a9d148ba28f8",
                  "isHook": false,
                  "skipped": false
                },
                {
                  "title": "Deve retornar erro quando a inclusão de uma despesa for feita sem token de autenticação",
                  "fullTitle": "Expense External - GraphQL addExpense Mutation Deve retornar erro quando a inclusão de uma despesa for feita sem token de autenticação",
                  "timedOut": false,
                  "duration": 3,
                  "state": "passed",
                  "speed": "fast",
                  "pass": true,
                  "fail": false,
                  "pending": false,
                  "context": null,
                  "code": "const response = await request(process.env.BASE_URL_GRAPHQL)\n  .post(\"/\")\n  .send(createExpenseRequest);\nexpect(response.body.errors[0].message).to.equal(\"Not authenticated\");",
                  "err": {},
                  "uuid": "81e84422-83ad-4b85-819a-12c143cef4bf",
                  "parentUUID": "243a4c9f-1145-4416-9fbf-a9d148ba28f8",
                  "isHook": false,
                  "skipped": false
                },
                {
                  "title": "Deve registrar uma despesa com sucesso",
                  "fullTitle": "Expense External - GraphQL addExpense Mutation Deve registrar uma despesa com sucesso",
                  "timedOut": false,
                  "duration": 4,
                  "state": "passed",
                  "speed": "fast",
                  "pass": true,
                  "fail": false,
                  "pending": false,
                  "context": null,
                  "code": "const response = await request(process.env.BASE_URL_GRAPHQL)\n  .post(\"/\")\n  .set(\"Authorization\", `Bearer ${token}`)\n  .send(createExpenseRequest);\nconst expectedResponse = require(\"../../fixture/responses/expense/createExpenseSuccessfulResponse.json\");\nexpect(response.status).to.equal(expectedResponse.statusCode);\nexpect(response.body.data.addExpense)\n  .excluding([\"date\", \"id\"])\n  .to.deep.equal(expectedResponse.data.addExpense);\nexpenseId = response.body.data.addExpense.id;",
                  "err": {},
                  "uuid": "a64510a8-1631-418e-9c18-0eff8b1ab528",
                  "parentUUID": "243a4c9f-1145-4416-9fbf-a9d148ba28f8",
                  "isHook": false,
                  "skipped": false
                }
              ],
              "suites": [],
              "passes": [
                "1e67e424-1e0e-439c-8dc6-2c122557fc1d",
                "e6fdec9c-a69b-444d-92b5-9290b156f11f",
                "3ec949bf-40f7-4d1e-88ec-e8dd11998cd8",
                "81e84422-83ad-4b85-819a-12c143cef4bf",
                "a64510a8-1631-418e-9c18-0eff8b1ab528"
              ],
              "failures": [],
              "pending": [],
              "skipped": [],
              "duration": 23,
              "root": false,
              "rootEmpty": false,
              "_timeout": 10000
            },
            {
              "uuid": "74599c68-5d1c-46b1-be89-df6cffb83646",
              "title": "editExpense Mutation",
              "fullFile": "/home/runner/work/trabalho-final-automacao-api/trabalho-final-automacao-api/test/graphql/external/expense/expenseExternal.graphql.test.js",
              "file": "/test/graphql/external/expense/expenseExternal.graphql.test.js",
              "beforeHooks": [],
              "afterHooks": [],
              "tests": [
                {
                  "title": "Deve retornar erro quando a descrição não for informada",
                  "fullTitle": "Expense External - GraphQL editExpense Mutation Deve retornar erro quando a descrição não for informada",
                  "timedOut": false,
                  "duration": 4,
                  "state": "passed",
                  "speed": "fast",
                  "pass": true,
                  "fail": false,
                  "pending": false,
                  "context": null,
                  "code": "const response = await request(process.env.BASE_URL_GRAPHQL)\n  .post(\"/\")\n  .set(\"Authorization\", `Bearer ${token}`)\n  .send(test.editExpense);\nexpect(response.body.errors[0].message).to.equal(test.expectedMessage);",
                  "err": {},
                  "uuid": "fa52ee2b-00c1-4be2-a23a-1fdacec29dd7",
                  "parentUUID": "74599c68-5d1c-46b1-be89-df6cffb83646",
                  "isHook": false,
                  "skipped": false
                },
                {
                  "title": "Deve retornar erro quando o valor não for informado",
                  "fullTitle": "Expense External - GraphQL editExpense Mutation Deve retornar erro quando o valor não for informado",
                  "timedOut": false,
                  "duration": 3,
                  "state": "passed",
                  "speed": "fast",
                  "pass": true,
                  "fail": false,
                  "pending": false,
                  "context": null,
                  "code": "const response = await request(process.env.BASE_URL_GRAPHQL)\n  .post(\"/\")\n  .set(\"Authorization\", `Bearer ${token}`)\n  .send(test.editExpense);\nexpect(response.body.errors[0].message).to.equal(test.expectedMessage);",
                  "err": {},
                  "uuid": "c33ffdd5-8d1b-4254-8f1d-0d724997c6cd",
                  "parentUUID": "74599c68-5d1c-46b1-be89-df6cffb83646",
                  "isHook": false,
                  "skipped": false
                },
                {
                  "title": "Deve retornar erro quando o valor menor que zero",
                  "fullTitle": "Expense External - GraphQL editExpense Mutation Deve retornar erro quando o valor menor que zero",
                  "timedOut": false,
                  "duration": 4,
                  "state": "passed",
                  "speed": "fast",
                  "pass": true,
                  "fail": false,
                  "pending": false,
                  "context": null,
                  "code": "const response = await request(process.env.BASE_URL_GRAPHQL)\n  .post(\"/\")\n  .set(\"Authorization\", `Bearer ${token}`)\n  .send(test.editExpense);\nexpect(response.body.errors[0].message).to.equal(test.expectedMessage);",
                  "err": {},
                  "uuid": "0094b51b-0677-4654-8430-9dfb779ac0d3",
                  "parentUUID": "74599c68-5d1c-46b1-be89-df6cffb83646",
                  "isHook": false,
                  "skipped": false
                },
                {
                  "title": "Deve retornar erro quando o valor for igual a zero",
                  "fullTitle": "Expense External - GraphQL editExpense Mutation Deve retornar erro quando o valor for igual a zero",
                  "timedOut": false,
                  "duration": 3,
                  "state": "passed",
                  "speed": "fast",
                  "pass": true,
                  "fail": false,
                  "pending": false,
                  "context": null,
                  "code": "const response = await request(process.env.BASE_URL_GRAPHQL)\n  .post(\"/\")\n  .set(\"Authorization\", `Bearer ${token}`)\n  .send(test.editExpense);\nexpect(response.body.errors[0].message).to.equal(test.expectedMessage);",
                  "err": {},
                  "uuid": "f219ed2f-c628-4d1b-9a24-007c6ac9d0a6",
                  "parentUUID": "74599c68-5d1c-46b1-be89-df6cffb83646",
                  "isHook": false,
                  "skipped": false
                },
                {
                  "title": "Deve retornar erro quando a data não for informada",
                  "fullTitle": "Expense External - GraphQL editExpense Mutation Deve retornar erro quando a data não for informada",
                  "timedOut": false,
                  "duration": 2,
                  "state": "passed",
                  "speed": "fast",
                  "pass": true,
                  "fail": false,
                  "pending": false,
                  "context": null,
                  "code": "const response = await request(process.env.BASE_URL_GRAPHQL)\n  .post(\"/\")\n  .set(\"Authorization\", `Bearer ${token}`)\n  .send(test.editExpense);\nexpect(response.body.errors[0].message).to.equal(test.expectedMessage);",
                  "err": {},
                  "uuid": "7d244629-bf38-4ba0-9f73-4cb51916839e",
                  "parentUUID": "74599c68-5d1c-46b1-be89-df6cffb83646",
                  "isHook": false,
                  "skipped": false
                },
                {
                  "title": "Deve retornar erro quando a edição de uma despesa for feita sem token de autenticação",
                  "fullTitle": "Expense External - GraphQL editExpense Mutation Deve retornar erro quando a edição de uma despesa for feita sem token de autenticação",
                  "timedOut": false,
                  "duration": 3,
                  "state": "passed",
                  "speed": "fast",
                  "pass": true,
                  "fail": false,
                  "pending": false,
                  "context": null,
                  "code": "editExpenseRequest.variables.id = expenseId;\nconst response = await request(process.env.BASE_URL_GRAPHQL)\n  .post(\"/\")\n  .send(editExpenseRequest);\nexpect(response.body.errors[0].message).to.equal(\"Not authenticated\");",
                  "err": {},
                  "uuid": "566011e5-fefd-4b60-8007-eb97237a6a33",
                  "parentUUID": "74599c68-5d1c-46b1-be89-df6cffb83646",
                  "isHook": false,
                  "skipped": false
                },
                {
                  "title": "Deve editar uma despesa com sucesso",
                  "fullTitle": "Expense External - GraphQL editExpense Mutation Deve editar uma despesa com sucesso",
                  "timedOut": false,
                  "duration": 3,
                  "state": "passed",
                  "speed": "fast",
                  "pass": true,
                  "fail": false,
                  "pending": false,
                  "context": null,
                  "code": "editExpenseRequest.variables.id = expenseId;\nconst response = await request(process.env.BASE_URL_GRAPHQL)\n  .post(\"/\")\n  .set(\"Authorization\", `Bearer ${token}`)\n  .send(editExpenseRequest);\nconst expectedResponse = require(\"../../fixture/responses/expense/editExpenseSuccessfulResponse.json\");\nexpect(response.status).to.equal(expectedResponse.statusCode);\nexpect(response.body.data.editExpense).to.deep.equal(\n  expectedResponse.data.editExpense\n);",
                  "err": {},
                  "uuid": "bc8be485-2a5b-447b-9c10-b86ea5a04f09",
                  "parentUUID": "74599c68-5d1c-46b1-be89-df6cffb83646",
                  "isHook": false,
                  "skipped": false
                }
              ],
              "suites": [],
              "passes": [
                "fa52ee2b-00c1-4be2-a23a-1fdacec29dd7",
                "c33ffdd5-8d1b-4254-8f1d-0d724997c6cd",
                "0094b51b-0677-4654-8430-9dfb779ac0d3",
                "f219ed2f-c628-4d1b-9a24-007c6ac9d0a6",
                "7d244629-bf38-4ba0-9f73-4cb51916839e",
                "566011e5-fefd-4b60-8007-eb97237a6a33",
                "bc8be485-2a5b-447b-9c10-b86ea5a04f09"
              ],
              "failures": [],
              "pending": [],
              "skipped": [],
              "duration": 22,
              "root": false,
              "rootEmpty": false,
              "_timeout": 10000
            }
          ],
          "passes": [],
          "failures": [],
          "pending": [],
          "skipped": [],
          "duration": 0,
          "root": false,
          "rootEmpty": false,
          "_timeout": 10000
        },
        {
          "uuid": "669be25e-b257-4791-b74f-9aaca9c4e68d",
          "title": "User External - GraphQL",
          "fullFile": "/home/runner/work/trabalho-final-automacao-api/trabalho-final-automacao-api/test/graphql/external/user/userExternal.graphql.test.js",
          "file": "/test/graphql/external/user/userExternal.graphql.test.js",
          "beforeHooks": [],
          "afterHooks": [],
          "tests": [],
          "suites": [
            {
              "uuid": "b5436482-aa2c-4703-bc56-b439a7871619",
              "title": "register Mutation",
              "fullFile": "/home/runner/work/trabalho-final-automacao-api/trabalho-final-automacao-api/test/graphql/external/user/userExternal.graphql.test.js",
              "file": "/test/graphql/external/user/userExternal.graphql.test.js",
              "beforeHooks": [],
              "afterHooks": [],
              "tests": [
                {
                  "title": "Deve retornar erro quando o usuário não for informado",
                  "fullTitle": "User External - GraphQL register Mutation Deve retornar erro quando o usuário não for informado",
                  "timedOut": false,
                  "duration": 4,
                  "state": "passed",
                  "speed": "fast",
                  "pass": true,
                  "fail": false,
                  "pending": false,
                  "context": null,
                  "code": "const response = await request(process.env.BASE_URL_GRAPHQL)\n  .post(\"/\")\n  .send(test.createUser);\nexpect(response.status).to.equal(test.statusCode);\nexpect(response.body.errors[0].message).to.equal(test.expectedMessage);",
                  "err": {},
                  "uuid": "b5d89ad5-892f-40c8-a5d0-9f1855557999",
                  "parentUUID": "b5436482-aa2c-4703-bc56-b439a7871619",
                  "isHook": false,
                  "skipped": false
                },
                {
                  "title": "Deve retornar erro quando a senha não for informada",
                  "fullTitle": "User External - GraphQL register Mutation Deve retornar erro quando a senha não for informada",
                  "timedOut": false,
                  "duration": 2,
                  "state": "passed",
                  "speed": "fast",
                  "pass": true,
                  "fail": false,
                  "pending": false,
                  "context": null,
                  "code": "const response = await request(process.env.BASE_URL_GRAPHQL)\n  .post(\"/\")\n  .send(test.createUser);\nexpect(response.status).to.equal(test.statusCode);\nexpect(response.body.errors[0].message).to.equal(test.expectedMessage);",
                  "err": {},
                  "uuid": "47e41cfc-19b3-4ef5-941a-73d4fc2e70a4",
                  "parentUUID": "b5436482-aa2c-4703-bc56-b439a7871619",
                  "isHook": false,
                  "skipped": false
                },
                {
                  "title": "Deve retornar erro quando o usuário já existir",
                  "fullTitle": "User External - GraphQL register Mutation Deve retornar erro quando o usuário já existir",
                  "timedOut": false,
                  "duration": 2,
                  "state": "passed",
                  "speed": "fast",
                  "pass": true,
                  "fail": false,
                  "pending": false,
                  "context": null,
                  "code": "const response = await request(process.env.BASE_URL_GRAPHQL)\n  .post(\"/\")\n  .send(test.createUser);\nexpect(response.status).to.equal(test.statusCode);\nexpect(response.body.errors[0].message).to.equal(test.expectedMessage);",
                  "err": {},
                  "uuid": "a0003d96-e9bd-4626-a2ed-c5d51740cef1",
                  "parentUUID": "b5436482-aa2c-4703-bc56-b439a7871619",
                  "isHook": false,
                  "skipped": false
                },
                {
                  "title": "Deve criar usuário com sucesso",
                  "fullTitle": "User External - GraphQL register Mutation Deve criar usuário com sucesso",
                  "timedOut": false,
                  "duration": 86,
                  "state": "passed",
                  "speed": "slow",
                  "pass": true,
                  "fail": false,
                  "pending": false,
                  "context": null,
                  "code": "const username = `user${Math.floor(Math.random() * 100000)}`;\nconst mutation = `mutation { register(username: \\\"${username}\\\", password: \\\"password\\\") { message } }`;\nconst response = await request(process.env.BASE_URL_GRAPHQL)\n  .post(\"/\")\n  .send({ query: mutation });\nexpect(response.body.data.register.message).to.equal(\n  \"Usuário registrado com sucesso\"\n);",
                  "err": {},
                  "uuid": "1847d03c-3399-490e-a460-87876d360907",
                  "parentUUID": "b5436482-aa2c-4703-bc56-b439a7871619",
                  "isHook": false,
                  "skipped": false
                }
              ],
              "suites": [],
              "passes": [
                "b5d89ad5-892f-40c8-a5d0-9f1855557999",
                "47e41cfc-19b3-4ef5-941a-73d4fc2e70a4",
                "a0003d96-e9bd-4626-a2ed-c5d51740cef1",
                "1847d03c-3399-490e-a460-87876d360907"
              ],
              "failures": [],
              "pending": [],
              "skipped": [],
              "duration": 94,
              "root": false,
              "rootEmpty": false,
              "_timeout": 10000
            },
            {
              "uuid": "5b9f48af-c2c4-49ce-b2f8-5b5e637bdc11",
              "title": "login Query",
              "fullFile": "/home/runner/work/trabalho-final-automacao-api/trabalho-final-automacao-api/test/graphql/external/user/userExternal.graphql.test.js",
              "file": "/test/graphql/external/user/userExternal.graphql.test.js",
              "beforeHooks": [],
              "afterHooks": [],
              "tests": [
                {
                  "title": "Deve retornar erro quando o usuário não for informado",
                  "fullTitle": "User External - GraphQL login Query Deve retornar erro quando o usuário não for informado",
                  "timedOut": false,
                  "duration": 4,
                  "state": "passed",
                  "speed": "fast",
                  "pass": true,
                  "fail": false,
                  "pending": false,
                  "context": null,
                  "code": "const response = await request(process.env.BASE_URL_GRAPHQL)\n  .post(\"/\")\n  .send(test.loginUser);\nexpect(response.body.errors[0].message).to.equal(test.expectedMessage);",
                  "err": {},
                  "uuid": "8d32336f-8f9a-4d31-bb6d-73a962ca2f19",
                  "parentUUID": "5b9f48af-c2c4-49ce-b2f8-5b5e637bdc11",
                  "isHook": false,
                  "skipped": false
                },
                {
                  "title": "Deve retornar erro quando a senha não for informada",
                  "fullTitle": "User External - GraphQL login Query Deve retornar erro quando a senha não for informada",
                  "timedOut": false,
                  "duration": 2,
                  "state": "passed",
                  "speed": "fast",
                  "pass": true,
                  "fail": false,
                  "pending": false,
                  "context": null,
                  "code": "const response = await request(process.env.BASE_URL_GRAPHQL)\n  .post(\"/\")\n  .send(test.loginUser);\nexpect(response.body.errors[0].message).to.equal(test.expectedMessage);",
                  "err": {},
                  "uuid": "4650ab74-453a-421e-a397-e7527d0b59d7",
                  "parentUUID": "5b9f48af-c2c4-49ce-b2f8-5b5e637bdc11",
                  "isHook": false,
                  "skipped": false
                },
                {
                  "title": "Deve retornar erro quando informar usuário inexistente",
                  "fullTitle": "User External - GraphQL login Query Deve retornar erro quando informar usuário inexistente",
                  "timedOut": false,
                  "duration": 2,
                  "state": "passed",
                  "speed": "fast",
                  "pass": true,
                  "fail": false,
                  "pending": false,
                  "context": null,
                  "code": "const response = await request(process.env.BASE_URL_GRAPHQL)\n  .post(\"/\")\n  .send(test.loginUser);\nexpect(response.body.errors[0].message).to.equal(test.expectedMessage);",
                  "err": {},
                  "uuid": "16cd51fe-b2fb-49c0-bfe8-e7c3155ca583",
                  "parentUUID": "5b9f48af-c2c4-49ce-b2f8-5b5e637bdc11",
                  "isHook": false,
                  "skipped": false
                },
                {
                  "title": "Deve retornar erro quando informar senha incorreta",
                  "fullTitle": "User External - GraphQL login Query Deve retornar erro quando informar senha incorreta",
                  "timedOut": false,
                  "duration": 23,
                  "state": "passed",
                  "speed": "fast",
                  "pass": true,
                  "fail": false,
                  "pending": false,
                  "context": null,
                  "code": "const response = await request(process.env.BASE_URL_GRAPHQL)\n  .post(\"/\")\n  .send(test.loginUser);\nexpect(response.body.errors[0].message).to.equal(test.expectedMessage);",
                  "err": {},
                  "uuid": "82513dc1-817c-4aa4-92c7-048c2971e5d1",
                  "parentUUID": "5b9f48af-c2c4-49ce-b2f8-5b5e637bdc11",
                  "isHook": false,
                  "skipped": false
                },
                {
                  "title": "Deve realizar o login com sucesso",
                  "fullTitle": "User External - GraphQL login Query Deve realizar o login com sucesso",
                  "timedOut": false,
                  "duration": 23,
                  "state": "passed",
                  "speed": "fast",
                  "pass": true,
                  "fail": false,
                  "pending": false,
                  "context": null,
                  "code": "const loginRequest = require(\"../../fixture/requests/user/loginRequest.json\");\nconst response = await request(process.env.BASE_URL_GRAPHQL)\n  .post(\"/\")\n  .send(loginRequest);\nexpect(response.body.data.login.token).to.be.a(\"string\");",
                  "err": {},
                  "uuid": "30b554b0-484a-40f3-b50b-7f31ed748b65",
                  "parentUUID": "5b9f48af-c2c4-49ce-b2f8-5b5e637bdc11",
                  "isHook": false,
                  "skipped": false
                }
              ],
              "suites": [],
              "passes": [
                "8d32336f-8f9a-4d31-bb6d-73a962ca2f19",
                "4650ab74-453a-421e-a397-e7527d0b59d7",
                "16cd51fe-b2fb-49c0-bfe8-e7c3155ca583",
                "82513dc1-817c-4aa4-92c7-048c2971e5d1",
                "30b554b0-484a-40f3-b50b-7f31ed748b65"
              ],
              "failures": [],
              "pending": [],
              "skipped": [],
              "duration": 54,
              "root": false,
              "rootEmpty": false,
              "_timeout": 10000
            }
          ],
          "passes": [],
          "failures": [],
          "pending": [],
          "skipped": [],
          "duration": 0,
          "root": false,
          "rootEmpty": false,
          "_timeout": 10000
        }
      ],
      "passes": [],
      "failures": [],
      "pending": [],
      "skipped": [],
      "duration": 0,
      "root": true,
      "rootEmpty": true,
      "_timeout": 10000
    }
  ],
  "meta": {
    "mocha": {
      "version": "11.7.2"
    },
    "mochawesome": {
      "options": {
        "quiet": false,
        "reportFilename": "mochawesome",
        "saveHtml": true,
        "saveJson": true,
        "consoleReporter": "spec",
        "useInlineDiffs": false,
        "code": true
      },
      "version": "7.1.4"
    },
    "marge": {
      "options": {
        "reportDir": "mochawesome-report",
        "overwrite": "false"
      },
      "version": "6.3.0"
    }
  }
}