{
  "stats": {
    "suites": 6,
    "tests": 20,
    "passes": 20,
    "pending": 0,
    "failures": 0,
    "start": "2025-09-19T18:22:29.027Z",
    "end": "2025-09-19T18:22:29.296Z",
    "duration": 269,
    "testsRegistered": 20,
    "passPercent": 100,
    "pendingPercent": 0,
    "other": 0,
    "hasOther": false,
    "skipped": 0,
    "hasSkipped": false
  },
  "results": [
    {
      "uuid": "b0776f47-fe21-4d71-bd8b-269af691d4ed",
      "title": "",
      "fullFile": "",
      "file": "",
      "beforeHooks": [],
      "afterHooks": [],
      "tests": [],
      "suites": [
        {
          "uuid": "ba420729-1424-4a4c-9a47-ef76a94ee35a",
          "title": "Expense External - GraphQL",
          "fullFile": "/home/runner/work/trabalho-final-automacao-api/trabalho-final-automacao-api/test/graphql/external/expense/expenseExternal.graphql.test.js",
          "file": "/test/graphql/external/expense/expenseExternal.graphql.test.js",
          "beforeHooks": [
            {
              "title": "\"before all\" hook in \"Expense External - GraphQL\"",
              "fullTitle": "Expense External - GraphQL \"before all\" hook in \"Expense External - GraphQL\"",
              "timedOut": false,
              "duration": 64,
              "state": null,
              "speed": null,
              "pass": false,
              "fail": false,
              "pending": false,
              "context": null,
              "code": "const loginRequest = require(\"../../fixture/requests/user/loginRequest.json\");\nconst response = await request(process.env.BASE_URL_GRAPHQL)\n  .post(\"/\")\n  .send(loginRequest);\ntoken = response.body.data.login.token;",
              "err": {},
              "uuid": "5248850d-5e89-4d20-9ae9-169657568c25",
              "parentUUID": "ba420729-1424-4a4c-9a47-ef76a94ee35a",
              "isHook": true,
              "skipped": false
            }
          ],
          "afterHooks": [],
          "tests": [],
          "suites": [
            {
              "uuid": "150816d0-db47-4899-a0a1-2ef9b06f8c0f",
              "title": "addExpense Mutation",
              "fullFile": "/home/runner/work/trabalho-final-automacao-api/trabalho-final-automacao-api/test/graphql/external/expense/expenseExternal.graphql.test.js",
              "file": "/test/graphql/external/expense/expenseExternal.graphql.test.js",
              "beforeHooks": [],
              "afterHooks": [],
              "tests": [
                {
                  "title": "Deve retornar erro quando a descrição não for informada",
                  "fullTitle": "Expense External - GraphQL addExpense Mutation Deve retornar erro quando a descrição não for informada",
                  "timedOut": false,
                  "duration": 9,
                  "state": "passed",
                  "speed": "fast",
                  "pass": true,
                  "fail": false,
                  "pending": false,
                  "context": null,
                  "code": "const response = await request(process.env.BASE_URL_GRAPHQL)\n  .post(\"/\")\n  .set(\"Authorization\", `Bearer ${token}`)\n  .send(test.addExpense);\nexpect(response.status).to.equal(test.statusCode);\nexpect(response.body.errors[0].message).to.equal(test.expectedMessage);",
                  "err": {},
                  "uuid": "8998496c-acde-4642-a8ee-0c44a3552c49",
                  "parentUUID": "150816d0-db47-4899-a0a1-2ef9b06f8c0f",
                  "isHook": false,
                  "skipped": false
                },
                {
                  "title": "Deve retornar erro quando o valor não for informado",
                  "fullTitle": "Expense External - GraphQL addExpense Mutation Deve retornar erro quando o valor não for informado",
                  "timedOut": false,
                  "duration": 3,
                  "state": "passed",
                  "speed": "fast",
                  "pass": true,
                  "fail": false,
                  "pending": false,
                  "context": null,
                  "code": "const response = await request(process.env.BASE_URL_GRAPHQL)\n  .post(\"/\")\n  .set(\"Authorization\", `Bearer ${token}`)\n  .send(test.addExpense);\nexpect(response.status).to.equal(test.statusCode);\nexpect(response.body.errors[0].message).to.equal(test.expectedMessage);",
                  "err": {},
                  "uuid": "45460ad3-d764-4684-8acd-0d119133bb83",
                  "parentUUID": "150816d0-db47-4899-a0a1-2ef9b06f8c0f",
                  "isHook": false,
                  "skipped": false
                },
                {
                  "title": "Deve retornar erro quando a data não for informada",
                  "fullTitle": "Expense External - GraphQL addExpense Mutation Deve retornar erro quando a data não for informada",
                  "timedOut": false,
                  "duration": 3,
                  "state": "passed",
                  "speed": "fast",
                  "pass": true,
                  "fail": false,
                  "pending": false,
                  "context": null,
                  "code": "const response = await request(process.env.BASE_URL_GRAPHQL)\n  .post(\"/\")\n  .set(\"Authorization\", `Bearer ${token}`)\n  .send(test.addExpense);\nexpect(response.status).to.equal(test.statusCode);\nexpect(response.body.errors[0].message).to.equal(test.expectedMessage);",
                  "err": {},
                  "uuid": "85b8cfc1-baab-45ea-9529-d2fa2d20b158",
                  "parentUUID": "150816d0-db47-4899-a0a1-2ef9b06f8c0f",
                  "isHook": false,
                  "skipped": false
                },
                {
                  "title": "Deve retornar erro quando a edição de uma despesa for feita sem token de autenticação",
                  "fullTitle": "Expense External - GraphQL addExpense Mutation Deve retornar erro quando a edição de uma despesa for feita sem token de autenticação",
                  "timedOut": false,
                  "duration": 3,
                  "state": "passed",
                  "speed": "fast",
                  "pass": true,
                  "fail": false,
                  "pending": false,
                  "context": null,
                  "code": "const response = await request(process.env.BASE_URL_GRAPHQL)\n  .post(\"/\")\n  .send(createExpenseRequest);\nexpect(response.body.errors[0].message).to.equal(\"Not authenticated\");",
                  "err": {},
                  "uuid": "3832f523-026f-420c-abce-6e67775dacec",
                  "parentUUID": "150816d0-db47-4899-a0a1-2ef9b06f8c0f",
                  "isHook": false,
                  "skipped": false
                },
                {
                  "title": "Deve registrar uma despesa com sucesso",
                  "fullTitle": "Expense External - GraphQL addExpense Mutation Deve registrar uma despesa com sucesso",
                  "timedOut": false,
                  "duration": 4,
                  "state": "passed",
                  "speed": "fast",
                  "pass": true,
                  "fail": false,
                  "pending": false,
                  "context": null,
                  "code": "const response = await request(process.env.BASE_URL_GRAPHQL)\n  .post(\"/\")\n  .set(\"Authorization\", `Bearer ${token}`)\n  .send(createExpenseRequest);\nconst expectedResponse = require(\"../../fixture/responses/expense/createExpenseSuccessfulResponse.json\");\nexpect(response.status).to.equal(expectedResponse.statusCode);\nexpect(response.body.data.addExpense)\n  .excluding([\"date\", \"id\"])\n  .to.deep.equal(expectedResponse.data.addExpense);\nexpenseId = response.body.data.addExpense.id;",
                  "err": {},
                  "uuid": "17d78472-f523-4319-8631-be075bd2ef28",
                  "parentUUID": "150816d0-db47-4899-a0a1-2ef9b06f8c0f",
                  "isHook": false,
                  "skipped": false
                }
              ],
              "suites": [],
              "passes": [
                "8998496c-acde-4642-a8ee-0c44a3552c49",
                "45460ad3-d764-4684-8acd-0d119133bb83",
                "85b8cfc1-baab-45ea-9529-d2fa2d20b158",
                "3832f523-026f-420c-abce-6e67775dacec",
                "17d78472-f523-4319-8631-be075bd2ef28"
              ],
              "failures": [],
              "pending": [],
              "skipped": [],
              "duration": 22,
              "root": false,
              "rootEmpty": false,
              "_timeout": 10000
            },
            {
              "uuid": "4e6df473-ba13-4a74-8a95-5d81627770ec",
              "title": "editExpense Mutation",
              "fullFile": "/home/runner/work/trabalho-final-automacao-api/trabalho-final-automacao-api/test/graphql/external/expense/expenseExternal.graphql.test.js",
              "file": "/test/graphql/external/expense/expenseExternal.graphql.test.js",
              "beforeHooks": [],
              "afterHooks": [],
              "tests": [
                {
                  "title": "Deve retornar erro quando a descrição não for informada",
                  "fullTitle": "Expense External - GraphQL editExpense Mutation Deve retornar erro quando a descrição não for informada",
                  "timedOut": false,
                  "duration": 4,
                  "state": "passed",
                  "speed": "fast",
                  "pass": true,
                  "fail": false,
                  "pending": false,
                  "context": null,
                  "code": "const response = await request(process.env.BASE_URL_GRAPHQL)\n  .post(\"/\")\n  .set(\"Authorization\", `Bearer ${token}`)\n  .send(test.editExpense);\nexpect(response.body.errors[0].message).to.equal(test.expectedMessage);",
                  "err": {},
                  "uuid": "672ed7d1-ae0e-44c9-9c42-8fb0992aba27",
                  "parentUUID": "4e6df473-ba13-4a74-8a95-5d81627770ec",
                  "isHook": false,
                  "skipped": false
                },
                {
                  "title": "Deve retornar erro quando o valor não for informado",
                  "fullTitle": "Expense External - GraphQL editExpense Mutation Deve retornar erro quando o valor não for informado",
                  "timedOut": false,
                  "duration": 3,
                  "state": "passed",
                  "speed": "fast",
                  "pass": true,
                  "fail": false,
                  "pending": false,
                  "context": null,
                  "code": "const response = await request(process.env.BASE_URL_GRAPHQL)\n  .post(\"/\")\n  .set(\"Authorization\", `Bearer ${token}`)\n  .send(test.editExpense);\nexpect(response.body.errors[0].message).to.equal(test.expectedMessage);",
                  "err": {},
                  "uuid": "0540898d-b949-4cd2-b0ef-679efe88a685",
                  "parentUUID": "4e6df473-ba13-4a74-8a95-5d81627770ec",
                  "isHook": false,
                  "skipped": false
                },
                {
                  "title": "Deve retornar erro quando o valor não for informado",
                  "fullTitle": "Expense External - GraphQL editExpense Mutation Deve retornar erro quando o valor não for informado",
                  "timedOut": false,
                  "duration": 4,
                  "state": "passed",
                  "speed": "fast",
                  "pass": true,
                  "fail": false,
                  "pending": false,
                  "context": null,
                  "code": "const response = await request(process.env.BASE_URL_GRAPHQL)\n  .post(\"/\")\n  .set(\"Authorization\", `Bearer ${token}`)\n  .send(test.editExpense);\nexpect(response.body.errors[0].message).to.equal(test.expectedMessage);",
                  "err": {},
                  "uuid": "f1662e88-4899-4434-b3f8-19c9171683af",
                  "parentUUID": "4e6df473-ba13-4a74-8a95-5d81627770ec",
                  "isHook": false,
                  "skipped": false
                },
                {
                  "title": "Deve retornar erro quando a data não for informada",
                  "fullTitle": "Expense External - GraphQL editExpense Mutation Deve retornar erro quando a data não for informada",
                  "timedOut": false,
                  "duration": 3,
                  "state": "passed",
                  "speed": "fast",
                  "pass": true,
                  "fail": false,
                  "pending": false,
                  "context": null,
                  "code": "const response = await request(process.env.BASE_URL_GRAPHQL)\n  .post(\"/\")\n  .set(\"Authorization\", `Bearer ${token}`)\n  .send(test.editExpense);\nexpect(response.body.errors[0].message).to.equal(test.expectedMessage);",
                  "err": {},
                  "uuid": "99246a84-f00d-4720-94e1-cf8580893430",
                  "parentUUID": "4e6df473-ba13-4a74-8a95-5d81627770ec",
                  "isHook": false,
                  "skipped": false
                },
                {
                  "title": "Deve retornar erro quando a edição de uma despesa for feita sem token de autenticação",
                  "fullTitle": "Expense External - GraphQL editExpense Mutation Deve retornar erro quando a edição de uma despesa for feita sem token de autenticação",
                  "timedOut": false,
                  "duration": 4,
                  "state": "passed",
                  "speed": "fast",
                  "pass": true,
                  "fail": false,
                  "pending": false,
                  "context": null,
                  "code": "// Use the dynamically created expense ID\neditExpenseRequest.variables.id = expenseId;\nconst response = await request(process.env.BASE_URL_GRAPHQL)\n  .post(\"/\")\n  .send(editExpenseRequest);\nexpect(response.body.errors[0].message).to.equal(\"Not authenticated\");",
                  "err": {},
                  "uuid": "352085e4-0f4b-44bb-a827-1ae5f3141ab4",
                  "parentUUID": "4e6df473-ba13-4a74-8a95-5d81627770ec",
                  "isHook": false,
                  "skipped": false
                },
                {
                  "title": "Deve editar uma despesa com sucesso",
                  "fullTitle": "Expense External - GraphQL editExpense Mutation Deve editar uma despesa com sucesso",
                  "timedOut": false,
                  "duration": 3,
                  "state": "passed",
                  "speed": "fast",
                  "pass": true,
                  "fail": false,
                  "pending": false,
                  "context": null,
                  "code": "// Use the dynamically created expense ID\neditExpenseRequest.variables.id = expenseId;\nconst response = await request(process.env.BASE_URL_GRAPHQL)\n  .post(\"/\")\n  .set(\"Authorization\", `Bearer ${token}`)\n  .send(editExpenseRequest);\nconst expectedResponse = require(\"../../fixture/responses/expense/editExpenseSuccessfulResponse.json\");\nexpect(response.status).to.equal(expectedResponse.statusCode);\nexpect(response.body.data.editExpense).to.deep.equal(\n  expectedResponse.data.editExpense\n);",
                  "err": {},
                  "uuid": "d5147587-5bf3-4e28-a1bd-aa6913c720ca",
                  "parentUUID": "4e6df473-ba13-4a74-8a95-5d81627770ec",
                  "isHook": false,
                  "skipped": false
                }
              ],
              "suites": [],
              "passes": [
                "672ed7d1-ae0e-44c9-9c42-8fb0992aba27",
                "0540898d-b949-4cd2-b0ef-679efe88a685",
                "f1662e88-4899-4434-b3f8-19c9171683af",
                "99246a84-f00d-4720-94e1-cf8580893430",
                "352085e4-0f4b-44bb-a827-1ae5f3141ab4",
                "d5147587-5bf3-4e28-a1bd-aa6913c720ca"
              ],
              "failures": [],
              "pending": [],
              "skipped": [],
              "duration": 21,
              "root": false,
              "rootEmpty": false,
              "_timeout": 10000
            }
          ],
          "passes": [],
          "failures": [],
          "pending": [],
          "skipped": [],
          "duration": 0,
          "root": false,
          "rootEmpty": false,
          "_timeout": 10000
        },
        {
          "uuid": "a97dc145-475e-47ef-9362-f5ac5ef9f4cb",
          "title": "User External - GraphQL",
          "fullFile": "/home/runner/work/trabalho-final-automacao-api/trabalho-final-automacao-api/test/graphql/external/user/userExternal.graphql.test.js",
          "file": "/test/graphql/external/user/userExternal.graphql.test.js",
          "beforeHooks": [],
          "afterHooks": [],
          "tests": [],
          "suites": [
            {
              "uuid": "430a368b-4108-467a-988a-7dabd584498f",
              "title": "register Mutation",
              "fullFile": "/home/runner/work/trabalho-final-automacao-api/trabalho-final-automacao-api/test/graphql/external/user/userExternal.graphql.test.js",
              "file": "/test/graphql/external/user/userExternal.graphql.test.js",
              "beforeHooks": [],
              "afterHooks": [],
              "tests": [
                {
                  "title": "Deve retornar erro quando o usuário não for informado",
                  "fullTitle": "User External - GraphQL register Mutation Deve retornar erro quando o usuário não for informado",
                  "timedOut": false,
                  "duration": 5,
                  "state": "passed",
                  "speed": "fast",
                  "pass": true,
                  "fail": false,
                  "pending": false,
                  "context": null,
                  "code": "const response = await request(process.env.BASE_URL_GRAPHQL)\n  .post(\"/\")\n  .send(test.createUser);\nexpect(response.status).to.equal(test.statusCode);\nexpect(response.body.errors[0].message).to.equal(test.expectedMessage);",
                  "err": {},
                  "uuid": "0781c0ee-40bc-4260-9fd6-7ba3d1a642c8",
                  "parentUUID": "430a368b-4108-467a-988a-7dabd584498f",
                  "isHook": false,
                  "skipped": false
                },
                {
                  "title": "Deve retornar erro quando a senha não for informada",
                  "fullTitle": "User External - GraphQL register Mutation Deve retornar erro quando a senha não for informada",
                  "timedOut": false,
                  "duration": 2,
                  "state": "passed",
                  "speed": "fast",
                  "pass": true,
                  "fail": false,
                  "pending": false,
                  "context": null,
                  "code": "const response = await request(process.env.BASE_URL_GRAPHQL)\n  .post(\"/\")\n  .send(test.createUser);\nexpect(response.status).to.equal(test.statusCode);\nexpect(response.body.errors[0].message).to.equal(test.expectedMessage);",
                  "err": {},
                  "uuid": "b8a1884a-00a8-43b8-98d3-4bab30a51ada",
                  "parentUUID": "430a368b-4108-467a-988a-7dabd584498f",
                  "isHook": false,
                  "skipped": false
                },
                {
                  "title": "Deve retornar erro quando o usuário já existir",
                  "fullTitle": "User External - GraphQL register Mutation Deve retornar erro quando o usuário já existir",
                  "timedOut": false,
                  "duration": 2,
                  "state": "passed",
                  "speed": "fast",
                  "pass": true,
                  "fail": false,
                  "pending": false,
                  "context": null,
                  "code": "const response = await request(process.env.BASE_URL_GRAPHQL)\n  .post(\"/\")\n  .send(test.createUser);\nexpect(response.status).to.equal(test.statusCode);\nexpect(response.body.errors[0].message).to.equal(test.expectedMessage);",
                  "err": {},
                  "uuid": "dec3df02-6e2f-487f-ac1c-9ba0c3f1deaf",
                  "parentUUID": "430a368b-4108-467a-988a-7dabd584498f",
                  "isHook": false,
                  "skipped": false
                },
                {
                  "title": "Deve criar usuário com sucesso",
                  "fullTitle": "User External - GraphQL register Mutation Deve criar usuário com sucesso",
                  "timedOut": false,
                  "duration": 86,
                  "state": "passed",
                  "speed": "slow",
                  "pass": true,
                  "fail": false,
                  "pending": false,
                  "context": null,
                  "code": "const username = `user${Math.floor(Math.random() * 100000)}`;\nconst mutation = `mutation { register(username: \\\"${username}\\\", password: \\\"password\\\") { message } }`;\nconst response = await request(process.env.BASE_URL_GRAPHQL)\n  .post(\"/\")\n  .send({ query: mutation });\nexpect(response.body.data.register.message).to.equal(\n  \"Usuário registrado com sucesso\"\n);",
                  "err": {},
                  "uuid": "6f4bcb4a-b4a4-4582-b380-9b9cd94ab034",
                  "parentUUID": "430a368b-4108-467a-988a-7dabd584498f",
                  "isHook": false,
                  "skipped": false
                }
              ],
              "suites": [],
              "passes": [
                "0781c0ee-40bc-4260-9fd6-7ba3d1a642c8",
                "b8a1884a-00a8-43b8-98d3-4bab30a51ada",
                "dec3df02-6e2f-487f-ac1c-9ba0c3f1deaf",
                "6f4bcb4a-b4a4-4582-b380-9b9cd94ab034"
              ],
              "failures": [],
              "pending": [],
              "skipped": [],
              "duration": 95,
              "root": false,
              "rootEmpty": false,
              "_timeout": 10000
            },
            {
              "uuid": "f78018a2-68b7-4423-9d89-d8aa4d572c1d",
              "title": "login Query",
              "fullFile": "/home/runner/work/trabalho-final-automacao-api/trabalho-final-automacao-api/test/graphql/external/user/userExternal.graphql.test.js",
              "file": "/test/graphql/external/user/userExternal.graphql.test.js",
              "beforeHooks": [],
              "afterHooks": [],
              "tests": [
                {
                  "title": "Deve retornar erro quando o usuário não for informado",
                  "fullTitle": "User External - GraphQL login Query Deve retornar erro quando o usuário não for informado",
                  "timedOut": false,
                  "duration": 4,
                  "state": "passed",
                  "speed": "fast",
                  "pass": true,
                  "fail": false,
                  "pending": false,
                  "context": null,
                  "code": "const response = await request(process.env.BASE_URL_GRAPHQL)\n  .post(\"/\")\n  .send(test.loginUser);\nexpect(response.body.errors[0].message).to.equal(test.expectedMessage);",
                  "err": {},
                  "uuid": "ca01e873-3ef2-44cc-9932-7a90f9576884",
                  "parentUUID": "f78018a2-68b7-4423-9d89-d8aa4d572c1d",
                  "isHook": false,
                  "skipped": false
                },
                {
                  "title": "Deve retornar erro quando a senha não for informada",
                  "fullTitle": "User External - GraphQL login Query Deve retornar erro quando a senha não for informada",
                  "timedOut": false,
                  "duration": 2,
                  "state": "passed",
                  "speed": "fast",
                  "pass": true,
                  "fail": false,
                  "pending": false,
                  "context": null,
                  "code": "const response = await request(process.env.BASE_URL_GRAPHQL)\n  .post(\"/\")\n  .send(test.loginUser);\nexpect(response.body.errors[0].message).to.equal(test.expectedMessage);",
                  "err": {},
                  "uuid": "3f651cbd-e75d-44d0-8d54-e13a413ae5d3",
                  "parentUUID": "f78018a2-68b7-4423-9d89-d8aa4d572c1d",
                  "isHook": false,
                  "skipped": false
                },
                {
                  "title": "Deve retornar erro quando informar usuário inexistente",
                  "fullTitle": "User External - GraphQL login Query Deve retornar erro quando informar usuário inexistente",
                  "timedOut": false,
                  "duration": 2,
                  "state": "passed",
                  "speed": "fast",
                  "pass": true,
                  "fail": false,
                  "pending": false,
                  "context": null,
                  "code": "const response = await request(process.env.BASE_URL_GRAPHQL)\n  .post(\"/\")\n  .send(test.loginUser);\nexpect(response.body.errors[0].message).to.equal(test.expectedMessage);",
                  "err": {},
                  "uuid": "09ba5726-4f96-46ff-8c1c-4e4d4a613503",
                  "parentUUID": "f78018a2-68b7-4423-9d89-d8aa4d572c1d",
                  "isHook": false,
                  "skipped": false
                },
                {
                  "title": "Deve retornar erro quando informar senha incorreta",
                  "fullTitle": "User External - GraphQL login Query Deve retornar erro quando informar senha incorreta",
                  "timedOut": false,
                  "duration": 23,
                  "state": "passed",
                  "speed": "fast",
                  "pass": true,
                  "fail": false,
                  "pending": false,
                  "context": null,
                  "code": "const response = await request(process.env.BASE_URL_GRAPHQL)\n  .post(\"/\")\n  .send(test.loginUser);\nexpect(response.body.errors[0].message).to.equal(test.expectedMessage);",
                  "err": {},
                  "uuid": "b00b2660-c4ee-4b68-af49-7679fe28de04",
                  "parentUUID": "f78018a2-68b7-4423-9d89-d8aa4d572c1d",
                  "isHook": false,
                  "skipped": false
                },
                {
                  "title": "Deve realizar o login com sucesso",
                  "fullTitle": "User External - GraphQL login Query Deve realizar o login com sucesso",
                  "timedOut": false,
                  "duration": 24,
                  "state": "passed",
                  "speed": "fast",
                  "pass": true,
                  "fail": false,
                  "pending": false,
                  "context": null,
                  "code": "const loginRequest = require(\"../../fixture/requests/user/loginRequest.json\");\nconst response = await request(process.env.BASE_URL_GRAPHQL)\n  .post(\"/\")\n  .send(loginRequest);\nexpect(response.body.data.login.token).to.be.a(\"string\");",
                  "err": {},
                  "uuid": "8de7d733-057f-4dde-b5b1-bfa73651a5cc",
                  "parentUUID": "f78018a2-68b7-4423-9d89-d8aa4d572c1d",
                  "isHook": false,
                  "skipped": false
                }
              ],
              "suites": [],
              "passes": [
                "ca01e873-3ef2-44cc-9932-7a90f9576884",
                "3f651cbd-e75d-44d0-8d54-e13a413ae5d3",
                "09ba5726-4f96-46ff-8c1c-4e4d4a613503",
                "b00b2660-c4ee-4b68-af49-7679fe28de04",
                "8de7d733-057f-4dde-b5b1-bfa73651a5cc"
              ],
              "failures": [],
              "pending": [],
              "skipped": [],
              "duration": 55,
              "root": false,
              "rootEmpty": false,
              "_timeout": 10000
            }
          ],
          "passes": [],
          "failures": [],
          "pending": [],
          "skipped": [],
          "duration": 0,
          "root": false,
          "rootEmpty": false,
          "_timeout": 10000
        }
      ],
      "passes": [],
      "failures": [],
      "pending": [],
      "skipped": [],
      "duration": 0,
      "root": true,
      "rootEmpty": true,
      "_timeout": 10000
    }
  ],
  "meta": {
    "mocha": {
      "version": "11.7.2"
    },
    "mochawesome": {
      "options": {
        "quiet": false,
        "reportFilename": "mochawesome",
        "saveHtml": true,
        "saveJson": true,
        "consoleReporter": "spec",
        "useInlineDiffs": false,
        "code": true
      },
      "version": "7.1.4"
    },
    "marge": {
      "options": {
        "reportDir": "mochawesome-report",
        "overwrite": "false"
      },
      "version": "6.3.0"
    }
  }
}