{
  "stats": {
    "suites": 6,
    "tests": 21,
    "passes": 21,
    "pending": 0,
    "failures": 0,
    "start": "2025-09-19T21:04:53.309Z",
    "end": "2025-09-19T21:04:53.551Z",
    "duration": 242,
    "testsRegistered": 21,
    "passPercent": 100,
    "pendingPercent": 0,
    "other": 0,
    "hasOther": false,
    "skipped": 0,
    "hasSkipped": false
  },
  "results": [
    {
      "uuid": "fc35c213-9624-45fb-a1fb-2df37ad6850a",
      "title": "",
      "fullFile": "",
      "file": "",
      "beforeHooks": [],
      "afterHooks": [],
      "tests": [],
      "suites": [
        {
          "uuid": "756e101f-5ced-4402-9a3a-16cf5f0a7c66",
          "title": "Expense External - HTTP Rest",
          "fullFile": "/home/runner/work/trabalho-final-automacao-api/trabalho-final-automacao-api/test/rest/external/expense/expenseExternal.rest.test.js",
          "file": "/test/rest/external/expense/expenseExternal.rest.test.js",
          "beforeHooks": [
            {
              "title": "\"before all\" hook in \"Expense External - HTTP Rest\"",
              "fullTitle": "Expense External - HTTP Rest \"before all\" hook in \"Expense External - HTTP Rest\"",
              "timedOut": false,
              "duration": 52,
              "state": null,
              "speed": null,
              "pass": false,
              "fail": false,
              "pending": false,
              "context": null,
              "code": "const loginRequest = require(\"../../fixture/requests/user/loginRequest.json\");\nconst respostaLogin = await request(process.env.BASE_URL_REST)\n  .post(\"/users/login\")\n  .send(loginRequest);\ntoken = respostaLogin.body.token;",
              "err": {},
              "uuid": "bd1783fa-d9a5-46c0-805b-ee0a480b6aa2",
              "parentUUID": "756e101f-5ced-4402-9a3a-16cf5f0a7c66",
              "isHook": true,
              "skipped": false
            }
          ],
          "afterHooks": [],
          "tests": [],
          "suites": [
            {
              "uuid": "8dab24a5-a251-49f8-a374-983d78e6b210",
              "title": "POST /expenses",
              "fullFile": "/home/runner/work/trabalho-final-automacao-api/trabalho-final-automacao-api/test/rest/external/expense/expenseExternal.rest.test.js",
              "file": "/test/rest/external/expense/expenseExternal.rest.test.js",
              "beforeHooks": [],
              "afterHooks": [],
              "tests": [
                {
                  "title": "Deve retornar erro quando a descrição não for informada",
                  "fullTitle": "Expense External - HTTP Rest POST /expenses Deve retornar erro quando a descrição não for informada",
                  "timedOut": false,
                  "duration": 5,
                  "state": "passed",
                  "speed": "fast",
                  "pass": true,
                  "fail": false,
                  "pending": false,
                  "context": null,
                  "code": "const response = await request(process.env.BASE_URL_REST)\n  .post(\"/expenses\")\n  .set(\"Authorization\", `Bearer ${token}`)\n  .send(test.createExpense);\nexpect(response.status).to.equal(test.statusCode);\nexpect(response.body.message).to.equal(test.expectedMessage);",
                  "err": {},
                  "uuid": "04aed9e2-3aa3-4d18-90f3-7b9dfd28e332",
                  "parentUUID": "8dab24a5-a251-49f8-a374-983d78e6b210",
                  "isHook": false,
                  "skipped": false
                },
                {
                  "title": "Deve retornar erro quando o valor não for informado",
                  "fullTitle": "Expense External - HTTP Rest POST /expenses Deve retornar erro quando o valor não for informado",
                  "timedOut": false,
                  "duration": 3,
                  "state": "passed",
                  "speed": "fast",
                  "pass": true,
                  "fail": false,
                  "pending": false,
                  "context": null,
                  "code": "const response = await request(process.env.BASE_URL_REST)\n  .post(\"/expenses\")\n  .set(\"Authorization\", `Bearer ${token}`)\n  .send(test.createExpense);\nexpect(response.status).to.equal(test.statusCode);\nexpect(response.body.message).to.equal(test.expectedMessage);",
                  "err": {},
                  "uuid": "2ec2b89e-01f9-4c39-9ebf-9de8c3326862",
                  "parentUUID": "8dab24a5-a251-49f8-a374-983d78e6b210",
                  "isHook": false,
                  "skipped": false
                },
                {
                  "title": "Deve retornar erro quando a data não for informada",
                  "fullTitle": "Expense External - HTTP Rest POST /expenses Deve retornar erro quando a data não for informada",
                  "timedOut": false,
                  "duration": 3,
                  "state": "passed",
                  "speed": "fast",
                  "pass": true,
                  "fail": false,
                  "pending": false,
                  "context": null,
                  "code": "const response = await request(process.env.BASE_URL_REST)\n  .post(\"/expenses\")\n  .set(\"Authorization\", `Bearer ${token}`)\n  .send(test.createExpense);\nexpect(response.status).to.equal(test.statusCode);\nexpect(response.body.message).to.equal(test.expectedMessage);",
                  "err": {},
                  "uuid": "b6a25a30-637f-45a7-b626-061a5d01f5cb",
                  "parentUUID": "8dab24a5-a251-49f8-a374-983d78e6b210",
                  "isHook": false,
                  "skipped": false
                },
                {
                  "title": "Deve retornar erro quando a inclusão de uma despesa for feita sem token de autenticação",
                  "fullTitle": "Expense External - HTTP Rest POST /expenses Deve retornar erro quando a inclusão de uma despesa for feita sem token de autenticação",
                  "timedOut": false,
                  "duration": 2,
                  "state": "passed",
                  "speed": "fast",
                  "pass": true,
                  "fail": false,
                  "pending": false,
                  "context": null,
                  "code": "const expenseRequest = require(\"../../fixture/requests/expense/expenseRequest.json\");\nconst response = await request(process.env.BASE_URL_REST)\n  .post(\"/expenses\")\n  .send(expenseRequest);\nexpect(response.status).to.equal(401);\nexpect(response.body.message).to.equal(\"Token não fornecido\");",
                  "err": {},
                  "uuid": "7d3e565a-120a-4810-a711-0b8e745bcea0",
                  "parentUUID": "8dab24a5-a251-49f8-a374-983d78e6b210",
                  "isHook": false,
                  "skipped": false
                },
                {
                  "title": "Deve registrar uma despesa com sucesso",
                  "fullTitle": "Expense External - HTTP Rest POST /expenses Deve registrar uma despesa com sucesso",
                  "timedOut": false,
                  "duration": 4,
                  "state": "passed",
                  "speed": "fast",
                  "pass": true,
                  "fail": false,
                  "pending": false,
                  "context": null,
                  "code": "const expenseRequest = require(\"../../fixture/requests/expense/expenseRequest.json\");\nconst response = await request(process.env.BASE_URL_REST)\n  .post(\"/expenses\")\n  .set(\"Authorization\", `Bearer ${token}`)\n  .send(expenseRequest);\nconst expectedResponse = require(\"../../fixture/responses/expense/createExpenseSuccessfulResponse.json\");\nexpect(response.status).to.equal(expectedResponse.statusCode);\nexpect(response.body)\n  .excluding([\"date\", \"id\"])\n  .to.deep.equal(expectedResponse.body);\nexpenseId = response.body.id;",
                  "err": {},
                  "uuid": "90ae4521-85de-4c4b-b9a8-4e366b442c2a",
                  "parentUUID": "8dab24a5-a251-49f8-a374-983d78e6b210",
                  "isHook": false,
                  "skipped": false
                }
              ],
              "suites": [],
              "passes": [
                "04aed9e2-3aa3-4d18-90f3-7b9dfd28e332",
                "2ec2b89e-01f9-4c39-9ebf-9de8c3326862",
                "b6a25a30-637f-45a7-b626-061a5d01f5cb",
                "7d3e565a-120a-4810-a711-0b8e745bcea0",
                "90ae4521-85de-4c4b-b9a8-4e366b442c2a"
              ],
              "failures": [],
              "pending": [],
              "skipped": [],
              "duration": 17,
              "root": false,
              "rootEmpty": false,
              "_timeout": 10000
            },
            {
              "uuid": "c5b486a0-269c-40d4-a0c6-8c8405a3453c",
              "title": "PUT /expenses",
              "fullFile": "/home/runner/work/trabalho-final-automacao-api/trabalho-final-automacao-api/test/rest/external/expense/expenseExternal.rest.test.js",
              "file": "/test/rest/external/expense/expenseExternal.rest.test.js",
              "beforeHooks": [],
              "afterHooks": [],
              "tests": [
                {
                  "title": "Deve retornar erro quando a descrição não for informada",
                  "fullTitle": "Expense External - HTTP Rest PUT /expenses Deve retornar erro quando a descrição não for informada",
                  "timedOut": false,
                  "duration": 4,
                  "state": "passed",
                  "speed": "fast",
                  "pass": true,
                  "fail": false,
                  "pending": false,
                  "context": null,
                  "code": "const response = await request(process.env.BASE_URL_REST)\n  .put(`/expenses/${expenseId}`)\n  .set(\"Authorization\", `Bearer ${token}`)\n  .send(test.editExpense);\nexpect(response.status).to.equal(test.statusCode);\nexpect(response.body.message).to.equal(test.expectedMessage);",
                  "err": {},
                  "uuid": "f5633ec8-e826-460e-bd9b-549b4ac9f6a7",
                  "parentUUID": "c5b486a0-269c-40d4-a0c6-8c8405a3453c",
                  "isHook": false,
                  "skipped": false
                },
                {
                  "title": "Deve retornar erro quando o valor não for informado",
                  "fullTitle": "Expense External - HTTP Rest PUT /expenses Deve retornar erro quando o valor não for informado",
                  "timedOut": false,
                  "duration": 3,
                  "state": "passed",
                  "speed": "fast",
                  "pass": true,
                  "fail": false,
                  "pending": false,
                  "context": null,
                  "code": "const response = await request(process.env.BASE_URL_REST)\n  .put(`/expenses/${expenseId}`)\n  .set(\"Authorization\", `Bearer ${token}`)\n  .send(test.editExpense);\nexpect(response.status).to.equal(test.statusCode);\nexpect(response.body.message).to.equal(test.expectedMessage);",
                  "err": {},
                  "uuid": "08178f52-a1ad-413e-a51a-a13bfc58d2ae",
                  "parentUUID": "c5b486a0-269c-40d4-a0c6-8c8405a3453c",
                  "isHook": false,
                  "skipped": false
                },
                {
                  "title": "Deve retornar erro quando o valor menor que zero",
                  "fullTitle": "Expense External - HTTP Rest PUT /expenses Deve retornar erro quando o valor menor que zero",
                  "timedOut": false,
                  "duration": 3,
                  "state": "passed",
                  "speed": "fast",
                  "pass": true,
                  "fail": false,
                  "pending": false,
                  "context": null,
                  "code": "const response = await request(process.env.BASE_URL_REST)\n  .put(`/expenses/${expenseId}`)\n  .set(\"Authorization\", `Bearer ${token}`)\n  .send(test.editExpense);\nexpect(response.status).to.equal(test.statusCode);\nexpect(response.body.message).to.equal(test.expectedMessage);",
                  "err": {},
                  "uuid": "85241117-7b43-4dcd-b7ee-43e7041737be",
                  "parentUUID": "c5b486a0-269c-40d4-a0c6-8c8405a3453c",
                  "isHook": false,
                  "skipped": false
                },
                {
                  "title": "Deve retornar erro quando o valor for igual a zero",
                  "fullTitle": "Expense External - HTTP Rest PUT /expenses Deve retornar erro quando o valor for igual a zero",
                  "timedOut": false,
                  "duration": 3,
                  "state": "passed",
                  "speed": "fast",
                  "pass": true,
                  "fail": false,
                  "pending": false,
                  "context": null,
                  "code": "const response = await request(process.env.BASE_URL_REST)\n  .put(`/expenses/${expenseId}`)\n  .set(\"Authorization\", `Bearer ${token}`)\n  .send(test.editExpense);\nexpect(response.status).to.equal(test.statusCode);\nexpect(response.body.message).to.equal(test.expectedMessage);",
                  "err": {},
                  "uuid": "42da6564-92f6-4670-ba65-b54eaeb2d477",
                  "parentUUID": "c5b486a0-269c-40d4-a0c6-8c8405a3453c",
                  "isHook": false,
                  "skipped": false
                },
                {
                  "title": "Deve retornar erro quando a data não for informada",
                  "fullTitle": "Expense External - HTTP Rest PUT /expenses Deve retornar erro quando a data não for informada",
                  "timedOut": false,
                  "duration": 3,
                  "state": "passed",
                  "speed": "fast",
                  "pass": true,
                  "fail": false,
                  "pending": false,
                  "context": null,
                  "code": "const response = await request(process.env.BASE_URL_REST)\n  .put(`/expenses/${expenseId}`)\n  .set(\"Authorization\", `Bearer ${token}`)\n  .send(test.editExpense);\nexpect(response.status).to.equal(test.statusCode);\nexpect(response.body.message).to.equal(test.expectedMessage);",
                  "err": {},
                  "uuid": "e9956b19-8e4c-49fc-ab98-5d37c437e8ca",
                  "parentUUID": "c5b486a0-269c-40d4-a0c6-8c8405a3453c",
                  "isHook": false,
                  "skipped": false
                },
                {
                  "title": "Deve retornar erro quando a edição de uma despesa for feita sem token de autenticação",
                  "fullTitle": "Expense External - HTTP Rest PUT /expenses Deve retornar erro quando a edição de uma despesa for feita sem token de autenticação",
                  "timedOut": false,
                  "duration": 2,
                  "state": "passed",
                  "speed": "fast",
                  "pass": true,
                  "fail": false,
                  "pending": false,
                  "context": null,
                  "code": "const expenseRequest = require(\"../../fixture/requests/expense/expenseRequest.json\");\nconst response = await request(process.env.BASE_URL_REST)\n  .put(`/expenses/${expenseId}`)\n  .send(expenseRequest);\nexpect(response.status).to.equal(401);\nexpect(response.body.message).to.equal(\"Token não fornecido\");",
                  "err": {},
                  "uuid": "0aebc6b5-55c2-42f4-9c13-173ee4c49c4f",
                  "parentUUID": "c5b486a0-269c-40d4-a0c6-8c8405a3453c",
                  "isHook": false,
                  "skipped": false
                },
                {
                  "title": "Deve editar uma despesa com sucesso",
                  "fullTitle": "Expense External - HTTP Rest PUT /expenses Deve editar uma despesa com sucesso",
                  "timedOut": false,
                  "duration": 3,
                  "state": "passed",
                  "speed": "fast",
                  "pass": true,
                  "fail": false,
                  "pending": false,
                  "context": null,
                  "code": "const expenseRequest = require(\"../../fixture/requests/expense/expenseRequest.json\");\nconst response = await request(process.env.BASE_URL_REST)\n  .put(`/expenses/${expenseId}`)\n  .set(\"Authorization\", `Bearer ${token}`)\n  .send(expenseRequest);\nconst expectedResponse = require(\"../../fixture/responses/expense/editExpenseSuccessfulResponse.json\");\nexpect(response.status).to.equal(expectedResponse.statusCode);\nexpect(response.body)\n  .excluding(\"date\")\n  .to.deep.equal(expectedResponse.body);",
                  "err": {},
                  "uuid": "3fd84d4f-9907-4f20-adcd-2743dd3184f8",
                  "parentUUID": "c5b486a0-269c-40d4-a0c6-8c8405a3453c",
                  "isHook": false,
                  "skipped": false
                }
              ],
              "suites": [],
              "passes": [
                "f5633ec8-e826-460e-bd9b-549b4ac9f6a7",
                "08178f52-a1ad-413e-a51a-a13bfc58d2ae",
                "85241117-7b43-4dcd-b7ee-43e7041737be",
                "42da6564-92f6-4670-ba65-b54eaeb2d477",
                "e9956b19-8e4c-49fc-ab98-5d37c437e8ca",
                "0aebc6b5-55c2-42f4-9c13-173ee4c49c4f",
                "3fd84d4f-9907-4f20-adcd-2743dd3184f8"
              ],
              "failures": [],
              "pending": [],
              "skipped": [],
              "duration": 21,
              "root": false,
              "rootEmpty": false,
              "_timeout": 10000
            }
          ],
          "passes": [],
          "failures": [],
          "pending": [],
          "skipped": [],
          "duration": 0,
          "root": false,
          "rootEmpty": false,
          "_timeout": 10000
        },
        {
          "uuid": "70ae84d6-31c4-4943-9602-1f59bfcda77a",
          "title": "User External - HTTP Rest",
          "fullFile": "/home/runner/work/trabalho-final-automacao-api/trabalho-final-automacao-api/test/rest/external/user/userExternal.rest.test.js",
          "file": "/test/rest/external/user/userExternal.rest.test.js",
          "beforeHooks": [],
          "afterHooks": [],
          "tests": [],
          "suites": [
            {
              "uuid": "2ade5f51-6fe3-48df-ae74-60c892f405bf",
              "title": "POST /users/register",
              "fullFile": "/home/runner/work/trabalho-final-automacao-api/trabalho-final-automacao-api/test/rest/external/user/userExternal.rest.test.js",
              "file": "/test/rest/external/user/userExternal.rest.test.js",
              "beforeHooks": [],
              "afterHooks": [],
              "tests": [
                {
                  "title": "Deve retornar erro quando o usuário não for informado",
                  "fullTitle": "User External - HTTP Rest POST /users/register Deve retornar erro quando o usuário não for informado",
                  "timedOut": false,
                  "duration": 2,
                  "state": "passed",
                  "speed": "fast",
                  "pass": true,
                  "fail": false,
                  "pending": false,
                  "context": null,
                  "code": "const response = await request(process.env.BASE_URL_REST)\n  .post(\"/users/register\")\n  .send(test.createUser);\nexpect(response.status).to.equal(test.statusCode);\nexpect(response.body.message).to.equal(test.expectedMessage);",
                  "err": {},
                  "uuid": "0a94d8be-d921-4920-ae0f-0619a87cf033",
                  "parentUUID": "2ade5f51-6fe3-48df-ae74-60c892f405bf",
                  "isHook": false,
                  "skipped": false
                },
                {
                  "title": "Deve retornar erro quando a senha não for informada",
                  "fullTitle": "User External - HTTP Rest POST /users/register Deve retornar erro quando a senha não for informada",
                  "timedOut": false,
                  "duration": 2,
                  "state": "passed",
                  "speed": "fast",
                  "pass": true,
                  "fail": false,
                  "pending": false,
                  "context": null,
                  "code": "const response = await request(process.env.BASE_URL_REST)\n  .post(\"/users/register\")\n  .send(test.createUser);\nexpect(response.status).to.equal(test.statusCode);\nexpect(response.body.message).to.equal(test.expectedMessage);",
                  "err": {},
                  "uuid": "f305a506-a180-4918-bf45-d5f0f89ad9ee",
                  "parentUUID": "2ade5f51-6fe3-48df-ae74-60c892f405bf",
                  "isHook": false,
                  "skipped": false
                },
                {
                  "title": "Deve retornar erro quando o usuário já existir",
                  "fullTitle": "User External - HTTP Rest POST /users/register Deve retornar erro quando o usuário já existir",
                  "timedOut": false,
                  "duration": 2,
                  "state": "passed",
                  "speed": "fast",
                  "pass": true,
                  "fail": false,
                  "pending": false,
                  "context": null,
                  "code": "const response = await request(process.env.BASE_URL_REST)\n  .post(\"/users/register\")\n  .send(test.createUser);\nexpect(response.status).to.equal(test.statusCode);\nexpect(response.body.message).to.equal(test.expectedMessage);",
                  "err": {},
                  "uuid": "21276004-9b7a-4749-bc02-893b3c248d8a",
                  "parentUUID": "2ade5f51-6fe3-48df-ae74-60c892f405bf",
                  "isHook": false,
                  "skipped": false
                },
                {
                  "title": "Deve criar usuário com sucesso",
                  "fullTitle": "User External - HTTP Rest POST /users/register Deve criar usuário com sucesso",
                  "timedOut": false,
                  "duration": 84,
                  "state": "passed",
                  "speed": "slow",
                  "pass": true,
                  "fail": false,
                  "pending": false,
                  "context": null,
                  "code": "const response = await request(process.env.BASE_URL_REST)\n  .post(\"/users/register\")\n  .send({\n    username: `user${Math.random()}`,\n    password: \"password\",\n  });\nconst expectedResponse = require(\"../../fixture/responses/user/createUserResponseSuccessful.json\");\nexpect(response.status).to.equal(expectedResponse.statusCode);\nexpect(response.body).to.deep.equal(expectedResponse.body);",
                  "err": {},
                  "uuid": "8041146a-0e13-4047-91a6-e378cb329693",
                  "parentUUID": "2ade5f51-6fe3-48df-ae74-60c892f405bf",
                  "isHook": false,
                  "skipped": false
                }
              ],
              "suites": [],
              "passes": [
                "0a94d8be-d921-4920-ae0f-0619a87cf033",
                "f305a506-a180-4918-bf45-d5f0f89ad9ee",
                "21276004-9b7a-4749-bc02-893b3c248d8a",
                "8041146a-0e13-4047-91a6-e378cb329693"
              ],
              "failures": [],
              "pending": [],
              "skipped": [],
              "duration": 90,
              "root": false,
              "rootEmpty": false,
              "_timeout": 10000
            },
            {
              "uuid": "7db5e143-2706-4c6b-8e37-3772e01fbbaf",
              "title": "POST /users/login",
              "fullFile": "/home/runner/work/trabalho-final-automacao-api/trabalho-final-automacao-api/test/rest/external/user/userExternal.rest.test.js",
              "file": "/test/rest/external/user/userExternal.rest.test.js",
              "beforeHooks": [],
              "afterHooks": [],
              "tests": [
                {
                  "title": "Deve retornar erro quando o usuário não for informado",
                  "fullTitle": "User External - HTTP Rest POST /users/login Deve retornar erro quando o usuário não for informado",
                  "timedOut": false,
                  "duration": 2,
                  "state": "passed",
                  "speed": "fast",
                  "pass": true,
                  "fail": false,
                  "pending": false,
                  "context": null,
                  "code": "const response = await request(process.env.BASE_URL_REST)\n  .post(\"/users/login\")\n  .send(test.loginUser);\nexpect(response.status).to.equal(test.statusCode);\nexpect(response.body.message).to.equal(test.expectedMessage);",
                  "err": {},
                  "uuid": "c4cb8a28-8c51-4410-85fc-d2efa985fea8",
                  "parentUUID": "7db5e143-2706-4c6b-8e37-3772e01fbbaf",
                  "isHook": false,
                  "skipped": false
                },
                {
                  "title": "Deve retornar erro quando a senha não for informada",
                  "fullTitle": "User External - HTTP Rest POST /users/login Deve retornar erro quando a senha não for informada",
                  "timedOut": false,
                  "duration": 1,
                  "state": "passed",
                  "speed": "fast",
                  "pass": true,
                  "fail": false,
                  "pending": false,
                  "context": null,
                  "code": "const response = await request(process.env.BASE_URL_REST)\n  .post(\"/users/login\")\n  .send(test.loginUser);\nexpect(response.status).to.equal(test.statusCode);\nexpect(response.body.message).to.equal(test.expectedMessage);",
                  "err": {},
                  "uuid": "3cd7ff4d-c8d5-4406-8d63-16d4a484a43f",
                  "parentUUID": "7db5e143-2706-4c6b-8e37-3772e01fbbaf",
                  "isHook": false,
                  "skipped": false
                },
                {
                  "title": "Deve retornar erro quando informar usuário inexistente",
                  "fullTitle": "User External - HTTP Rest POST /users/login Deve retornar erro quando informar usuário inexistente",
                  "timedOut": false,
                  "duration": 2,
                  "state": "passed",
                  "speed": "fast",
                  "pass": true,
                  "fail": false,
                  "pending": false,
                  "context": null,
                  "code": "const response = await request(process.env.BASE_URL_REST)\n  .post(\"/users/login\")\n  .send(test.loginUser);\nexpect(response.status).to.equal(test.statusCode);\nexpect(response.body.message).to.equal(test.expectedMessage);",
                  "err": {},
                  "uuid": "43634cb1-c646-4cec-b9d9-ce42c097578b",
                  "parentUUID": "7db5e143-2706-4c6b-8e37-3772e01fbbaf",
                  "isHook": false,
                  "skipped": false
                },
                {
                  "title": "Deve retornar erro quando informar senha incorreta",
                  "fullTitle": "User External - HTTP Rest POST /users/login Deve retornar erro quando informar senha incorreta",
                  "timedOut": false,
                  "duration": 22,
                  "state": "passed",
                  "speed": "fast",
                  "pass": true,
                  "fail": false,
                  "pending": false,
                  "context": null,
                  "code": "const response = await request(process.env.BASE_URL_REST)\n  .post(\"/users/login\")\n  .send(test.loginUser);\nexpect(response.status).to.equal(test.statusCode);\nexpect(response.body.message).to.equal(test.expectedMessage);",
                  "err": {},
                  "uuid": "515c1d2e-5372-4bf9-ba17-cbcede736236",
                  "parentUUID": "7db5e143-2706-4c6b-8e37-3772e01fbbaf",
                  "isHook": false,
                  "skipped": false
                },
                {
                  "title": "Deve realizar o login com sucesso",
                  "fullTitle": "User External - HTTP Rest POST /users/login Deve realizar o login com sucesso",
                  "timedOut": false,
                  "duration": 23,
                  "state": "passed",
                  "speed": "fast",
                  "pass": true,
                  "fail": false,
                  "pending": false,
                  "context": null,
                  "code": "const loginRequest = require(\"../../fixture/requests/user/loginRequest.json\");\nconst response = await request(process.env.BASE_URL_REST)\n  .post(\"/users/login\")\n  .send(loginRequest);\nexpect(response.status).to.equal(200);\nexpect(response.body.token).to.be.not.null;",
                  "err": {},
                  "uuid": "564b19ca-8900-4f25-aa25-c6cbfab537ed",
                  "parentUUID": "7db5e143-2706-4c6b-8e37-3772e01fbbaf",
                  "isHook": false,
                  "skipped": false
                }
              ],
              "suites": [],
              "passes": [
                "c4cb8a28-8c51-4410-85fc-d2efa985fea8",
                "3cd7ff4d-c8d5-4406-8d63-16d4a484a43f",
                "43634cb1-c646-4cec-b9d9-ce42c097578b",
                "515c1d2e-5372-4bf9-ba17-cbcede736236",
                "564b19ca-8900-4f25-aa25-c6cbfab537ed"
              ],
              "failures": [],
              "pending": [],
              "skipped": [],
              "duration": 50,
              "root": false,
              "rootEmpty": false,
              "_timeout": 10000
            }
          ],
          "passes": [],
          "failures": [],
          "pending": [],
          "skipped": [],
          "duration": 0,
          "root": false,
          "rootEmpty": false,
          "_timeout": 10000
        }
      ],
      "passes": [],
      "failures": [],
      "pending": [],
      "skipped": [],
      "duration": 0,
      "root": true,
      "rootEmpty": true,
      "_timeout": 10000
    }
  ],
  "meta": {
    "mocha": {
      "version": "11.7.2"
    },
    "mochawesome": {
      "options": {
        "quiet": false,
        "reportFilename": "mochawesome",
        "saveHtml": true,
        "saveJson": true,
        "consoleReporter": "spec",
        "useInlineDiffs": false,
        "code": true
      },
      "version": "7.1.4"
    },
    "marge": {
      "options": {
        "reportDir": "mochawesome-report",
        "overwrite": "false"
      },
      "version": "6.3.0"
    }
  }
}