{
  "stats": {
    "suites": 6,
    "tests": 21,
    "passes": 21,
    "pending": 0,
    "failures": 0,
    "start": "2025-11-16T22:46:50.996Z",
    "end": "2025-11-16T22:46:51.250Z",
    "duration": 254,
    "testsRegistered": 21,
    "passPercent": 100,
    "pendingPercent": 0,
    "other": 0,
    "hasOther": false,
    "skipped": 0,
    "hasSkipped": false
  },
  "results": [
    {
      "uuid": "f9d2d142-882c-406b-932e-59130b692c0b",
      "title": "",
      "fullFile": "",
      "file": "",
      "beforeHooks": [],
      "afterHooks": [],
      "tests": [],
      "suites": [
        {
          "uuid": "b45e2444-036f-482f-a82e-e855fe79a8ce",
          "title": "Expense External - HTTP Rest",
          "fullFile": "/home/runner/work/trabalho-final-automacao-api/trabalho-final-automacao-api/test/rest/external/expense/expenseExternal.rest.test.js",
          "file": "/test/rest/external/expense/expenseExternal.rest.test.js",
          "beforeHooks": [
            {
              "title": "\"before all\" hook in \"Expense External - HTTP Rest\"",
              "fullTitle": "Expense External - HTTP Rest \"before all\" hook in \"Expense External - HTTP Rest\"",
              "timedOut": false,
              "duration": 59,
              "state": null,
              "speed": null,
              "pass": false,
              "fail": false,
              "pending": false,
              "context": null,
              "code": "const loginRequest = require(\"../../fixture/requests/user/loginRequest.json\");\nconst respostaLogin = await request(process.env.BASE_URL_REST)\n  .post(\"/users/login\")\n  .send(loginRequest);\ntoken = respostaLogin.body.token;",
              "err": {},
              "uuid": "7bba58d0-f34e-4bc4-8f5d-11381bef90c3",
              "parentUUID": "b45e2444-036f-482f-a82e-e855fe79a8ce",
              "isHook": true,
              "skipped": false
            }
          ],
          "afterHooks": [],
          "tests": [],
          "suites": [
            {
              "uuid": "947f0795-8cfc-485c-9d7d-53812c13fc82",
              "title": "POST /expenses",
              "fullFile": "/home/runner/work/trabalho-final-automacao-api/trabalho-final-automacao-api/test/rest/external/expense/expenseExternal.rest.test.js",
              "file": "/test/rest/external/expense/expenseExternal.rest.test.js",
              "beforeHooks": [],
              "afterHooks": [],
              "tests": [
                {
                  "title": "Deve retornar erro quando a descrição não for informada",
                  "fullTitle": "Expense External - HTTP Rest POST /expenses Deve retornar erro quando a descrição não for informada",
                  "timedOut": false,
                  "duration": 5,
                  "state": "passed",
                  "speed": "fast",
                  "pass": true,
                  "fail": false,
                  "pending": false,
                  "context": null,
                  "code": "const response = await request(process.env.BASE_URL_REST)\n  .post(\"/expenses\")\n  .set(\"Authorization\", `Bearer ${token}`)\n  .send(test.createExpense);\nexpect(response.status).to.equal(test.statusCode);\nexpect(response.body.message).to.equal(test.expectedMessage);",
                  "err": {},
                  "uuid": "2427c800-a4f7-4ace-b250-bb70c8ad9019",
                  "parentUUID": "947f0795-8cfc-485c-9d7d-53812c13fc82",
                  "isHook": false,
                  "skipped": false
                },
                {
                  "title": "Deve retornar erro quando o valor não for informado",
                  "fullTitle": "Expense External - HTTP Rest POST /expenses Deve retornar erro quando o valor não for informado",
                  "timedOut": false,
                  "duration": 3,
                  "state": "passed",
                  "speed": "fast",
                  "pass": true,
                  "fail": false,
                  "pending": false,
                  "context": null,
                  "code": "const response = await request(process.env.BASE_URL_REST)\n  .post(\"/expenses\")\n  .set(\"Authorization\", `Bearer ${token}`)\n  .send(test.createExpense);\nexpect(response.status).to.equal(test.statusCode);\nexpect(response.body.message).to.equal(test.expectedMessage);",
                  "err": {},
                  "uuid": "be721af6-6585-4afc-b45c-4872b17ca579",
                  "parentUUID": "947f0795-8cfc-485c-9d7d-53812c13fc82",
                  "isHook": false,
                  "skipped": false
                },
                {
                  "title": "Deve retornar erro quando a data não for informada",
                  "fullTitle": "Expense External - HTTP Rest POST /expenses Deve retornar erro quando a data não for informada",
                  "timedOut": false,
                  "duration": 3,
                  "state": "passed",
                  "speed": "fast",
                  "pass": true,
                  "fail": false,
                  "pending": false,
                  "context": null,
                  "code": "const response = await request(process.env.BASE_URL_REST)\n  .post(\"/expenses\")\n  .set(\"Authorization\", `Bearer ${token}`)\n  .send(test.createExpense);\nexpect(response.status).to.equal(test.statusCode);\nexpect(response.body.message).to.equal(test.expectedMessage);",
                  "err": {},
                  "uuid": "853a6b96-b25c-435a-bb66-14d5902304ff",
                  "parentUUID": "947f0795-8cfc-485c-9d7d-53812c13fc82",
                  "isHook": false,
                  "skipped": false
                },
                {
                  "title": "Deve retornar erro quando a inclusão de uma despesa for feita sem token de autenticação",
                  "fullTitle": "Expense External - HTTP Rest POST /expenses Deve retornar erro quando a inclusão de uma despesa for feita sem token de autenticação",
                  "timedOut": false,
                  "duration": 2,
                  "state": "passed",
                  "speed": "fast",
                  "pass": true,
                  "fail": false,
                  "pending": false,
                  "context": null,
                  "code": "const expenseRequest = require(\"../../fixture/requests/expense/expenseRequest.json\");\nconst response = await request(process.env.BASE_URL_REST)\n  .post(\"/expenses\")\n  .send(expenseRequest);\nexpect(response.status).to.equal(401);\nexpect(response.body.message).to.equal(\"Token não fornecido\");",
                  "err": {},
                  "uuid": "7e3794f2-db03-4ed6-a721-45a674df6fba",
                  "parentUUID": "947f0795-8cfc-485c-9d7d-53812c13fc82",
                  "isHook": false,
                  "skipped": false
                },
                {
                  "title": "Deve registrar uma despesa com sucesso",
                  "fullTitle": "Expense External - HTTP Rest POST /expenses Deve registrar uma despesa com sucesso",
                  "timedOut": false,
                  "duration": 4,
                  "state": "passed",
                  "speed": "fast",
                  "pass": true,
                  "fail": false,
                  "pending": false,
                  "context": null,
                  "code": "const expenseRequest = require(\"../../fixture/requests/expense/expenseRequest.json\");\nconst response = await request(process.env.BASE_URL_REST)\n  .post(\"/expenses\")\n  .set(\"Authorization\", `Bearer ${token}`)\n  .send(expenseRequest);\nconst expectedResponse = require(\"../../fixture/responses/expense/createExpenseSuccessfulResponse.json\");\nexpect(response.status).to.equal(expectedResponse.statusCode);\nexpect(response.body)\n  .excluding([\"date\", \"id\"])\n  .to.deep.equal(expectedResponse.body);\nexpenseId = response.body.id;",
                  "err": {},
                  "uuid": "5b04aece-4e80-42e3-b8e4-aa6bc68e43ca",
                  "parentUUID": "947f0795-8cfc-485c-9d7d-53812c13fc82",
                  "isHook": false,
                  "skipped": false
                }
              ],
              "suites": [],
              "passes": [
                "2427c800-a4f7-4ace-b250-bb70c8ad9019",
                "be721af6-6585-4afc-b45c-4872b17ca579",
                "853a6b96-b25c-435a-bb66-14d5902304ff",
                "7e3794f2-db03-4ed6-a721-45a674df6fba",
                "5b04aece-4e80-42e3-b8e4-aa6bc68e43ca"
              ],
              "failures": [],
              "pending": [],
              "skipped": [],
              "duration": 17,
              "root": false,
              "rootEmpty": false,
              "_timeout": 10000
            },
            {
              "uuid": "a65028d9-05a0-4ceb-9975-e8c4f2781c45",
              "title": "PUT /expenses",
              "fullFile": "/home/runner/work/trabalho-final-automacao-api/trabalho-final-automacao-api/test/rest/external/expense/expenseExternal.rest.test.js",
              "file": "/test/rest/external/expense/expenseExternal.rest.test.js",
              "beforeHooks": [],
              "afterHooks": [],
              "tests": [
                {
                  "title": "Deve retornar erro quando a descrição não for informada",
                  "fullTitle": "Expense External - HTTP Rest PUT /expenses Deve retornar erro quando a descrição não for informada",
                  "timedOut": false,
                  "duration": 3,
                  "state": "passed",
                  "speed": "fast",
                  "pass": true,
                  "fail": false,
                  "pending": false,
                  "context": null,
                  "code": "const response = await request(process.env.BASE_URL_REST)\n  .put(`/expenses/${expenseId}`)\n  .set(\"Authorization\", `Bearer ${token}`)\n  .send(test.editExpense);\nexpect(response.status).to.equal(test.statusCode);\nexpect(response.body.message).to.equal(test.expectedMessage);",
                  "err": {},
                  "uuid": "3fbb95d8-2f0f-4cf2-8e6a-c0dbb6a8ce5e",
                  "parentUUID": "a65028d9-05a0-4ceb-9975-e8c4f2781c45",
                  "isHook": false,
                  "skipped": false
                },
                {
                  "title": "Deve retornar erro quando o valor não for informado",
                  "fullTitle": "Expense External - HTTP Rest PUT /expenses Deve retornar erro quando o valor não for informado",
                  "timedOut": false,
                  "duration": 3,
                  "state": "passed",
                  "speed": "fast",
                  "pass": true,
                  "fail": false,
                  "pending": false,
                  "context": null,
                  "code": "const response = await request(process.env.BASE_URL_REST)\n  .put(`/expenses/${expenseId}`)\n  .set(\"Authorization\", `Bearer ${token}`)\n  .send(test.editExpense);\nexpect(response.status).to.equal(test.statusCode);\nexpect(response.body.message).to.equal(test.expectedMessage);",
                  "err": {},
                  "uuid": "1de95bca-f0a9-436d-8042-dfbcb32b37a1",
                  "parentUUID": "a65028d9-05a0-4ceb-9975-e8c4f2781c45",
                  "isHook": false,
                  "skipped": false
                },
                {
                  "title": "Deve retornar erro quando o valor menor que zero",
                  "fullTitle": "Expense External - HTTP Rest PUT /expenses Deve retornar erro quando o valor menor que zero",
                  "timedOut": false,
                  "duration": 3,
                  "state": "passed",
                  "speed": "fast",
                  "pass": true,
                  "fail": false,
                  "pending": false,
                  "context": null,
                  "code": "const response = await request(process.env.BASE_URL_REST)\n  .put(`/expenses/${expenseId}`)\n  .set(\"Authorization\", `Bearer ${token}`)\n  .send(test.editExpense);\nexpect(response.status).to.equal(test.statusCode);\nexpect(response.body.message).to.equal(test.expectedMessage);",
                  "err": {},
                  "uuid": "dc83f52a-895a-410a-b1a6-7eddfd1d12f6",
                  "parentUUID": "a65028d9-05a0-4ceb-9975-e8c4f2781c45",
                  "isHook": false,
                  "skipped": false
                },
                {
                  "title": "Deve retornar erro quando o valor for igual a zero",
                  "fullTitle": "Expense External - HTTP Rest PUT /expenses Deve retornar erro quando o valor for igual a zero",
                  "timedOut": false,
                  "duration": 4,
                  "state": "passed",
                  "speed": "fast",
                  "pass": true,
                  "fail": false,
                  "pending": false,
                  "context": null,
                  "code": "const response = await request(process.env.BASE_URL_REST)\n  .put(`/expenses/${expenseId}`)\n  .set(\"Authorization\", `Bearer ${token}`)\n  .send(test.editExpense);\nexpect(response.status).to.equal(test.statusCode);\nexpect(response.body.message).to.equal(test.expectedMessage);",
                  "err": {},
                  "uuid": "515ee749-444f-434a-b5dc-17ed7b790a0c",
                  "parentUUID": "a65028d9-05a0-4ceb-9975-e8c4f2781c45",
                  "isHook": false,
                  "skipped": false
                },
                {
                  "title": "Deve retornar erro quando a data não for informada",
                  "fullTitle": "Expense External - HTTP Rest PUT /expenses Deve retornar erro quando a data não for informada",
                  "timedOut": false,
                  "duration": 3,
                  "state": "passed",
                  "speed": "fast",
                  "pass": true,
                  "fail": false,
                  "pending": false,
                  "context": null,
                  "code": "const response = await request(process.env.BASE_URL_REST)\n  .put(`/expenses/${expenseId}`)\n  .set(\"Authorization\", `Bearer ${token}`)\n  .send(test.editExpense);\nexpect(response.status).to.equal(test.statusCode);\nexpect(response.body.message).to.equal(test.expectedMessage);",
                  "err": {},
                  "uuid": "1e8fa68b-68e9-4212-bce8-6978b0aaa408",
                  "parentUUID": "a65028d9-05a0-4ceb-9975-e8c4f2781c45",
                  "isHook": false,
                  "skipped": false
                },
                {
                  "title": "Deve retornar erro quando a edição de uma despesa for feita sem token de autenticação",
                  "fullTitle": "Expense External - HTTP Rest PUT /expenses Deve retornar erro quando a edição de uma despesa for feita sem token de autenticação",
                  "timedOut": false,
                  "duration": 2,
                  "state": "passed",
                  "speed": "fast",
                  "pass": true,
                  "fail": false,
                  "pending": false,
                  "context": null,
                  "code": "const expenseRequest = require(\"../../fixture/requests/expense/expenseRequest.json\");\nconst response = await request(process.env.BASE_URL_REST)\n  .put(`/expenses/${expenseId}`)\n  .send(expenseRequest);\nexpect(response.status).to.equal(401);\nexpect(response.body.message).to.equal(\"Token não fornecido\");",
                  "err": {},
                  "uuid": "4d2494a3-0a7b-474f-8b6e-e35ca1548ca8",
                  "parentUUID": "a65028d9-05a0-4ceb-9975-e8c4f2781c45",
                  "isHook": false,
                  "skipped": false
                },
                {
                  "title": "Deve editar uma despesa com sucesso",
                  "fullTitle": "Expense External - HTTP Rest PUT /expenses Deve editar uma despesa com sucesso",
                  "timedOut": false,
                  "duration": 4,
                  "state": "passed",
                  "speed": "fast",
                  "pass": true,
                  "fail": false,
                  "pending": false,
                  "context": null,
                  "code": "const expenseRequest = require(\"../../fixture/requests/expense/expenseRequest.json\");\nconst response = await request(process.env.BASE_URL_REST)\n  .put(`/expenses/${expenseId}`)\n  .set(\"Authorization\", `Bearer ${token}`)\n  .send(expenseRequest);\nconst expectedResponse = require(\"../../fixture/responses/expense/editExpenseSuccessfulResponse.json\");\nexpect(response.status).to.equal(expectedResponse.statusCode);\nexpect(response.body)\n  .excluding(\"date\")\n  .to.deep.equal(expectedResponse.body);",
                  "err": {},
                  "uuid": "84dfd178-80e7-4174-9fa6-c05c6e5b313d",
                  "parentUUID": "a65028d9-05a0-4ceb-9975-e8c4f2781c45",
                  "isHook": false,
                  "skipped": false
                }
              ],
              "suites": [],
              "passes": [
                "3fbb95d8-2f0f-4cf2-8e6a-c0dbb6a8ce5e",
                "1de95bca-f0a9-436d-8042-dfbcb32b37a1",
                "dc83f52a-895a-410a-b1a6-7eddfd1d12f6",
                "515ee749-444f-434a-b5dc-17ed7b790a0c",
                "1e8fa68b-68e9-4212-bce8-6978b0aaa408",
                "4d2494a3-0a7b-474f-8b6e-e35ca1548ca8",
                "84dfd178-80e7-4174-9fa6-c05c6e5b313d"
              ],
              "failures": [],
              "pending": [],
              "skipped": [],
              "duration": 22,
              "root": false,
              "rootEmpty": false,
              "_timeout": 10000
            }
          ],
          "passes": [],
          "failures": [],
          "pending": [],
          "skipped": [],
          "duration": 0,
          "root": false,
          "rootEmpty": false,
          "_timeout": 10000
        },
        {
          "uuid": "e7bca35f-563b-4a91-8922-4708602b0cea",
          "title": "User External - HTTP Rest",
          "fullFile": "/home/runner/work/trabalho-final-automacao-api/trabalho-final-automacao-api/test/rest/external/user/userExternal.rest.test.js",
          "file": "/test/rest/external/user/userExternal.rest.test.js",
          "beforeHooks": [],
          "afterHooks": [],
          "tests": [],
          "suites": [
            {
              "uuid": "132ccf04-8ab8-4658-a991-ba4883592df0",
              "title": "POST /users/register",
              "fullFile": "/home/runner/work/trabalho-final-automacao-api/trabalho-final-automacao-api/test/rest/external/user/userExternal.rest.test.js",
              "file": "/test/rest/external/user/userExternal.rest.test.js",
              "beforeHooks": [],
              "afterHooks": [],
              "tests": [
                {
                  "title": "Deve retornar erro quando o usuário não for informado",
                  "fullTitle": "User External - HTTP Rest POST /users/register Deve retornar erro quando o usuário não for informado",
                  "timedOut": false,
                  "duration": 3,
                  "state": "passed",
                  "speed": "fast",
                  "pass": true,
                  "fail": false,
                  "pending": false,
                  "context": null,
                  "code": "const response = await request(process.env.BASE_URL_REST)\n  .post(\"/users/register\")\n  .send(test.createUser);\nexpect(response.status).to.equal(test.statusCode);\nexpect(response.body.message).to.equal(test.expectedMessage);",
                  "err": {},
                  "uuid": "f7889754-85bb-4790-8e03-4bed85d1db2d",
                  "parentUUID": "132ccf04-8ab8-4658-a991-ba4883592df0",
                  "isHook": false,
                  "skipped": false
                },
                {
                  "title": "Deve retornar erro quando a senha não for informada",
                  "fullTitle": "User External - HTTP Rest POST /users/register Deve retornar erro quando a senha não for informada",
                  "timedOut": false,
                  "duration": 2,
                  "state": "passed",
                  "speed": "fast",
                  "pass": true,
                  "fail": false,
                  "pending": false,
                  "context": null,
                  "code": "const response = await request(process.env.BASE_URL_REST)\n  .post(\"/users/register\")\n  .send(test.createUser);\nexpect(response.status).to.equal(test.statusCode);\nexpect(response.body.message).to.equal(test.expectedMessage);",
                  "err": {},
                  "uuid": "c583d126-04fb-497d-9e2f-cf118f4cb88f",
                  "parentUUID": "132ccf04-8ab8-4658-a991-ba4883592df0",
                  "isHook": false,
                  "skipped": false
                },
                {
                  "title": "Deve retornar erro quando o usuário já existir",
                  "fullTitle": "User External - HTTP Rest POST /users/register Deve retornar erro quando o usuário já existir",
                  "timedOut": false,
                  "duration": 2,
                  "state": "passed",
                  "speed": "fast",
                  "pass": true,
                  "fail": false,
                  "pending": false,
                  "context": null,
                  "code": "const response = await request(process.env.BASE_URL_REST)\n  .post(\"/users/register\")\n  .send(test.createUser);\nexpect(response.status).to.equal(test.statusCode);\nexpect(response.body.message).to.equal(test.expectedMessage);",
                  "err": {},
                  "uuid": "546074b6-e4dd-4e52-83c4-cf340135d95b",
                  "parentUUID": "132ccf04-8ab8-4658-a991-ba4883592df0",
                  "isHook": false,
                  "skipped": false
                },
                {
                  "title": "Deve criar usuário com sucesso",
                  "fullTitle": "User External - HTTP Rest POST /users/register Deve criar usuário com sucesso",
                  "timedOut": false,
                  "duration": 85,
                  "state": "passed",
                  "speed": "slow",
                  "pass": true,
                  "fail": false,
                  "pending": false,
                  "context": null,
                  "code": "const response = await request(process.env.BASE_URL_REST)\n  .post(\"/users/register\")\n  .send({\n    username: `user${Math.random()}`,\n    password: \"password\",\n  });\nconst expectedResponse = require(\"../../fixture/responses/user/createUserResponseSuccessful.json\");\nexpect(response.status).to.equal(expectedResponse.statusCode);\nexpect(response.body).to.deep.equal(expectedResponse.body);",
                  "err": {},
                  "uuid": "70278777-bafa-4666-ac02-8453e0346496",
                  "parentUUID": "132ccf04-8ab8-4658-a991-ba4883592df0",
                  "isHook": false,
                  "skipped": false
                }
              ],
              "suites": [],
              "passes": [
                "f7889754-85bb-4790-8e03-4bed85d1db2d",
                "c583d126-04fb-497d-9e2f-cf118f4cb88f",
                "546074b6-e4dd-4e52-83c4-cf340135d95b",
                "70278777-bafa-4666-ac02-8453e0346496"
              ],
              "failures": [],
              "pending": [],
              "skipped": [],
              "duration": 92,
              "root": false,
              "rootEmpty": false,
              "_timeout": 10000
            },
            {
              "uuid": "e50f2df7-ae50-4a6f-89a4-39bd619656ef",
              "title": "POST /users/login",
              "fullFile": "/home/runner/work/trabalho-final-automacao-api/trabalho-final-automacao-api/test/rest/external/user/userExternal.rest.test.js",
              "file": "/test/rest/external/user/userExternal.rest.test.js",
              "beforeHooks": [],
              "afterHooks": [],
              "tests": [
                {
                  "title": "Deve retornar erro quando o usuário não for informado",
                  "fullTitle": "User External - HTTP Rest POST /users/login Deve retornar erro quando o usuário não for informado",
                  "timedOut": false,
                  "duration": 3,
                  "state": "passed",
                  "speed": "fast",
                  "pass": true,
                  "fail": false,
                  "pending": false,
                  "context": null,
                  "code": "const response = await request(process.env.BASE_URL_REST)\n  .post(\"/users/login\")\n  .send(test.loginUser);\nexpect(response.status).to.equal(test.statusCode);\nexpect(response.body.message).to.equal(test.expectedMessage);",
                  "err": {},
                  "uuid": "fc7f3b64-72c7-4719-8eff-b63d80055e70",
                  "parentUUID": "e50f2df7-ae50-4a6f-89a4-39bd619656ef",
                  "isHook": false,
                  "skipped": false
                },
                {
                  "title": "Deve retornar erro quando a senha não for informada",
                  "fullTitle": "User External - HTTP Rest POST /users/login Deve retornar erro quando a senha não for informada",
                  "timedOut": false,
                  "duration": 2,
                  "state": "passed",
                  "speed": "fast",
                  "pass": true,
                  "fail": false,
                  "pending": false,
                  "context": null,
                  "code": "const response = await request(process.env.BASE_URL_REST)\n  .post(\"/users/login\")\n  .send(test.loginUser);\nexpect(response.status).to.equal(test.statusCode);\nexpect(response.body.message).to.equal(test.expectedMessage);",
                  "err": {},
                  "uuid": "159ab10e-934d-4d51-858a-ae501ed025cd",
                  "parentUUID": "e50f2df7-ae50-4a6f-89a4-39bd619656ef",
                  "isHook": false,
                  "skipped": false
                },
                {
                  "title": "Deve retornar erro quando informar usuário inexistente",
                  "fullTitle": "User External - HTTP Rest POST /users/login Deve retornar erro quando informar usuário inexistente",
                  "timedOut": false,
                  "duration": 2,
                  "state": "passed",
                  "speed": "fast",
                  "pass": true,
                  "fail": false,
                  "pending": false,
                  "context": null,
                  "code": "const response = await request(process.env.BASE_URL_REST)\n  .post(\"/users/login\")\n  .send(test.loginUser);\nexpect(response.status).to.equal(test.statusCode);\nexpect(response.body.message).to.equal(test.expectedMessage);",
                  "err": {},
                  "uuid": "bca3883a-8669-4081-a0a3-77723e357241",
                  "parentUUID": "e50f2df7-ae50-4a6f-89a4-39bd619656ef",
                  "isHook": false,
                  "skipped": false
                },
                {
                  "title": "Deve retornar erro quando informar senha incorreta",
                  "fullTitle": "User External - HTTP Rest POST /users/login Deve retornar erro quando informar senha incorreta",
                  "timedOut": false,
                  "duration": 23,
                  "state": "passed",
                  "speed": "fast",
                  "pass": true,
                  "fail": false,
                  "pending": false,
                  "context": null,
                  "code": "const response = await request(process.env.BASE_URL_REST)\n  .post(\"/users/login\")\n  .send(test.loginUser);\nexpect(response.status).to.equal(test.statusCode);\nexpect(response.body.message).to.equal(test.expectedMessage);",
                  "err": {},
                  "uuid": "7e535c41-620b-49aa-b1d3-a33b9f2c3e42",
                  "parentUUID": "e50f2df7-ae50-4a6f-89a4-39bd619656ef",
                  "isHook": false,
                  "skipped": false
                },
                {
                  "title": "Deve realizar o login com sucesso",
                  "fullTitle": "User External - HTTP Rest POST /users/login Deve realizar o login com sucesso",
                  "timedOut": false,
                  "duration": 24,
                  "state": "passed",
                  "speed": "fast",
                  "pass": true,
                  "fail": false,
                  "pending": false,
                  "context": null,
                  "code": "const loginRequest = require(\"../../fixture/requests/user/loginRequest.json\");\nconst response = await request(process.env.BASE_URL_REST)\n  .post(\"/users/login\")\n  .send(loginRequest);\nexpect(response.status).to.equal(200);\nexpect(response.body.token).to.be.not.null;",
                  "err": {},
                  "uuid": "6fa5831e-9408-44e1-9a3d-9e7053f2b66f",
                  "parentUUID": "e50f2df7-ae50-4a6f-89a4-39bd619656ef",
                  "isHook": false,
                  "skipped": false
                }
              ],
              "suites": [],
              "passes": [
                "fc7f3b64-72c7-4719-8eff-b63d80055e70",
                "159ab10e-934d-4d51-858a-ae501ed025cd",
                "bca3883a-8669-4081-a0a3-77723e357241",
                "7e535c41-620b-49aa-b1d3-a33b9f2c3e42",
                "6fa5831e-9408-44e1-9a3d-9e7053f2b66f"
              ],
              "failures": [],
              "pending": [],
              "skipped": [],
              "duration": 54,
              "root": false,
              "rootEmpty": false,
              "_timeout": 10000
            }
          ],
          "passes": [],
          "failures": [],
          "pending": [],
          "skipped": [],
          "duration": 0,
          "root": false,
          "rootEmpty": false,
          "_timeout": 10000
        }
      ],
      "passes": [],
      "failures": [],
      "pending": [],
      "skipped": [],
      "duration": 0,
      "root": true,
      "rootEmpty": true,
      "_timeout": 10000
    }
  ],
  "meta": {
    "mocha": {
      "version": "11.7.2"
    },
    "mochawesome": {
      "options": {
        "quiet": false,
        "reportFilename": "mochawesome",
        "saveHtml": true,
        "saveJson": true,
        "consoleReporter": "spec",
        "useInlineDiffs": false,
        "code": true
      },
      "version": "7.1.4"
    },
    "marge": {
      "options": {
        "reportDir": "mochawesome-report",
        "overwrite": "false"
      },
      "version": "6.3.0"
    }
  }
}