{
  "stats": {
    "suites": 12,
    "tests": 38,
    "passes": 38,
    "pending": 0,
    "failures": 0,
    "start": "2025-12-11T00:55:03.454Z",
    "end": "2025-12-11T00:55:03.774Z",
    "duration": 320,
    "testsRegistered": 38,
    "passPercent": 100,
    "pendingPercent": 0,
    "other": 0,
    "hasOther": false,
    "skipped": 0,
    "hasSkipped": false
  },
  "results": [
    {
      "uuid": "a5ce07c0-e859-4532-adb1-15101a3e8057",
      "title": "",
      "fullFile": "",
      "file": "",
      "beforeHooks": [],
      "afterHooks": [],
      "tests": [],
      "suites": [
        {
          "uuid": "fcdb28c2-b66e-444a-9c91-bd9d5eb1b381",
          "title": "Expense Controller",
          "fullFile": "/home/runner/work/trabalho-final-automacao-api/trabalho-final-automacao-api/test/rest/controller/expense/expenseController.test.js",
          "file": "/test/rest/controller/expense/expenseController.test.js",
          "beforeHooks": [
            {
              "title": "\"before all\" hook in \"Expense Controller\"",
              "fullTitle": "Expense Controller \"before all\" hook in \"Expense Controller\"",
              "timedOut": false,
              "duration": 44,
              "state": null,
              "speed": null,
              "pass": false,
              "fail": false,
              "pending": false,
              "context": null,
              "code": "const loginRequest = require(\"../../fixture/requests/user/loginRequest.json\");\nconst respostaLogin = await request(app)\n  .post(\"/users/login\")\n  .send(loginRequest);\ntoken = respostaLogin.body.token;",
              "err": {},
              "uuid": "60c1efd1-1e3c-43eb-85e2-9e6aa7610007",
              "parentUUID": "fcdb28c2-b66e-444a-9c91-bd9d5eb1b381",
              "isHook": true,
              "skipped": false
            }
          ],
          "afterHooks": [],
          "tests": [],
          "suites": [
            {
              "uuid": "8730cb34-7de7-4dd1-99b1-9f804af02c31",
              "title": "POST /expenses",
              "fullFile": "/home/runner/work/trabalho-final-automacao-api/trabalho-final-automacao-api/test/rest/controller/expense/expenseController.test.js",
              "file": "/test/rest/controller/expense/expenseController.test.js",
              "beforeHooks": [],
              "afterHooks": [],
              "tests": [
                {
                  "title": "Deve retornar erro quando a descrição não for informada",
                  "fullTitle": "Expense Controller POST /expenses Deve retornar erro quando a descrição não for informada",
                  "timedOut": false,
                  "duration": 7,
                  "state": "passed",
                  "speed": "fast",
                  "pass": true,
                  "fail": false,
                  "pending": false,
                  "context": null,
                  "code": "const response = await request(app)\n  .post(\"/expenses\")\n  .set(\"Authorization\", `Bearer ${token}`)\n  .send(test.createExpense);\nexpect(response.status).to.equal(test.statusCode);\nexpect(response.body.message).to.equal(test.expectedMessage);",
                  "err": {},
                  "uuid": "c52768cd-b901-4efe-8ea2-8c14f1521460",
                  "parentUUID": "8730cb34-7de7-4dd1-99b1-9f804af02c31",
                  "isHook": false,
                  "skipped": false
                },
                {
                  "title": "Deve retornar erro quando o valor não for informado",
                  "fullTitle": "Expense Controller POST /expenses Deve retornar erro quando o valor não for informado",
                  "timedOut": false,
                  "duration": 5,
                  "state": "passed",
                  "speed": "fast",
                  "pass": true,
                  "fail": false,
                  "pending": false,
                  "context": null,
                  "code": "const response = await request(app)\n  .post(\"/expenses\")\n  .set(\"Authorization\", `Bearer ${token}`)\n  .send(test.createExpense);\nexpect(response.status).to.equal(test.statusCode);\nexpect(response.body.message).to.equal(test.expectedMessage);",
                  "err": {},
                  "uuid": "9cbfa250-f82f-49eb-ae92-e6175276972d",
                  "parentUUID": "8730cb34-7de7-4dd1-99b1-9f804af02c31",
                  "isHook": false,
                  "skipped": false
                },
                {
                  "title": "Deve retornar erro quando a data não for informada",
                  "fullTitle": "Expense Controller POST /expenses Deve retornar erro quando a data não for informada",
                  "timedOut": false,
                  "duration": 4,
                  "state": "passed",
                  "speed": "fast",
                  "pass": true,
                  "fail": false,
                  "pending": false,
                  "context": null,
                  "code": "const response = await request(app)\n  .post(\"/expenses\")\n  .set(\"Authorization\", `Bearer ${token}`)\n  .send(test.createExpense);\nexpect(response.status).to.equal(test.statusCode);\nexpect(response.body.message).to.equal(test.expectedMessage);",
                  "err": {},
                  "uuid": "5d104f48-3ed8-4396-8f43-1e5d771803e8",
                  "parentUUID": "8730cb34-7de7-4dd1-99b1-9f804af02c31",
                  "isHook": false,
                  "skipped": false
                },
                {
                  "title": "Deve registrar uma despesa com sucesso",
                  "fullTitle": "Expense Controller POST /expenses Deve registrar uma despesa com sucesso",
                  "timedOut": false,
                  "duration": 5,
                  "state": "passed",
                  "speed": "fast",
                  "pass": true,
                  "fail": false,
                  "pending": false,
                  "context": null,
                  "code": "const expenseRequest = require(\"../../fixture/requests/expense/expenseRequest.json\");\nconst response = await request(app)\n  .post(\"/expenses\")\n  .set(\"Authorization\", `Bearer ${token}`)\n  .send(expenseRequest);\nconst expectedResponse = require(\"../../fixture/responses/expense/createExpenseSuccessfulResponse.json\");\nexpect(response.status).to.equal(expectedResponse.statusCode);\nexpect(response.body)\n  .excluding(\"date\")\n  .to.deep.equal(expectedResponse.body);",
                  "err": {},
                  "uuid": "bdc5d9d1-578a-4fdc-8237-76fddb0d1319",
                  "parentUUID": "8730cb34-7de7-4dd1-99b1-9f804af02c31",
                  "isHook": false,
                  "skipped": false
                }
              ],
              "suites": [],
              "passes": [
                "c52768cd-b901-4efe-8ea2-8c14f1521460",
                "9cbfa250-f82f-49eb-ae92-e6175276972d",
                "5d104f48-3ed8-4396-8f43-1e5d771803e8",
                "bdc5d9d1-578a-4fdc-8237-76fddb0d1319"
              ],
              "failures": [],
              "pending": [],
              "skipped": [],
              "duration": 21,
              "root": false,
              "rootEmpty": false,
              "_timeout": 10000
            },
            {
              "uuid": "4ae45056-e2db-4d51-9faf-6b417310da2b",
              "title": "PUT /expenses/:id",
              "fullFile": "/home/runner/work/trabalho-final-automacao-api/trabalho-final-automacao-api/test/rest/controller/expense/expenseController.test.js",
              "file": "/test/rest/controller/expense/expenseController.test.js",
              "beforeHooks": [],
              "afterHooks": [],
              "tests": [
                {
                  "title": "Deve retornar erro quando a descrição não for informada",
                  "fullTitle": "Expense Controller PUT /expenses/:id Deve retornar erro quando a descrição não for informada",
                  "timedOut": false,
                  "duration": 4,
                  "state": "passed",
                  "speed": "fast",
                  "pass": true,
                  "fail": false,
                  "pending": false,
                  "context": null,
                  "code": "const response = await request(app)\n  .put(\"/expenses/1\")\n  .set(\"Authorization\", `Bearer ${token}`)\n  .send(test.editExpense);\nexpect(response.status).to.equal(test.statusCode);\nexpect(response.body.message).to.equal(test.expectedMessage);",
                  "err": {},
                  "uuid": "661670ab-07b6-43c8-8ebc-9188d9c61b76",
                  "parentUUID": "4ae45056-e2db-4d51-9faf-6b417310da2b",
                  "isHook": false,
                  "skipped": false
                },
                {
                  "title": "Deve retornar erro quando o valor não for informado",
                  "fullTitle": "Expense Controller PUT /expenses/:id Deve retornar erro quando o valor não for informado",
                  "timedOut": false,
                  "duration": 3,
                  "state": "passed",
                  "speed": "fast",
                  "pass": true,
                  "fail": false,
                  "pending": false,
                  "context": null,
                  "code": "const response = await request(app)\n  .put(\"/expenses/1\")\n  .set(\"Authorization\", `Bearer ${token}`)\n  .send(test.editExpense);\nexpect(response.status).to.equal(test.statusCode);\nexpect(response.body.message).to.equal(test.expectedMessage);",
                  "err": {},
                  "uuid": "e02b37f5-8159-4924-a315-b46ccf00a276",
                  "parentUUID": "4ae45056-e2db-4d51-9faf-6b417310da2b",
                  "isHook": false,
                  "skipped": false
                },
                {
                  "title": "Deve retornar erro quando o valor menor que zero",
                  "fullTitle": "Expense Controller PUT /expenses/:id Deve retornar erro quando o valor menor que zero",
                  "timedOut": false,
                  "duration": 3,
                  "state": "passed",
                  "speed": "fast",
                  "pass": true,
                  "fail": false,
                  "pending": false,
                  "context": null,
                  "code": "const response = await request(app)\n  .put(\"/expenses/1\")\n  .set(\"Authorization\", `Bearer ${token}`)\n  .send(test.editExpense);\nexpect(response.status).to.equal(test.statusCode);\nexpect(response.body.message).to.equal(test.expectedMessage);",
                  "err": {},
                  "uuid": "0745a83d-cd9b-4ece-b96d-a305db3fda9b",
                  "parentUUID": "4ae45056-e2db-4d51-9faf-6b417310da2b",
                  "isHook": false,
                  "skipped": false
                },
                {
                  "title": "Deve retornar erro quando o valor for igual a zero",
                  "fullTitle": "Expense Controller PUT /expenses/:id Deve retornar erro quando o valor for igual a zero",
                  "timedOut": false,
                  "duration": 4,
                  "state": "passed",
                  "speed": "fast",
                  "pass": true,
                  "fail": false,
                  "pending": false,
                  "context": null,
                  "code": "const response = await request(app)\n  .put(\"/expenses/1\")\n  .set(\"Authorization\", `Bearer ${token}`)\n  .send(test.editExpense);\nexpect(response.status).to.equal(test.statusCode);\nexpect(response.body.message).to.equal(test.expectedMessage);",
                  "err": {},
                  "uuid": "b2c2580a-5344-49bf-9274-0957379ad427",
                  "parentUUID": "4ae45056-e2db-4d51-9faf-6b417310da2b",
                  "isHook": false,
                  "skipped": false
                },
                {
                  "title": "Deve retornar erro quando a data não for informada",
                  "fullTitle": "Expense Controller PUT /expenses/:id Deve retornar erro quando a data não for informada",
                  "timedOut": false,
                  "duration": 3,
                  "state": "passed",
                  "speed": "fast",
                  "pass": true,
                  "fail": false,
                  "pending": false,
                  "context": null,
                  "code": "const response = await request(app)\n  .put(\"/expenses/1\")\n  .set(\"Authorization\", `Bearer ${token}`)\n  .send(test.editExpense);\nexpect(response.status).to.equal(test.statusCode);\nexpect(response.body.message).to.equal(test.expectedMessage);",
                  "err": {},
                  "uuid": "7fa3b936-62fc-4d86-bf3a-435312e65403",
                  "parentUUID": "4ae45056-e2db-4d51-9faf-6b417310da2b",
                  "isHook": false,
                  "skipped": false
                },
                {
                  "title": "Deve editar uma despesa com sucesso",
                  "fullTitle": "Expense Controller PUT /expenses/:id Deve editar uma despesa com sucesso",
                  "timedOut": false,
                  "duration": 3,
                  "state": "passed",
                  "speed": "fast",
                  "pass": true,
                  "fail": false,
                  "pending": false,
                  "context": null,
                  "code": "const expenseRequest = require(\"../../fixture/requests/expense/expenseRequest.json\");\nconst response = await request(app)\n  .put(\"/expenses/1\")\n  .set(\"Authorization\", `Bearer ${token}`)\n  .send(expenseRequest);\nconst expectedResponse = require(\"../../fixture/responses/expense/editExpenseSuccessfulResponse.json\");\nexpect(response.status).to.equal(expectedResponse.statusCode);\nexpect(response.body)\n  .excluding(\"date\")\n  .to.deep.equal(expectedResponse.body);",
                  "err": {},
                  "uuid": "b890690c-76f1-469f-88f9-35e130b2785b",
                  "parentUUID": "4ae45056-e2db-4d51-9faf-6b417310da2b",
                  "isHook": false,
                  "skipped": false
                }
              ],
              "suites": [],
              "passes": [
                "661670ab-07b6-43c8-8ebc-9188d9c61b76",
                "e02b37f5-8159-4924-a315-b46ccf00a276",
                "0745a83d-cd9b-4ece-b96d-a305db3fda9b",
                "b2c2580a-5344-49bf-9274-0957379ad427",
                "7fa3b936-62fc-4d86-bf3a-435312e65403",
                "b890690c-76f1-469f-88f9-35e130b2785b"
              ],
              "failures": [],
              "pending": [],
              "skipped": [],
              "duration": 20,
              "root": false,
              "rootEmpty": false,
              "_timeout": 10000
            }
          ],
          "passes": [],
          "failures": [],
          "pending": [],
          "skipped": [],
          "duration": 0,
          "root": false,
          "rootEmpty": false,
          "_timeout": 10000
        },
        {
          "uuid": "11eb643d-0668-4d2c-b5f7-72d9e4e4f320",
          "title": "Expense Controller - Mocked",
          "fullFile": "/home/runner/work/trabalho-final-automacao-api/trabalho-final-automacao-api/test/rest/controller/expense/expenseControllerMocked.test.js",
          "file": "/test/rest/controller/expense/expenseControllerMocked.test.js",
          "beforeHooks": [
            {
              "title": "\"before all\" hook in \"Expense Controller - Mocked\"",
              "fullTitle": "Expense Controller - Mocked \"before all\" hook in \"Expense Controller - Mocked\"",
              "timedOut": false,
              "duration": 24,
              "state": null,
              "speed": null,
              "pass": false,
              "fail": false,
              "pending": false,
              "context": null,
              "code": "const loginRequest = require(\"../../fixture/requests/user/loginRequest.json\");\nconst response = await request(app).post(\"/users/login\").send(loginRequest);\ntoken = response.body.token;",
              "err": {},
              "uuid": "729102bb-3ae3-432e-9ab3-0d06d3d6f543",
              "parentUUID": "11eb643d-0668-4d2c-b5f7-72d9e4e4f320",
              "isHook": true,
              "skipped": false
            }
          ],
          "afterHooks": [
            {
              "title": "\"after each\" hook in \"Expense Controller - Mocked\"",
              "fullTitle": "Expense Controller - Mocked \"after each\" hook in \"Expense Controller - Mocked\"",
              "timedOut": false,
              "duration": 0,
              "state": null,
              "speed": null,
              "pass": false,
              "fail": false,
              "pending": false,
              "context": null,
              "code": "sinon.restore();",
              "err": {},
              "uuid": "7b0cc2c3-8bca-4ecf-9598-2a3a85501312",
              "parentUUID": "11eb643d-0668-4d2c-b5f7-72d9e4e4f320",
              "isHook": true,
              "skipped": false
            }
          ],
          "tests": [],
          "suites": [
            {
              "uuid": "9a149153-bf96-44b4-80b0-d3d790676dfa",
              "title": "POST /expenses",
              "fullFile": "/home/runner/work/trabalho-final-automacao-api/trabalho-final-automacao-api/test/rest/controller/expense/expenseControllerMocked.test.js",
              "file": "/test/rest/controller/expense/expenseControllerMocked.test.js",
              "beforeHooks": [],
              "afterHooks": [],
              "tests": [
                {
                  "title": "Deve retornar erro quando a descrição não for informada",
                  "fullTitle": "Expense Controller - Mocked POST /expenses Deve retornar erro quando a descrição não for informada",
                  "timedOut": false,
                  "duration": 5,
                  "state": "passed",
                  "speed": "fast",
                  "pass": true,
                  "fail": false,
                  "pending": false,
                  "context": null,
                  "code": "const error = new Error(test.expectedMessage);\nerror.status = test.statusCode;\nconst expenseServiceMock = sinon.stub(expenseService, \"addExpense\");\nexpenseServiceMock.throws(error);\nconst response = await request(app)\n  .post(\"/expenses\")\n  .set(\"Authorization\", `Bearer ${token}`)\n  .send(test.createExpense);\nexpect(response.status).to.equal(test.statusCode);\nexpect(response.body.message).to.equal(test.expectedMessage);",
                  "err": {},
                  "uuid": "1d8808b0-08d4-45fc-b50a-419a8ee315ee",
                  "parentUUID": "9a149153-bf96-44b4-80b0-d3d790676dfa",
                  "isHook": false,
                  "skipped": false
                },
                {
                  "title": "Deve retornar erro quando o valor não for informado",
                  "fullTitle": "Expense Controller - Mocked POST /expenses Deve retornar erro quando o valor não for informado",
                  "timedOut": false,
                  "duration": 3,
                  "state": "passed",
                  "speed": "fast",
                  "pass": true,
                  "fail": false,
                  "pending": false,
                  "context": null,
                  "code": "const error = new Error(test.expectedMessage);\nerror.status = test.statusCode;\nconst expenseServiceMock = sinon.stub(expenseService, \"addExpense\");\nexpenseServiceMock.throws(error);\nconst response = await request(app)\n  .post(\"/expenses\")\n  .set(\"Authorization\", `Bearer ${token}`)\n  .send(test.createExpense);\nexpect(response.status).to.equal(test.statusCode);\nexpect(response.body.message).to.equal(test.expectedMessage);",
                  "err": {},
                  "uuid": "c6703633-c4dd-40e1-b5c1-10761d1347df",
                  "parentUUID": "9a149153-bf96-44b4-80b0-d3d790676dfa",
                  "isHook": false,
                  "skipped": false
                },
                {
                  "title": "Deve retornar erro quando a data não for informada",
                  "fullTitle": "Expense Controller - Mocked POST /expenses Deve retornar erro quando a data não for informada",
                  "timedOut": false,
                  "duration": 3,
                  "state": "passed",
                  "speed": "fast",
                  "pass": true,
                  "fail": false,
                  "pending": false,
                  "context": null,
                  "code": "const error = new Error(test.expectedMessage);\nerror.status = test.statusCode;\nconst expenseServiceMock = sinon.stub(expenseService, \"addExpense\");\nexpenseServiceMock.throws(error);\nconst response = await request(app)\n  .post(\"/expenses\")\n  .set(\"Authorization\", `Bearer ${token}`)\n  .send(test.createExpense);\nexpect(response.status).to.equal(test.statusCode);\nexpect(response.body.message).to.equal(test.expectedMessage);",
                  "err": {},
                  "uuid": "6aa5b652-fef1-4c37-bd91-7fc7dd28fda7",
                  "parentUUID": "9a149153-bf96-44b4-80b0-d3d790676dfa",
                  "isHook": false,
                  "skipped": false
                },
                {
                  "title": "Deve registrar uma despesa com sucesso",
                  "fullTitle": "Expense Controller - Mocked POST /expenses Deve registrar uma despesa com sucesso",
                  "timedOut": false,
                  "duration": 3,
                  "state": "passed",
                  "speed": "fast",
                  "pass": true,
                  "fail": false,
                  "pending": false,
                  "context": null,
                  "code": "const expenseRequest = require(\"../../fixture/requests/expense/expenseRequest.json\");\nconst expectedResponse = require(\"../../fixture/responses/expense/createExpenseSuccessfulResponse.json\");\nconst expenseServiceMock = sinon.stub(expenseService, \"addExpense\");\nexpenseServiceMock.returns(expectedResponse.body);\nconst response = await request(app)\n  .post(\"/expenses\")\n  .set(\"Authorization\", `Bearer ${token}`)\n  .send(expenseRequest);\nexpect(response.status).to.equal(expectedResponse.statusCode);\nexpect(response.body).to.deep.equal(expectedResponse.body);",
                  "err": {},
                  "uuid": "d7d45405-7580-4d64-8f8e-a75c1514295a",
                  "parentUUID": "9a149153-bf96-44b4-80b0-d3d790676dfa",
                  "isHook": false,
                  "skipped": false
                }
              ],
              "suites": [],
              "passes": [
                "1d8808b0-08d4-45fc-b50a-419a8ee315ee",
                "c6703633-c4dd-40e1-b5c1-10761d1347df",
                "6aa5b652-fef1-4c37-bd91-7fc7dd28fda7",
                "d7d45405-7580-4d64-8f8e-a75c1514295a"
              ],
              "failures": [],
              "pending": [],
              "skipped": [],
              "duration": 14,
              "root": false,
              "rootEmpty": false,
              "_timeout": 10000
            },
            {
              "uuid": "284051d8-497c-4424-88b5-d45993a24caa",
              "title": "PUT /expenses/:id",
              "fullFile": "/home/runner/work/trabalho-final-automacao-api/trabalho-final-automacao-api/test/rest/controller/expense/expenseControllerMocked.test.js",
              "file": "/test/rest/controller/expense/expenseControllerMocked.test.js",
              "beforeHooks": [],
              "afterHooks": [],
              "tests": [
                {
                  "title": "Deve retornar erro quando a descrição não for informada",
                  "fullTitle": "Expense Controller - Mocked PUT /expenses/:id Deve retornar erro quando a descrição não for informada",
                  "timedOut": false,
                  "duration": 3,
                  "state": "passed",
                  "speed": "fast",
                  "pass": true,
                  "fail": false,
                  "pending": false,
                  "context": null,
                  "code": "const error = new Error(test.expectedMessage);\nerror.status = test.statusCode;\nconst expenseServiceMock = sinon.stub(expenseService, \"editExpense\");\nexpenseServiceMock.throws(error);\nconst response = await request(app)\n  .put(\"/expenses/1\")\n  .set(\"Authorization\", `Bearer ${token}`)\n  .send(test.editExpense);\nexpect(response.status).to.equal(test.statusCode);\nexpect(response.body.message).to.equal(test.expectedMessage);",
                  "err": {},
                  "uuid": "827da4d4-8352-4e14-b2fe-3972547f73a0",
                  "parentUUID": "284051d8-497c-4424-88b5-d45993a24caa",
                  "isHook": false,
                  "skipped": false
                },
                {
                  "title": "Deve retornar erro quando o valor não for informado",
                  "fullTitle": "Expense Controller - Mocked PUT /expenses/:id Deve retornar erro quando o valor não for informado",
                  "timedOut": false,
                  "duration": 5,
                  "state": "passed",
                  "speed": "fast",
                  "pass": true,
                  "fail": false,
                  "pending": false,
                  "context": null,
                  "code": "const error = new Error(test.expectedMessage);\nerror.status = test.statusCode;\nconst expenseServiceMock = sinon.stub(expenseService, \"editExpense\");\nexpenseServiceMock.throws(error);\nconst response = await request(app)\n  .put(\"/expenses/1\")\n  .set(\"Authorization\", `Bearer ${token}`)\n  .send(test.editExpense);\nexpect(response.status).to.equal(test.statusCode);\nexpect(response.body.message).to.equal(test.expectedMessage);",
                  "err": {},
                  "uuid": "780f5a46-0a35-4aa1-8c78-7c4af4b81d16",
                  "parentUUID": "284051d8-497c-4424-88b5-d45993a24caa",
                  "isHook": false,
                  "skipped": false
                },
                {
                  "title": "Deve retornar erro quando o valor menor que zero",
                  "fullTitle": "Expense Controller - Mocked PUT /expenses/:id Deve retornar erro quando o valor menor que zero",
                  "timedOut": false,
                  "duration": 3,
                  "state": "passed",
                  "speed": "fast",
                  "pass": true,
                  "fail": false,
                  "pending": false,
                  "context": null,
                  "code": "const error = new Error(test.expectedMessage);\nerror.status = test.statusCode;\nconst expenseServiceMock = sinon.stub(expenseService, \"editExpense\");\nexpenseServiceMock.throws(error);\nconst response = await request(app)\n  .put(\"/expenses/1\")\n  .set(\"Authorization\", `Bearer ${token}`)\n  .send(test.editExpense);\nexpect(response.status).to.equal(test.statusCode);\nexpect(response.body.message).to.equal(test.expectedMessage);",
                  "err": {},
                  "uuid": "ad8c2b67-c1a4-48fe-9e07-acee4343187d",
                  "parentUUID": "284051d8-497c-4424-88b5-d45993a24caa",
                  "isHook": false,
                  "skipped": false
                },
                {
                  "title": "Deve retornar erro quando o valor for igual a zero",
                  "fullTitle": "Expense Controller - Mocked PUT /expenses/:id Deve retornar erro quando o valor for igual a zero",
                  "timedOut": false,
                  "duration": 3,
                  "state": "passed",
                  "speed": "fast",
                  "pass": true,
                  "fail": false,
                  "pending": false,
                  "context": null,
                  "code": "const error = new Error(test.expectedMessage);\nerror.status = test.statusCode;\nconst expenseServiceMock = sinon.stub(expenseService, \"editExpense\");\nexpenseServiceMock.throws(error);\nconst response = await request(app)\n  .put(\"/expenses/1\")\n  .set(\"Authorization\", `Bearer ${token}`)\n  .send(test.editExpense);\nexpect(response.status).to.equal(test.statusCode);\nexpect(response.body.message).to.equal(test.expectedMessage);",
                  "err": {},
                  "uuid": "95d4e215-a65e-4e61-8664-7573c2cc4233",
                  "parentUUID": "284051d8-497c-4424-88b5-d45993a24caa",
                  "isHook": false,
                  "skipped": false
                },
                {
                  "title": "Deve retornar erro quando a data não for informada",
                  "fullTitle": "Expense Controller - Mocked PUT /expenses/:id Deve retornar erro quando a data não for informada",
                  "timedOut": false,
                  "duration": 3,
                  "state": "passed",
                  "speed": "fast",
                  "pass": true,
                  "fail": false,
                  "pending": false,
                  "context": null,
                  "code": "const error = new Error(test.expectedMessage);\nerror.status = test.statusCode;\nconst expenseServiceMock = sinon.stub(expenseService, \"editExpense\");\nexpenseServiceMock.throws(error);\nconst response = await request(app)\n  .put(\"/expenses/1\")\n  .set(\"Authorization\", `Bearer ${token}`)\n  .send(test.editExpense);\nexpect(response.status).to.equal(test.statusCode);\nexpect(response.body.message).to.equal(test.expectedMessage);",
                  "err": {},
                  "uuid": "50081b1e-c46d-45cd-be70-2a701fe26e68",
                  "parentUUID": "284051d8-497c-4424-88b5-d45993a24caa",
                  "isHook": false,
                  "skipped": false
                },
                {
                  "title": "Deve editar uma despesa com sucesso",
                  "fullTitle": "Expense Controller - Mocked PUT /expenses/:id Deve editar uma despesa com sucesso",
                  "timedOut": false,
                  "duration": 3,
                  "state": "passed",
                  "speed": "fast",
                  "pass": true,
                  "fail": false,
                  "pending": false,
                  "context": null,
                  "code": "const expenseRequest = require(\"../../fixture/requests/expense/expenseRequest.json\");\nconst expectedResponse = require(\"../../fixture/responses/expense/editExpenseSuccessfulResponse.json\");\nconst expenseServiceMock = sinon.stub(expenseService, \"editExpense\");\nexpenseServiceMock.returns(expectedResponse.body);\nconst response = await request(app)\n  .put(\"/expenses/1\")\n  .set(\"Authorization\", `Bearer ${token}`)\n  .send(expenseRequest);\nexpect(response.status).to.equal(200);\nexpect(response.body).to.deep.equal(expectedResponse.body);",
                  "err": {},
                  "uuid": "014894dd-7c72-4564-8575-917b712b00d0",
                  "parentUUID": "284051d8-497c-4424-88b5-d45993a24caa",
                  "isHook": false,
                  "skipped": false
                }
              ],
              "suites": [],
              "passes": [
                "827da4d4-8352-4e14-b2fe-3972547f73a0",
                "780f5a46-0a35-4aa1-8c78-7c4af4b81d16",
                "ad8c2b67-c1a4-48fe-9e07-acee4343187d",
                "95d4e215-a65e-4e61-8664-7573c2cc4233",
                "50081b1e-c46d-45cd-be70-2a701fe26e68",
                "014894dd-7c72-4564-8575-917b712b00d0"
              ],
              "failures": [],
              "pending": [],
              "skipped": [],
              "duration": 20,
              "root": false,
              "rootEmpty": false,
              "_timeout": 10000
            }
          ],
          "passes": [],
          "failures": [],
          "pending": [],
          "skipped": [],
          "duration": 0,
          "root": false,
          "rootEmpty": false,
          "_timeout": 10000
        },
        {
          "uuid": "1e11ed7e-682d-40a5-9c5c-240518c29afc",
          "title": "User Controller",
          "fullFile": "/home/runner/work/trabalho-final-automacao-api/trabalho-final-automacao-api/test/rest/controller/user/userController.test.js",
          "file": "/test/rest/controller/user/userController.test.js",
          "beforeHooks": [],
          "afterHooks": [],
          "tests": [],
          "suites": [
            {
              "uuid": "7061b199-aeaa-49c1-ae60-377338e2990c",
              "title": "POST /users/register",
              "fullFile": "/home/runner/work/trabalho-final-automacao-api/trabalho-final-automacao-api/test/rest/controller/user/userController.test.js",
              "file": "/test/rest/controller/user/userController.test.js",
              "beforeHooks": [],
              "afterHooks": [],
              "tests": [
                {
                  "title": "Deve retornar erro quando o usuário não for informado",
                  "fullTitle": "User Controller POST /users/register Deve retornar erro quando o usuário não for informado",
                  "timedOut": false,
                  "duration": 2,
                  "state": "passed",
                  "speed": "fast",
                  "pass": true,
                  "fail": false,
                  "pending": false,
                  "context": null,
                  "code": "const response = await request(app)\n  .post(\"/users/register\")\n  .send(test.createUser);\nexpect(response.status).to.equal(test.statusCode);\nexpect(response.body.message).to.equal(test.expectedMessage);",
                  "err": {},
                  "uuid": "cc676da7-a790-444e-b57b-ca323ed5ff1e",
                  "parentUUID": "7061b199-aeaa-49c1-ae60-377338e2990c",
                  "isHook": false,
                  "skipped": false
                },
                {
                  "title": "Deve retornar erro quando a senha não for informada",
                  "fullTitle": "User Controller POST /users/register Deve retornar erro quando a senha não for informada",
                  "timedOut": false,
                  "duration": 1,
                  "state": "passed",
                  "speed": "fast",
                  "pass": true,
                  "fail": false,
                  "pending": false,
                  "context": null,
                  "code": "const response = await request(app)\n  .post(\"/users/register\")\n  .send(test.createUser);\nexpect(response.status).to.equal(test.statusCode);\nexpect(response.body.message).to.equal(test.expectedMessage);",
                  "err": {},
                  "uuid": "29e96619-8bca-47e7-be0b-5854dc2c64db",
                  "parentUUID": "7061b199-aeaa-49c1-ae60-377338e2990c",
                  "isHook": false,
                  "skipped": false
                },
                {
                  "title": "Deve retornar erro quando o usuário já existir",
                  "fullTitle": "User Controller POST /users/register Deve retornar erro quando o usuário já existir",
                  "timedOut": false,
                  "duration": 2,
                  "state": "passed",
                  "speed": "fast",
                  "pass": true,
                  "fail": false,
                  "pending": false,
                  "context": null,
                  "code": "const response = await request(app)\n  .post(\"/users/register\")\n  .send(test.createUser);\nexpect(response.status).to.equal(test.statusCode);\nexpect(response.body.message).to.equal(test.expectedMessage);",
                  "err": {},
                  "uuid": "8befd27d-efaa-4e39-bc28-c52295a042c4",
                  "parentUUID": "7061b199-aeaa-49c1-ae60-377338e2990c",
                  "isHook": false,
                  "skipped": false
                },
                {
                  "title": "Deve criar usuário com sucesso",
                  "fullTitle": "User Controller POST /users/register Deve criar usuário com sucesso",
                  "timedOut": false,
                  "duration": 84,
                  "state": "passed",
                  "speed": "slow",
                  "pass": true,
                  "fail": false,
                  "pending": false,
                  "context": null,
                  "code": "const response = await request(app)\n  .post(\"/users/register\")\n  .send({\n    username: `user${Math.random()}`,\n    password: \"password\",\n  });\nconst expectedResponse = require(\"../../fixture/responses/user/createUserResponseSuccessful.json\");\nexpect(response.status).to.equal(expectedResponse.statusCode);\nexpect(response.body).to.deep.equal(expectedResponse.body);",
                  "err": {},
                  "uuid": "cbec6a4a-2233-4fb5-8eb6-367f73e902b0",
                  "parentUUID": "7061b199-aeaa-49c1-ae60-377338e2990c",
                  "isHook": false,
                  "skipped": false
                }
              ],
              "suites": [],
              "passes": [
                "cc676da7-a790-444e-b57b-ca323ed5ff1e",
                "29e96619-8bca-47e7-be0b-5854dc2c64db",
                "8befd27d-efaa-4e39-bc28-c52295a042c4",
                "cbec6a4a-2233-4fb5-8eb6-367f73e902b0"
              ],
              "failures": [],
              "pending": [],
              "skipped": [],
              "duration": 89,
              "root": false,
              "rootEmpty": false,
              "_timeout": 10000
            },
            {
              "uuid": "37907513-6031-4ab6-99b2-07100df31a4c",
              "title": "POST /users/login",
              "fullFile": "/home/runner/work/trabalho-final-automacao-api/trabalho-final-automacao-api/test/rest/controller/user/userController.test.js",
              "file": "/test/rest/controller/user/userController.test.js",
              "beforeHooks": [],
              "afterHooks": [],
              "tests": [
                {
                  "title": "Deve retornar erro quando o usuário não for informado",
                  "fullTitle": "User Controller POST /users/login Deve retornar erro quando o usuário não for informado",
                  "timedOut": false,
                  "duration": 2,
                  "state": "passed",
                  "speed": "fast",
                  "pass": true,
                  "fail": false,
                  "pending": false,
                  "context": null,
                  "code": "const response = await request(app)\n  .post(\"/users/login\")\n  .send(test.loginUser);\nexpect(response.status).to.equal(test.statusCode);\nexpect(response.body.message).to.equal(test.expectedMessage);",
                  "err": {},
                  "uuid": "004e469e-b553-456b-8a1b-ba27dac3e212",
                  "parentUUID": "37907513-6031-4ab6-99b2-07100df31a4c",
                  "isHook": false,
                  "skipped": false
                },
                {
                  "title": "Deve retornar erro quando a senha não for informada",
                  "fullTitle": "User Controller POST /users/login Deve retornar erro quando a senha não for informada",
                  "timedOut": false,
                  "duration": 2,
                  "state": "passed",
                  "speed": "fast",
                  "pass": true,
                  "fail": false,
                  "pending": false,
                  "context": null,
                  "code": "const response = await request(app)\n  .post(\"/users/login\")\n  .send(test.loginUser);\nexpect(response.status).to.equal(test.statusCode);\nexpect(response.body.message).to.equal(test.expectedMessage);",
                  "err": {},
                  "uuid": "c05c496f-6514-4dae-97fc-dc1848f9d71c",
                  "parentUUID": "37907513-6031-4ab6-99b2-07100df31a4c",
                  "isHook": false,
                  "skipped": false
                },
                {
                  "title": "Deve retornar erro quando informar usuário inexistente",
                  "fullTitle": "User Controller POST /users/login Deve retornar erro quando informar usuário inexistente",
                  "timedOut": false,
                  "duration": 1,
                  "state": "passed",
                  "speed": "fast",
                  "pass": true,
                  "fail": false,
                  "pending": false,
                  "context": null,
                  "code": "const response = await request(app)\n  .post(\"/users/login\")\n  .send(test.loginUser);\nexpect(response.status).to.equal(test.statusCode);\nexpect(response.body.message).to.equal(test.expectedMessage);",
                  "err": {},
                  "uuid": "a80db44a-3434-4039-9110-3b59d4dc927f",
                  "parentUUID": "37907513-6031-4ab6-99b2-07100df31a4c",
                  "isHook": false,
                  "skipped": false
                },
                {
                  "title": "Deve retornar erro quando informar senha incorreta",
                  "fullTitle": "User Controller POST /users/login Deve retornar erro quando informar senha incorreta",
                  "timedOut": false,
                  "duration": 22,
                  "state": "passed",
                  "speed": "fast",
                  "pass": true,
                  "fail": false,
                  "pending": false,
                  "context": null,
                  "code": "const response = await request(app)\n  .post(\"/users/login\")\n  .send(test.loginUser);\nexpect(response.status).to.equal(test.statusCode);\nexpect(response.body.message).to.equal(test.expectedMessage);",
                  "err": {},
                  "uuid": "49ec6627-0f4e-4f8e-89de-fe49d90632f4",
                  "parentUUID": "37907513-6031-4ab6-99b2-07100df31a4c",
                  "isHook": false,
                  "skipped": false
                },
                {
                  "title": "Deve realizar o login com sucesso",
                  "fullTitle": "User Controller POST /users/login Deve realizar o login com sucesso",
                  "timedOut": false,
                  "duration": 23,
                  "state": "passed",
                  "speed": "fast",
                  "pass": true,
                  "fail": false,
                  "pending": false,
                  "context": null,
                  "code": "const loginRequest = require(\"../../fixture/requests/user/loginRequest.json\");\nconst response = await request(app)\n  .post(\"/users/login\")\n  .send(loginRequest);\nexpect(response.status).to.equal(200);\nexpect(response.body.token).to.be.not.null;",
                  "err": {},
                  "uuid": "89fef5f4-f2e8-4875-8800-6380323ee708",
                  "parentUUID": "37907513-6031-4ab6-99b2-07100df31a4c",
                  "isHook": false,
                  "skipped": false
                }
              ],
              "suites": [],
              "passes": [
                "004e469e-b553-456b-8a1b-ba27dac3e212",
                "c05c496f-6514-4dae-97fc-dc1848f9d71c",
                "a80db44a-3434-4039-9110-3b59d4dc927f",
                "49ec6627-0f4e-4f8e-89de-fe49d90632f4",
                "89fef5f4-f2e8-4875-8800-6380323ee708"
              ],
              "failures": [],
              "pending": [],
              "skipped": [],
              "duration": 50,
              "root": false,
              "rootEmpty": false,
              "_timeout": 10000
            }
          ],
          "passes": [],
          "failures": [],
          "pending": [],
          "skipped": [],
          "duration": 0,
          "root": false,
          "rootEmpty": false,
          "_timeout": 10000
        },
        {
          "uuid": "a18010a8-d221-4e32-acc9-0072bfd434e9",
          "title": "User Controller - Mocked",
          "fullFile": "/home/runner/work/trabalho-final-automacao-api/trabalho-final-automacao-api/test/rest/controller/user/userControllerMocked.test.js",
          "file": "/test/rest/controller/user/userControllerMocked.test.js",
          "beforeHooks": [],
          "afterHooks": [
            {
              "title": "\"after each\" hook in \"User Controller - Mocked\"",
              "fullTitle": "User Controller - Mocked \"after each\" hook in \"User Controller - Mocked\"",
              "timedOut": false,
              "duration": 0,
              "state": null,
              "speed": null,
              "pass": false,
              "fail": false,
              "pending": false,
              "context": null,
              "code": "sinon.restore();",
              "err": {},
              "uuid": "ad582e72-22ee-4ee2-aaee-9bcaaa150ec6",
              "parentUUID": "a18010a8-d221-4e32-acc9-0072bfd434e9",
              "isHook": true,
              "skipped": false
            }
          ],
          "tests": [],
          "suites": [
            {
              "uuid": "0556e277-54df-464e-a5c3-9a0ba94a0c4a",
              "title": "POST /users/register",
              "fullFile": "/home/runner/work/trabalho-final-automacao-api/trabalho-final-automacao-api/test/rest/controller/user/userControllerMocked.test.js",
              "file": "/test/rest/controller/user/userControllerMocked.test.js",
              "beforeHooks": [],
              "afterHooks": [],
              "tests": [
                {
                  "title": "Deve retornar erro quando o usuário não for informado",
                  "fullTitle": "User Controller - Mocked POST /users/register Deve retornar erro quando o usuário não for informado",
                  "timedOut": false,
                  "duration": 2,
                  "state": "passed",
                  "speed": "fast",
                  "pass": true,
                  "fail": false,
                  "pending": false,
                  "context": null,
                  "code": "const error = new Error(test.expectedMessage);\nerror.status = test.statusCode;\nconst userServiceMock = sinon.stub(userService, \"registerUser\");\nuserServiceMock.throws(error);\nconst response = await request(app)\n  .post(\"/users/register\")\n  .send(test.createUser);\nexpect(response.status).to.equal(test.statusCode);\nexpect(response.body.message).to.equal(test.expectedMessage);",
                  "err": {},
                  "uuid": "d4c815e8-234b-48cc-9db1-665d257425d9",
                  "parentUUID": "0556e277-54df-464e-a5c3-9a0ba94a0c4a",
                  "isHook": false,
                  "skipped": false
                },
                {
                  "title": "Deve retornar erro quando a senha não for informada",
                  "fullTitle": "User Controller - Mocked POST /users/register Deve retornar erro quando a senha não for informada",
                  "timedOut": false,
                  "duration": 2,
                  "state": "passed",
                  "speed": "fast",
                  "pass": true,
                  "fail": false,
                  "pending": false,
                  "context": null,
                  "code": "const error = new Error(test.expectedMessage);\nerror.status = test.statusCode;\nconst userServiceMock = sinon.stub(userService, \"registerUser\");\nuserServiceMock.throws(error);\nconst response = await request(app)\n  .post(\"/users/register\")\n  .send(test.createUser);\nexpect(response.status).to.equal(test.statusCode);\nexpect(response.body.message).to.equal(test.expectedMessage);",
                  "err": {},
                  "uuid": "8c140564-d6b6-41c5-bd38-43c2b805e15d",
                  "parentUUID": "0556e277-54df-464e-a5c3-9a0ba94a0c4a",
                  "isHook": false,
                  "skipped": false
                },
                {
                  "title": "Deve retornar erro quando o usuário já existir",
                  "fullTitle": "User Controller - Mocked POST /users/register Deve retornar erro quando o usuário já existir",
                  "timedOut": false,
                  "duration": 2,
                  "state": "passed",
                  "speed": "fast",
                  "pass": true,
                  "fail": false,
                  "pending": false,
                  "context": null,
                  "code": "const error = new Error(test.expectedMessage);\nerror.status = test.statusCode;\nconst userServiceMock = sinon.stub(userService, \"registerUser\");\nuserServiceMock.throws(error);\nconst response = await request(app)\n  .post(\"/users/register\")\n  .send(test.createUser);\nexpect(response.status).to.equal(test.statusCode);\nexpect(response.body.message).to.equal(test.expectedMessage);",
                  "err": {},
                  "uuid": "e95c5c05-54d2-40b0-9247-3a805f322ee3",
                  "parentUUID": "0556e277-54df-464e-a5c3-9a0ba94a0c4a",
                  "isHook": false,
                  "skipped": false
                },
                {
                  "title": "Deve criar usuário com sucesso",
                  "fullTitle": "User Controller - Mocked POST /users/register Deve criar usuário com sucesso",
                  "timedOut": false,
                  "duration": 2,
                  "state": "passed",
                  "speed": "fast",
                  "pass": true,
                  "fail": false,
                  "pending": false,
                  "context": null,
                  "code": "const expectedResponse = require(\"../../fixture/responses/user/createUserResponseSuccessful.json\");\nconst userServiceMock = sinon.stub(userService, \"registerUser\");\nuserServiceMock.returns({\n  message: expectedResponse.body.message,\n  user: { username: \"user\", password: \"password\" },\n});\nconst response = await request(app).post(\"/users/register\").send({\n  username: \"username\",\n  password: \"password\",\n});\nexpect(response.status).to.equal(expectedResponse.statusCode);\nexpect(response.body).to.deep.equal(expectedResponse.body);",
                  "err": {},
                  "uuid": "633f0ad2-bffd-424e-bef1-32062108c7b1",
                  "parentUUID": "0556e277-54df-464e-a5c3-9a0ba94a0c4a",
                  "isHook": false,
                  "skipped": false
                }
              ],
              "suites": [],
              "passes": [
                "d4c815e8-234b-48cc-9db1-665d257425d9",
                "8c140564-d6b6-41c5-bd38-43c2b805e15d",
                "e95c5c05-54d2-40b0-9247-3a805f322ee3",
                "633f0ad2-bffd-424e-bef1-32062108c7b1"
              ],
              "failures": [],
              "pending": [],
              "skipped": [],
              "duration": 8,
              "root": false,
              "rootEmpty": false,
              "_timeout": 10000
            },
            {
              "uuid": "650170d3-2a9d-4fd1-b030-645e498fdf92",
              "title": "POST /users/login",
              "fullFile": "/home/runner/work/trabalho-final-automacao-api/trabalho-final-automacao-api/test/rest/controller/user/userControllerMocked.test.js",
              "file": "/test/rest/controller/user/userControllerMocked.test.js",
              "beforeHooks": [],
              "afterHooks": [],
              "tests": [
                {
                  "title": "Deve retornar erro quando o usuário não for informado",
                  "fullTitle": "User Controller - Mocked POST /users/login Deve retornar erro quando o usuário não for informado",
                  "timedOut": false,
                  "duration": 2,
                  "state": "passed",
                  "speed": "fast",
                  "pass": true,
                  "fail": false,
                  "pending": false,
                  "context": null,
                  "code": "const error = new Error(test.expectedMessage);\nerror.status = test.statusCode;\nconst userServiceMock = sinon.stub(userService, \"validateUser\");\nuserServiceMock.throws(error);\nconst response = await request(app)\n  .post(\"/users/login\")\n  .send(test.loginUser);\nexpect(response.status).to.equal(test.statusCode);\nexpect(response.body.message).to.equal(test.expectedMessage);",
                  "err": {},
                  "uuid": "fd05e96b-542e-4d77-a1e3-26664b3b673f",
                  "parentUUID": "650170d3-2a9d-4fd1-b030-645e498fdf92",
                  "isHook": false,
                  "skipped": false
                },
                {
                  "title": "Deve retornar erro quando a senha não for informada",
                  "fullTitle": "User Controller - Mocked POST /users/login Deve retornar erro quando a senha não for informada",
                  "timedOut": false,
                  "duration": 1,
                  "state": "passed",
                  "speed": "fast",
                  "pass": true,
                  "fail": false,
                  "pending": false,
                  "context": null,
                  "code": "const error = new Error(test.expectedMessage);\nerror.status = test.statusCode;\nconst userServiceMock = sinon.stub(userService, \"validateUser\");\nuserServiceMock.throws(error);\nconst response = await request(app)\n  .post(\"/users/login\")\n  .send(test.loginUser);\nexpect(response.status).to.equal(test.statusCode);\nexpect(response.body.message).to.equal(test.expectedMessage);",
                  "err": {},
                  "uuid": "2aca4f51-3251-4e5a-ae3b-6f4a7ddaa78c",
                  "parentUUID": "650170d3-2a9d-4fd1-b030-645e498fdf92",
                  "isHook": false,
                  "skipped": false
                },
                {
                  "title": "Deve retornar erro quando informar usuário inexistente",
                  "fullTitle": "User Controller - Mocked POST /users/login Deve retornar erro quando informar usuário inexistente",
                  "timedOut": false,
                  "duration": 1,
                  "state": "passed",
                  "speed": "fast",
                  "pass": true,
                  "fail": false,
                  "pending": false,
                  "context": null,
                  "code": "const error = new Error(test.expectedMessage);\nerror.status = test.statusCode;\nconst userServiceMock = sinon.stub(userService, \"validateUser\");\nuserServiceMock.throws(error);\nconst response = await request(app)\n  .post(\"/users/login\")\n  .send(test.loginUser);\nexpect(response.status).to.equal(test.statusCode);\nexpect(response.body.message).to.equal(test.expectedMessage);",
                  "err": {},
                  "uuid": "c4500a80-01d0-45c5-9f78-009845f7f479",
                  "parentUUID": "650170d3-2a9d-4fd1-b030-645e498fdf92",
                  "isHook": false,
                  "skipped": false
                },
                {
                  "title": "Deve retornar erro quando informar senha incorreta",
                  "fullTitle": "User Controller - Mocked POST /users/login Deve retornar erro quando informar senha incorreta",
                  "timedOut": false,
                  "duration": 1,
                  "state": "passed",
                  "speed": "fast",
                  "pass": true,
                  "fail": false,
                  "pending": false,
                  "context": null,
                  "code": "const error = new Error(test.expectedMessage);\nerror.status = test.statusCode;\nconst userServiceMock = sinon.stub(userService, \"validateUser\");\nuserServiceMock.throws(error);\nconst response = await request(app)\n  .post(\"/users/login\")\n  .send(test.loginUser);\nexpect(response.status).to.equal(test.statusCode);\nexpect(response.body.message).to.equal(test.expectedMessage);",
                  "err": {},
                  "uuid": "b6c1d4bd-801e-45b6-8dc8-33b69901d49b",
                  "parentUUID": "650170d3-2a9d-4fd1-b030-645e498fdf92",
                  "isHook": false,
                  "skipped": false
                },
                {
                  "title": "Deve realizar o login com sucesso",
                  "fullTitle": "User Controller - Mocked POST /users/login Deve realizar o login com sucesso",
                  "timedOut": false,
                  "duration": 1,
                  "state": "passed",
                  "speed": "fast",
                  "pass": true,
                  "fail": false,
                  "pending": false,
                  "context": null,
                  "code": "const userServiceMock = sinon.stub(userService, \"validateUser\");\nuserServiceMock.returns({\n  token: \"eyJhbGciOiJIUzI1NiIsInR5cCI6IkpXVCJ9.mocktoken\",\n});\nconst loginRequest = require(\"../../fixture/requests/user/loginRequest.json\");\nconst response = await request(app)\n  .post(\"/users/login\")\n  .send(loginRequest);\nexpect(response.status).to.equal(200);\nexpect(response.body.token).to.be.not.null;",
                  "err": {},
                  "uuid": "d13452d8-a52c-4cf7-a4eb-918957153910",
                  "parentUUID": "650170d3-2a9d-4fd1-b030-645e498fdf92",
                  "isHook": false,
                  "skipped": false
                }
              ],
              "suites": [],
              "passes": [
                "fd05e96b-542e-4d77-a1e3-26664b3b673f",
                "2aca4f51-3251-4e5a-ae3b-6f4a7ddaa78c",
                "c4500a80-01d0-45c5-9f78-009845f7f479",
                "b6c1d4bd-801e-45b6-8dc8-33b69901d49b",
                "d13452d8-a52c-4cf7-a4eb-918957153910"
              ],
              "failures": [],
              "pending": [],
              "skipped": [],
              "duration": 6,
              "root": false,
              "rootEmpty": false,
              "_timeout": 10000
            }
          ],
          "passes": [],
          "failures": [],
          "pending": [],
          "skipped": [],
          "duration": 0,
          "root": false,
          "rootEmpty": false,
          "_timeout": 10000
        }
      ],
      "passes": [],
      "failures": [],
      "pending": [],
      "skipped": [],
      "duration": 0,
      "root": true,
      "rootEmpty": true,
      "_timeout": 10000
    }
  ],
  "meta": {
    "mocha": {
      "version": "11.7.2"
    },
    "mochawesome": {
      "options": {
        "quiet": false,
        "reportFilename": "mochawesome",
        "saveHtml": true,
        "saveJson": true,
        "consoleReporter": "spec",
        "useInlineDiffs": false,
        "code": true
      },
      "version": "7.1.4"
    },
    "marge": {
      "options": {
        "reportDir": "mochawesome-report",
        "overwrite": "false"
      },
      "version": "6.3.0"
    }
  }
}