{
  "stats": {
    "suites": 6,
    "tests": 21,
    "passes": 21,
    "pending": 0,
    "failures": 0,
    "start": "2025-12-11T00:55:20.596Z",
    "end": "2025-12-11T00:55:20.881Z",
    "duration": 285,
    "testsRegistered": 21,
    "passPercent": 100,
    "pendingPercent": 0,
    "other": 0,
    "hasOther": false,
    "skipped": 0,
    "hasSkipped": false
  },
  "results": [
    {
      "uuid": "d2a4a76f-549b-436f-bb49-32be096166d9",
      "title": "",
      "fullFile": "",
      "file": "",
      "beforeHooks": [],
      "afterHooks": [],
      "tests": [],
      "suites": [
        {
          "uuid": "893f3bab-5e00-4e9b-bdf1-0e4ceeb351e9",
          "title": "Expense External - GraphQL",
          "fullFile": "/home/runner/work/trabalho-final-automacao-api/trabalho-final-automacao-api/test/graphql/external/expense/expenseExternal.graphql.test.js",
          "file": "/test/graphql/external/expense/expenseExternal.graphql.test.js",
          "beforeHooks": [
            {
              "title": "\"before all\" hook in \"Expense External - GraphQL\"",
              "fullTitle": "Expense External - GraphQL \"before all\" hook in \"Expense External - GraphQL\"",
              "timedOut": false,
              "duration": 69,
              "state": null,
              "speed": null,
              "pass": false,
              "fail": false,
              "pending": false,
              "context": null,
              "code": "const loginRequest = require(\"../../fixture/requests/user/loginRequest.json\");\nconst response = await request(process.env.BASE_URL_GRAPHQL)\n  .post(\"/\")\n  .send(loginRequest);\ntoken = response.body.data.login.token;",
              "err": {},
              "uuid": "ebb5027d-09d4-46cc-8960-7e49b1ed3456",
              "parentUUID": "893f3bab-5e00-4e9b-bdf1-0e4ceeb351e9",
              "isHook": true,
              "skipped": false
            }
          ],
          "afterHooks": [],
          "tests": [],
          "suites": [
            {
              "uuid": "cde6a016-ff4a-46a4-bbaa-f1f5ba2c106f",
              "title": "addExpense Mutation",
              "fullFile": "/home/runner/work/trabalho-final-automacao-api/trabalho-final-automacao-api/test/graphql/external/expense/expenseExternal.graphql.test.js",
              "file": "/test/graphql/external/expense/expenseExternal.graphql.test.js",
              "beforeHooks": [],
              "afterHooks": [],
              "tests": [
                {
                  "title": "Deve retornar erro quando a descrição não for informada",
                  "fullTitle": "Expense External - GraphQL addExpense Mutation Deve retornar erro quando a descrição não for informada",
                  "timedOut": false,
                  "duration": 9,
                  "state": "passed",
                  "speed": "fast",
                  "pass": true,
                  "fail": false,
                  "pending": false,
                  "context": null,
                  "code": "const response = await request(process.env.BASE_URL_GRAPHQL)\n  .post(\"/\")\n  .set(\"Authorization\", `Bearer ${token}`)\n  .send(test.addExpense);\nexpect(response.status).to.equal(test.statusCode);\nexpect(response.body.errors[0].message).to.equal(test.expectedMessage);",
                  "err": {},
                  "uuid": "d0bbfff1-4804-4d27-869e-2d20ab43258e",
                  "parentUUID": "cde6a016-ff4a-46a4-bbaa-f1f5ba2c106f",
                  "isHook": false,
                  "skipped": false
                },
                {
                  "title": "Deve retornar erro quando o valor não for informado",
                  "fullTitle": "Expense External - GraphQL addExpense Mutation Deve retornar erro quando o valor não for informado",
                  "timedOut": false,
                  "duration": 4,
                  "state": "passed",
                  "speed": "fast",
                  "pass": true,
                  "fail": false,
                  "pending": false,
                  "context": null,
                  "code": "const response = await request(process.env.BASE_URL_GRAPHQL)\n  .post(\"/\")\n  .set(\"Authorization\", `Bearer ${token}`)\n  .send(test.addExpense);\nexpect(response.status).to.equal(test.statusCode);\nexpect(response.body.errors[0].message).to.equal(test.expectedMessage);",
                  "err": {},
                  "uuid": "b3f7b180-a6e1-45dc-ac02-0542acc3571b",
                  "parentUUID": "cde6a016-ff4a-46a4-bbaa-f1f5ba2c106f",
                  "isHook": false,
                  "skipped": false
                },
                {
                  "title": "Deve retornar erro quando a data não for informada",
                  "fullTitle": "Expense External - GraphQL addExpense Mutation Deve retornar erro quando a data não for informada",
                  "timedOut": false,
                  "duration": 3,
                  "state": "passed",
                  "speed": "fast",
                  "pass": true,
                  "fail": false,
                  "pending": false,
                  "context": null,
                  "code": "const response = await request(process.env.BASE_URL_GRAPHQL)\n  .post(\"/\")\n  .set(\"Authorization\", `Bearer ${token}`)\n  .send(test.addExpense);\nexpect(response.status).to.equal(test.statusCode);\nexpect(response.body.errors[0].message).to.equal(test.expectedMessage);",
                  "err": {},
                  "uuid": "5f4a1ad5-a999-449b-b799-c0ca7a1e71cb",
                  "parentUUID": "cde6a016-ff4a-46a4-bbaa-f1f5ba2c106f",
                  "isHook": false,
                  "skipped": false
                },
                {
                  "title": "Deve retornar erro quando a inclusão de uma despesa for feita sem token de autenticação",
                  "fullTitle": "Expense External - GraphQL addExpense Mutation Deve retornar erro quando a inclusão de uma despesa for feita sem token de autenticação",
                  "timedOut": false,
                  "duration": 3,
                  "state": "passed",
                  "speed": "fast",
                  "pass": true,
                  "fail": false,
                  "pending": false,
                  "context": null,
                  "code": "const response = await request(process.env.BASE_URL_GRAPHQL)\n  .post(\"/\")\n  .send(createExpenseRequest);\nexpect(response.body.errors[0].message).to.equal(\"Not authenticated\");",
                  "err": {},
                  "uuid": "675d4411-bd15-4c5f-aba5-4dd004b973c2",
                  "parentUUID": "cde6a016-ff4a-46a4-bbaa-f1f5ba2c106f",
                  "isHook": false,
                  "skipped": false
                },
                {
                  "title": "Deve registrar uma despesa com sucesso",
                  "fullTitle": "Expense External - GraphQL addExpense Mutation Deve registrar uma despesa com sucesso",
                  "timedOut": false,
                  "duration": 5,
                  "state": "passed",
                  "speed": "fast",
                  "pass": true,
                  "fail": false,
                  "pending": false,
                  "context": null,
                  "code": "const response = await request(process.env.BASE_URL_GRAPHQL)\n  .post(\"/\")\n  .set(\"Authorization\", `Bearer ${token}`)\n  .send(createExpenseRequest);\nconst expectedResponse = require(\"../../fixture/responses/expense/createExpenseSuccessfulResponse.json\");\nexpect(response.status).to.equal(expectedResponse.statusCode);\nexpect(response.body.data.addExpense)\n  .excluding([\"date\", \"id\"])\n  .to.deep.equal(expectedResponse.data.addExpense);\nexpenseId = response.body.data.addExpense.id;",
                  "err": {},
                  "uuid": "0bf5d727-6349-4673-85ec-c8e414c6dfea",
                  "parentUUID": "cde6a016-ff4a-46a4-bbaa-f1f5ba2c106f",
                  "isHook": false,
                  "skipped": false
                }
              ],
              "suites": [],
              "passes": [
                "d0bbfff1-4804-4d27-869e-2d20ab43258e",
                "b3f7b180-a6e1-45dc-ac02-0542acc3571b",
                "5f4a1ad5-a999-449b-b799-c0ca7a1e71cb",
                "675d4411-bd15-4c5f-aba5-4dd004b973c2",
                "0bf5d727-6349-4673-85ec-c8e414c6dfea"
              ],
              "failures": [],
              "pending": [],
              "skipped": [],
              "duration": 24,
              "root": false,
              "rootEmpty": false,
              "_timeout": 10000
            },
            {
              "uuid": "091a478b-5362-4335-ac59-67c289a7368c",
              "title": "editExpense Mutation",
              "fullFile": "/home/runner/work/trabalho-final-automacao-api/trabalho-final-automacao-api/test/graphql/external/expense/expenseExternal.graphql.test.js",
              "file": "/test/graphql/external/expense/expenseExternal.graphql.test.js",
              "beforeHooks": [],
              "afterHooks": [],
              "tests": [
                {
                  "title": "Deve retornar erro quando a descrição não for informada",
                  "fullTitle": "Expense External - GraphQL editExpense Mutation Deve retornar erro quando a descrição não for informada",
                  "timedOut": false,
                  "duration": 5,
                  "state": "passed",
                  "speed": "fast",
                  "pass": true,
                  "fail": false,
                  "pending": false,
                  "context": null,
                  "code": "const response = await request(process.env.BASE_URL_GRAPHQL)\n  .post(\"/\")\n  .set(\"Authorization\", `Bearer ${token}`)\n  .send(test.editExpense);\nexpect(response.body.errors[0].message).to.equal(test.expectedMessage);",
                  "err": {},
                  "uuid": "59cad53c-4b21-42a5-93c4-faab250903fb",
                  "parentUUID": "091a478b-5362-4335-ac59-67c289a7368c",
                  "isHook": false,
                  "skipped": false
                },
                {
                  "title": "Deve retornar erro quando o valor não for informado",
                  "fullTitle": "Expense External - GraphQL editExpense Mutation Deve retornar erro quando o valor não for informado",
                  "timedOut": false,
                  "duration": 3,
                  "state": "passed",
                  "speed": "fast",
                  "pass": true,
                  "fail": false,
                  "pending": false,
                  "context": null,
                  "code": "const response = await request(process.env.BASE_URL_GRAPHQL)\n  .post(\"/\")\n  .set(\"Authorization\", `Bearer ${token}`)\n  .send(test.editExpense);\nexpect(response.body.errors[0].message).to.equal(test.expectedMessage);",
                  "err": {},
                  "uuid": "3de4ae0d-5b11-4ed6-bbad-be640db5f75d",
                  "parentUUID": "091a478b-5362-4335-ac59-67c289a7368c",
                  "isHook": false,
                  "skipped": false
                },
                {
                  "title": "Deve retornar erro quando o valor menor que zero",
                  "fullTitle": "Expense External - GraphQL editExpense Mutation Deve retornar erro quando o valor menor que zero",
                  "timedOut": false,
                  "duration": 4,
                  "state": "passed",
                  "speed": "fast",
                  "pass": true,
                  "fail": false,
                  "pending": false,
                  "context": null,
                  "code": "const response = await request(process.env.BASE_URL_GRAPHQL)\n  .post(\"/\")\n  .set(\"Authorization\", `Bearer ${token}`)\n  .send(test.editExpense);\nexpect(response.body.errors[0].message).to.equal(test.expectedMessage);",
                  "err": {},
                  "uuid": "07481b46-7cef-45a7-bbba-daa4d0ade8a6",
                  "parentUUID": "091a478b-5362-4335-ac59-67c289a7368c",
                  "isHook": false,
                  "skipped": false
                },
                {
                  "title": "Deve retornar erro quando o valor for igual a zero",
                  "fullTitle": "Expense External - GraphQL editExpense Mutation Deve retornar erro quando o valor for igual a zero",
                  "timedOut": false,
                  "duration": 4,
                  "state": "passed",
                  "speed": "fast",
                  "pass": true,
                  "fail": false,
                  "pending": false,
                  "context": null,
                  "code": "const response = await request(process.env.BASE_URL_GRAPHQL)\n  .post(\"/\")\n  .set(\"Authorization\", `Bearer ${token}`)\n  .send(test.editExpense);\nexpect(response.body.errors[0].message).to.equal(test.expectedMessage);",
                  "err": {},
                  "uuid": "ac3187c1-cbf0-47c5-9df1-81a3f38a37d0",
                  "parentUUID": "091a478b-5362-4335-ac59-67c289a7368c",
                  "isHook": false,
                  "skipped": false
                },
                {
                  "title": "Deve retornar erro quando a data não for informada",
                  "fullTitle": "Expense External - GraphQL editExpense Mutation Deve retornar erro quando a data não for informada",
                  "timedOut": false,
                  "duration": 3,
                  "state": "passed",
                  "speed": "fast",
                  "pass": true,
                  "fail": false,
                  "pending": false,
                  "context": null,
                  "code": "const response = await request(process.env.BASE_URL_GRAPHQL)\n  .post(\"/\")\n  .set(\"Authorization\", `Bearer ${token}`)\n  .send(test.editExpense);\nexpect(response.body.errors[0].message).to.equal(test.expectedMessage);",
                  "err": {},
                  "uuid": "fd05e510-d560-40d8-8241-31679dcf5071",
                  "parentUUID": "091a478b-5362-4335-ac59-67c289a7368c",
                  "isHook": false,
                  "skipped": false
                },
                {
                  "title": "Deve retornar erro quando a edição de uma despesa for feita sem token de autenticação",
                  "fullTitle": "Expense External - GraphQL editExpense Mutation Deve retornar erro quando a edição de uma despesa for feita sem token de autenticação",
                  "timedOut": false,
                  "duration": 4,
                  "state": "passed",
                  "speed": "fast",
                  "pass": true,
                  "fail": false,
                  "pending": false,
                  "context": null,
                  "code": "editExpenseRequest.variables.id = expenseId;\nconst response = await request(process.env.BASE_URL_GRAPHQL)\n  .post(\"/\")\n  .send(editExpenseRequest);\nexpect(response.body.errors[0].message).to.equal(\"Not authenticated\");",
                  "err": {},
                  "uuid": "a55187c5-6c6b-449f-88f2-c78024b20da9",
                  "parentUUID": "091a478b-5362-4335-ac59-67c289a7368c",
                  "isHook": false,
                  "skipped": false
                },
                {
                  "title": "Deve editar uma despesa com sucesso",
                  "fullTitle": "Expense External - GraphQL editExpense Mutation Deve editar uma despesa com sucesso",
                  "timedOut": false,
                  "duration": 4,
                  "state": "passed",
                  "speed": "fast",
                  "pass": true,
                  "fail": false,
                  "pending": false,
                  "context": null,
                  "code": "editExpenseRequest.variables.id = expenseId;\nconst response = await request(process.env.BASE_URL_GRAPHQL)\n  .post(\"/\")\n  .set(\"Authorization\", `Bearer ${token}`)\n  .send(editExpenseRequest);\nconst expectedResponse = require(\"../../fixture/responses/expense/editExpenseSuccessfulResponse.json\");\nexpect(response.status).to.equal(expectedResponse.statusCode);\nexpect(response.body.data.editExpense).to.deep.equal(\n  expectedResponse.data.editExpense\n);",
                  "err": {},
                  "uuid": "41c0c1e5-c897-40c5-ba4e-2591d716c100",
                  "parentUUID": "091a478b-5362-4335-ac59-67c289a7368c",
                  "isHook": false,
                  "skipped": false
                }
              ],
              "suites": [],
              "passes": [
                "59cad53c-4b21-42a5-93c4-faab250903fb",
                "3de4ae0d-5b11-4ed6-bbad-be640db5f75d",
                "07481b46-7cef-45a7-bbba-daa4d0ade8a6",
                "ac3187c1-cbf0-47c5-9df1-81a3f38a37d0",
                "fd05e510-d560-40d8-8241-31679dcf5071",
                "a55187c5-6c6b-449f-88f2-c78024b20da9",
                "41c0c1e5-c897-40c5-ba4e-2591d716c100"
              ],
              "failures": [],
              "pending": [],
              "skipped": [],
              "duration": 27,
              "root": false,
              "rootEmpty": false,
              "_timeout": 10000
            }
          ],
          "passes": [],
          "failures": [],
          "pending": [],
          "skipped": [],
          "duration": 0,
          "root": false,
          "rootEmpty": false,
          "_timeout": 10000
        },
        {
          "uuid": "73d61bff-fcc6-4930-bb6c-52aa1c88ff0d",
          "title": "User External - GraphQL",
          "fullFile": "/home/runner/work/trabalho-final-automacao-api/trabalho-final-automacao-api/test/graphql/external/user/userExternal.graphql.test.js",
          "file": "/test/graphql/external/user/userExternal.graphql.test.js",
          "beforeHooks": [],
          "afterHooks": [],
          "tests": [],
          "suites": [
            {
              "uuid": "fd8ec7f8-93fe-4a4d-b2f8-17e68eb43a52",
              "title": "register Mutation",
              "fullFile": "/home/runner/work/trabalho-final-automacao-api/trabalho-final-automacao-api/test/graphql/external/user/userExternal.graphql.test.js",
              "file": "/test/graphql/external/user/userExternal.graphql.test.js",
              "beforeHooks": [],
              "afterHooks": [],
              "tests": [
                {
                  "title": "Deve retornar erro quando o usuário não for informado",
                  "fullTitle": "User External - GraphQL register Mutation Deve retornar erro quando o usuário não for informado",
                  "timedOut": false,
                  "duration": 4,
                  "state": "passed",
                  "speed": "fast",
                  "pass": true,
                  "fail": false,
                  "pending": false,
                  "context": null,
                  "code": "const response = await request(process.env.BASE_URL_GRAPHQL)\n  .post(\"/\")\n  .send(test.createUser);\nexpect(response.status).to.equal(test.statusCode);\nexpect(response.body.errors[0].message).to.equal(test.expectedMessage);",
                  "err": {},
                  "uuid": "7ad6b15f-335a-4fe9-8e11-a7b8ffafbccc",
                  "parentUUID": "fd8ec7f8-93fe-4a4d-b2f8-17e68eb43a52",
                  "isHook": false,
                  "skipped": false
                },
                {
                  "title": "Deve retornar erro quando a senha não for informada",
                  "fullTitle": "User External - GraphQL register Mutation Deve retornar erro quando a senha não for informada",
                  "timedOut": false,
                  "duration": 2,
                  "state": "passed",
                  "speed": "fast",
                  "pass": true,
                  "fail": false,
                  "pending": false,
                  "context": null,
                  "code": "const response = await request(process.env.BASE_URL_GRAPHQL)\n  .post(\"/\")\n  .send(test.createUser);\nexpect(response.status).to.equal(test.statusCode);\nexpect(response.body.errors[0].message).to.equal(test.expectedMessage);",
                  "err": {},
                  "uuid": "f19da8d6-9c24-48e3-885a-17f8e5baf845",
                  "parentUUID": "fd8ec7f8-93fe-4a4d-b2f8-17e68eb43a52",
                  "isHook": false,
                  "skipped": false
                },
                {
                  "title": "Deve retornar erro quando o usuário já existir",
                  "fullTitle": "User External - GraphQL register Mutation Deve retornar erro quando o usuário já existir",
                  "timedOut": false,
                  "duration": 2,
                  "state": "passed",
                  "speed": "fast",
                  "pass": true,
                  "fail": false,
                  "pending": false,
                  "context": null,
                  "code": "const response = await request(process.env.BASE_URL_GRAPHQL)\n  .post(\"/\")\n  .send(test.createUser);\nexpect(response.status).to.equal(test.statusCode);\nexpect(response.body.errors[0].message).to.equal(test.expectedMessage);",
                  "err": {},
                  "uuid": "9ac6b425-365f-4edb-9a16-7d2f051a3b59",
                  "parentUUID": "fd8ec7f8-93fe-4a4d-b2f8-17e68eb43a52",
                  "isHook": false,
                  "skipped": false
                },
                {
                  "title": "Deve criar usuário com sucesso",
                  "fullTitle": "User External - GraphQL register Mutation Deve criar usuário com sucesso",
                  "timedOut": false,
                  "duration": 87,
                  "state": "passed",
                  "speed": "slow",
                  "pass": true,
                  "fail": false,
                  "pending": false,
                  "context": null,
                  "code": "const username = `user${Math.floor(Math.random() * 100000)}`;\nconst mutation = `mutation { register(username: \\\"${username}\\\", password: \\\"password\\\") { message } }`;\nconst response = await request(process.env.BASE_URL_GRAPHQL)\n  .post(\"/\")\n  .send({ query: mutation });\nexpect(response.body.data.register.message).to.equal(\n  \"Usuário registrado com sucesso\"\n);",
                  "err": {},
                  "uuid": "b7b7d533-e967-43c7-8a33-afef1c4526c3",
                  "parentUUID": "fd8ec7f8-93fe-4a4d-b2f8-17e68eb43a52",
                  "isHook": false,
                  "skipped": false
                }
              ],
              "suites": [],
              "passes": [
                "7ad6b15f-335a-4fe9-8e11-a7b8ffafbccc",
                "f19da8d6-9c24-48e3-885a-17f8e5baf845",
                "9ac6b425-365f-4edb-9a16-7d2f051a3b59",
                "b7b7d533-e967-43c7-8a33-afef1c4526c3"
              ],
              "failures": [],
              "pending": [],
              "skipped": [],
              "duration": 95,
              "root": false,
              "rootEmpty": false,
              "_timeout": 10000
            },
            {
              "uuid": "d0970423-201f-43e2-8d15-73e023558ca8",
              "title": "login Query",
              "fullFile": "/home/runner/work/trabalho-final-automacao-api/trabalho-final-automacao-api/test/graphql/external/user/userExternal.graphql.test.js",
              "file": "/test/graphql/external/user/userExternal.graphql.test.js",
              "beforeHooks": [],
              "afterHooks": [],
              "tests": [
                {
                  "title": "Deve retornar erro quando o usuário não for informado",
                  "fullTitle": "User External - GraphQL login Query Deve retornar erro quando o usuário não for informado",
                  "timedOut": false,
                  "duration": 4,
                  "state": "passed",
                  "speed": "fast",
                  "pass": true,
                  "fail": false,
                  "pending": false,
                  "context": null,
                  "code": "const response = await request(process.env.BASE_URL_GRAPHQL)\n  .post(\"/\")\n  .send(test.loginUser);\nexpect(response.body.errors[0].message).to.equal(test.expectedMessage);",
                  "err": {},
                  "uuid": "671faaa9-a1a3-4940-96a3-48ef7d24a89c",
                  "parentUUID": "d0970423-201f-43e2-8d15-73e023558ca8",
                  "isHook": false,
                  "skipped": false
                },
                {
                  "title": "Deve retornar erro quando a senha não for informada",
                  "fullTitle": "User External - GraphQL login Query Deve retornar erro quando a senha não for informada",
                  "timedOut": false,
                  "duration": 3,
                  "state": "passed",
                  "speed": "fast",
                  "pass": true,
                  "fail": false,
                  "pending": false,
                  "context": null,
                  "code": "const response = await request(process.env.BASE_URL_GRAPHQL)\n  .post(\"/\")\n  .send(test.loginUser);\nexpect(response.body.errors[0].message).to.equal(test.expectedMessage);",
                  "err": {},
                  "uuid": "a48e072d-8dbd-4579-9e0d-3601266d6789",
                  "parentUUID": "d0970423-201f-43e2-8d15-73e023558ca8",
                  "isHook": false,
                  "skipped": false
                },
                {
                  "title": "Deve retornar erro quando informar usuário inexistente",
                  "fullTitle": "User External - GraphQL login Query Deve retornar erro quando informar usuário inexistente",
                  "timedOut": false,
                  "duration": 2,
                  "state": "passed",
                  "speed": "fast",
                  "pass": true,
                  "fail": false,
                  "pending": false,
                  "context": null,
                  "code": "const response = await request(process.env.BASE_URL_GRAPHQL)\n  .post(\"/\")\n  .send(test.loginUser);\nexpect(response.body.errors[0].message).to.equal(test.expectedMessage);",
                  "err": {},
                  "uuid": "48a2ff6c-f94b-4cda-8588-87524bd80426",
                  "parentUUID": "d0970423-201f-43e2-8d15-73e023558ca8",
                  "isHook": false,
                  "skipped": false
                },
                {
                  "title": "Deve retornar erro quando informar senha incorreta",
                  "fullTitle": "User External - GraphQL login Query Deve retornar erro quando informar senha incorreta",
                  "timedOut": false,
                  "duration": 24,
                  "state": "passed",
                  "speed": "fast",
                  "pass": true,
                  "fail": false,
                  "pending": false,
                  "context": null,
                  "code": "const response = await request(process.env.BASE_URL_GRAPHQL)\n  .post(\"/\")\n  .send(test.loginUser);\nexpect(response.body.errors[0].message).to.equal(test.expectedMessage);",
                  "err": {},
                  "uuid": "4c6cba7e-6f2e-4c70-a4b4-4075e6c1a720",
                  "parentUUID": "d0970423-201f-43e2-8d15-73e023558ca8",
                  "isHook": false,
                  "skipped": false
                },
                {
                  "title": "Deve realizar o login com sucesso",
                  "fullTitle": "User External - GraphQL login Query Deve realizar o login com sucesso",
                  "timedOut": false,
                  "duration": 25,
                  "state": "passed",
                  "speed": "fast",
                  "pass": true,
                  "fail": false,
                  "pending": false,
                  "context": null,
                  "code": "const loginRequest = require(\"../../fixture/requests/user/loginRequest.json\");\nconst response = await request(process.env.BASE_URL_GRAPHQL)\n  .post(\"/\")\n  .send(loginRequest);\nexpect(response.body.data.login.token).to.be.a(\"string\");",
                  "err": {},
                  "uuid": "be30d77f-7d0d-4850-b258-da75234c131a",
                  "parentUUID": "d0970423-201f-43e2-8d15-73e023558ca8",
                  "isHook": false,
                  "skipped": false
                }
              ],
              "suites": [],
              "passes": [
                "671faaa9-a1a3-4940-96a3-48ef7d24a89c",
                "a48e072d-8dbd-4579-9e0d-3601266d6789",
                "48a2ff6c-f94b-4cda-8588-87524bd80426",
                "4c6cba7e-6f2e-4c70-a4b4-4075e6c1a720",
                "be30d77f-7d0d-4850-b258-da75234c131a"
              ],
              "failures": [],
              "pending": [],
              "skipped": [],
              "duration": 58,
              "root": false,
              "rootEmpty": false,
              "_timeout": 10000
            }
          ],
          "passes": [],
          "failures": [],
          "pending": [],
          "skipped": [],
          "duration": 0,
          "root": false,
          "rootEmpty": false,
          "_timeout": 10000
        }
      ],
      "passes": [],
      "failures": [],
      "pending": [],
      "skipped": [],
      "duration": 0,
      "root": true,
      "rootEmpty": true,
      "_timeout": 10000
    }
  ],
  "meta": {
    "mocha": {
      "version": "11.7.2"
    },
    "mochawesome": {
      "options": {
        "quiet": false,
        "reportFilename": "mochawesome",
        "saveHtml": true,
        "saveJson": true,
        "consoleReporter": "spec",
        "useInlineDiffs": false,
        "code": true
      },
      "version": "7.1.4"
    },
    "marge": {
      "options": {
        "reportDir": "mochawesome-report",
        "overwrite": "false"
      },
      "version": "6.3.0"
    }
  }
}