{
  "stats": {
    "suites": 6,
    "tests": 21,
    "passes": 21,
    "pending": 0,
    "failures": 0,
    "start": "2025-09-19T18:22:27.252Z",
    "end": "2025-09-19T18:22:27.514Z",
    "duration": 262,
    "testsRegistered": 21,
    "passPercent": 100,
    "pendingPercent": 0,
    "other": 0,
    "hasOther": false,
    "skipped": 0,
    "hasSkipped": false
  },
  "results": [
    {
      "uuid": "c75e39fe-18e7-4b22-9993-9d47e3e9f76c",
      "title": "",
      "fullFile": "",
      "file": "",
      "beforeHooks": [],
      "afterHooks": [],
      "tests": [],
      "suites": [
        {
          "uuid": "5fd918de-b1c7-4f41-b2a0-f799c7df653b",
          "title": "Expense External - HTTP Rest",
          "fullFile": "/home/runner/work/trabalho-final-automacao-api/trabalho-final-automacao-api/test/rest/external/expense/expenseExternal.rest.test.js",
          "file": "/test/rest/external/expense/expenseExternal.rest.test.js",
          "beforeHooks": [
            {
              "title": "\"before all\" hook in \"Expense External - HTTP Rest\"",
              "fullTitle": "Expense External - HTTP Rest \"before all\" hook in \"Expense External - HTTP Rest\"",
              "timedOut": false,
              "duration": 59,
              "state": null,
              "speed": null,
              "pass": false,
              "fail": false,
              "pending": false,
              "context": null,
              "code": "const loginRequest = require(\"../../fixture/requests/user/loginRequest.json\");\nconst respostaLogin = await request(process.env.BASE_URL_REST)\n  .post(\"/users/login\")\n  .send(loginRequest);\ntoken = respostaLogin.body.token;",
              "err": {},
              "uuid": "ed6225c8-1960-4ec6-9fb8-8d0c0f7ab9f0",
              "parentUUID": "5fd918de-b1c7-4f41-b2a0-f799c7df653b",
              "isHook": true,
              "skipped": false
            }
          ],
          "afterHooks": [],
          "tests": [],
          "suites": [
            {
              "uuid": "fea3ed5f-acc8-4663-abf5-61adc69cac6a",
              "title": "POST /expenses",
              "fullFile": "/home/runner/work/trabalho-final-automacao-api/trabalho-final-automacao-api/test/rest/external/expense/expenseExternal.rest.test.js",
              "file": "/test/rest/external/expense/expenseExternal.rest.test.js",
              "beforeHooks": [],
              "afterHooks": [],
              "tests": [
                {
                  "title": "Deve retornar erro quando a descrição não for informada",
                  "fullTitle": "Expense External - HTTP Rest POST /expenses Deve retornar erro quando a descrição não for informada",
                  "timedOut": false,
                  "duration": 6,
                  "state": "passed",
                  "speed": "fast",
                  "pass": true,
                  "fail": false,
                  "pending": false,
                  "context": null,
                  "code": "const response = await request(process.env.BASE_URL_REST)\n  .post(\"/expenses\")\n  .set(\"Authorization\", `Bearer ${token}`)\n  .send(test.createExpense);\nexpect(response.status).to.equal(test.statusCode);\nexpect(response.body.message).to.equal(test.expectedMessage);",
                  "err": {},
                  "uuid": "1633191e-2a0d-49ed-a62f-bfde2fc7df9b",
                  "parentUUID": "fea3ed5f-acc8-4663-abf5-61adc69cac6a",
                  "isHook": false,
                  "skipped": false
                },
                {
                  "title": "Deve retornar erro quando o valor não for informado",
                  "fullTitle": "Expense External - HTTP Rest POST /expenses Deve retornar erro quando o valor não for informado",
                  "timedOut": false,
                  "duration": 4,
                  "state": "passed",
                  "speed": "fast",
                  "pass": true,
                  "fail": false,
                  "pending": false,
                  "context": null,
                  "code": "const response = await request(process.env.BASE_URL_REST)\n  .post(\"/expenses\")\n  .set(\"Authorization\", `Bearer ${token}`)\n  .send(test.createExpense);\nexpect(response.status).to.equal(test.statusCode);\nexpect(response.body.message).to.equal(test.expectedMessage);",
                  "err": {},
                  "uuid": "5366b86d-3a83-46f5-b876-c1e278d8cbfc",
                  "parentUUID": "fea3ed5f-acc8-4663-abf5-61adc69cac6a",
                  "isHook": false,
                  "skipped": false
                },
                {
                  "title": "Deve retornar erro quando a data não for informada",
                  "fullTitle": "Expense External - HTTP Rest POST /expenses Deve retornar erro quando a data não for informada",
                  "timedOut": false,
                  "duration": 4,
                  "state": "passed",
                  "speed": "fast",
                  "pass": true,
                  "fail": false,
                  "pending": false,
                  "context": null,
                  "code": "const response = await request(process.env.BASE_URL_REST)\n  .post(\"/expenses\")\n  .set(\"Authorization\", `Bearer ${token}`)\n  .send(test.createExpense);\nexpect(response.status).to.equal(test.statusCode);\nexpect(response.body.message).to.equal(test.expectedMessage);",
                  "err": {},
                  "uuid": "90a6b5a1-f105-423f-a3c6-db3a517d93f1",
                  "parentUUID": "fea3ed5f-acc8-4663-abf5-61adc69cac6a",
                  "isHook": false,
                  "skipped": false
                },
                {
                  "title": "Deve retornar erro quando a inclusão de uma despesa for feita sem token de autenticação",
                  "fullTitle": "Expense External - HTTP Rest POST /expenses Deve retornar erro quando a inclusão de uma despesa for feita sem token de autenticação",
                  "timedOut": false,
                  "duration": 3,
                  "state": "passed",
                  "speed": "fast",
                  "pass": true,
                  "fail": false,
                  "pending": false,
                  "context": null,
                  "code": "const expenseRequest = require(\"../../fixture/requests/expense/expenseRequest.json\");\nconst response = await request(process.env.BASE_URL_REST)\n  .post(\"/expenses\")\n  .send(expenseRequest);\nexpect(response.status).to.equal(401);\nexpect(response.body.message).to.equal(\"Token não fornecido\");",
                  "err": {},
                  "uuid": "d1e0fa5c-9618-455b-b574-96edf1b121bd",
                  "parentUUID": "fea3ed5f-acc8-4663-abf5-61adc69cac6a",
                  "isHook": false,
                  "skipped": false
                },
                {
                  "title": "Deve registrar uma despesa com sucesso",
                  "fullTitle": "Expense External - HTTP Rest POST /expenses Deve registrar uma despesa com sucesso",
                  "timedOut": false,
                  "duration": 5,
                  "state": "passed",
                  "speed": "fast",
                  "pass": true,
                  "fail": false,
                  "pending": false,
                  "context": null,
                  "code": "const expenseRequest = require(\"../../fixture/requests/expense/expenseRequest.json\");\nconst response = await request(process.env.BASE_URL_REST)\n  .post(\"/expenses\")\n  .set(\"Authorization\", `Bearer ${token}`)\n  .send(expenseRequest);\nconst expectedResponse = require(\"../../fixture/responses/expense/createExpenseSuccessfulResponse.json\");\nexpect(response.status).to.equal(expectedResponse.statusCode);\nexpect(response.body)\n  .excluding([\"date\", \"id\"])\n  .to.deep.equal(expectedResponse.body);\nexpenseId = response.body.id;",
                  "err": {},
                  "uuid": "e01021b1-8065-4a6a-9d81-7999d29c3f96",
                  "parentUUID": "fea3ed5f-acc8-4663-abf5-61adc69cac6a",
                  "isHook": false,
                  "skipped": false
                }
              ],
              "suites": [],
              "passes": [
                "1633191e-2a0d-49ed-a62f-bfde2fc7df9b",
                "5366b86d-3a83-46f5-b876-c1e278d8cbfc",
                "90a6b5a1-f105-423f-a3c6-db3a517d93f1",
                "d1e0fa5c-9618-455b-b574-96edf1b121bd",
                "e01021b1-8065-4a6a-9d81-7999d29c3f96"
              ],
              "failures": [],
              "pending": [],
              "skipped": [],
              "duration": 22,
              "root": false,
              "rootEmpty": false,
              "_timeout": 10000
            },
            {
              "uuid": "bc723e8c-1d2f-479a-8baa-aa92bbe8113b",
              "title": "PUT /expenses",
              "fullFile": "/home/runner/work/trabalho-final-automacao-api/trabalho-final-automacao-api/test/rest/external/expense/expenseExternal.rest.test.js",
              "file": "/test/rest/external/expense/expenseExternal.rest.test.js",
              "beforeHooks": [],
              "afterHooks": [],
              "tests": [
                {
                  "title": "Deve retornar erro quando a descrição não for informada",
                  "fullTitle": "Expense External - HTTP Rest PUT /expenses Deve retornar erro quando a descrição não for informada",
                  "timedOut": false,
                  "duration": 4,
                  "state": "passed",
                  "speed": "fast",
                  "pass": true,
                  "fail": false,
                  "pending": false,
                  "context": null,
                  "code": "const response = await request(process.env.BASE_URL_REST)\n  .put(`/expenses/${expenseId}`)\n  .set(\"Authorization\", `Bearer ${token}`)\n  .send(test.editExpense);\nexpect(response.status).to.equal(test.statusCode);\nexpect(response.body.message).to.equal(test.expectedMessage);",
                  "err": {},
                  "uuid": "06639144-3a2c-4ff1-b58f-1b2ec959591f",
                  "parentUUID": "bc723e8c-1d2f-479a-8baa-aa92bbe8113b",
                  "isHook": false,
                  "skipped": false
                },
                {
                  "title": "Deve retornar erro quando o valor não for informado",
                  "fullTitle": "Expense External - HTTP Rest PUT /expenses Deve retornar erro quando o valor não for informado",
                  "timedOut": false,
                  "duration": 3,
                  "state": "passed",
                  "speed": "fast",
                  "pass": true,
                  "fail": false,
                  "pending": false,
                  "context": null,
                  "code": "const response = await request(process.env.BASE_URL_REST)\n  .put(`/expenses/${expenseId}`)\n  .set(\"Authorization\", `Bearer ${token}`)\n  .send(test.editExpense);\nexpect(response.status).to.equal(test.statusCode);\nexpect(response.body.message).to.equal(test.expectedMessage);",
                  "err": {},
                  "uuid": "f73ba7ce-bb02-401f-b593-ff8ea8e52356",
                  "parentUUID": "bc723e8c-1d2f-479a-8baa-aa92bbe8113b",
                  "isHook": false,
                  "skipped": false
                },
                {
                  "title": "Deve retornar erro quando o valor menor que zero",
                  "fullTitle": "Expense External - HTTP Rest PUT /expenses Deve retornar erro quando o valor menor que zero",
                  "timedOut": false,
                  "duration": 3,
                  "state": "passed",
                  "speed": "fast",
                  "pass": true,
                  "fail": false,
                  "pending": false,
                  "context": null,
                  "code": "const response = await request(process.env.BASE_URL_REST)\n  .put(`/expenses/${expenseId}`)\n  .set(\"Authorization\", `Bearer ${token}`)\n  .send(test.editExpense);\nexpect(response.status).to.equal(test.statusCode);\nexpect(response.body.message).to.equal(test.expectedMessage);",
                  "err": {},
                  "uuid": "a9760e3e-9e2a-4e43-8392-80949fc95147",
                  "parentUUID": "bc723e8c-1d2f-479a-8baa-aa92bbe8113b",
                  "isHook": false,
                  "skipped": false
                },
                {
                  "title": "Deve retornar erro quando o valor zero",
                  "fullTitle": "Expense External - HTTP Rest PUT /expenses Deve retornar erro quando o valor zero",
                  "timedOut": false,
                  "duration": 3,
                  "state": "passed",
                  "speed": "fast",
                  "pass": true,
                  "fail": false,
                  "pending": false,
                  "context": null,
                  "code": "const response = await request(process.env.BASE_URL_REST)\n  .put(`/expenses/${expenseId}`)\n  .set(\"Authorization\", `Bearer ${token}`)\n  .send(test.editExpense);\nexpect(response.status).to.equal(test.statusCode);\nexpect(response.body.message).to.equal(test.expectedMessage);",
                  "err": {},
                  "uuid": "09c597b2-4b7a-45a7-8193-f8c0887a339d",
                  "parentUUID": "bc723e8c-1d2f-479a-8baa-aa92bbe8113b",
                  "isHook": false,
                  "skipped": false
                },
                {
                  "title": "Deve retornar erro quando a data não for informada",
                  "fullTitle": "Expense External - HTTP Rest PUT /expenses Deve retornar erro quando a data não for informada",
                  "timedOut": false,
                  "duration": 3,
                  "state": "passed",
                  "speed": "fast",
                  "pass": true,
                  "fail": false,
                  "pending": false,
                  "context": null,
                  "code": "const response = await request(process.env.BASE_URL_REST)\n  .put(`/expenses/${expenseId}`)\n  .set(\"Authorization\", `Bearer ${token}`)\n  .send(test.editExpense);\nexpect(response.status).to.equal(test.statusCode);\nexpect(response.body.message).to.equal(test.expectedMessage);",
                  "err": {},
                  "uuid": "a7fed7df-05f3-4801-b640-420b15e5542a",
                  "parentUUID": "bc723e8c-1d2f-479a-8baa-aa92bbe8113b",
                  "isHook": false,
                  "skipped": false
                },
                {
                  "title": "Deve retornar erro quando a edição de uma despesa for feita sem token de autenticação",
                  "fullTitle": "Expense External - HTTP Rest PUT /expenses Deve retornar erro quando a edição de uma despesa for feita sem token de autenticação",
                  "timedOut": false,
                  "duration": 2,
                  "state": "passed",
                  "speed": "fast",
                  "pass": true,
                  "fail": false,
                  "pending": false,
                  "context": null,
                  "code": "const expenseRequest = require(\"../../fixture/requests/expense/expenseRequest.json\");\nconst response = await request(process.env.BASE_URL_REST)\n  .put(`/expenses/${expenseId}`)\n  .send(expenseRequest);\nexpect(response.status).to.equal(401);\nexpect(response.body.message).to.equal(\"Token não fornecido\");",
                  "err": {},
                  "uuid": "cd8d98f2-1c4f-4ba6-b28c-33a011f791a4",
                  "parentUUID": "bc723e8c-1d2f-479a-8baa-aa92bbe8113b",
                  "isHook": false,
                  "skipped": false
                },
                {
                  "title": "Deve editar uma despesa com sucesso",
                  "fullTitle": "Expense External - HTTP Rest PUT /expenses Deve editar uma despesa com sucesso",
                  "timedOut": false,
                  "duration": 3,
                  "state": "passed",
                  "speed": "fast",
                  "pass": true,
                  "fail": false,
                  "pending": false,
                  "context": null,
                  "code": "const expenseRequest = require(\"../../fixture/requests/expense/expenseRequest.json\");\nconst response = await request(process.env.BASE_URL_REST)\n  .put(`/expenses/${expenseId}`)\n  .set(\"Authorization\", `Bearer ${token}`)\n  .send(expenseRequest);\nconst expectedResponse = require(\"../../fixture/responses/expense/editExpenseSuccessfulResponse.json\");\nexpect(response.status).to.equal(expectedResponse.statusCode);\nexpect(response.body)\n  .excluding(\"date\")\n  .to.deep.equal(expectedResponse.body);",
                  "err": {},
                  "uuid": "b7210e0a-ef24-4e26-9a86-8919982f8aaf",
                  "parentUUID": "bc723e8c-1d2f-479a-8baa-aa92bbe8113b",
                  "isHook": false,
                  "skipped": false
                }
              ],
              "suites": [],
              "passes": [
                "06639144-3a2c-4ff1-b58f-1b2ec959591f",
                "f73ba7ce-bb02-401f-b593-ff8ea8e52356",
                "a9760e3e-9e2a-4e43-8392-80949fc95147",
                "09c597b2-4b7a-45a7-8193-f8c0887a339d",
                "a7fed7df-05f3-4801-b640-420b15e5542a",
                "cd8d98f2-1c4f-4ba6-b28c-33a011f791a4",
                "b7210e0a-ef24-4e26-9a86-8919982f8aaf"
              ],
              "failures": [],
              "pending": [],
              "skipped": [],
              "duration": 21,
              "root": false,
              "rootEmpty": false,
              "_timeout": 10000
            }
          ],
          "passes": [],
          "failures": [],
          "pending": [],
          "skipped": [],
          "duration": 0,
          "root": false,
          "rootEmpty": false,
          "_timeout": 10000
        },
        {
          "uuid": "c6eb4441-cae9-4250-8322-eeae1684dc20",
          "title": "User External - HTTP Rest",
          "fullFile": "/home/runner/work/trabalho-final-automacao-api/trabalho-final-automacao-api/test/rest/external/user/userExternal.rest.test.js",
          "file": "/test/rest/external/user/userExternal.rest.test.js",
          "beforeHooks": [],
          "afterHooks": [],
          "tests": [],
          "suites": [
            {
              "uuid": "99bfdace-50a1-486d-a3ee-230b6494162a",
              "title": "POST /users/register",
              "fullFile": "/home/runner/work/trabalho-final-automacao-api/trabalho-final-automacao-api/test/rest/external/user/userExternal.rest.test.js",
              "file": "/test/rest/external/user/userExternal.rest.test.js",
              "beforeHooks": [],
              "afterHooks": [],
              "tests": [
                {
                  "title": "Deve retornar erro quando o usuário não for informado",
                  "fullTitle": "User External - HTTP Rest POST /users/register Deve retornar erro quando o usuário não for informado",
                  "timedOut": false,
                  "duration": 2,
                  "state": "passed",
                  "speed": "fast",
                  "pass": true,
                  "fail": false,
                  "pending": false,
                  "context": null,
                  "code": "const response = await request(process.env.BASE_URL_REST)\n  .post(\"/users/register\")\n  .send(test.createUser);\nexpect(response.status).to.equal(test.statusCode);\nexpect(response.body.message).to.equal(test.expectedMessage);",
                  "err": {},
                  "uuid": "70b90953-e8e6-4e0a-a6c6-e99de1f20d01",
                  "parentUUID": "99bfdace-50a1-486d-a3ee-230b6494162a",
                  "isHook": false,
                  "skipped": false
                },
                {
                  "title": "Deve retornar erro quando a senha não for informada",
                  "fullTitle": "User External - HTTP Rest POST /users/register Deve retornar erro quando a senha não for informada",
                  "timedOut": false,
                  "duration": 2,
                  "state": "passed",
                  "speed": "fast",
                  "pass": true,
                  "fail": false,
                  "pending": false,
                  "context": null,
                  "code": "const response = await request(process.env.BASE_URL_REST)\n  .post(\"/users/register\")\n  .send(test.createUser);\nexpect(response.status).to.equal(test.statusCode);\nexpect(response.body.message).to.equal(test.expectedMessage);",
                  "err": {},
                  "uuid": "d371af77-a947-436b-a953-9eaf72850b0a",
                  "parentUUID": "99bfdace-50a1-486d-a3ee-230b6494162a",
                  "isHook": false,
                  "skipped": false
                },
                {
                  "title": "Deve retornar erro quando o usuário já existir",
                  "fullTitle": "User External - HTTP Rest POST /users/register Deve retornar erro quando o usuário já existir",
                  "timedOut": false,
                  "duration": 2,
                  "state": "passed",
                  "speed": "fast",
                  "pass": true,
                  "fail": false,
                  "pending": false,
                  "context": null,
                  "code": "const response = await request(process.env.BASE_URL_REST)\n  .post(\"/users/register\")\n  .send(test.createUser);\nexpect(response.status).to.equal(test.statusCode);\nexpect(response.body.message).to.equal(test.expectedMessage);",
                  "err": {},
                  "uuid": "06cad1ce-bd1f-455f-8109-b8dc059c6f50",
                  "parentUUID": "99bfdace-50a1-486d-a3ee-230b6494162a",
                  "isHook": false,
                  "skipped": false
                },
                {
                  "title": "Deve criar usuário com sucesso",
                  "fullTitle": "User External - HTTP Rest POST /users/register Deve criar usuário com sucesso",
                  "timedOut": false,
                  "duration": 85,
                  "state": "passed",
                  "speed": "slow",
                  "pass": true,
                  "fail": false,
                  "pending": false,
                  "context": null,
                  "code": "const response = await request(process.env.BASE_URL_REST)\n  .post(\"/users/register\")\n  .send({\n    username: `user${Math.random()}`,\n    password: \"password\",\n  });\nconst expectedResponse = require(\"../../fixture/responses/user/createUserResponseSuccessful.json\");\nexpect(response.status).to.equal(expectedResponse.statusCode);\nexpect(response.body).to.deep.equal(expectedResponse.body);",
                  "err": {},
                  "uuid": "ac1a5b4b-3ac7-4a2e-96dc-dddda67650a8",
                  "parentUUID": "99bfdace-50a1-486d-a3ee-230b6494162a",
                  "isHook": false,
                  "skipped": false
                }
              ],
              "suites": [],
              "passes": [
                "70b90953-e8e6-4e0a-a6c6-e99de1f20d01",
                "d371af77-a947-436b-a953-9eaf72850b0a",
                "06cad1ce-bd1f-455f-8109-b8dc059c6f50",
                "ac1a5b4b-3ac7-4a2e-96dc-dddda67650a8"
              ],
              "failures": [],
              "pending": [],
              "skipped": [],
              "duration": 91,
              "root": false,
              "rootEmpty": false,
              "_timeout": 10000
            },
            {
              "uuid": "58ffde8b-8831-4719-8d44-b1100eb3a705",
              "title": "POST /users/login",
              "fullFile": "/home/runner/work/trabalho-final-automacao-api/trabalho-final-automacao-api/test/rest/external/user/userExternal.rest.test.js",
              "file": "/test/rest/external/user/userExternal.rest.test.js",
              "beforeHooks": [],
              "afterHooks": [],
              "tests": [
                {
                  "title": "Deve retornar erro quando o usuário não for informado",
                  "fullTitle": "User External - HTTP Rest POST /users/login Deve retornar erro quando o usuário não for informado",
                  "timedOut": false,
                  "duration": 2,
                  "state": "passed",
                  "speed": "fast",
                  "pass": true,
                  "fail": false,
                  "pending": false,
                  "context": null,
                  "code": "const response = await request(process.env.BASE_URL_REST)\n  .post(\"/users/login\")\n  .send(test.loginUser);\nexpect(response.status).to.equal(test.statusCode);\nexpect(response.body.message).to.equal(test.expectedMessage);",
                  "err": {},
                  "uuid": "d3ba0ad1-b521-45e6-a111-3447a89f71a0",
                  "parentUUID": "58ffde8b-8831-4719-8d44-b1100eb3a705",
                  "isHook": false,
                  "skipped": false
                },
                {
                  "title": "Deve retornar erro quando a senha não for informada",
                  "fullTitle": "User External - HTTP Rest POST /users/login Deve retornar erro quando a senha não for informada",
                  "timedOut": false,
                  "duration": 1,
                  "state": "passed",
                  "speed": "fast",
                  "pass": true,
                  "fail": false,
                  "pending": false,
                  "context": null,
                  "code": "const response = await request(process.env.BASE_URL_REST)\n  .post(\"/users/login\")\n  .send(test.loginUser);\nexpect(response.status).to.equal(test.statusCode);\nexpect(response.body.message).to.equal(test.expectedMessage);",
                  "err": {},
                  "uuid": "0f16138f-137f-43de-85ba-a0078dfd00f5",
                  "parentUUID": "58ffde8b-8831-4719-8d44-b1100eb3a705",
                  "isHook": false,
                  "skipped": false
                },
                {
                  "title": "Deve retornar erro quando informar usuário inexistente",
                  "fullTitle": "User External - HTTP Rest POST /users/login Deve retornar erro quando informar usuário inexistente",
                  "timedOut": false,
                  "duration": 2,
                  "state": "passed",
                  "speed": "fast",
                  "pass": true,
                  "fail": false,
                  "pending": false,
                  "context": null,
                  "code": "const response = await request(process.env.BASE_URL_REST)\n  .post(\"/users/login\")\n  .send(test.loginUser);\nexpect(response.status).to.equal(test.statusCode);\nexpect(response.body.message).to.equal(test.expectedMessage);",
                  "err": {},
                  "uuid": "4d3d9d33-4cdf-4722-8090-7d6240dafe58",
                  "parentUUID": "58ffde8b-8831-4719-8d44-b1100eb3a705",
                  "isHook": false,
                  "skipped": false
                },
                {
                  "title": "Deve retornar erro quando informar senha incorreta",
                  "fullTitle": "User External - HTTP Rest POST /users/login Deve retornar erro quando informar senha incorreta",
                  "timedOut": false,
                  "duration": 23,
                  "state": "passed",
                  "speed": "fast",
                  "pass": true,
                  "fail": false,
                  "pending": false,
                  "context": null,
                  "code": "const response = await request(process.env.BASE_URL_REST)\n  .post(\"/users/login\")\n  .send(test.loginUser);\nexpect(response.status).to.equal(test.statusCode);\nexpect(response.body.message).to.equal(test.expectedMessage);",
                  "err": {},
                  "uuid": "9cb20a37-fdf3-4214-b0b9-fe5a69705e4a",
                  "parentUUID": "58ffde8b-8831-4719-8d44-b1100eb3a705",
                  "isHook": false,
                  "skipped": false
                },
                {
                  "title": "Deve realizar o login com sucesso",
                  "fullTitle": "User External - HTTP Rest POST /users/login Deve realizar o login com sucesso",
                  "timedOut": false,
                  "duration": 24,
                  "state": "passed",
                  "speed": "fast",
                  "pass": true,
                  "fail": false,
                  "pending": false,
                  "context": null,
                  "code": "const loginRequest = require(\"../../fixture/requests/user/loginRequest.json\");\nconst response = await request(process.env.BASE_URL_REST)\n  .post(\"/users/login\")\n  .send(loginRequest);\nexpect(response.status).to.equal(200);\nexpect(response.body.token).to.be.not.null;",
                  "err": {},
                  "uuid": "c9aa36c9-8e18-4e29-a5fc-24648435f796",
                  "parentUUID": "58ffde8b-8831-4719-8d44-b1100eb3a705",
                  "isHook": false,
                  "skipped": false
                }
              ],
              "suites": [],
              "passes": [
                "d3ba0ad1-b521-45e6-a111-3447a89f71a0",
                "0f16138f-137f-43de-85ba-a0078dfd00f5",
                "4d3d9d33-4cdf-4722-8090-7d6240dafe58",
                "9cb20a37-fdf3-4214-b0b9-fe5a69705e4a",
                "c9aa36c9-8e18-4e29-a5fc-24648435f796"
              ],
              "failures": [],
              "pending": [],
              "skipped": [],
              "duration": 52,
              "root": false,
              "rootEmpty": false,
              "_timeout": 10000
            }
          ],
          "passes": [],
          "failures": [],
          "pending": [],
          "skipped": [],
          "duration": 0,
          "root": false,
          "rootEmpty": false,
          "_timeout": 10000
        }
      ],
      "passes": [],
      "failures": [],
      "pending": [],
      "skipped": [],
      "duration": 0,
      "root": true,
      "rootEmpty": true,
      "_timeout": 10000
    }
  ],
  "meta": {
    "mocha": {
      "version": "11.7.2"
    },
    "mochawesome": {
      "options": {
        "quiet": false,
        "reportFilename": "mochawesome",
        "saveHtml": true,
        "saveJson": true,
        "consoleReporter": "spec",
        "useInlineDiffs": false,
        "code": true
      },
      "version": "7.1.4"
    },
    "marge": {
      "options": {
        "reportDir": "mochawesome-report",
        "overwrite": "false"
      },
      "version": "6.3.0"
    }
  }
}