{
  "stats": {
    "suites": 12,
    "tests": 38,
    "passes": 38,
    "pending": 0,
    "failures": 0,
    "start": "2025-09-19T21:00:04.438Z",
    "end": "2025-09-19T21:00:04.752Z",
    "duration": 314,
    "testsRegistered": 38,
    "passPercent": 100,
    "pendingPercent": 0,
    "other": 0,
    "hasOther": false,
    "skipped": 0,
    "hasSkipped": false
  },
  "results": [
    {
      "uuid": "bc7ff327-6428-4c94-9778-295c9d21c233",
      "title": "",
      "fullFile": "",
      "file": "",
      "beforeHooks": [],
      "afterHooks": [],
      "tests": [],
      "suites": [
        {
          "uuid": "093ed4d4-2b91-41a6-9195-b4ae3505c4be",
          "title": "Expense Controller",
          "fullFile": "/home/runner/work/trabalho-final-automacao-api/trabalho-final-automacao-api/test/rest/controller/expense/expenseController.test.js",
          "file": "/test/rest/controller/expense/expenseController.test.js",
          "beforeHooks": [
            {
              "title": "\"before all\" hook in \"Expense Controller\"",
              "fullTitle": "Expense Controller \"before all\" hook in \"Expense Controller\"",
              "timedOut": false,
              "duration": 47,
              "state": null,
              "speed": null,
              "pass": false,
              "fail": false,
              "pending": false,
              "context": null,
              "code": "const loginRequest = require(\"../../fixture/requests/user/loginRequest.json\");\nconst respostaLogin = await request(app)\n  .post(\"/users/login\")\n  .send(loginRequest);\ntoken = respostaLogin.body.token;",
              "err": {},
              "uuid": "5f33e60d-0b4a-44a6-b3e2-ba7aa28b6215",
              "parentUUID": "093ed4d4-2b91-41a6-9195-b4ae3505c4be",
              "isHook": true,
              "skipped": false
            }
          ],
          "afterHooks": [],
          "tests": [],
          "suites": [
            {
              "uuid": "70026117-f2a7-41f1-b7df-5a7428544f9e",
              "title": "POST /expenses",
              "fullFile": "/home/runner/work/trabalho-final-automacao-api/trabalho-final-automacao-api/test/rest/controller/expense/expenseController.test.js",
              "file": "/test/rest/controller/expense/expenseController.test.js",
              "beforeHooks": [],
              "afterHooks": [],
              "tests": [
                {
                  "title": "Deve retornar erro quando a descrição não for informada",
                  "fullTitle": "Expense Controller POST /expenses Deve retornar erro quando a descrição não for informada",
                  "timedOut": false,
                  "duration": 6,
                  "state": "passed",
                  "speed": "fast",
                  "pass": true,
                  "fail": false,
                  "pending": false,
                  "context": null,
                  "code": "const response = await request(app)\n  .post(\"/expenses\")\n  .set(\"Authorization\", `Bearer ${token}`)\n  .send(test.createExpense);\nexpect(response.status).to.equal(test.statusCode);\nexpect(response.body.message).to.equal(test.expectedMessage);",
                  "err": {},
                  "uuid": "c566258e-86ad-4058-b9e8-cb521a35c8c7",
                  "parentUUID": "70026117-f2a7-41f1-b7df-5a7428544f9e",
                  "isHook": false,
                  "skipped": false
                },
                {
                  "title": "Deve retornar erro quando o valor não for informado",
                  "fullTitle": "Expense Controller POST /expenses Deve retornar erro quando o valor não for informado",
                  "timedOut": false,
                  "duration": 3,
                  "state": "passed",
                  "speed": "fast",
                  "pass": true,
                  "fail": false,
                  "pending": false,
                  "context": null,
                  "code": "const response = await request(app)\n  .post(\"/expenses\")\n  .set(\"Authorization\", `Bearer ${token}`)\n  .send(test.createExpense);\nexpect(response.status).to.equal(test.statusCode);\nexpect(response.body.message).to.equal(test.expectedMessage);",
                  "err": {},
                  "uuid": "caa0ef64-193a-4949-bcd1-c5d1be5c22d5",
                  "parentUUID": "70026117-f2a7-41f1-b7df-5a7428544f9e",
                  "isHook": false,
                  "skipped": false
                },
                {
                  "title": "Deve retornar erro quando a data não for informada",
                  "fullTitle": "Expense Controller POST /expenses Deve retornar erro quando a data não for informada",
                  "timedOut": false,
                  "duration": 3,
                  "state": "passed",
                  "speed": "fast",
                  "pass": true,
                  "fail": false,
                  "pending": false,
                  "context": null,
                  "code": "const response = await request(app)\n  .post(\"/expenses\")\n  .set(\"Authorization\", `Bearer ${token}`)\n  .send(test.createExpense);\nexpect(response.status).to.equal(test.statusCode);\nexpect(response.body.message).to.equal(test.expectedMessage);",
                  "err": {},
                  "uuid": "e21e05a7-b6a5-445e-8617-11bdaf69f03f",
                  "parentUUID": "70026117-f2a7-41f1-b7df-5a7428544f9e",
                  "isHook": false,
                  "skipped": false
                },
                {
                  "title": "Deve registrar uma despesa com sucesso",
                  "fullTitle": "Expense Controller POST /expenses Deve registrar uma despesa com sucesso",
                  "timedOut": false,
                  "duration": 4,
                  "state": "passed",
                  "speed": "fast",
                  "pass": true,
                  "fail": false,
                  "pending": false,
                  "context": null,
                  "code": "const expenseRequest = require(\"../../fixture/requests/expense/expenseRequest.json\");\nconst response = await request(app)\n  .post(\"/expenses\")\n  .set(\"Authorization\", `Bearer ${token}`)\n  .send(expenseRequest);\nconst expectedResponse = require(\"../../fixture/responses/expense/createExpenseSuccessfulResponse.json\");\nexpect(response.status).to.equal(expectedResponse.statusCode);\nexpect(response.body)\n  .excluding(\"date\")\n  .to.deep.equal(expectedResponse.body);",
                  "err": {},
                  "uuid": "00d6f312-b0d6-44c7-82f7-459ed36e15eb",
                  "parentUUID": "70026117-f2a7-41f1-b7df-5a7428544f9e",
                  "isHook": false,
                  "skipped": false
                }
              ],
              "suites": [],
              "passes": [
                "c566258e-86ad-4058-b9e8-cb521a35c8c7",
                "caa0ef64-193a-4949-bcd1-c5d1be5c22d5",
                "e21e05a7-b6a5-445e-8617-11bdaf69f03f",
                "00d6f312-b0d6-44c7-82f7-459ed36e15eb"
              ],
              "failures": [],
              "pending": [],
              "skipped": [],
              "duration": 16,
              "root": false,
              "rootEmpty": false,
              "_timeout": 10000
            },
            {
              "uuid": "820c26c2-9447-446f-bbf2-c0c541f92de7",
              "title": "PUT /expenses/:id",
              "fullFile": "/home/runner/work/trabalho-final-automacao-api/trabalho-final-automacao-api/test/rest/controller/expense/expenseController.test.js",
              "file": "/test/rest/controller/expense/expenseController.test.js",
              "beforeHooks": [],
              "afterHooks": [],
              "tests": [
                {
                  "title": "Deve retornar erro quando a descrição não for informada",
                  "fullTitle": "Expense Controller PUT /expenses/:id Deve retornar erro quando a descrição não for informada",
                  "timedOut": false,
                  "duration": 4,
                  "state": "passed",
                  "speed": "fast",
                  "pass": true,
                  "fail": false,
                  "pending": false,
                  "context": null,
                  "code": "const response = await request(app)\n  .put(\"/expenses/1\")\n  .set(\"Authorization\", `Bearer ${token}`)\n  .send(test.editExpense);\nexpect(response.status).to.equal(test.statusCode);\nexpect(response.body.message).to.equal(test.expectedMessage);",
                  "err": {},
                  "uuid": "af49b1c7-cbff-47f1-b290-d96ba49b91d0",
                  "parentUUID": "820c26c2-9447-446f-bbf2-c0c541f92de7",
                  "isHook": false,
                  "skipped": false
                },
                {
                  "title": "Deve retornar erro quando o valor não for informado",
                  "fullTitle": "Expense Controller PUT /expenses/:id Deve retornar erro quando o valor não for informado",
                  "timedOut": false,
                  "duration": 3,
                  "state": "passed",
                  "speed": "fast",
                  "pass": true,
                  "fail": false,
                  "pending": false,
                  "context": null,
                  "code": "const response = await request(app)\n  .put(\"/expenses/1\")\n  .set(\"Authorization\", `Bearer ${token}`)\n  .send(test.editExpense);\nexpect(response.status).to.equal(test.statusCode);\nexpect(response.body.message).to.equal(test.expectedMessage);",
                  "err": {},
                  "uuid": "fc63a162-4110-44df-8a30-1ea3f82403e6",
                  "parentUUID": "820c26c2-9447-446f-bbf2-c0c541f92de7",
                  "isHook": false,
                  "skipped": false
                },
                {
                  "title": "Deve retornar erro quando o valor menor que zero",
                  "fullTitle": "Expense Controller PUT /expenses/:id Deve retornar erro quando o valor menor que zero",
                  "timedOut": false,
                  "duration": 3,
                  "state": "passed",
                  "speed": "fast",
                  "pass": true,
                  "fail": false,
                  "pending": false,
                  "context": null,
                  "code": "const response = await request(app)\n  .put(\"/expenses/1\")\n  .set(\"Authorization\", `Bearer ${token}`)\n  .send(test.editExpense);\nexpect(response.status).to.equal(test.statusCode);\nexpect(response.body.message).to.equal(test.expectedMessage);",
                  "err": {},
                  "uuid": "1a8c04d6-b2dd-4d1d-b1de-5ed576df2496",
                  "parentUUID": "820c26c2-9447-446f-bbf2-c0c541f92de7",
                  "isHook": false,
                  "skipped": false
                },
                {
                  "title": "Deve retornar erro quando o valor for igual a zero",
                  "fullTitle": "Expense Controller PUT /expenses/:id Deve retornar erro quando o valor for igual a zero",
                  "timedOut": false,
                  "duration": 3,
                  "state": "passed",
                  "speed": "fast",
                  "pass": true,
                  "fail": false,
                  "pending": false,
                  "context": null,
                  "code": "const response = await request(app)\n  .put(\"/expenses/1\")\n  .set(\"Authorization\", `Bearer ${token}`)\n  .send(test.editExpense);\nexpect(response.status).to.equal(test.statusCode);\nexpect(response.body.message).to.equal(test.expectedMessage);",
                  "err": {},
                  "uuid": "e7de2823-0d5a-4c91-b7e9-5b2431380ecc",
                  "parentUUID": "820c26c2-9447-446f-bbf2-c0c541f92de7",
                  "isHook": false,
                  "skipped": false
                },
                {
                  "title": "Deve retornar erro quando a data não for informada",
                  "fullTitle": "Expense Controller PUT /expenses/:id Deve retornar erro quando a data não for informada",
                  "timedOut": false,
                  "duration": 3,
                  "state": "passed",
                  "speed": "fast",
                  "pass": true,
                  "fail": false,
                  "pending": false,
                  "context": null,
                  "code": "const response = await request(app)\n  .put(\"/expenses/1\")\n  .set(\"Authorization\", `Bearer ${token}`)\n  .send(test.editExpense);\nexpect(response.status).to.equal(test.statusCode);\nexpect(response.body.message).to.equal(test.expectedMessage);",
                  "err": {},
                  "uuid": "51a2facb-f410-42ac-9310-d7b98a1c965e",
                  "parentUUID": "820c26c2-9447-446f-bbf2-c0c541f92de7",
                  "isHook": false,
                  "skipped": false
                },
                {
                  "title": "Deve editar uma despesa com sucesso",
                  "fullTitle": "Expense Controller PUT /expenses/:id Deve editar uma despesa com sucesso",
                  "timedOut": false,
                  "duration": 3,
                  "state": "passed",
                  "speed": "fast",
                  "pass": true,
                  "fail": false,
                  "pending": false,
                  "context": null,
                  "code": "const expenseRequest = require(\"../../fixture/requests/expense/expenseRequest.json\");\nconst response = await request(app)\n  .put(\"/expenses/1\")\n  .set(\"Authorization\", `Bearer ${token}`)\n  .send(expenseRequest);\nconst expectedResponse = require(\"../../fixture/responses/expense/editExpenseSuccessfulResponse.json\");\nexpect(response.status).to.equal(expectedResponse.statusCode);\nexpect(response.body)\n  .excluding(\"date\")\n  .to.deep.equal(expectedResponse.body);",
                  "err": {},
                  "uuid": "c2b4998a-3e20-42cb-8489-dce7519cd8d4",
                  "parentUUID": "820c26c2-9447-446f-bbf2-c0c541f92de7",
                  "isHook": false,
                  "skipped": false
                }
              ],
              "suites": [],
              "passes": [
                "af49b1c7-cbff-47f1-b290-d96ba49b91d0",
                "fc63a162-4110-44df-8a30-1ea3f82403e6",
                "1a8c04d6-b2dd-4d1d-b1de-5ed576df2496",
                "e7de2823-0d5a-4c91-b7e9-5b2431380ecc",
                "51a2facb-f410-42ac-9310-d7b98a1c965e",
                "c2b4998a-3e20-42cb-8489-dce7519cd8d4"
              ],
              "failures": [],
              "pending": [],
              "skipped": [],
              "duration": 19,
              "root": false,
              "rootEmpty": false,
              "_timeout": 10000
            }
          ],
          "passes": [],
          "failures": [],
          "pending": [],
          "skipped": [],
          "duration": 0,
          "root": false,
          "rootEmpty": false,
          "_timeout": 10000
        },
        {
          "uuid": "f4007d01-3f09-4215-bc36-23e2b24c4b14",
          "title": "Expense Controller - Mocked",
          "fullFile": "/home/runner/work/trabalho-final-automacao-api/trabalho-final-automacao-api/test/rest/controller/expense/expenseControllerMocked.test.js",
          "file": "/test/rest/controller/expense/expenseControllerMocked.test.js",
          "beforeHooks": [
            {
              "title": "\"before all\" hook in \"Expense Controller - Mocked\"",
              "fullTitle": "Expense Controller - Mocked \"before all\" hook in \"Expense Controller - Mocked\"",
              "timedOut": false,
              "duration": 23,
              "state": null,
              "speed": null,
              "pass": false,
              "fail": false,
              "pending": false,
              "context": null,
              "code": "const loginRequest = require(\"../../fixture/requests/user/loginRequest.json\");\nconst response = await request(app).post(\"/users/login\").send(loginRequest);\ntoken = response.body.token;",
              "err": {},
              "uuid": "2ecb4372-30e1-4603-8faa-211c265b3d06",
              "parentUUID": "f4007d01-3f09-4215-bc36-23e2b24c4b14",
              "isHook": true,
              "skipped": false
            }
          ],
          "afterHooks": [
            {
              "title": "\"after each\" hook in \"Expense Controller - Mocked\"",
              "fullTitle": "Expense Controller - Mocked \"after each\" hook in \"Expense Controller - Mocked\"",
              "timedOut": false,
              "duration": 0,
              "state": null,
              "speed": null,
              "pass": false,
              "fail": false,
              "pending": false,
              "context": null,
              "code": "sinon.restore();",
              "err": {},
              "uuid": "6411ec4b-7f34-447f-bfb4-068ddc18fb36",
              "parentUUID": "f4007d01-3f09-4215-bc36-23e2b24c4b14",
              "isHook": true,
              "skipped": false
            }
          ],
          "tests": [],
          "suites": [
            {
              "uuid": "b521df2a-28d5-4e5b-b602-0e7986590c08",
              "title": "POST /expenses",
              "fullFile": "/home/runner/work/trabalho-final-automacao-api/trabalho-final-automacao-api/test/rest/controller/expense/expenseControllerMocked.test.js",
              "file": "/test/rest/controller/expense/expenseControllerMocked.test.js",
              "beforeHooks": [],
              "afterHooks": [],
              "tests": [
                {
                  "title": "Deve retornar erro quando a descrição não for informada",
                  "fullTitle": "Expense Controller - Mocked POST /expenses Deve retornar erro quando a descrição não for informada",
                  "timedOut": false,
                  "duration": 4,
                  "state": "passed",
                  "speed": "fast",
                  "pass": true,
                  "fail": false,
                  "pending": false,
                  "context": null,
                  "code": "const error = new Error(test.expectedMessage);\nerror.status = test.statusCode;\nconst expenseServiceMock = sinon.stub(expenseService, \"addExpense\");\nexpenseServiceMock.throws(error);\nconst response = await request(app)\n  .post(\"/expenses\")\n  .set(\"Authorization\", `Bearer ${token}`)\n  .send(test.createExpense);\nexpect(response.status).to.equal(test.statusCode);\nexpect(response.body.message).to.equal(test.expectedMessage);",
                  "err": {},
                  "uuid": "23241fcd-3e38-41e2-a870-88f8e02e4253",
                  "parentUUID": "b521df2a-28d5-4e5b-b602-0e7986590c08",
                  "isHook": false,
                  "skipped": false
                },
                {
                  "title": "Deve retornar erro quando o valor não for informado",
                  "fullTitle": "Expense Controller - Mocked POST /expenses Deve retornar erro quando o valor não for informado",
                  "timedOut": false,
                  "duration": 3,
                  "state": "passed",
                  "speed": "fast",
                  "pass": true,
                  "fail": false,
                  "pending": false,
                  "context": null,
                  "code": "const error = new Error(test.expectedMessage);\nerror.status = test.statusCode;\nconst expenseServiceMock = sinon.stub(expenseService, \"addExpense\");\nexpenseServiceMock.throws(error);\nconst response = await request(app)\n  .post(\"/expenses\")\n  .set(\"Authorization\", `Bearer ${token}`)\n  .send(test.createExpense);\nexpect(response.status).to.equal(test.statusCode);\nexpect(response.body.message).to.equal(test.expectedMessage);",
                  "err": {},
                  "uuid": "2c51a185-4ca0-4768-b288-7be57c2dc7a6",
                  "parentUUID": "b521df2a-28d5-4e5b-b602-0e7986590c08",
                  "isHook": false,
                  "skipped": false
                },
                {
                  "title": "Deve retornar erro quando a data não for informada",
                  "fullTitle": "Expense Controller - Mocked POST /expenses Deve retornar erro quando a data não for informada",
                  "timedOut": false,
                  "duration": 3,
                  "state": "passed",
                  "speed": "fast",
                  "pass": true,
                  "fail": false,
                  "pending": false,
                  "context": null,
                  "code": "const error = new Error(test.expectedMessage);\nerror.status = test.statusCode;\nconst expenseServiceMock = sinon.stub(expenseService, \"addExpense\");\nexpenseServiceMock.throws(error);\nconst response = await request(app)\n  .post(\"/expenses\")\n  .set(\"Authorization\", `Bearer ${token}`)\n  .send(test.createExpense);\nexpect(response.status).to.equal(test.statusCode);\nexpect(response.body.message).to.equal(test.expectedMessage);",
                  "err": {},
                  "uuid": "67cbd1c3-4abb-4dba-8b51-4a278005ef67",
                  "parentUUID": "b521df2a-28d5-4e5b-b602-0e7986590c08",
                  "isHook": false,
                  "skipped": false
                },
                {
                  "title": "Deve registrar uma despesa com sucesso",
                  "fullTitle": "Expense Controller - Mocked POST /expenses Deve registrar uma despesa com sucesso",
                  "timedOut": false,
                  "duration": 3,
                  "state": "passed",
                  "speed": "fast",
                  "pass": true,
                  "fail": false,
                  "pending": false,
                  "context": null,
                  "code": "const expenseRequest = require(\"../../fixture/requests/expense/expenseRequest.json\");\nconst expectedResponse = require(\"../../fixture/responses/expense/createExpenseSuccessfulResponse.json\");\nconst expenseServiceMock = sinon.stub(expenseService, \"addExpense\");\nexpenseServiceMock.returns(expectedResponse.body);\nconst response = await request(app)\n  .post(\"/expenses\")\n  .set(\"Authorization\", `Bearer ${token}`)\n  .send(expenseRequest);\nexpect(response.status).to.equal(expectedResponse.statusCode);\nexpect(response.body).to.deep.equal(expectedResponse.body);",
                  "err": {},
                  "uuid": "947d9e0b-690d-43f6-9a26-fca7e7be8bb4",
                  "parentUUID": "b521df2a-28d5-4e5b-b602-0e7986590c08",
                  "isHook": false,
                  "skipped": false
                }
              ],
              "suites": [],
              "passes": [
                "23241fcd-3e38-41e2-a870-88f8e02e4253",
                "2c51a185-4ca0-4768-b288-7be57c2dc7a6",
                "67cbd1c3-4abb-4dba-8b51-4a278005ef67",
                "947d9e0b-690d-43f6-9a26-fca7e7be8bb4"
              ],
              "failures": [],
              "pending": [],
              "skipped": [],
              "duration": 13,
              "root": false,
              "rootEmpty": false,
              "_timeout": 10000
            },
            {
              "uuid": "36023c51-8e3c-41b4-8d82-27e6085a12fc",
              "title": "PUT /expenses/:id",
              "fullFile": "/home/runner/work/trabalho-final-automacao-api/trabalho-final-automacao-api/test/rest/controller/expense/expenseControllerMocked.test.js",
              "file": "/test/rest/controller/expense/expenseControllerMocked.test.js",
              "beforeHooks": [],
              "afterHooks": [],
              "tests": [
                {
                  "title": "Deve retornar erro quando a descrição não for informada",
                  "fullTitle": "Expense Controller - Mocked PUT /expenses/:id Deve retornar erro quando a descrição não for informada",
                  "timedOut": false,
                  "duration": 3,
                  "state": "passed",
                  "speed": "fast",
                  "pass": true,
                  "fail": false,
                  "pending": false,
                  "context": null,
                  "code": "const error = new Error(test.expectedMessage);\nerror.status = test.statusCode;\nconst expenseServiceMock = sinon.stub(expenseService, \"editExpense\");\nexpenseServiceMock.throws(error);\nconst response = await request(app)\n  .put(\"/expenses/1\")\n  .set(\"Authorization\", `Bearer ${token}`)\n  .send(test.editExpense);\nexpect(response.status).to.equal(test.statusCode);\nexpect(response.body.message).to.equal(test.expectedMessage);",
                  "err": {},
                  "uuid": "08e55974-b19c-4ab1-924e-7202704ebda9",
                  "parentUUID": "36023c51-8e3c-41b4-8d82-27e6085a12fc",
                  "isHook": false,
                  "skipped": false
                },
                {
                  "title": "Deve retornar erro quando o valor não for informado",
                  "fullTitle": "Expense Controller - Mocked PUT /expenses/:id Deve retornar erro quando o valor não for informado",
                  "timedOut": false,
                  "duration": 3,
                  "state": "passed",
                  "speed": "fast",
                  "pass": true,
                  "fail": false,
                  "pending": false,
                  "context": null,
                  "code": "const error = new Error(test.expectedMessage);\nerror.status = test.statusCode;\nconst expenseServiceMock = sinon.stub(expenseService, \"editExpense\");\nexpenseServiceMock.throws(error);\nconst response = await request(app)\n  .put(\"/expenses/1\")\n  .set(\"Authorization\", `Bearer ${token}`)\n  .send(test.editExpense);\nexpect(response.status).to.equal(test.statusCode);\nexpect(response.body.message).to.equal(test.expectedMessage);",
                  "err": {},
                  "uuid": "38b21d03-a1e5-416a-8f65-7b72121f28f9",
                  "parentUUID": "36023c51-8e3c-41b4-8d82-27e6085a12fc",
                  "isHook": false,
                  "skipped": false
                },
                {
                  "title": "Deve retornar erro quando o valor menor que zero",
                  "fullTitle": "Expense Controller - Mocked PUT /expenses/:id Deve retornar erro quando o valor menor que zero",
                  "timedOut": false,
                  "duration": 3,
                  "state": "passed",
                  "speed": "fast",
                  "pass": true,
                  "fail": false,
                  "pending": false,
                  "context": null,
                  "code": "const error = new Error(test.expectedMessage);\nerror.status = test.statusCode;\nconst expenseServiceMock = sinon.stub(expenseService, \"editExpense\");\nexpenseServiceMock.throws(error);\nconst response = await request(app)\n  .put(\"/expenses/1\")\n  .set(\"Authorization\", `Bearer ${token}`)\n  .send(test.editExpense);\nexpect(response.status).to.equal(test.statusCode);\nexpect(response.body.message).to.equal(test.expectedMessage);",
                  "err": {},
                  "uuid": "9c0b3ffa-d37a-4cef-9674-246fd9765f60",
                  "parentUUID": "36023c51-8e3c-41b4-8d82-27e6085a12fc",
                  "isHook": false,
                  "skipped": false
                },
                {
                  "title": "Deve retornar erro quando o valor for igual a zero",
                  "fullTitle": "Expense Controller - Mocked PUT /expenses/:id Deve retornar erro quando o valor for igual a zero",
                  "timedOut": false,
                  "duration": 3,
                  "state": "passed",
                  "speed": "fast",
                  "pass": true,
                  "fail": false,
                  "pending": false,
                  "context": null,
                  "code": "const error = new Error(test.expectedMessage);\nerror.status = test.statusCode;\nconst expenseServiceMock = sinon.stub(expenseService, \"editExpense\");\nexpenseServiceMock.throws(error);\nconst response = await request(app)\n  .put(\"/expenses/1\")\n  .set(\"Authorization\", `Bearer ${token}`)\n  .send(test.editExpense);\nexpect(response.status).to.equal(test.statusCode);\nexpect(response.body.message).to.equal(test.expectedMessage);",
                  "err": {},
                  "uuid": "4e9c378c-ca2d-4bf0-b7e8-b2cb901945b0",
                  "parentUUID": "36023c51-8e3c-41b4-8d82-27e6085a12fc",
                  "isHook": false,
                  "skipped": false
                },
                {
                  "title": "Deve retornar erro quando a data não for informada",
                  "fullTitle": "Expense Controller - Mocked PUT /expenses/:id Deve retornar erro quando a data não for informada",
                  "timedOut": false,
                  "duration": 3,
                  "state": "passed",
                  "speed": "fast",
                  "pass": true,
                  "fail": false,
                  "pending": false,
                  "context": null,
                  "code": "const error = new Error(test.expectedMessage);\nerror.status = test.statusCode;\nconst expenseServiceMock = sinon.stub(expenseService, \"editExpense\");\nexpenseServiceMock.throws(error);\nconst response = await request(app)\n  .put(\"/expenses/1\")\n  .set(\"Authorization\", `Bearer ${token}`)\n  .send(test.editExpense);\nexpect(response.status).to.equal(test.statusCode);\nexpect(response.body.message).to.equal(test.expectedMessage);",
                  "err": {},
                  "uuid": "56f47158-7adf-406e-9949-6dcb440f6c77",
                  "parentUUID": "36023c51-8e3c-41b4-8d82-27e6085a12fc",
                  "isHook": false,
                  "skipped": false
                },
                {
                  "title": "Deve editar uma despesa com sucesso",
                  "fullTitle": "Expense Controller - Mocked PUT /expenses/:id Deve editar uma despesa com sucesso",
                  "timedOut": false,
                  "duration": 3,
                  "state": "passed",
                  "speed": "fast",
                  "pass": true,
                  "fail": false,
                  "pending": false,
                  "context": null,
                  "code": "const expenseRequest = require(\"../../fixture/requests/expense/expenseRequest.json\");\nconst expectedResponse = require(\"../../fixture/responses/expense/editExpenseSuccessfulResponse.json\");\nconst expenseServiceMock = sinon.stub(expenseService, \"editExpense\");\nexpenseServiceMock.returns(expectedResponse.body);\nconst response = await request(app)\n  .put(\"/expenses/1\")\n  .set(\"Authorization\", `Bearer ${token}`)\n  .send(expenseRequest);\nexpect(response.status).to.equal(200);\nexpect(response.body).to.deep.equal(expectedResponse.body);",
                  "err": {},
                  "uuid": "a9ceccd8-f5e0-4e2c-8b34-6244cd09f2c6",
                  "parentUUID": "36023c51-8e3c-41b4-8d82-27e6085a12fc",
                  "isHook": false,
                  "skipped": false
                }
              ],
              "suites": [],
              "passes": [
                "08e55974-b19c-4ab1-924e-7202704ebda9",
                "38b21d03-a1e5-416a-8f65-7b72121f28f9",
                "9c0b3ffa-d37a-4cef-9674-246fd9765f60",
                "4e9c378c-ca2d-4bf0-b7e8-b2cb901945b0",
                "56f47158-7adf-406e-9949-6dcb440f6c77",
                "a9ceccd8-f5e0-4e2c-8b34-6244cd09f2c6"
              ],
              "failures": [],
              "pending": [],
              "skipped": [],
              "duration": 18,
              "root": false,
              "rootEmpty": false,
              "_timeout": 10000
            }
          ],
          "passes": [],
          "failures": [],
          "pending": [],
          "skipped": [],
          "duration": 0,
          "root": false,
          "rootEmpty": false,
          "_timeout": 10000
        },
        {
          "uuid": "5ad91102-8a20-417a-b1d3-bc80e4666efe",
          "title": "User Controller",
          "fullFile": "/home/runner/work/trabalho-final-automacao-api/trabalho-final-automacao-api/test/rest/controller/user/userController.test.js",
          "file": "/test/rest/controller/user/userController.test.js",
          "beforeHooks": [],
          "afterHooks": [],
          "tests": [],
          "suites": [
            {
              "uuid": "a89f3976-898e-431b-b0b4-54331368ceba",
              "title": "POST /users/register",
              "fullFile": "/home/runner/work/trabalho-final-automacao-api/trabalho-final-automacao-api/test/rest/controller/user/userController.test.js",
              "file": "/test/rest/controller/user/userController.test.js",
              "beforeHooks": [],
              "afterHooks": [],
              "tests": [
                {
                  "title": "Deve retornar erro quando o usuário não for informado",
                  "fullTitle": "User Controller POST /users/register Deve retornar erro quando o usuário não for informado",
                  "timedOut": false,
                  "duration": 1,
                  "state": "passed",
                  "speed": "fast",
                  "pass": true,
                  "fail": false,
                  "pending": false,
                  "context": null,
                  "code": "const response = await request(app)\n  .post(\"/users/register\")\n  .send(test.createUser);\nexpect(response.status).to.equal(test.statusCode);\nexpect(response.body.message).to.equal(test.expectedMessage);",
                  "err": {},
                  "uuid": "d12eff54-1916-4cd8-a2ec-64093c869c9b",
                  "parentUUID": "a89f3976-898e-431b-b0b4-54331368ceba",
                  "isHook": false,
                  "skipped": false
                },
                {
                  "title": "Deve retornar erro quando a senha não for informada",
                  "fullTitle": "User Controller POST /users/register Deve retornar erro quando a senha não for informada",
                  "timedOut": false,
                  "duration": 1,
                  "state": "passed",
                  "speed": "fast",
                  "pass": true,
                  "fail": false,
                  "pending": false,
                  "context": null,
                  "code": "const response = await request(app)\n  .post(\"/users/register\")\n  .send(test.createUser);\nexpect(response.status).to.equal(test.statusCode);\nexpect(response.body.message).to.equal(test.expectedMessage);",
                  "err": {},
                  "uuid": "106c44bd-e655-476c-b33f-d09314b0ef2b",
                  "parentUUID": "a89f3976-898e-431b-b0b4-54331368ceba",
                  "isHook": false,
                  "skipped": false
                },
                {
                  "title": "Deve retornar erro quando o usuário já existir",
                  "fullTitle": "User Controller POST /users/register Deve retornar erro quando o usuário já existir",
                  "timedOut": false,
                  "duration": 2,
                  "state": "passed",
                  "speed": "fast",
                  "pass": true,
                  "fail": false,
                  "pending": false,
                  "context": null,
                  "code": "const response = await request(app)\n  .post(\"/users/register\")\n  .send(test.createUser);\nexpect(response.status).to.equal(test.statusCode);\nexpect(response.body.message).to.equal(test.expectedMessage);",
                  "err": {},
                  "uuid": "77f46e7e-390d-4ac8-952f-2f0dfb6b0172",
                  "parentUUID": "a89f3976-898e-431b-b0b4-54331368ceba",
                  "isHook": false,
                  "skipped": false
                },
                {
                  "title": "Deve criar usuário com sucesso",
                  "fullTitle": "User Controller POST /users/register Deve criar usuário com sucesso",
                  "timedOut": false,
                  "duration": 84,
                  "state": "passed",
                  "speed": "slow",
                  "pass": true,
                  "fail": false,
                  "pending": false,
                  "context": null,
                  "code": "const response = await request(app)\n  .post(\"/users/register\")\n  .send({\n    username: `user${Math.random()}`,\n    password: \"password\",\n  });\nconst expectedResponse = require(\"../../fixture/responses/user/createUserResponseSuccessful.json\");\nexpect(response.status).to.equal(expectedResponse.statusCode);\nexpect(response.body).to.deep.equal(expectedResponse.body);",
                  "err": {},
                  "uuid": "cbf0417f-bc4a-47dd-9a4a-751cee431efc",
                  "parentUUID": "a89f3976-898e-431b-b0b4-54331368ceba",
                  "isHook": false,
                  "skipped": false
                }
              ],
              "suites": [],
              "passes": [
                "d12eff54-1916-4cd8-a2ec-64093c869c9b",
                "106c44bd-e655-476c-b33f-d09314b0ef2b",
                "77f46e7e-390d-4ac8-952f-2f0dfb6b0172",
                "cbf0417f-bc4a-47dd-9a4a-751cee431efc"
              ],
              "failures": [],
              "pending": [],
              "skipped": [],
              "duration": 88,
              "root": false,
              "rootEmpty": false,
              "_timeout": 10000
            },
            {
              "uuid": "7d977f41-937e-49f7-8f5a-bd98f70b41cf",
              "title": "POST /users/login",
              "fullFile": "/home/runner/work/trabalho-final-automacao-api/trabalho-final-automacao-api/test/rest/controller/user/userController.test.js",
              "file": "/test/rest/controller/user/userController.test.js",
              "beforeHooks": [],
              "afterHooks": [],
              "tests": [
                {
                  "title": "Deve retornar erro quando o usuário não for informado",
                  "fullTitle": "User Controller POST /users/login Deve retornar erro quando o usuário não for informado",
                  "timedOut": false,
                  "duration": 1,
                  "state": "passed",
                  "speed": "fast",
                  "pass": true,
                  "fail": false,
                  "pending": false,
                  "context": null,
                  "code": "const response = await request(app)\n  .post(\"/users/login\")\n  .send(test.loginUser);\nexpect(response.status).to.equal(test.statusCode);\nexpect(response.body.message).to.equal(test.expectedMessage);",
                  "err": {},
                  "uuid": "2c09a2cc-df14-417f-912e-2d81974944d4",
                  "parentUUID": "7d977f41-937e-49f7-8f5a-bd98f70b41cf",
                  "isHook": false,
                  "skipped": false
                },
                {
                  "title": "Deve retornar erro quando a senha não for informada",
                  "fullTitle": "User Controller POST /users/login Deve retornar erro quando a senha não for informada",
                  "timedOut": false,
                  "duration": 1,
                  "state": "passed",
                  "speed": "fast",
                  "pass": true,
                  "fail": false,
                  "pending": false,
                  "context": null,
                  "code": "const response = await request(app)\n  .post(\"/users/login\")\n  .send(test.loginUser);\nexpect(response.status).to.equal(test.statusCode);\nexpect(response.body.message).to.equal(test.expectedMessage);",
                  "err": {},
                  "uuid": "7138f5f7-2ce9-42b4-beea-ea3289772f16",
                  "parentUUID": "7d977f41-937e-49f7-8f5a-bd98f70b41cf",
                  "isHook": false,
                  "skipped": false
                },
                {
                  "title": "Deve retornar erro quando informar usuário inexistente",
                  "fullTitle": "User Controller POST /users/login Deve retornar erro quando informar usuário inexistente",
                  "timedOut": false,
                  "duration": 2,
                  "state": "passed",
                  "speed": "fast",
                  "pass": true,
                  "fail": false,
                  "pending": false,
                  "context": null,
                  "code": "const response = await request(app)\n  .post(\"/users/login\")\n  .send(test.loginUser);\nexpect(response.status).to.equal(test.statusCode);\nexpect(response.body.message).to.equal(test.expectedMessage);",
                  "err": {},
                  "uuid": "6b002e06-7936-40d3-bc49-05f847df600b",
                  "parentUUID": "7d977f41-937e-49f7-8f5a-bd98f70b41cf",
                  "isHook": false,
                  "skipped": false
                },
                {
                  "title": "Deve retornar erro quando informar senha incorreta",
                  "fullTitle": "User Controller POST /users/login Deve retornar erro quando informar senha incorreta",
                  "timedOut": false,
                  "duration": 23,
                  "state": "passed",
                  "speed": "fast",
                  "pass": true,
                  "fail": false,
                  "pending": false,
                  "context": null,
                  "code": "const response = await request(app)\n  .post(\"/users/login\")\n  .send(test.loginUser);\nexpect(response.status).to.equal(test.statusCode);\nexpect(response.body.message).to.equal(test.expectedMessage);",
                  "err": {},
                  "uuid": "2f9547cf-0a01-4003-bd49-b1636cbd2183",
                  "parentUUID": "7d977f41-937e-49f7-8f5a-bd98f70b41cf",
                  "isHook": false,
                  "skipped": false
                },
                {
                  "title": "Deve realizar o login com sucesso",
                  "fullTitle": "User Controller POST /users/login Deve realizar o login com sucesso",
                  "timedOut": false,
                  "duration": 28,
                  "state": "passed",
                  "speed": "fast",
                  "pass": true,
                  "fail": false,
                  "pending": false,
                  "context": null,
                  "code": "const loginRequest = require(\"../../fixture/requests/user/loginRequest.json\");\nconst response = await request(app)\n  .post(\"/users/login\")\n  .send(loginRequest);\nexpect(response.status).to.equal(200);\nexpect(response.body.token).to.be.not.null;",
                  "err": {},
                  "uuid": "b6ffd41f-7ff3-44eb-a314-8b170013ab75",
                  "parentUUID": "7d977f41-937e-49f7-8f5a-bd98f70b41cf",
                  "isHook": false,
                  "skipped": false
                }
              ],
              "suites": [],
              "passes": [
                "2c09a2cc-df14-417f-912e-2d81974944d4",
                "7138f5f7-2ce9-42b4-beea-ea3289772f16",
                "6b002e06-7936-40d3-bc49-05f847df600b",
                "2f9547cf-0a01-4003-bd49-b1636cbd2183",
                "b6ffd41f-7ff3-44eb-a314-8b170013ab75"
              ],
              "failures": [],
              "pending": [],
              "skipped": [],
              "duration": 55,
              "root": false,
              "rootEmpty": false,
              "_timeout": 10000
            }
          ],
          "passes": [],
          "failures": [],
          "pending": [],
          "skipped": [],
          "duration": 0,
          "root": false,
          "rootEmpty": false,
          "_timeout": 10000
        },
        {
          "uuid": "fd874fe8-e29b-4297-a93c-0d1bab259439",
          "title": "User Controller - Mocked",
          "fullFile": "/home/runner/work/trabalho-final-automacao-api/trabalho-final-automacao-api/test/rest/controller/user/userControllerMocked.test.js",
          "file": "/test/rest/controller/user/userControllerMocked.test.js",
          "beforeHooks": [],
          "afterHooks": [
            {
              "title": "\"after each\" hook in \"User Controller - Mocked\"",
              "fullTitle": "User Controller - Mocked \"after each\" hook in \"User Controller - Mocked\"",
              "timedOut": false,
              "duration": 0,
              "state": null,
              "speed": null,
              "pass": false,
              "fail": false,
              "pending": false,
              "context": null,
              "code": "sinon.restore();",
              "err": {},
              "uuid": "236b34a3-c006-4de5-8ec2-9c1f787f9a57",
              "parentUUID": "fd874fe8-e29b-4297-a93c-0d1bab259439",
              "isHook": true,
              "skipped": false
            }
          ],
          "tests": [],
          "suites": [
            {
              "uuid": "0ec1af84-b4c2-4963-8571-ff7815cd06df",
              "title": "POST /users/register",
              "fullFile": "/home/runner/work/trabalho-final-automacao-api/trabalho-final-automacao-api/test/rest/controller/user/userControllerMocked.test.js",
              "file": "/test/rest/controller/user/userControllerMocked.test.js",
              "beforeHooks": [],
              "afterHooks": [],
              "tests": [
                {
                  "title": "Deve retornar erro quando o usuário não for informado",
                  "fullTitle": "User Controller - Mocked POST /users/register Deve retornar erro quando o usuário não for informado",
                  "timedOut": false,
                  "duration": 1,
                  "state": "passed",
                  "speed": "fast",
                  "pass": true,
                  "fail": false,
                  "pending": false,
                  "context": null,
                  "code": "const error = new Error(test.expectedMessage);\nerror.status = test.statusCode;\nconst userServiceMock = sinon.stub(userService, \"registerUser\");\nuserServiceMock.throws(error);\nconst response = await request(app)\n  .post(\"/users/register\")\n  .send(test.createUser);\nexpect(response.status).to.equal(test.statusCode);\nexpect(response.body.message).to.equal(test.expectedMessage);",
                  "err": {},
                  "uuid": "a00fe66b-31a6-48d2-bb24-c1aabe84557d",
                  "parentUUID": "0ec1af84-b4c2-4963-8571-ff7815cd06df",
                  "isHook": false,
                  "skipped": false
                },
                {
                  "title": "Deve retornar erro quando a senha não for informada",
                  "fullTitle": "User Controller - Mocked POST /users/register Deve retornar erro quando a senha não for informada",
                  "timedOut": false,
                  "duration": 1,
                  "state": "passed",
                  "speed": "fast",
                  "pass": true,
                  "fail": false,
                  "pending": false,
                  "context": null,
                  "code": "const error = new Error(test.expectedMessage);\nerror.status = test.statusCode;\nconst userServiceMock = sinon.stub(userService, \"registerUser\");\nuserServiceMock.throws(error);\nconst response = await request(app)\n  .post(\"/users/register\")\n  .send(test.createUser);\nexpect(response.status).to.equal(test.statusCode);\nexpect(response.body.message).to.equal(test.expectedMessage);",
                  "err": {},
                  "uuid": "1dc68564-0722-4a3e-a9cd-6a7540cda60a",
                  "parentUUID": "0ec1af84-b4c2-4963-8571-ff7815cd06df",
                  "isHook": false,
                  "skipped": false
                },
                {
                  "title": "Deve retornar erro quando o usuário já existir",
                  "fullTitle": "User Controller - Mocked POST /users/register Deve retornar erro quando o usuário já existir",
                  "timedOut": false,
                  "duration": 1,
                  "state": "passed",
                  "speed": "fast",
                  "pass": true,
                  "fail": false,
                  "pending": false,
                  "context": null,
                  "code": "const error = new Error(test.expectedMessage);\nerror.status = test.statusCode;\nconst userServiceMock = sinon.stub(userService, \"registerUser\");\nuserServiceMock.throws(error);\nconst response = await request(app)\n  .post(\"/users/register\")\n  .send(test.createUser);\nexpect(response.status).to.equal(test.statusCode);\nexpect(response.body.message).to.equal(test.expectedMessage);",
                  "err": {},
                  "uuid": "065db108-944c-4ae5-b93c-e8f0d238ccd1",
                  "parentUUID": "0ec1af84-b4c2-4963-8571-ff7815cd06df",
                  "isHook": false,
                  "skipped": false
                },
                {
                  "title": "Deve criar usuário com sucesso",
                  "fullTitle": "User Controller - Mocked POST /users/register Deve criar usuário com sucesso",
                  "timedOut": false,
                  "duration": 1,
                  "state": "passed",
                  "speed": "fast",
                  "pass": true,
                  "fail": false,
                  "pending": false,
                  "context": null,
                  "code": "const expectedResponse = require(\"../../fixture/responses/user/createUserResponseSuccessful.json\");\nconst userServiceMock = sinon.stub(userService, \"registerUser\");\nuserServiceMock.returns({\n  message: expectedResponse.body.message,\n  user: { username: \"user\", password: \"password\" },\n});\nconst response = await request(app).post(\"/users/register\").send({\n  username: \"username\",\n  password: \"password\",\n});\nexpect(response.status).to.equal(expectedResponse.statusCode);\nexpect(response.body).to.deep.equal(expectedResponse.body);",
                  "err": {},
                  "uuid": "9f149c98-08b4-4493-b455-083fefaf1376",
                  "parentUUID": "0ec1af84-b4c2-4963-8571-ff7815cd06df",
                  "isHook": false,
                  "skipped": false
                }
              ],
              "suites": [],
              "passes": [
                "a00fe66b-31a6-48d2-bb24-c1aabe84557d",
                "1dc68564-0722-4a3e-a9cd-6a7540cda60a",
                "065db108-944c-4ae5-b93c-e8f0d238ccd1",
                "9f149c98-08b4-4493-b455-083fefaf1376"
              ],
              "failures": [],
              "pending": [],
              "skipped": [],
              "duration": 4,
              "root": false,
              "rootEmpty": false,
              "_timeout": 10000
            },
            {
              "uuid": "9f384a52-239a-4e00-a538-9aa61ac53af2",
              "title": "POST /users/login",
              "fullFile": "/home/runner/work/trabalho-final-automacao-api/trabalho-final-automacao-api/test/rest/controller/user/userControllerMocked.test.js",
              "file": "/test/rest/controller/user/userControllerMocked.test.js",
              "beforeHooks": [],
              "afterHooks": [],
              "tests": [
                {
                  "title": "Deve retornar erro quando o usuário não for informado",
                  "fullTitle": "User Controller - Mocked POST /users/login Deve retornar erro quando o usuário não for informado",
                  "timedOut": false,
                  "duration": 1,
                  "state": "passed",
                  "speed": "fast",
                  "pass": true,
                  "fail": false,
                  "pending": false,
                  "context": null,
                  "code": "const error = new Error(test.expectedMessage);\nerror.status = test.statusCode;\nconst userServiceMock = sinon.stub(userService, \"validateUser\");\nuserServiceMock.throws(error);\nconst response = await request(app)\n  .post(\"/users/login\")\n  .send(test.loginUser);\nexpect(response.status).to.equal(test.statusCode);\nexpect(response.body.message).to.equal(test.expectedMessage);",
                  "err": {},
                  "uuid": "29c5c11a-734a-4493-9d1b-2d976ded539e",
                  "parentUUID": "9f384a52-239a-4e00-a538-9aa61ac53af2",
                  "isHook": false,
                  "skipped": false
                },
                {
                  "title": "Deve retornar erro quando a senha não for informada",
                  "fullTitle": "User Controller - Mocked POST /users/login Deve retornar erro quando a senha não for informada",
                  "timedOut": false,
                  "duration": 1,
                  "state": "passed",
                  "speed": "fast",
                  "pass": true,
                  "fail": false,
                  "pending": false,
                  "context": null,
                  "code": "const error = new Error(test.expectedMessage);\nerror.status = test.statusCode;\nconst userServiceMock = sinon.stub(userService, \"validateUser\");\nuserServiceMock.throws(error);\nconst response = await request(app)\n  .post(\"/users/login\")\n  .send(test.loginUser);\nexpect(response.status).to.equal(test.statusCode);\nexpect(response.body.message).to.equal(test.expectedMessage);",
                  "err": {},
                  "uuid": "9cfa3fd6-73fd-4e6d-863d-6cf2a4b61c5e",
                  "parentUUID": "9f384a52-239a-4e00-a538-9aa61ac53af2",
                  "isHook": false,
                  "skipped": false
                },
                {
                  "title": "Deve retornar erro quando informar usuário inexistente",
                  "fullTitle": "User Controller - Mocked POST /users/login Deve retornar erro quando informar usuário inexistente",
                  "timedOut": false,
                  "duration": 2,
                  "state": "passed",
                  "speed": "fast",
                  "pass": true,
                  "fail": false,
                  "pending": false,
                  "context": null,
                  "code": "const error = new Error(test.expectedMessage);\nerror.status = test.statusCode;\nconst userServiceMock = sinon.stub(userService, \"validateUser\");\nuserServiceMock.throws(error);\nconst response = await request(app)\n  .post(\"/users/login\")\n  .send(test.loginUser);\nexpect(response.status).to.equal(test.statusCode);\nexpect(response.body.message).to.equal(test.expectedMessage);",
                  "err": {},
                  "uuid": "bb19c062-8bdb-4fbd-bbad-89897cd6f866",
                  "parentUUID": "9f384a52-239a-4e00-a538-9aa61ac53af2",
                  "isHook": false,
                  "skipped": false
                },
                {
                  "title": "Deve retornar erro quando informar senha incorreta",
                  "fullTitle": "User Controller - Mocked POST /users/login Deve retornar erro quando informar senha incorreta",
                  "timedOut": false,
                  "duration": 1,
                  "state": "passed",
                  "speed": "fast",
                  "pass": true,
                  "fail": false,
                  "pending": false,
                  "context": null,
                  "code": "const error = new Error(test.expectedMessage);\nerror.status = test.statusCode;\nconst userServiceMock = sinon.stub(userService, \"validateUser\");\nuserServiceMock.throws(error);\nconst response = await request(app)\n  .post(\"/users/login\")\n  .send(test.loginUser);\nexpect(response.status).to.equal(test.statusCode);\nexpect(response.body.message).to.equal(test.expectedMessage);",
                  "err": {},
                  "uuid": "41b5b159-17a5-496d-9c99-040866b3930a",
                  "parentUUID": "9f384a52-239a-4e00-a538-9aa61ac53af2",
                  "isHook": false,
                  "skipped": false
                },
                {
                  "title": "Deve realizar o login com sucesso",
                  "fullTitle": "User Controller - Mocked POST /users/login Deve realizar o login com sucesso",
                  "timedOut": false,
                  "duration": 2,
                  "state": "passed",
                  "speed": "fast",
                  "pass": true,
                  "fail": false,
                  "pending": false,
                  "context": null,
                  "code": "const userServiceMock = sinon.stub(userService, \"validateUser\");\nuserServiceMock.returns({\n  token: \"eyJhbGciOiJIUzI1NiIsInR5cCI6IkpXVCJ9.mocktoken\",\n});\nconst loginRequest = require(\"../../fixture/requests/user/loginRequest.json\");\nconst response = await request(app)\n  .post(\"/users/login\")\n  .send(loginRequest);\nexpect(response.status).to.equal(200);\nexpect(response.body.token).to.be.not.null;",
                  "err": {},
                  "uuid": "d380b76d-2d37-43d8-b346-b9fc5d71efca",
                  "parentUUID": "9f384a52-239a-4e00-a538-9aa61ac53af2",
                  "isHook": false,
                  "skipped": false
                }
              ],
              "suites": [],
              "passes": [
                "29c5c11a-734a-4493-9d1b-2d976ded539e",
                "9cfa3fd6-73fd-4e6d-863d-6cf2a4b61c5e",
                "bb19c062-8bdb-4fbd-bbad-89897cd6f866",
                "41b5b159-17a5-496d-9c99-040866b3930a",
                "d380b76d-2d37-43d8-b346-b9fc5d71efca"
              ],
              "failures": [],
              "pending": [],
              "skipped": [],
              "duration": 7,
              "root": false,
              "rootEmpty": false,
              "_timeout": 10000
            }
          ],
          "passes": [],
          "failures": [],
          "pending": [],
          "skipped": [],
          "duration": 0,
          "root": false,
          "rootEmpty": false,
          "_timeout": 10000
        }
      ],
      "passes": [],
      "failures": [],
      "pending": [],
      "skipped": [],
      "duration": 0,
      "root": true,
      "rootEmpty": true,
      "_timeout": 10000
    }
  ],
  "meta": {
    "mocha": {
      "version": "11.7.2"
    },
    "mochawesome": {
      "options": {
        "quiet": false,
        "reportFilename": "mochawesome",
        "saveHtml": true,
        "saveJson": true,
        "consoleReporter": "spec",
        "useInlineDiffs": false,
        "code": true
      },
      "version": "7.1.4"
    },
    "marge": {
      "options": {
        "reportDir": "mochawesome-report",
        "overwrite": "false"
      },
      "version": "6.3.0"
    }
  }
}