{
  "stats": {
    "suites": 6,
    "tests": 21,
    "passes": 21,
    "pending": 0,
    "failures": 0,
    "start": "2025-12-11T00:55:19.936Z",
    "end": "2025-12-11T00:55:20.197Z",
    "duration": 261,
    "testsRegistered": 21,
    "passPercent": 100,
    "pendingPercent": 0,
    "other": 0,
    "hasOther": false,
    "skipped": 0,
    "hasSkipped": false
  },
  "results": [
    {
      "uuid": "f58cfc79-1d90-48e4-a1f0-dc30303f67a4",
      "title": "",
      "fullFile": "",
      "file": "",
      "beforeHooks": [],
      "afterHooks": [],
      "tests": [],
      "suites": [
        {
          "uuid": "76409db9-3fbf-4b2c-85fc-cf3c248e8487",
          "title": "Expense External - HTTP Rest",
          "fullFile": "/home/runner/work/trabalho-final-automacao-api/trabalho-final-automacao-api/test/rest/external/expense/expenseExternal.rest.test.js",
          "file": "/test/rest/external/expense/expenseExternal.rest.test.js",
          "beforeHooks": [
            {
              "title": "\"before all\" hook in \"Expense External - HTTP Rest\"",
              "fullTitle": "Expense External - HTTP Rest \"before all\" hook in \"Expense External - HTTP Rest\"",
              "timedOut": false,
              "duration": 56,
              "state": null,
              "speed": null,
              "pass": false,
              "fail": false,
              "pending": false,
              "context": null,
              "code": "const loginRequest = require(\"../../fixture/requests/user/loginRequest.json\");\nconst respostaLogin = await request(process.env.BASE_URL_REST)\n  .post(\"/users/login\")\n  .send(loginRequest);\ntoken = respostaLogin.body.token;",
              "err": {},
              "uuid": "0890eef1-08a6-49ac-9f08-fa9c9f0476ce",
              "parentUUID": "76409db9-3fbf-4b2c-85fc-cf3c248e8487",
              "isHook": true,
              "skipped": false
            }
          ],
          "afterHooks": [],
          "tests": [],
          "suites": [
            {
              "uuid": "75ecceea-0759-4016-b34e-234fd18cb2c0",
              "title": "POST /expenses",
              "fullFile": "/home/runner/work/trabalho-final-automacao-api/trabalho-final-automacao-api/test/rest/external/expense/expenseExternal.rest.test.js",
              "file": "/test/rest/external/expense/expenseExternal.rest.test.js",
              "beforeHooks": [],
              "afterHooks": [],
              "tests": [
                {
                  "title": "Deve retornar erro quando a descrição não for informada",
                  "fullTitle": "Expense External - HTTP Rest POST /expenses Deve retornar erro quando a descrição não for informada",
                  "timedOut": false,
                  "duration": 6,
                  "state": "passed",
                  "speed": "fast",
                  "pass": true,
                  "fail": false,
                  "pending": false,
                  "context": null,
                  "code": "const response = await request(process.env.BASE_URL_REST)\n  .post(\"/expenses\")\n  .set(\"Authorization\", `Bearer ${token}`)\n  .send(test.createExpense);\nexpect(response.status).to.equal(test.statusCode);\nexpect(response.body.message).to.equal(test.expectedMessage);",
                  "err": {},
                  "uuid": "e704a44c-87a8-4257-80a8-bfbf1f5b297e",
                  "parentUUID": "75ecceea-0759-4016-b34e-234fd18cb2c0",
                  "isHook": false,
                  "skipped": false
                },
                {
                  "title": "Deve retornar erro quando o valor não for informado",
                  "fullTitle": "Expense External - HTTP Rest POST /expenses Deve retornar erro quando o valor não for informado",
                  "timedOut": false,
                  "duration": 4,
                  "state": "passed",
                  "speed": "fast",
                  "pass": true,
                  "fail": false,
                  "pending": false,
                  "context": null,
                  "code": "const response = await request(process.env.BASE_URL_REST)\n  .post(\"/expenses\")\n  .set(\"Authorization\", `Bearer ${token}`)\n  .send(test.createExpense);\nexpect(response.status).to.equal(test.statusCode);\nexpect(response.body.message).to.equal(test.expectedMessage);",
                  "err": {},
                  "uuid": "85b53ad0-13d3-4bed-b3da-f103e3f5dc6a",
                  "parentUUID": "75ecceea-0759-4016-b34e-234fd18cb2c0",
                  "isHook": false,
                  "skipped": false
                },
                {
                  "title": "Deve retornar erro quando a data não for informada",
                  "fullTitle": "Expense External - HTTP Rest POST /expenses Deve retornar erro quando a data não for informada",
                  "timedOut": false,
                  "duration": 4,
                  "state": "passed",
                  "speed": "fast",
                  "pass": true,
                  "fail": false,
                  "pending": false,
                  "context": null,
                  "code": "const response = await request(process.env.BASE_URL_REST)\n  .post(\"/expenses\")\n  .set(\"Authorization\", `Bearer ${token}`)\n  .send(test.createExpense);\nexpect(response.status).to.equal(test.statusCode);\nexpect(response.body.message).to.equal(test.expectedMessage);",
                  "err": {},
                  "uuid": "112715ed-54d1-4442-8b66-36101abdfed4",
                  "parentUUID": "75ecceea-0759-4016-b34e-234fd18cb2c0",
                  "isHook": false,
                  "skipped": false
                },
                {
                  "title": "Deve retornar erro quando a inclusão de uma despesa for feita sem token de autenticação",
                  "fullTitle": "Expense External - HTTP Rest POST /expenses Deve retornar erro quando a inclusão de uma despesa for feita sem token de autenticação",
                  "timedOut": false,
                  "duration": 3,
                  "state": "passed",
                  "speed": "fast",
                  "pass": true,
                  "fail": false,
                  "pending": false,
                  "context": null,
                  "code": "const expenseRequest = require(\"../../fixture/requests/expense/expenseRequest.json\");\nconst response = await request(process.env.BASE_URL_REST)\n  .post(\"/expenses\")\n  .send(expenseRequest);\nexpect(response.status).to.equal(401);\nexpect(response.body.message).to.equal(\"Token não fornecido\");",
                  "err": {},
                  "uuid": "54c6640c-00da-4d9f-b46b-f7dd4bc0bcd5",
                  "parentUUID": "75ecceea-0759-4016-b34e-234fd18cb2c0",
                  "isHook": false,
                  "skipped": false
                },
                {
                  "title": "Deve registrar uma despesa com sucesso",
                  "fullTitle": "Expense External - HTTP Rest POST /expenses Deve registrar uma despesa com sucesso",
                  "timedOut": false,
                  "duration": 5,
                  "state": "passed",
                  "speed": "fast",
                  "pass": true,
                  "fail": false,
                  "pending": false,
                  "context": null,
                  "code": "const expenseRequest = require(\"../../fixture/requests/expense/expenseRequest.json\");\nconst response = await request(process.env.BASE_URL_REST)\n  .post(\"/expenses\")\n  .set(\"Authorization\", `Bearer ${token}`)\n  .send(expenseRequest);\nconst expectedResponse = require(\"../../fixture/responses/expense/createExpenseSuccessfulResponse.json\");\nexpect(response.status).to.equal(expectedResponse.statusCode);\nexpect(response.body)\n  .excluding([\"date\", \"id\"])\n  .to.deep.equal(expectedResponse.body);\nexpenseId = response.body.id;",
                  "err": {},
                  "uuid": "164f423e-c78b-40fd-ad98-b7fb4aab2bb9",
                  "parentUUID": "75ecceea-0759-4016-b34e-234fd18cb2c0",
                  "isHook": false,
                  "skipped": false
                }
              ],
              "suites": [],
              "passes": [
                "e704a44c-87a8-4257-80a8-bfbf1f5b297e",
                "85b53ad0-13d3-4bed-b3da-f103e3f5dc6a",
                "112715ed-54d1-4442-8b66-36101abdfed4",
                "54c6640c-00da-4d9f-b46b-f7dd4bc0bcd5",
                "164f423e-c78b-40fd-ad98-b7fb4aab2bb9"
              ],
              "failures": [],
              "pending": [],
              "skipped": [],
              "duration": 22,
              "root": false,
              "rootEmpty": false,
              "_timeout": 10000
            },
            {
              "uuid": "94dc8be5-ba42-4785-bdb8-f5b6d3c70285",
              "title": "PUT /expenses",
              "fullFile": "/home/runner/work/trabalho-final-automacao-api/trabalho-final-automacao-api/test/rest/external/expense/expenseExternal.rest.test.js",
              "file": "/test/rest/external/expense/expenseExternal.rest.test.js",
              "beforeHooks": [],
              "afterHooks": [],
              "tests": [
                {
                  "title": "Deve retornar erro quando a descrição não for informada",
                  "fullTitle": "Expense External - HTTP Rest PUT /expenses Deve retornar erro quando a descrição não for informada",
                  "timedOut": false,
                  "duration": 5,
                  "state": "passed",
                  "speed": "fast",
                  "pass": true,
                  "fail": false,
                  "pending": false,
                  "context": null,
                  "code": "const response = await request(process.env.BASE_URL_REST)\n  .put(`/expenses/${expenseId}`)\n  .set(\"Authorization\", `Bearer ${token}`)\n  .send(test.editExpense);\nexpect(response.status).to.equal(test.statusCode);\nexpect(response.body.message).to.equal(test.expectedMessage);",
                  "err": {},
                  "uuid": "529cc6e9-9c99-40dd-aeea-e53610b1bd2f",
                  "parentUUID": "94dc8be5-ba42-4785-bdb8-f5b6d3c70285",
                  "isHook": false,
                  "skipped": false
                },
                {
                  "title": "Deve retornar erro quando o valor não for informado",
                  "fullTitle": "Expense External - HTTP Rest PUT /expenses Deve retornar erro quando o valor não for informado",
                  "timedOut": false,
                  "duration": 4,
                  "state": "passed",
                  "speed": "fast",
                  "pass": true,
                  "fail": false,
                  "pending": false,
                  "context": null,
                  "code": "const response = await request(process.env.BASE_URL_REST)\n  .put(`/expenses/${expenseId}`)\n  .set(\"Authorization\", `Bearer ${token}`)\n  .send(test.editExpense);\nexpect(response.status).to.equal(test.statusCode);\nexpect(response.body.message).to.equal(test.expectedMessage);",
                  "err": {},
                  "uuid": "95d4b867-ece9-4d7c-9b58-9084ba119035",
                  "parentUUID": "94dc8be5-ba42-4785-bdb8-f5b6d3c70285",
                  "isHook": false,
                  "skipped": false
                },
                {
                  "title": "Deve retornar erro quando o valor menor que zero",
                  "fullTitle": "Expense External - HTTP Rest PUT /expenses Deve retornar erro quando o valor menor que zero",
                  "timedOut": false,
                  "duration": 4,
                  "state": "passed",
                  "speed": "fast",
                  "pass": true,
                  "fail": false,
                  "pending": false,
                  "context": null,
                  "code": "const response = await request(process.env.BASE_URL_REST)\n  .put(`/expenses/${expenseId}`)\n  .set(\"Authorization\", `Bearer ${token}`)\n  .send(test.editExpense);\nexpect(response.status).to.equal(test.statusCode);\nexpect(response.body.message).to.equal(test.expectedMessage);",
                  "err": {},
                  "uuid": "0fb96f7b-af55-484c-bade-6266ed72fc36",
                  "parentUUID": "94dc8be5-ba42-4785-bdb8-f5b6d3c70285",
                  "isHook": false,
                  "skipped": false
                },
                {
                  "title": "Deve retornar erro quando o valor for igual a zero",
                  "fullTitle": "Expense External - HTTP Rest PUT /expenses Deve retornar erro quando o valor for igual a zero",
                  "timedOut": false,
                  "duration": 4,
                  "state": "passed",
                  "speed": "fast",
                  "pass": true,
                  "fail": false,
                  "pending": false,
                  "context": null,
                  "code": "const response = await request(process.env.BASE_URL_REST)\n  .put(`/expenses/${expenseId}`)\n  .set(\"Authorization\", `Bearer ${token}`)\n  .send(test.editExpense);\nexpect(response.status).to.equal(test.statusCode);\nexpect(response.body.message).to.equal(test.expectedMessage);",
                  "err": {},
                  "uuid": "2296f4fa-b035-4dff-bdf8-1b1cd17e22cd",
                  "parentUUID": "94dc8be5-ba42-4785-bdb8-f5b6d3c70285",
                  "isHook": false,
                  "skipped": false
                },
                {
                  "title": "Deve retornar erro quando a data não for informada",
                  "fullTitle": "Expense External - HTTP Rest PUT /expenses Deve retornar erro quando a data não for informada",
                  "timedOut": false,
                  "duration": 3,
                  "state": "passed",
                  "speed": "fast",
                  "pass": true,
                  "fail": false,
                  "pending": false,
                  "context": null,
                  "code": "const response = await request(process.env.BASE_URL_REST)\n  .put(`/expenses/${expenseId}`)\n  .set(\"Authorization\", `Bearer ${token}`)\n  .send(test.editExpense);\nexpect(response.status).to.equal(test.statusCode);\nexpect(response.body.message).to.equal(test.expectedMessage);",
                  "err": {},
                  "uuid": "7caaca6e-27df-4b8f-84d7-dfa4e41334e2",
                  "parentUUID": "94dc8be5-ba42-4785-bdb8-f5b6d3c70285",
                  "isHook": false,
                  "skipped": false
                },
                {
                  "title": "Deve retornar erro quando a edição de uma despesa for feita sem token de autenticação",
                  "fullTitle": "Expense External - HTTP Rest PUT /expenses Deve retornar erro quando a edição de uma despesa for feita sem token de autenticação",
                  "timedOut": false,
                  "duration": 3,
                  "state": "passed",
                  "speed": "fast",
                  "pass": true,
                  "fail": false,
                  "pending": false,
                  "context": null,
                  "code": "const expenseRequest = require(\"../../fixture/requests/expense/expenseRequest.json\");\nconst response = await request(process.env.BASE_URL_REST)\n  .put(`/expenses/${expenseId}`)\n  .send(expenseRequest);\nexpect(response.status).to.equal(401);\nexpect(response.body.message).to.equal(\"Token não fornecido\");",
                  "err": {},
                  "uuid": "33ef1429-cb97-4fcc-ab8a-529b83a0e5bf",
                  "parentUUID": "94dc8be5-ba42-4785-bdb8-f5b6d3c70285",
                  "isHook": false,
                  "skipped": false
                },
                {
                  "title": "Deve editar uma despesa com sucesso",
                  "fullTitle": "Expense External - HTTP Rest PUT /expenses Deve editar uma despesa com sucesso",
                  "timedOut": false,
                  "duration": 4,
                  "state": "passed",
                  "speed": "fast",
                  "pass": true,
                  "fail": false,
                  "pending": false,
                  "context": null,
                  "code": "const expenseRequest = require(\"../../fixture/requests/expense/expenseRequest.json\");\nconst response = await request(process.env.BASE_URL_REST)\n  .put(`/expenses/${expenseId}`)\n  .set(\"Authorization\", `Bearer ${token}`)\n  .send(expenseRequest);\nconst expectedResponse = require(\"../../fixture/responses/expense/editExpenseSuccessfulResponse.json\");\nexpect(response.status).to.equal(expectedResponse.statusCode);\nexpect(response.body)\n  .excluding(\"date\")\n  .to.deep.equal(expectedResponse.body);",
                  "err": {},
                  "uuid": "a288e2f0-2173-4d38-91e7-c85249dfb6d1",
                  "parentUUID": "94dc8be5-ba42-4785-bdb8-f5b6d3c70285",
                  "isHook": false,
                  "skipped": false
                }
              ],
              "suites": [],
              "passes": [
                "529cc6e9-9c99-40dd-aeea-e53610b1bd2f",
                "95d4b867-ece9-4d7c-9b58-9084ba119035",
                "0fb96f7b-af55-484c-bade-6266ed72fc36",
                "2296f4fa-b035-4dff-bdf8-1b1cd17e22cd",
                "7caaca6e-27df-4b8f-84d7-dfa4e41334e2",
                "33ef1429-cb97-4fcc-ab8a-529b83a0e5bf",
                "a288e2f0-2173-4d38-91e7-c85249dfb6d1"
              ],
              "failures": [],
              "pending": [],
              "skipped": [],
              "duration": 27,
              "root": false,
              "rootEmpty": false,
              "_timeout": 10000
            }
          ],
          "passes": [],
          "failures": [],
          "pending": [],
          "skipped": [],
          "duration": 0,
          "root": false,
          "rootEmpty": false,
          "_timeout": 10000
        },
        {
          "uuid": "1e898601-78ca-4b3f-8b88-1457834dc3fc",
          "title": "User External - HTTP Rest",
          "fullFile": "/home/runner/work/trabalho-final-automacao-api/trabalho-final-automacao-api/test/rest/external/user/userExternal.rest.test.js",
          "file": "/test/rest/external/user/userExternal.rest.test.js",
          "beforeHooks": [],
          "afterHooks": [],
          "tests": [],
          "suites": [
            {
              "uuid": "8ffc9d16-440a-455b-a00d-a598b59f3327",
              "title": "POST /users/register",
              "fullFile": "/home/runner/work/trabalho-final-automacao-api/trabalho-final-automacao-api/test/rest/external/user/userExternal.rest.test.js",
              "file": "/test/rest/external/user/userExternal.rest.test.js",
              "beforeHooks": [],
              "afterHooks": [],
              "tests": [
                {
                  "title": "Deve retornar erro quando o usuário não for informado",
                  "fullTitle": "User External - HTTP Rest POST /users/register Deve retornar erro quando o usuário não for informado",
                  "timedOut": false,
                  "duration": 2,
                  "state": "passed",
                  "speed": "fast",
                  "pass": true,
                  "fail": false,
                  "pending": false,
                  "context": null,
                  "code": "const response = await request(process.env.BASE_URL_REST)\n  .post(\"/users/register\")\n  .send(test.createUser);\nexpect(response.status).to.equal(test.statusCode);\nexpect(response.body.message).to.equal(test.expectedMessage);",
                  "err": {},
                  "uuid": "caa4495b-1a57-4f6a-aa61-d1128f231f47",
                  "parentUUID": "8ffc9d16-440a-455b-a00d-a598b59f3327",
                  "isHook": false,
                  "skipped": false
                },
                {
                  "title": "Deve retornar erro quando a senha não for informada",
                  "fullTitle": "User External - HTTP Rest POST /users/register Deve retornar erro quando a senha não for informada",
                  "timedOut": false,
                  "duration": 1,
                  "state": "passed",
                  "speed": "fast",
                  "pass": true,
                  "fail": false,
                  "pending": false,
                  "context": null,
                  "code": "const response = await request(process.env.BASE_URL_REST)\n  .post(\"/users/register\")\n  .send(test.createUser);\nexpect(response.status).to.equal(test.statusCode);\nexpect(response.body.message).to.equal(test.expectedMessage);",
                  "err": {},
                  "uuid": "43b6d51d-8561-498e-8818-979568f76fe6",
                  "parentUUID": "8ffc9d16-440a-455b-a00d-a598b59f3327",
                  "isHook": false,
                  "skipped": false
                },
                {
                  "title": "Deve retornar erro quando o usuário já existir",
                  "fullTitle": "User External - HTTP Rest POST /users/register Deve retornar erro quando o usuário já existir",
                  "timedOut": false,
                  "duration": 2,
                  "state": "passed",
                  "speed": "fast",
                  "pass": true,
                  "fail": false,
                  "pending": false,
                  "context": null,
                  "code": "const response = await request(process.env.BASE_URL_REST)\n  .post(\"/users/register\")\n  .send(test.createUser);\nexpect(response.status).to.equal(test.statusCode);\nexpect(response.body.message).to.equal(test.expectedMessage);",
                  "err": {},
                  "uuid": "c2908f57-235b-42b0-824f-181f7c61cf44",
                  "parentUUID": "8ffc9d16-440a-455b-a00d-a598b59f3327",
                  "isHook": false,
                  "skipped": false
                },
                {
                  "title": "Deve criar usuário com sucesso",
                  "fullTitle": "User External - HTTP Rest POST /users/register Deve criar usuário com sucesso",
                  "timedOut": false,
                  "duration": 85,
                  "state": "passed",
                  "speed": "slow",
                  "pass": true,
                  "fail": false,
                  "pending": false,
                  "context": null,
                  "code": "const response = await request(process.env.BASE_URL_REST)\n  .post(\"/users/register\")\n  .send({\n    username: `user${Math.random()}`,\n    password: \"password\",\n  });\nconst expectedResponse = require(\"../../fixture/responses/user/createUserResponseSuccessful.json\");\nexpect(response.status).to.equal(expectedResponse.statusCode);\nexpect(response.body).to.deep.equal(expectedResponse.body);",
                  "err": {},
                  "uuid": "4b65126e-9d3c-4c62-8f38-4ebcb100d806",
                  "parentUUID": "8ffc9d16-440a-455b-a00d-a598b59f3327",
                  "isHook": false,
                  "skipped": false
                }
              ],
              "suites": [],
              "passes": [
                "caa4495b-1a57-4f6a-aa61-d1128f231f47",
                "43b6d51d-8561-498e-8818-979568f76fe6",
                "c2908f57-235b-42b0-824f-181f7c61cf44",
                "4b65126e-9d3c-4c62-8f38-4ebcb100d806"
              ],
              "failures": [],
              "pending": [],
              "skipped": [],
              "duration": 90,
              "root": false,
              "rootEmpty": false,
              "_timeout": 10000
            },
            {
              "uuid": "b7b818c0-1977-485a-bb3e-b566568a2a7d",
              "title": "POST /users/login",
              "fullFile": "/home/runner/work/trabalho-final-automacao-api/trabalho-final-automacao-api/test/rest/external/user/userExternal.rest.test.js",
              "file": "/test/rest/external/user/userExternal.rest.test.js",
              "beforeHooks": [],
              "afterHooks": [],
              "tests": [
                {
                  "title": "Deve retornar erro quando o usuário não for informado",
                  "fullTitle": "User External - HTTP Rest POST /users/login Deve retornar erro quando o usuário não for informado",
                  "timedOut": false,
                  "duration": 2,
                  "state": "passed",
                  "speed": "fast",
                  "pass": true,
                  "fail": false,
                  "pending": false,
                  "context": null,
                  "code": "const response = await request(process.env.BASE_URL_REST)\n  .post(\"/users/login\")\n  .send(test.loginUser);\nexpect(response.status).to.equal(test.statusCode);\nexpect(response.body.message).to.equal(test.expectedMessage);",
                  "err": {},
                  "uuid": "d6a741e1-95ab-4e90-a419-73628959ec8c",
                  "parentUUID": "b7b818c0-1977-485a-bb3e-b566568a2a7d",
                  "isHook": false,
                  "skipped": false
                },
                {
                  "title": "Deve retornar erro quando a senha não for informada",
                  "fullTitle": "User External - HTTP Rest POST /users/login Deve retornar erro quando a senha não for informada",
                  "timedOut": false,
                  "duration": 2,
                  "state": "passed",
                  "speed": "fast",
                  "pass": true,
                  "fail": false,
                  "pending": false,
                  "context": null,
                  "code": "const response = await request(process.env.BASE_URL_REST)\n  .post(\"/users/login\")\n  .send(test.loginUser);\nexpect(response.status).to.equal(test.statusCode);\nexpect(response.body.message).to.equal(test.expectedMessage);",
                  "err": {},
                  "uuid": "405f1e9d-93a2-4bda-84ad-dad47e37f0a7",
                  "parentUUID": "b7b818c0-1977-485a-bb3e-b566568a2a7d",
                  "isHook": false,
                  "skipped": false
                },
                {
                  "title": "Deve retornar erro quando informar usuário inexistente",
                  "fullTitle": "User External - HTTP Rest POST /users/login Deve retornar erro quando informar usuário inexistente",
                  "timedOut": false,
                  "duration": 2,
                  "state": "passed",
                  "speed": "fast",
                  "pass": true,
                  "fail": false,
                  "pending": false,
                  "context": null,
                  "code": "const response = await request(process.env.BASE_URL_REST)\n  .post(\"/users/login\")\n  .send(test.loginUser);\nexpect(response.status).to.equal(test.statusCode);\nexpect(response.body.message).to.equal(test.expectedMessage);",
                  "err": {},
                  "uuid": "38e29580-eeba-4ebf-82cd-5d5322f8f7d7",
                  "parentUUID": "b7b818c0-1977-485a-bb3e-b566568a2a7d",
                  "isHook": false,
                  "skipped": false
                },
                {
                  "title": "Deve retornar erro quando informar senha incorreta",
                  "fullTitle": "User External - HTTP Rest POST /users/login Deve retornar erro quando informar senha incorreta",
                  "timedOut": false,
                  "duration": 23,
                  "state": "passed",
                  "speed": "fast",
                  "pass": true,
                  "fail": false,
                  "pending": false,
                  "context": null,
                  "code": "const response = await request(process.env.BASE_URL_REST)\n  .post(\"/users/login\")\n  .send(test.loginUser);\nexpect(response.status).to.equal(test.statusCode);\nexpect(response.body.message).to.equal(test.expectedMessage);",
                  "err": {},
                  "uuid": "c3295d4f-a237-4a40-a52c-35c2db8f7ccc",
                  "parentUUID": "b7b818c0-1977-485a-bb3e-b566568a2a7d",
                  "isHook": false,
                  "skipped": false
                },
                {
                  "title": "Deve realizar o login com sucesso",
                  "fullTitle": "User External - HTTP Rest POST /users/login Deve realizar o login com sucesso",
                  "timedOut": false,
                  "duration": 24,
                  "state": "passed",
                  "speed": "fast",
                  "pass": true,
                  "fail": false,
                  "pending": false,
                  "context": null,
                  "code": "const loginRequest = require(\"../../fixture/requests/user/loginRequest.json\");\nconst response = await request(process.env.BASE_URL_REST)\n  .post(\"/users/login\")\n  .send(loginRequest);\nexpect(response.status).to.equal(200);\nexpect(response.body.token).to.be.not.null;",
                  "err": {},
                  "uuid": "cf783aec-b8c9-4666-976b-8d09d1a9315c",
                  "parentUUID": "b7b818c0-1977-485a-bb3e-b566568a2a7d",
                  "isHook": false,
                  "skipped": false
                }
              ],
              "suites": [],
              "passes": [
                "d6a741e1-95ab-4e90-a419-73628959ec8c",
                "405f1e9d-93a2-4bda-84ad-dad47e37f0a7",
                "38e29580-eeba-4ebf-82cd-5d5322f8f7d7",
                "c3295d4f-a237-4a40-a52c-35c2db8f7ccc",
                "cf783aec-b8c9-4666-976b-8d09d1a9315c"
              ],
              "failures": [],
              "pending": [],
              "skipped": [],
              "duration": 53,
              "root": false,
              "rootEmpty": false,
              "_timeout": 10000
            }
          ],
          "passes": [],
          "failures": [],
          "pending": [],
          "skipped": [],
          "duration": 0,
          "root": false,
          "rootEmpty": false,
          "_timeout": 10000
        }
      ],
      "passes": [],
      "failures": [],
      "pending": [],
      "skipped": [],
      "duration": 0,
      "root": true,
      "rootEmpty": true,
      "_timeout": 10000
    }
  ],
  "meta": {
    "mocha": {
      "version": "11.7.2"
    },
    "mochawesome": {
      "options": {
        "quiet": false,
        "reportFilename": "mochawesome",
        "saveHtml": true,
        "saveJson": true,
        "consoleReporter": "spec",
        "useInlineDiffs": false,
        "code": true
      },
      "version": "7.1.4"
    },
    "marge": {
      "options": {
        "reportDir": "mochawesome-report",
        "overwrite": "false"
      },
      "version": "6.3.0"
    }
  }
}