{
  "stats": {
    "suites": 12,
    "tests": 38,
    "passes": 38,
    "pending": 0,
    "failures": 0,
    "start": "2025-12-11T01:13:27.625Z",
    "end": "2025-12-11T01:13:27.927Z",
    "duration": 302,
    "testsRegistered": 38,
    "passPercent": 100,
    "pendingPercent": 0,
    "other": 0,
    "hasOther": false,
    "skipped": 0,
    "hasSkipped": false
  },
  "results": [
    {
      "uuid": "3370c346-9245-4004-b31c-6f15b6456a04",
      "title": "",
      "fullFile": "",
      "file": "",
      "beforeHooks": [],
      "afterHooks": [],
      "tests": [],
      "suites": [
        {
          "uuid": "cf1ca267-205f-4d4f-8483-11e71c36d4e3",
          "title": "Expense Controller",
          "fullFile": "/home/runner/work/trabalho-final-automacao-api/trabalho-final-automacao-api/test/rest/controller/expense/expenseController.test.js",
          "file": "/test/rest/controller/expense/expenseController.test.js",
          "beforeHooks": [
            {
              "title": "\"before all\" hook in \"Expense Controller\"",
              "fullTitle": "Expense Controller \"before all\" hook in \"Expense Controller\"",
              "timedOut": false,
              "duration": 39,
              "state": null,
              "speed": null,
              "pass": false,
              "fail": false,
              "pending": false,
              "context": null,
              "code": "const loginRequest = require(\"../../fixture/requests/user/loginRequest.json\");\nconst respostaLogin = await request(app)\n  .post(\"/users/login\")\n  .send(loginRequest);\ntoken = respostaLogin.body.token;",
              "err": {},
              "uuid": "1954f7e6-bd3b-4f90-9ed8-3230207c1b0e",
              "parentUUID": "cf1ca267-205f-4d4f-8483-11e71c36d4e3",
              "isHook": true,
              "skipped": false
            }
          ],
          "afterHooks": [],
          "tests": [],
          "suites": [
            {
              "uuid": "44759f4f-2fce-4cde-9556-d3c837e2dde6",
              "title": "POST /expenses",
              "fullFile": "/home/runner/work/trabalho-final-automacao-api/trabalho-final-automacao-api/test/rest/controller/expense/expenseController.test.js",
              "file": "/test/rest/controller/expense/expenseController.test.js",
              "beforeHooks": [],
              "afterHooks": [],
              "tests": [
                {
                  "title": "Deve retornar erro quando a descrição não for informada",
                  "fullTitle": "Expense Controller POST /expenses Deve retornar erro quando a descrição não for informada",
                  "timedOut": false,
                  "duration": 7,
                  "state": "passed",
                  "speed": "fast",
                  "pass": true,
                  "fail": false,
                  "pending": false,
                  "context": null,
                  "code": "const response = await request(app)\n  .post(\"/expenses\")\n  .set(\"Authorization\", `Bearer ${token}`)\n  .send(test.createExpense);\nexpect(response.status).to.equal(test.statusCode);\nexpect(response.body.message).to.equal(test.expectedMessage);",
                  "err": {},
                  "uuid": "f92436c8-0261-4324-ad00-838b96c16c9c",
                  "parentUUID": "44759f4f-2fce-4cde-9556-d3c837e2dde6",
                  "isHook": false,
                  "skipped": false
                },
                {
                  "title": "Deve retornar erro quando o valor não for informado",
                  "fullTitle": "Expense Controller POST /expenses Deve retornar erro quando o valor não for informado",
                  "timedOut": false,
                  "duration": 5,
                  "state": "passed",
                  "speed": "fast",
                  "pass": true,
                  "fail": false,
                  "pending": false,
                  "context": null,
                  "code": "const response = await request(app)\n  .post(\"/expenses\")\n  .set(\"Authorization\", `Bearer ${token}`)\n  .send(test.createExpense);\nexpect(response.status).to.equal(test.statusCode);\nexpect(response.body.message).to.equal(test.expectedMessage);",
                  "err": {},
                  "uuid": "5eacfcd8-991a-44fb-a851-bc98524b1f21",
                  "parentUUID": "44759f4f-2fce-4cde-9556-d3c837e2dde6",
                  "isHook": false,
                  "skipped": false
                },
                {
                  "title": "Deve retornar erro quando a data não for informada",
                  "fullTitle": "Expense Controller POST /expenses Deve retornar erro quando a data não for informada",
                  "timedOut": false,
                  "duration": 5,
                  "state": "passed",
                  "speed": "fast",
                  "pass": true,
                  "fail": false,
                  "pending": false,
                  "context": null,
                  "code": "const response = await request(app)\n  .post(\"/expenses\")\n  .set(\"Authorization\", `Bearer ${token}`)\n  .send(test.createExpense);\nexpect(response.status).to.equal(test.statusCode);\nexpect(response.body.message).to.equal(test.expectedMessage);",
                  "err": {},
                  "uuid": "ff0eb072-4f38-4b6d-a1dd-34951fa113f7",
                  "parentUUID": "44759f4f-2fce-4cde-9556-d3c837e2dde6",
                  "isHook": false,
                  "skipped": false
                },
                {
                  "title": "Deve registrar uma despesa com sucesso",
                  "fullTitle": "Expense Controller POST /expenses Deve registrar uma despesa com sucesso",
                  "timedOut": false,
                  "duration": 7,
                  "state": "passed",
                  "speed": "fast",
                  "pass": true,
                  "fail": false,
                  "pending": false,
                  "context": null,
                  "code": "const expenseRequest = require(\"../../fixture/requests/expense/expenseRequest.json\");\nconst response = await request(app)\n  .post(\"/expenses\")\n  .set(\"Authorization\", `Bearer ${token}`)\n  .send(expenseRequest);\nconst expectedResponse = require(\"../../fixture/responses/expense/createExpenseSuccessfulResponse.json\");\nexpect(response.status).to.equal(expectedResponse.statusCode);\nexpect(response.body)\n  .excluding(\"date\")\n  .to.deep.equal(expectedResponse.body);",
                  "err": {},
                  "uuid": "bfeb6766-6f4b-4132-af9a-66f841c0ec00",
                  "parentUUID": "44759f4f-2fce-4cde-9556-d3c837e2dde6",
                  "isHook": false,
                  "skipped": false
                }
              ],
              "suites": [],
              "passes": [
                "f92436c8-0261-4324-ad00-838b96c16c9c",
                "5eacfcd8-991a-44fb-a851-bc98524b1f21",
                "ff0eb072-4f38-4b6d-a1dd-34951fa113f7",
                "bfeb6766-6f4b-4132-af9a-66f841c0ec00"
              ],
              "failures": [],
              "pending": [],
              "skipped": [],
              "duration": 24,
              "root": false,
              "rootEmpty": false,
              "_timeout": 10000
            },
            {
              "uuid": "8a34a67b-7621-4a7b-bf20-f29528402990",
              "title": "PUT /expenses/:id",
              "fullFile": "/home/runner/work/trabalho-final-automacao-api/trabalho-final-automacao-api/test/rest/controller/expense/expenseController.test.js",
              "file": "/test/rest/controller/expense/expenseController.test.js",
              "beforeHooks": [],
              "afterHooks": [],
              "tests": [
                {
                  "title": "Deve retornar erro quando a descrição não for informada",
                  "fullTitle": "Expense Controller PUT /expenses/:id Deve retornar erro quando a descrição não for informada",
                  "timedOut": false,
                  "duration": 4,
                  "state": "passed",
                  "speed": "fast",
                  "pass": true,
                  "fail": false,
                  "pending": false,
                  "context": null,
                  "code": "const response = await request(app)\n  .put(\"/expenses/1\")\n  .set(\"Authorization\", `Bearer ${token}`)\n  .send(test.editExpense);\nexpect(response.status).to.equal(test.statusCode);\nexpect(response.body.message).to.equal(test.expectedMessage);",
                  "err": {},
                  "uuid": "f8404a5a-3545-4ddd-908c-ac21dc50c412",
                  "parentUUID": "8a34a67b-7621-4a7b-bf20-f29528402990",
                  "isHook": false,
                  "skipped": false
                },
                {
                  "title": "Deve retornar erro quando o valor não for informado",
                  "fullTitle": "Expense Controller PUT /expenses/:id Deve retornar erro quando o valor não for informado",
                  "timedOut": false,
                  "duration": 3,
                  "state": "passed",
                  "speed": "fast",
                  "pass": true,
                  "fail": false,
                  "pending": false,
                  "context": null,
                  "code": "const response = await request(app)\n  .put(\"/expenses/1\")\n  .set(\"Authorization\", `Bearer ${token}`)\n  .send(test.editExpense);\nexpect(response.status).to.equal(test.statusCode);\nexpect(response.body.message).to.equal(test.expectedMessage);",
                  "err": {},
                  "uuid": "00fc6c5b-8697-4992-9b42-f281ac5efaf5",
                  "parentUUID": "8a34a67b-7621-4a7b-bf20-f29528402990",
                  "isHook": false,
                  "skipped": false
                },
                {
                  "title": "Deve retornar erro quando o valor menor que zero",
                  "fullTitle": "Expense Controller PUT /expenses/:id Deve retornar erro quando o valor menor que zero",
                  "timedOut": false,
                  "duration": 3,
                  "state": "passed",
                  "speed": "fast",
                  "pass": true,
                  "fail": false,
                  "pending": false,
                  "context": null,
                  "code": "const response = await request(app)\n  .put(\"/expenses/1\")\n  .set(\"Authorization\", `Bearer ${token}`)\n  .send(test.editExpense);\nexpect(response.status).to.equal(test.statusCode);\nexpect(response.body.message).to.equal(test.expectedMessage);",
                  "err": {},
                  "uuid": "e49cd14d-ebdc-4120-a354-1b36e3ea37b5",
                  "parentUUID": "8a34a67b-7621-4a7b-bf20-f29528402990",
                  "isHook": false,
                  "skipped": false
                },
                {
                  "title": "Deve retornar erro quando o valor for igual a zero",
                  "fullTitle": "Expense Controller PUT /expenses/:id Deve retornar erro quando o valor for igual a zero",
                  "timedOut": false,
                  "duration": 3,
                  "state": "passed",
                  "speed": "fast",
                  "pass": true,
                  "fail": false,
                  "pending": false,
                  "context": null,
                  "code": "const response = await request(app)\n  .put(\"/expenses/1\")\n  .set(\"Authorization\", `Bearer ${token}`)\n  .send(test.editExpense);\nexpect(response.status).to.equal(test.statusCode);\nexpect(response.body.message).to.equal(test.expectedMessage);",
                  "err": {},
                  "uuid": "6a1edabd-fbe0-4f0d-b310-cbc708a21168",
                  "parentUUID": "8a34a67b-7621-4a7b-bf20-f29528402990",
                  "isHook": false,
                  "skipped": false
                },
                {
                  "title": "Deve retornar erro quando a data não for informada",
                  "fullTitle": "Expense Controller PUT /expenses/:id Deve retornar erro quando a data não for informada",
                  "timedOut": false,
                  "duration": 3,
                  "state": "passed",
                  "speed": "fast",
                  "pass": true,
                  "fail": false,
                  "pending": false,
                  "context": null,
                  "code": "const response = await request(app)\n  .put(\"/expenses/1\")\n  .set(\"Authorization\", `Bearer ${token}`)\n  .send(test.editExpense);\nexpect(response.status).to.equal(test.statusCode);\nexpect(response.body.message).to.equal(test.expectedMessage);",
                  "err": {},
                  "uuid": "6f0a9d15-4f34-4d26-90f0-aef4231c558d",
                  "parentUUID": "8a34a67b-7621-4a7b-bf20-f29528402990",
                  "isHook": false,
                  "skipped": false
                },
                {
                  "title": "Deve editar uma despesa com sucesso",
                  "fullTitle": "Expense Controller PUT /expenses/:id Deve editar uma despesa com sucesso",
                  "timedOut": false,
                  "duration": 3,
                  "state": "passed",
                  "speed": "fast",
                  "pass": true,
                  "fail": false,
                  "pending": false,
                  "context": null,
                  "code": "const expenseRequest = require(\"../../fixture/requests/expense/expenseRequest.json\");\nconst response = await request(app)\n  .put(\"/expenses/1\")\n  .set(\"Authorization\", `Bearer ${token}`)\n  .send(expenseRequest);\nconst expectedResponse = require(\"../../fixture/responses/expense/editExpenseSuccessfulResponse.json\");\nexpect(response.status).to.equal(expectedResponse.statusCode);\nexpect(response.body)\n  .excluding(\"date\")\n  .to.deep.equal(expectedResponse.body);",
                  "err": {},
                  "uuid": "16683a15-865b-49f4-b8a0-3a0bd72dd572",
                  "parentUUID": "8a34a67b-7621-4a7b-bf20-f29528402990",
                  "isHook": false,
                  "skipped": false
                }
              ],
              "suites": [],
              "passes": [
                "f8404a5a-3545-4ddd-908c-ac21dc50c412",
                "00fc6c5b-8697-4992-9b42-f281ac5efaf5",
                "e49cd14d-ebdc-4120-a354-1b36e3ea37b5",
                "6a1edabd-fbe0-4f0d-b310-cbc708a21168",
                "6f0a9d15-4f34-4d26-90f0-aef4231c558d",
                "16683a15-865b-49f4-b8a0-3a0bd72dd572"
              ],
              "failures": [],
              "pending": [],
              "skipped": [],
              "duration": 19,
              "root": false,
              "rootEmpty": false,
              "_timeout": 10000
            }
          ],
          "passes": [],
          "failures": [],
          "pending": [],
          "skipped": [],
          "duration": 0,
          "root": false,
          "rootEmpty": false,
          "_timeout": 10000
        },
        {
          "uuid": "312ebd01-d946-4572-9e6c-fb079b4cf6f4",
          "title": "Expense Controller - Mocked",
          "fullFile": "/home/runner/work/trabalho-final-automacao-api/trabalho-final-automacao-api/test/rest/controller/expense/expenseControllerMocked.test.js",
          "file": "/test/rest/controller/expense/expenseControllerMocked.test.js",
          "beforeHooks": [
            {
              "title": "\"before all\" hook in \"Expense Controller - Mocked\"",
              "fullTitle": "Expense Controller - Mocked \"before all\" hook in \"Expense Controller - Mocked\"",
              "timedOut": false,
              "duration": 21,
              "state": null,
              "speed": null,
              "pass": false,
              "fail": false,
              "pending": false,
              "context": null,
              "code": "const loginRequest = require(\"../../fixture/requests/user/loginRequest.json\");\nconst response = await request(app).post(\"/users/login\").send(loginRequest);\ntoken = response.body.token;",
              "err": {},
              "uuid": "e2fdecd0-a46b-43dc-94b9-55013e01d217",
              "parentUUID": "312ebd01-d946-4572-9e6c-fb079b4cf6f4",
              "isHook": true,
              "skipped": false
            }
          ],
          "afterHooks": [
            {
              "title": "\"after each\" hook in \"Expense Controller - Mocked\"",
              "fullTitle": "Expense Controller - Mocked \"after each\" hook in \"Expense Controller - Mocked\"",
              "timedOut": false,
              "duration": 0,
              "state": null,
              "speed": null,
              "pass": false,
              "fail": false,
              "pending": false,
              "context": null,
              "code": "sinon.restore();",
              "err": {},
              "uuid": "c832d376-f5f2-465e-ad66-bba595a617a5",
              "parentUUID": "312ebd01-d946-4572-9e6c-fb079b4cf6f4",
              "isHook": true,
              "skipped": false
            }
          ],
          "tests": [],
          "suites": [
            {
              "uuid": "824776f0-1d45-4b6a-8ae2-d2731a1d8695",
              "title": "POST /expenses",
              "fullFile": "/home/runner/work/trabalho-final-automacao-api/trabalho-final-automacao-api/test/rest/controller/expense/expenseControllerMocked.test.js",
              "file": "/test/rest/controller/expense/expenseControllerMocked.test.js",
              "beforeHooks": [],
              "afterHooks": [],
              "tests": [
                {
                  "title": "Deve retornar erro quando a descrição não for informada",
                  "fullTitle": "Expense Controller - Mocked POST /expenses Deve retornar erro quando a descrição não for informada",
                  "timedOut": false,
                  "duration": 4,
                  "state": "passed",
                  "speed": "fast",
                  "pass": true,
                  "fail": false,
                  "pending": false,
                  "context": null,
                  "code": "const error = new Error(test.expectedMessage);\nerror.status = test.statusCode;\nconst expenseServiceMock = sinon.stub(expenseService, \"addExpense\");\nexpenseServiceMock.throws(error);\nconst response = await request(app)\n  .post(\"/expenses\")\n  .set(\"Authorization\", `Bearer ${token}`)\n  .send(test.createExpense);\nexpect(response.status).to.equal(test.statusCode);\nexpect(response.body.message).to.equal(test.expectedMessage);",
                  "err": {},
                  "uuid": "52b4b3d8-8294-4d70-b05d-1c526fde2103",
                  "parentUUID": "824776f0-1d45-4b6a-8ae2-d2731a1d8695",
                  "isHook": false,
                  "skipped": false
                },
                {
                  "title": "Deve retornar erro quando o valor não for informado",
                  "fullTitle": "Expense Controller - Mocked POST /expenses Deve retornar erro quando o valor não for informado",
                  "timedOut": false,
                  "duration": 3,
                  "state": "passed",
                  "speed": "fast",
                  "pass": true,
                  "fail": false,
                  "pending": false,
                  "context": null,
                  "code": "const error = new Error(test.expectedMessage);\nerror.status = test.statusCode;\nconst expenseServiceMock = sinon.stub(expenseService, \"addExpense\");\nexpenseServiceMock.throws(error);\nconst response = await request(app)\n  .post(\"/expenses\")\n  .set(\"Authorization\", `Bearer ${token}`)\n  .send(test.createExpense);\nexpect(response.status).to.equal(test.statusCode);\nexpect(response.body.message).to.equal(test.expectedMessage);",
                  "err": {},
                  "uuid": "d44f597e-67f2-41a3-a0ff-4d64956c0254",
                  "parentUUID": "824776f0-1d45-4b6a-8ae2-d2731a1d8695",
                  "isHook": false,
                  "skipped": false
                },
                {
                  "title": "Deve retornar erro quando a data não for informada",
                  "fullTitle": "Expense Controller - Mocked POST /expenses Deve retornar erro quando a data não for informada",
                  "timedOut": false,
                  "duration": 3,
                  "state": "passed",
                  "speed": "fast",
                  "pass": true,
                  "fail": false,
                  "pending": false,
                  "context": null,
                  "code": "const error = new Error(test.expectedMessage);\nerror.status = test.statusCode;\nconst expenseServiceMock = sinon.stub(expenseService, \"addExpense\");\nexpenseServiceMock.throws(error);\nconst response = await request(app)\n  .post(\"/expenses\")\n  .set(\"Authorization\", `Bearer ${token}`)\n  .send(test.createExpense);\nexpect(response.status).to.equal(test.statusCode);\nexpect(response.body.message).to.equal(test.expectedMessage);",
                  "err": {},
                  "uuid": "3a21bb54-ece2-4e99-9369-81d21c8573bc",
                  "parentUUID": "824776f0-1d45-4b6a-8ae2-d2731a1d8695",
                  "isHook": false,
                  "skipped": false
                },
                {
                  "title": "Deve registrar uma despesa com sucesso",
                  "fullTitle": "Expense Controller - Mocked POST /expenses Deve registrar uma despesa com sucesso",
                  "timedOut": false,
                  "duration": 3,
                  "state": "passed",
                  "speed": "fast",
                  "pass": true,
                  "fail": false,
                  "pending": false,
                  "context": null,
                  "code": "const expenseRequest = require(\"../../fixture/requests/expense/expenseRequest.json\");\nconst expectedResponse = require(\"../../fixture/responses/expense/createExpenseSuccessfulResponse.json\");\nconst expenseServiceMock = sinon.stub(expenseService, \"addExpense\");\nexpenseServiceMock.returns(expectedResponse.body);\nconst response = await request(app)\n  .post(\"/expenses\")\n  .set(\"Authorization\", `Bearer ${token}`)\n  .send(expenseRequest);\nexpect(response.status).to.equal(expectedResponse.statusCode);\nexpect(response.body).to.deep.equal(expectedResponse.body);",
                  "err": {},
                  "uuid": "b7957cff-d0f6-449b-88f6-9feac23066cc",
                  "parentUUID": "824776f0-1d45-4b6a-8ae2-d2731a1d8695",
                  "isHook": false,
                  "skipped": false
                }
              ],
              "suites": [],
              "passes": [
                "52b4b3d8-8294-4d70-b05d-1c526fde2103",
                "d44f597e-67f2-41a3-a0ff-4d64956c0254",
                "3a21bb54-ece2-4e99-9369-81d21c8573bc",
                "b7957cff-d0f6-449b-88f6-9feac23066cc"
              ],
              "failures": [],
              "pending": [],
              "skipped": [],
              "duration": 13,
              "root": false,
              "rootEmpty": false,
              "_timeout": 10000
            },
            {
              "uuid": "4c87db65-fe20-425b-8580-d9e9d6862e7c",
              "title": "PUT /expenses/:id",
              "fullFile": "/home/runner/work/trabalho-final-automacao-api/trabalho-final-automacao-api/test/rest/controller/expense/expenseControllerMocked.test.js",
              "file": "/test/rest/controller/expense/expenseControllerMocked.test.js",
              "beforeHooks": [],
              "afterHooks": [],
              "tests": [
                {
                  "title": "Deve retornar erro quando a descrição não for informada",
                  "fullTitle": "Expense Controller - Mocked PUT /expenses/:id Deve retornar erro quando a descrição não for informada",
                  "timedOut": false,
                  "duration": 3,
                  "state": "passed",
                  "speed": "fast",
                  "pass": true,
                  "fail": false,
                  "pending": false,
                  "context": null,
                  "code": "const error = new Error(test.expectedMessage);\nerror.status = test.statusCode;\nconst expenseServiceMock = sinon.stub(expenseService, \"editExpense\");\nexpenseServiceMock.throws(error);\nconst response = await request(app)\n  .put(\"/expenses/1\")\n  .set(\"Authorization\", `Bearer ${token}`)\n  .send(test.editExpense);\nexpect(response.status).to.equal(test.statusCode);\nexpect(response.body.message).to.equal(test.expectedMessage);",
                  "err": {},
                  "uuid": "ee168d42-540d-4e2a-b293-6f0bf65d4100",
                  "parentUUID": "4c87db65-fe20-425b-8580-d9e9d6862e7c",
                  "isHook": false,
                  "skipped": false
                },
                {
                  "title": "Deve retornar erro quando o valor não for informado",
                  "fullTitle": "Expense Controller - Mocked PUT /expenses/:id Deve retornar erro quando o valor não for informado",
                  "timedOut": false,
                  "duration": 3,
                  "state": "passed",
                  "speed": "fast",
                  "pass": true,
                  "fail": false,
                  "pending": false,
                  "context": null,
                  "code": "const error = new Error(test.expectedMessage);\nerror.status = test.statusCode;\nconst expenseServiceMock = sinon.stub(expenseService, \"editExpense\");\nexpenseServiceMock.throws(error);\nconst response = await request(app)\n  .put(\"/expenses/1\")\n  .set(\"Authorization\", `Bearer ${token}`)\n  .send(test.editExpense);\nexpect(response.status).to.equal(test.statusCode);\nexpect(response.body.message).to.equal(test.expectedMessage);",
                  "err": {},
                  "uuid": "68388a77-ec65-4585-ab30-01c1bde37560",
                  "parentUUID": "4c87db65-fe20-425b-8580-d9e9d6862e7c",
                  "isHook": false,
                  "skipped": false
                },
                {
                  "title": "Deve retornar erro quando o valor menor que zero",
                  "fullTitle": "Expense Controller - Mocked PUT /expenses/:id Deve retornar erro quando o valor menor que zero",
                  "timedOut": false,
                  "duration": 3,
                  "state": "passed",
                  "speed": "fast",
                  "pass": true,
                  "fail": false,
                  "pending": false,
                  "context": null,
                  "code": "const error = new Error(test.expectedMessage);\nerror.status = test.statusCode;\nconst expenseServiceMock = sinon.stub(expenseService, \"editExpense\");\nexpenseServiceMock.throws(error);\nconst response = await request(app)\n  .put(\"/expenses/1\")\n  .set(\"Authorization\", `Bearer ${token}`)\n  .send(test.editExpense);\nexpect(response.status).to.equal(test.statusCode);\nexpect(response.body.message).to.equal(test.expectedMessage);",
                  "err": {},
                  "uuid": "453ac91a-09df-402b-b38e-aeff29a889d0",
                  "parentUUID": "4c87db65-fe20-425b-8580-d9e9d6862e7c",
                  "isHook": false,
                  "skipped": false
                },
                {
                  "title": "Deve retornar erro quando o valor for igual a zero",
                  "fullTitle": "Expense Controller - Mocked PUT /expenses/:id Deve retornar erro quando o valor for igual a zero",
                  "timedOut": false,
                  "duration": 3,
                  "state": "passed",
                  "speed": "fast",
                  "pass": true,
                  "fail": false,
                  "pending": false,
                  "context": null,
                  "code": "const error = new Error(test.expectedMessage);\nerror.status = test.statusCode;\nconst expenseServiceMock = sinon.stub(expenseService, \"editExpense\");\nexpenseServiceMock.throws(error);\nconst response = await request(app)\n  .put(\"/expenses/1\")\n  .set(\"Authorization\", `Bearer ${token}`)\n  .send(test.editExpense);\nexpect(response.status).to.equal(test.statusCode);\nexpect(response.body.message).to.equal(test.expectedMessage);",
                  "err": {},
                  "uuid": "9413fad6-1e54-4195-9ed4-e39578c3350c",
                  "parentUUID": "4c87db65-fe20-425b-8580-d9e9d6862e7c",
                  "isHook": false,
                  "skipped": false
                },
                {
                  "title": "Deve retornar erro quando a data não for informada",
                  "fullTitle": "Expense Controller - Mocked PUT /expenses/:id Deve retornar erro quando a data não for informada",
                  "timedOut": false,
                  "duration": 3,
                  "state": "passed",
                  "speed": "fast",
                  "pass": true,
                  "fail": false,
                  "pending": false,
                  "context": null,
                  "code": "const error = new Error(test.expectedMessage);\nerror.status = test.statusCode;\nconst expenseServiceMock = sinon.stub(expenseService, \"editExpense\");\nexpenseServiceMock.throws(error);\nconst response = await request(app)\n  .put(\"/expenses/1\")\n  .set(\"Authorization\", `Bearer ${token}`)\n  .send(test.editExpense);\nexpect(response.status).to.equal(test.statusCode);\nexpect(response.body.message).to.equal(test.expectedMessage);",
                  "err": {},
                  "uuid": "a158cb1f-839d-4d03-b91a-e5d8ffa4d34f",
                  "parentUUID": "4c87db65-fe20-425b-8580-d9e9d6862e7c",
                  "isHook": false,
                  "skipped": false
                },
                {
                  "title": "Deve editar uma despesa com sucesso",
                  "fullTitle": "Expense Controller - Mocked PUT /expenses/:id Deve editar uma despesa com sucesso",
                  "timedOut": false,
                  "duration": 3,
                  "state": "passed",
                  "speed": "fast",
                  "pass": true,
                  "fail": false,
                  "pending": false,
                  "context": null,
                  "code": "const expenseRequest = require(\"../../fixture/requests/expense/expenseRequest.json\");\nconst expectedResponse = require(\"../../fixture/responses/expense/editExpenseSuccessfulResponse.json\");\nconst expenseServiceMock = sinon.stub(expenseService, \"editExpense\");\nexpenseServiceMock.returns(expectedResponse.body);\nconst response = await request(app)\n  .put(\"/expenses/1\")\n  .set(\"Authorization\", `Bearer ${token}`)\n  .send(expenseRequest);\nexpect(response.status).to.equal(200);\nexpect(response.body).to.deep.equal(expectedResponse.body);",
                  "err": {},
                  "uuid": "50e32a62-8fe8-4211-8c9b-6a7487e2fc58",
                  "parentUUID": "4c87db65-fe20-425b-8580-d9e9d6862e7c",
                  "isHook": false,
                  "skipped": false
                }
              ],
              "suites": [],
              "passes": [
                "ee168d42-540d-4e2a-b293-6f0bf65d4100",
                "68388a77-ec65-4585-ab30-01c1bde37560",
                "453ac91a-09df-402b-b38e-aeff29a889d0",
                "9413fad6-1e54-4195-9ed4-e39578c3350c",
                "a158cb1f-839d-4d03-b91a-e5d8ffa4d34f",
                "50e32a62-8fe8-4211-8c9b-6a7487e2fc58"
              ],
              "failures": [],
              "pending": [],
              "skipped": [],
              "duration": 18,
              "root": false,
              "rootEmpty": false,
              "_timeout": 10000
            }
          ],
          "passes": [],
          "failures": [],
          "pending": [],
          "skipped": [],
          "duration": 0,
          "root": false,
          "rootEmpty": false,
          "_timeout": 10000
        },
        {
          "uuid": "e25c0e67-adb4-448d-aae8-7fe796a2a137",
          "title": "User Controller",
          "fullFile": "/home/runner/work/trabalho-final-automacao-api/trabalho-final-automacao-api/test/rest/controller/user/userController.test.js",
          "file": "/test/rest/controller/user/userController.test.js",
          "beforeHooks": [],
          "afterHooks": [],
          "tests": [],
          "suites": [
            {
              "uuid": "2d4e4ad1-fe7e-4ab9-bc99-c9ac8d3058a0",
              "title": "POST /users/register",
              "fullFile": "/home/runner/work/trabalho-final-automacao-api/trabalho-final-automacao-api/test/rest/controller/user/userController.test.js",
              "file": "/test/rest/controller/user/userController.test.js",
              "beforeHooks": [],
              "afterHooks": [],
              "tests": [
                {
                  "title": "Deve retornar erro quando o usuário não for informado",
                  "fullTitle": "User Controller POST /users/register Deve retornar erro quando o usuário não for informado",
                  "timedOut": false,
                  "duration": 1,
                  "state": "passed",
                  "speed": "fast",
                  "pass": true,
                  "fail": false,
                  "pending": false,
                  "context": null,
                  "code": "const response = await request(app)\n  .post(\"/users/register\")\n  .send(test.createUser);\nexpect(response.status).to.equal(test.statusCode);\nexpect(response.body.message).to.equal(test.expectedMessage);",
                  "err": {},
                  "uuid": "a5fc7ad9-2474-4ed3-a1f0-89fb0465ff7a",
                  "parentUUID": "2d4e4ad1-fe7e-4ab9-bc99-c9ac8d3058a0",
                  "isHook": false,
                  "skipped": false
                },
                {
                  "title": "Deve retornar erro quando a senha não for informada",
                  "fullTitle": "User Controller POST /users/register Deve retornar erro quando a senha não for informada",
                  "timedOut": false,
                  "duration": 1,
                  "state": "passed",
                  "speed": "fast",
                  "pass": true,
                  "fail": false,
                  "pending": false,
                  "context": null,
                  "code": "const response = await request(app)\n  .post(\"/users/register\")\n  .send(test.createUser);\nexpect(response.status).to.equal(test.statusCode);\nexpect(response.body.message).to.equal(test.expectedMessage);",
                  "err": {},
                  "uuid": "c55f9813-d6e6-41ab-a8a9-2c8761130696",
                  "parentUUID": "2d4e4ad1-fe7e-4ab9-bc99-c9ac8d3058a0",
                  "isHook": false,
                  "skipped": false
                },
                {
                  "title": "Deve retornar erro quando o usuário já existir",
                  "fullTitle": "User Controller POST /users/register Deve retornar erro quando o usuário já existir",
                  "timedOut": false,
                  "duration": 1,
                  "state": "passed",
                  "speed": "fast",
                  "pass": true,
                  "fail": false,
                  "pending": false,
                  "context": null,
                  "code": "const response = await request(app)\n  .post(\"/users/register\")\n  .send(test.createUser);\nexpect(response.status).to.equal(test.statusCode);\nexpect(response.body.message).to.equal(test.expectedMessage);",
                  "err": {},
                  "uuid": "4c3550af-fba3-49e4-89b2-3668c9d4b13d",
                  "parentUUID": "2d4e4ad1-fe7e-4ab9-bc99-c9ac8d3058a0",
                  "isHook": false,
                  "skipped": false
                },
                {
                  "title": "Deve criar usuário com sucesso",
                  "fullTitle": "User Controller POST /users/register Deve criar usuário com sucesso",
                  "timedOut": false,
                  "duration": 85,
                  "state": "passed",
                  "speed": "slow",
                  "pass": true,
                  "fail": false,
                  "pending": false,
                  "context": null,
                  "code": "const response = await request(app)\n  .post(\"/users/register\")\n  .send({\n    username: `user${Math.random()}`,\n    password: \"password\",\n  });\nconst expectedResponse = require(\"../../fixture/responses/user/createUserResponseSuccessful.json\");\nexpect(response.status).to.equal(expectedResponse.statusCode);\nexpect(response.body).to.deep.equal(expectedResponse.body);",
                  "err": {},
                  "uuid": "3853371b-6686-4218-b589-5a806fac6671",
                  "parentUUID": "2d4e4ad1-fe7e-4ab9-bc99-c9ac8d3058a0",
                  "isHook": false,
                  "skipped": false
                }
              ],
              "suites": [],
              "passes": [
                "a5fc7ad9-2474-4ed3-a1f0-89fb0465ff7a",
                "c55f9813-d6e6-41ab-a8a9-2c8761130696",
                "4c3550af-fba3-49e4-89b2-3668c9d4b13d",
                "3853371b-6686-4218-b589-5a806fac6671"
              ],
              "failures": [],
              "pending": [],
              "skipped": [],
              "duration": 88,
              "root": false,
              "rootEmpty": false,
              "_timeout": 10000
            },
            {
              "uuid": "2415f2f2-f879-4f8f-b21d-91a1f1c7c2ab",
              "title": "POST /users/login",
              "fullFile": "/home/runner/work/trabalho-final-automacao-api/trabalho-final-automacao-api/test/rest/controller/user/userController.test.js",
              "file": "/test/rest/controller/user/userController.test.js",
              "beforeHooks": [],
              "afterHooks": [],
              "tests": [
                {
                  "title": "Deve retornar erro quando o usuário não for informado",
                  "fullTitle": "User Controller POST /users/login Deve retornar erro quando o usuário não for informado",
                  "timedOut": false,
                  "duration": 2,
                  "state": "passed",
                  "speed": "fast",
                  "pass": true,
                  "fail": false,
                  "pending": false,
                  "context": null,
                  "code": "const response = await request(app)\n  .post(\"/users/login\")\n  .send(test.loginUser);\nexpect(response.status).to.equal(test.statusCode);\nexpect(response.body.message).to.equal(test.expectedMessage);",
                  "err": {},
                  "uuid": "abaed57a-aa2e-4104-945a-8f137da9e2c0",
                  "parentUUID": "2415f2f2-f879-4f8f-b21d-91a1f1c7c2ab",
                  "isHook": false,
                  "skipped": false
                },
                {
                  "title": "Deve retornar erro quando a senha não for informada",
                  "fullTitle": "User Controller POST /users/login Deve retornar erro quando a senha não for informada",
                  "timedOut": false,
                  "duration": 1,
                  "state": "passed",
                  "speed": "fast",
                  "pass": true,
                  "fail": false,
                  "pending": false,
                  "context": null,
                  "code": "const response = await request(app)\n  .post(\"/users/login\")\n  .send(test.loginUser);\nexpect(response.status).to.equal(test.statusCode);\nexpect(response.body.message).to.equal(test.expectedMessage);",
                  "err": {},
                  "uuid": "d9224aa4-88bb-4907-92c2-52ceb739f02a",
                  "parentUUID": "2415f2f2-f879-4f8f-b21d-91a1f1c7c2ab",
                  "isHook": false,
                  "skipped": false
                },
                {
                  "title": "Deve retornar erro quando informar usuário inexistente",
                  "fullTitle": "User Controller POST /users/login Deve retornar erro quando informar usuário inexistente",
                  "timedOut": false,
                  "duration": 2,
                  "state": "passed",
                  "speed": "fast",
                  "pass": true,
                  "fail": false,
                  "pending": false,
                  "context": null,
                  "code": "const response = await request(app)\n  .post(\"/users/login\")\n  .send(test.loginUser);\nexpect(response.status).to.equal(test.statusCode);\nexpect(response.body.message).to.equal(test.expectedMessage);",
                  "err": {},
                  "uuid": "8a8c1293-37f6-4886-943f-2763b70bf7c1",
                  "parentUUID": "2415f2f2-f879-4f8f-b21d-91a1f1c7c2ab",
                  "isHook": false,
                  "skipped": false
                },
                {
                  "title": "Deve retornar erro quando informar senha incorreta",
                  "fullTitle": "User Controller POST /users/login Deve retornar erro quando informar senha incorreta",
                  "timedOut": false,
                  "duration": 22,
                  "state": "passed",
                  "speed": "fast",
                  "pass": true,
                  "fail": false,
                  "pending": false,
                  "context": null,
                  "code": "const response = await request(app)\n  .post(\"/users/login\")\n  .send(test.loginUser);\nexpect(response.status).to.equal(test.statusCode);\nexpect(response.body.message).to.equal(test.expectedMessage);",
                  "err": {},
                  "uuid": "ce64df0c-1896-47cb-88b9-9dc8c047bdb9",
                  "parentUUID": "2415f2f2-f879-4f8f-b21d-91a1f1c7c2ab",
                  "isHook": false,
                  "skipped": false
                },
                {
                  "title": "Deve realizar o login com sucesso",
                  "fullTitle": "User Controller POST /users/login Deve realizar o login com sucesso",
                  "timedOut": false,
                  "duration": 21,
                  "state": "passed",
                  "speed": "fast",
                  "pass": true,
                  "fail": false,
                  "pending": false,
                  "context": null,
                  "code": "const loginRequest = require(\"../../fixture/requests/user/loginRequest.json\");\nconst response = await request(app)\n  .post(\"/users/login\")\n  .send(loginRequest);\nexpect(response.status).to.equal(200);\nexpect(response.body.token).to.be.not.null;",
                  "err": {},
                  "uuid": "26735516-5d74-4c6e-bafe-db3765e68494",
                  "parentUUID": "2415f2f2-f879-4f8f-b21d-91a1f1c7c2ab",
                  "isHook": false,
                  "skipped": false
                }
              ],
              "suites": [],
              "passes": [
                "abaed57a-aa2e-4104-945a-8f137da9e2c0",
                "d9224aa4-88bb-4907-92c2-52ceb739f02a",
                "8a8c1293-37f6-4886-943f-2763b70bf7c1",
                "ce64df0c-1896-47cb-88b9-9dc8c047bdb9",
                "26735516-5d74-4c6e-bafe-db3765e68494"
              ],
              "failures": [],
              "pending": [],
              "skipped": [],
              "duration": 48,
              "root": false,
              "rootEmpty": false,
              "_timeout": 10000
            }
          ],
          "passes": [],
          "failures": [],
          "pending": [],
          "skipped": [],
          "duration": 0,
          "root": false,
          "rootEmpty": false,
          "_timeout": 10000
        },
        {
          "uuid": "bb21270c-da42-4f8e-ad0d-a58e0821de80",
          "title": "User Controller - Mocked",
          "fullFile": "/home/runner/work/trabalho-final-automacao-api/trabalho-final-automacao-api/test/rest/controller/user/userControllerMocked.test.js",
          "file": "/test/rest/controller/user/userControllerMocked.test.js",
          "beforeHooks": [],
          "afterHooks": [
            {
              "title": "\"after each\" hook in \"User Controller - Mocked\"",
              "fullTitle": "User Controller - Mocked \"after each\" hook in \"User Controller - Mocked\"",
              "timedOut": false,
              "duration": 0,
              "state": null,
              "speed": null,
              "pass": false,
              "fail": false,
              "pending": false,
              "context": null,
              "code": "sinon.restore();",
              "err": {},
              "uuid": "17b62ee8-c883-4e7a-b302-ea554fcb3605",
              "parentUUID": "bb21270c-da42-4f8e-ad0d-a58e0821de80",
              "isHook": true,
              "skipped": false
            }
          ],
          "tests": [],
          "suites": [
            {
              "uuid": "247c42d0-c691-4b33-990b-6f9084b83505",
              "title": "POST /users/register",
              "fullFile": "/home/runner/work/trabalho-final-automacao-api/trabalho-final-automacao-api/test/rest/controller/user/userControllerMocked.test.js",
              "file": "/test/rest/controller/user/userControllerMocked.test.js",
              "beforeHooks": [],
              "afterHooks": [],
              "tests": [
                {
                  "title": "Deve retornar erro quando o usuário não for informado",
                  "fullTitle": "User Controller - Mocked POST /users/register Deve retornar erro quando o usuário não for informado",
                  "timedOut": false,
                  "duration": 2,
                  "state": "passed",
                  "speed": "fast",
                  "pass": true,
                  "fail": false,
                  "pending": false,
                  "context": null,
                  "code": "const error = new Error(test.expectedMessage);\nerror.status = test.statusCode;\nconst userServiceMock = sinon.stub(userService, \"registerUser\");\nuserServiceMock.throws(error);\nconst response = await request(app)\n  .post(\"/users/register\")\n  .send(test.createUser);\nexpect(response.status).to.equal(test.statusCode);\nexpect(response.body.message).to.equal(test.expectedMessage);",
                  "err": {},
                  "uuid": "02c9fdab-8949-4dd8-bbfd-47c17dbe0939",
                  "parentUUID": "247c42d0-c691-4b33-990b-6f9084b83505",
                  "isHook": false,
                  "skipped": false
                },
                {
                  "title": "Deve retornar erro quando a senha não for informada",
                  "fullTitle": "User Controller - Mocked POST /users/register Deve retornar erro quando a senha não for informada",
                  "timedOut": false,
                  "duration": 2,
                  "state": "passed",
                  "speed": "fast",
                  "pass": true,
                  "fail": false,
                  "pending": false,
                  "context": null,
                  "code": "const error = new Error(test.expectedMessage);\nerror.status = test.statusCode;\nconst userServiceMock = sinon.stub(userService, \"registerUser\");\nuserServiceMock.throws(error);\nconst response = await request(app)\n  .post(\"/users/register\")\n  .send(test.createUser);\nexpect(response.status).to.equal(test.statusCode);\nexpect(response.body.message).to.equal(test.expectedMessage);",
                  "err": {},
                  "uuid": "9466dd04-0651-4b0c-afac-673c26aa653a",
                  "parentUUID": "247c42d0-c691-4b33-990b-6f9084b83505",
                  "isHook": false,
                  "skipped": false
                },
                {
                  "title": "Deve retornar erro quando o usuário já existir",
                  "fullTitle": "User Controller - Mocked POST /users/register Deve retornar erro quando o usuário já existir",
                  "timedOut": false,
                  "duration": 1,
                  "state": "passed",
                  "speed": "fast",
                  "pass": true,
                  "fail": false,
                  "pending": false,
                  "context": null,
                  "code": "const error = new Error(test.expectedMessage);\nerror.status = test.statusCode;\nconst userServiceMock = sinon.stub(userService, \"registerUser\");\nuserServiceMock.throws(error);\nconst response = await request(app)\n  .post(\"/users/register\")\n  .send(test.createUser);\nexpect(response.status).to.equal(test.statusCode);\nexpect(response.body.message).to.equal(test.expectedMessage);",
                  "err": {},
                  "uuid": "2b7cf13c-b5c0-406f-911c-611c99747b45",
                  "parentUUID": "247c42d0-c691-4b33-990b-6f9084b83505",
                  "isHook": false,
                  "skipped": false
                },
                {
                  "title": "Deve criar usuário com sucesso",
                  "fullTitle": "User Controller - Mocked POST /users/register Deve criar usuário com sucesso",
                  "timedOut": false,
                  "duration": 1,
                  "state": "passed",
                  "speed": "fast",
                  "pass": true,
                  "fail": false,
                  "pending": false,
                  "context": null,
                  "code": "const expectedResponse = require(\"../../fixture/responses/user/createUserResponseSuccessful.json\");\nconst userServiceMock = sinon.stub(userService, \"registerUser\");\nuserServiceMock.returns({\n  message: expectedResponse.body.message,\n  user: { username: \"user\", password: \"password\" },\n});\nconst response = await request(app).post(\"/users/register\").send({\n  username: \"username\",\n  password: \"password\",\n});\nexpect(response.status).to.equal(expectedResponse.statusCode);\nexpect(response.body).to.deep.equal(expectedResponse.body);",
                  "err": {},
                  "uuid": "af5c5ecf-7c52-45c3-9176-e537699933db",
                  "parentUUID": "247c42d0-c691-4b33-990b-6f9084b83505",
                  "isHook": false,
                  "skipped": false
                }
              ],
              "suites": [],
              "passes": [
                "02c9fdab-8949-4dd8-bbfd-47c17dbe0939",
                "9466dd04-0651-4b0c-afac-673c26aa653a",
                "2b7cf13c-b5c0-406f-911c-611c99747b45",
                "af5c5ecf-7c52-45c3-9176-e537699933db"
              ],
              "failures": [],
              "pending": [],
              "skipped": [],
              "duration": 6,
              "root": false,
              "rootEmpty": false,
              "_timeout": 10000
            },
            {
              "uuid": "1b31d91b-872d-47c2-96ab-54e05a53280c",
              "title": "POST /users/login",
              "fullFile": "/home/runner/work/trabalho-final-automacao-api/trabalho-final-automacao-api/test/rest/controller/user/userControllerMocked.test.js",
              "file": "/test/rest/controller/user/userControllerMocked.test.js",
              "beforeHooks": [],
              "afterHooks": [],
              "tests": [
                {
                  "title": "Deve retornar erro quando o usuário não for informado",
                  "fullTitle": "User Controller - Mocked POST /users/login Deve retornar erro quando o usuário não for informado",
                  "timedOut": false,
                  "duration": 1,
                  "state": "passed",
                  "speed": "fast",
                  "pass": true,
                  "fail": false,
                  "pending": false,
                  "context": null,
                  "code": "const error = new Error(test.expectedMessage);\nerror.status = test.statusCode;\nconst userServiceMock = sinon.stub(userService, \"validateUser\");\nuserServiceMock.throws(error);\nconst response = await request(app)\n  .post(\"/users/login\")\n  .send(test.loginUser);\nexpect(response.status).to.equal(test.statusCode);\nexpect(response.body.message).to.equal(test.expectedMessage);",
                  "err": {},
                  "uuid": "efaad731-36f7-4f88-b618-70fe07dbc651",
                  "parentUUID": "1b31d91b-872d-47c2-96ab-54e05a53280c",
                  "isHook": false,
                  "skipped": false
                },
                {
                  "title": "Deve retornar erro quando a senha não for informada",
                  "fullTitle": "User Controller - Mocked POST /users/login Deve retornar erro quando a senha não for informada",
                  "timedOut": false,
                  "duration": 1,
                  "state": "passed",
                  "speed": "fast",
                  "pass": true,
                  "fail": false,
                  "pending": false,
                  "context": null,
                  "code": "const error = new Error(test.expectedMessage);\nerror.status = test.statusCode;\nconst userServiceMock = sinon.stub(userService, \"validateUser\");\nuserServiceMock.throws(error);\nconst response = await request(app)\n  .post(\"/users/login\")\n  .send(test.loginUser);\nexpect(response.status).to.equal(test.statusCode);\nexpect(response.body.message).to.equal(test.expectedMessage);",
                  "err": {},
                  "uuid": "40bea3c4-86b9-4201-9f70-dec6e67bec5b",
                  "parentUUID": "1b31d91b-872d-47c2-96ab-54e05a53280c",
                  "isHook": false,
                  "skipped": false
                },
                {
                  "title": "Deve retornar erro quando informar usuário inexistente",
                  "fullTitle": "User Controller - Mocked POST /users/login Deve retornar erro quando informar usuário inexistente",
                  "timedOut": false,
                  "duration": 1,
                  "state": "passed",
                  "speed": "fast",
                  "pass": true,
                  "fail": false,
                  "pending": false,
                  "context": null,
                  "code": "const error = new Error(test.expectedMessage);\nerror.status = test.statusCode;\nconst userServiceMock = sinon.stub(userService, \"validateUser\");\nuserServiceMock.throws(error);\nconst response = await request(app)\n  .post(\"/users/login\")\n  .send(test.loginUser);\nexpect(response.status).to.equal(test.statusCode);\nexpect(response.body.message).to.equal(test.expectedMessage);",
                  "err": {},
                  "uuid": "6018d9d8-e8cc-469a-9253-336545460e1d",
                  "parentUUID": "1b31d91b-872d-47c2-96ab-54e05a53280c",
                  "isHook": false,
                  "skipped": false
                },
                {
                  "title": "Deve retornar erro quando informar senha incorreta",
                  "fullTitle": "User Controller - Mocked POST /users/login Deve retornar erro quando informar senha incorreta",
                  "timedOut": false,
                  "duration": 2,
                  "state": "passed",
                  "speed": "fast",
                  "pass": true,
                  "fail": false,
                  "pending": false,
                  "context": null,
                  "code": "const error = new Error(test.expectedMessage);\nerror.status = test.statusCode;\nconst userServiceMock = sinon.stub(userService, \"validateUser\");\nuserServiceMock.throws(error);\nconst response = await request(app)\n  .post(\"/users/login\")\n  .send(test.loginUser);\nexpect(response.status).to.equal(test.statusCode);\nexpect(response.body.message).to.equal(test.expectedMessage);",
                  "err": {},
                  "uuid": "c2049da2-cbf4-40c2-afc2-e1b6b72c66fd",
                  "parentUUID": "1b31d91b-872d-47c2-96ab-54e05a53280c",
                  "isHook": false,
                  "skipped": false
                },
                {
                  "title": "Deve realizar o login com sucesso",
                  "fullTitle": "User Controller - Mocked POST /users/login Deve realizar o login com sucesso",
                  "timedOut": false,
                  "duration": 1,
                  "state": "passed",
                  "speed": "fast",
                  "pass": true,
                  "fail": false,
                  "pending": false,
                  "context": null,
                  "code": "const userServiceMock = sinon.stub(userService, \"validateUser\");\nuserServiceMock.returns({\n  token: \"eyJhbGciOiJIUzI1NiIsInR5cCI6IkpXVCJ9.mocktoken\",\n});\nconst loginRequest = require(\"../../fixture/requests/user/loginRequest.json\");\nconst response = await request(app)\n  .post(\"/users/login\")\n  .send(loginRequest);\nexpect(response.status).to.equal(200);\nexpect(response.body.token).to.be.not.null;",
                  "err": {},
                  "uuid": "64b11662-6af0-4008-a6b8-790ebbb7d39f",
                  "parentUUID": "1b31d91b-872d-47c2-96ab-54e05a53280c",
                  "isHook": false,
                  "skipped": false
                }
              ],
              "suites": [],
              "passes": [
                "efaad731-36f7-4f88-b618-70fe07dbc651",
                "40bea3c4-86b9-4201-9f70-dec6e67bec5b",
                "6018d9d8-e8cc-469a-9253-336545460e1d",
                "c2049da2-cbf4-40c2-afc2-e1b6b72c66fd",
                "64b11662-6af0-4008-a6b8-790ebbb7d39f"
              ],
              "failures": [],
              "pending": [],
              "skipped": [],
              "duration": 6,
              "root": false,
              "rootEmpty": false,
              "_timeout": 10000
            }
          ],
          "passes": [],
          "failures": [],
          "pending": [],
          "skipped": [],
          "duration": 0,
          "root": false,
          "rootEmpty": false,
          "_timeout": 10000
        }
      ],
      "passes": [],
      "failures": [],
      "pending": [],
      "skipped": [],
      "duration": 0,
      "root": true,
      "rootEmpty": true,
      "_timeout": 10000
    }
  ],
  "meta": {
    "mocha": {
      "version": "11.7.2"
    },
    "mochawesome": {
      "options": {
        "quiet": false,
        "reportFilename": "mochawesome",
        "saveHtml": true,
        "saveJson": true,
        "consoleReporter": "spec",
        "useInlineDiffs": false,
        "code": true
      },
      "version": "7.1.4"
    },
    "marge": {
      "options": {
        "reportDir": "mochawesome-report",
        "overwrite": "false"
      },
      "version": "6.3.0"
    }
  }
}