{
  "stats": {
    "suites": 12,
    "tests": 38,
    "passes": 38,
    "pending": 0,
    "failures": 0,
    "start": "2025-11-16T22:46:35.245Z",
    "end": "2025-11-16T22:46:35.558Z",
    "duration": 313,
    "testsRegistered": 38,
    "passPercent": 100,
    "pendingPercent": 0,
    "other": 0,
    "hasOther": false,
    "skipped": 0,
    "hasSkipped": false
  },
  "results": [
    {
      "uuid": "f98f14f6-3978-4bef-bb6f-853d0467e27b",
      "title": "",
      "fullFile": "",
      "file": "",
      "beforeHooks": [],
      "afterHooks": [],
      "tests": [],
      "suites": [
        {
          "uuid": "4533d731-6bbe-4bcc-8c73-7e20c84a3a90",
          "title": "Expense Controller",
          "fullFile": "/home/runner/work/trabalho-final-automacao-api/trabalho-final-automacao-api/test/rest/controller/expense/expenseController.test.js",
          "file": "/test/rest/controller/expense/expenseController.test.js",
          "beforeHooks": [
            {
              "title": "\"before all\" hook in \"Expense Controller\"",
              "fullTitle": "Expense Controller \"before all\" hook in \"Expense Controller\"",
              "timedOut": false,
              "duration": 43,
              "state": null,
              "speed": null,
              "pass": false,
              "fail": false,
              "pending": false,
              "context": null,
              "code": "const loginRequest = require(\"../../fixture/requests/user/loginRequest.json\");\nconst respostaLogin = await request(app)\n  .post(\"/users/login\")\n  .send(loginRequest);\ntoken = respostaLogin.body.token;",
              "err": {},
              "uuid": "c5ce33a9-3b22-4a6f-8185-c7166dcec762",
              "parentUUID": "4533d731-6bbe-4bcc-8c73-7e20c84a3a90",
              "isHook": true,
              "skipped": false
            }
          ],
          "afterHooks": [],
          "tests": [],
          "suites": [
            {
              "uuid": "b4d84ea9-24ee-4db2-af2a-5efa40d507d6",
              "title": "POST /expenses",
              "fullFile": "/home/runner/work/trabalho-final-automacao-api/trabalho-final-automacao-api/test/rest/controller/expense/expenseController.test.js",
              "file": "/test/rest/controller/expense/expenseController.test.js",
              "beforeHooks": [],
              "afterHooks": [],
              "tests": [
                {
                  "title": "Deve retornar erro quando a descrição não for informada",
                  "fullTitle": "Expense Controller POST /expenses Deve retornar erro quando a descrição não for informada",
                  "timedOut": false,
                  "duration": 6,
                  "state": "passed",
                  "speed": "fast",
                  "pass": true,
                  "fail": false,
                  "pending": false,
                  "context": null,
                  "code": "const response = await request(app)\n  .post(\"/expenses\")\n  .set(\"Authorization\", `Bearer ${token}`)\n  .send(test.createExpense);\nexpect(response.status).to.equal(test.statusCode);\nexpect(response.body.message).to.equal(test.expectedMessage);",
                  "err": {},
                  "uuid": "0e0a1d63-4236-4e10-a2d9-ad6f59dbd5f4",
                  "parentUUID": "b4d84ea9-24ee-4db2-af2a-5efa40d507d6",
                  "isHook": false,
                  "skipped": false
                },
                {
                  "title": "Deve retornar erro quando o valor não for informado",
                  "fullTitle": "Expense Controller POST /expenses Deve retornar erro quando o valor não for informado",
                  "timedOut": false,
                  "duration": 4,
                  "state": "passed",
                  "speed": "fast",
                  "pass": true,
                  "fail": false,
                  "pending": false,
                  "context": null,
                  "code": "const response = await request(app)\n  .post(\"/expenses\")\n  .set(\"Authorization\", `Bearer ${token}`)\n  .send(test.createExpense);\nexpect(response.status).to.equal(test.statusCode);\nexpect(response.body.message).to.equal(test.expectedMessage);",
                  "err": {},
                  "uuid": "9499be1a-926a-423a-975a-53a18fca978b",
                  "parentUUID": "b4d84ea9-24ee-4db2-af2a-5efa40d507d6",
                  "isHook": false,
                  "skipped": false
                },
                {
                  "title": "Deve retornar erro quando a data não for informada",
                  "fullTitle": "Expense Controller POST /expenses Deve retornar erro quando a data não for informada",
                  "timedOut": false,
                  "duration": 3,
                  "state": "passed",
                  "speed": "fast",
                  "pass": true,
                  "fail": false,
                  "pending": false,
                  "context": null,
                  "code": "const response = await request(app)\n  .post(\"/expenses\")\n  .set(\"Authorization\", `Bearer ${token}`)\n  .send(test.createExpense);\nexpect(response.status).to.equal(test.statusCode);\nexpect(response.body.message).to.equal(test.expectedMessage);",
                  "err": {},
                  "uuid": "76985a75-1eff-48a1-8996-8f28aaf84f07",
                  "parentUUID": "b4d84ea9-24ee-4db2-af2a-5efa40d507d6",
                  "isHook": false,
                  "skipped": false
                },
                {
                  "title": "Deve registrar uma despesa com sucesso",
                  "fullTitle": "Expense Controller POST /expenses Deve registrar uma despesa com sucesso",
                  "timedOut": false,
                  "duration": 5,
                  "state": "passed",
                  "speed": "fast",
                  "pass": true,
                  "fail": false,
                  "pending": false,
                  "context": null,
                  "code": "const expenseRequest = require(\"../../fixture/requests/expense/expenseRequest.json\");\nconst response = await request(app)\n  .post(\"/expenses\")\n  .set(\"Authorization\", `Bearer ${token}`)\n  .send(expenseRequest);\nconst expectedResponse = require(\"../../fixture/responses/expense/createExpenseSuccessfulResponse.json\");\nexpect(response.status).to.equal(expectedResponse.statusCode);\nexpect(response.body)\n  .excluding(\"date\")\n  .to.deep.equal(expectedResponse.body);",
                  "err": {},
                  "uuid": "77c368e1-0070-4944-9c5c-b677a0579d64",
                  "parentUUID": "b4d84ea9-24ee-4db2-af2a-5efa40d507d6",
                  "isHook": false,
                  "skipped": false
                }
              ],
              "suites": [],
              "passes": [
                "0e0a1d63-4236-4e10-a2d9-ad6f59dbd5f4",
                "9499be1a-926a-423a-975a-53a18fca978b",
                "76985a75-1eff-48a1-8996-8f28aaf84f07",
                "77c368e1-0070-4944-9c5c-b677a0579d64"
              ],
              "failures": [],
              "pending": [],
              "skipped": [],
              "duration": 18,
              "root": false,
              "rootEmpty": false,
              "_timeout": 10000
            },
            {
              "uuid": "29182ad9-b809-46a1-a5a3-65758623d5b1",
              "title": "PUT /expenses/:id",
              "fullFile": "/home/runner/work/trabalho-final-automacao-api/trabalho-final-automacao-api/test/rest/controller/expense/expenseController.test.js",
              "file": "/test/rest/controller/expense/expenseController.test.js",
              "beforeHooks": [],
              "afterHooks": [],
              "tests": [
                {
                  "title": "Deve retornar erro quando a descrição não for informada",
                  "fullTitle": "Expense Controller PUT /expenses/:id Deve retornar erro quando a descrição não for informada",
                  "timedOut": false,
                  "duration": 3,
                  "state": "passed",
                  "speed": "fast",
                  "pass": true,
                  "fail": false,
                  "pending": false,
                  "context": null,
                  "code": "const response = await request(app)\n  .put(\"/expenses/1\")\n  .set(\"Authorization\", `Bearer ${token}`)\n  .send(test.editExpense);\nexpect(response.status).to.equal(test.statusCode);\nexpect(response.body.message).to.equal(test.expectedMessage);",
                  "err": {},
                  "uuid": "30f48a5c-d067-4400-8416-9ba18c50e1eb",
                  "parentUUID": "29182ad9-b809-46a1-a5a3-65758623d5b1",
                  "isHook": false,
                  "skipped": false
                },
                {
                  "title": "Deve retornar erro quando o valor não for informado",
                  "fullTitle": "Expense Controller PUT /expenses/:id Deve retornar erro quando o valor não for informado",
                  "timedOut": false,
                  "duration": 5,
                  "state": "passed",
                  "speed": "fast",
                  "pass": true,
                  "fail": false,
                  "pending": false,
                  "context": null,
                  "code": "const response = await request(app)\n  .put(\"/expenses/1\")\n  .set(\"Authorization\", `Bearer ${token}`)\n  .send(test.editExpense);\nexpect(response.status).to.equal(test.statusCode);\nexpect(response.body.message).to.equal(test.expectedMessage);",
                  "err": {},
                  "uuid": "529cf6a7-5cc9-4d8e-8a91-b77f048e6df2",
                  "parentUUID": "29182ad9-b809-46a1-a5a3-65758623d5b1",
                  "isHook": false,
                  "skipped": false
                },
                {
                  "title": "Deve retornar erro quando o valor menor que zero",
                  "fullTitle": "Expense Controller PUT /expenses/:id Deve retornar erro quando o valor menor que zero",
                  "timedOut": false,
                  "duration": 3,
                  "state": "passed",
                  "speed": "fast",
                  "pass": true,
                  "fail": false,
                  "pending": false,
                  "context": null,
                  "code": "const response = await request(app)\n  .put(\"/expenses/1\")\n  .set(\"Authorization\", `Bearer ${token}`)\n  .send(test.editExpense);\nexpect(response.status).to.equal(test.statusCode);\nexpect(response.body.message).to.equal(test.expectedMessage);",
                  "err": {},
                  "uuid": "f4cfc49c-199a-4776-913a-a0aa48e7dc39",
                  "parentUUID": "29182ad9-b809-46a1-a5a3-65758623d5b1",
                  "isHook": false,
                  "skipped": false
                },
                {
                  "title": "Deve retornar erro quando o valor for igual a zero",
                  "fullTitle": "Expense Controller PUT /expenses/:id Deve retornar erro quando o valor for igual a zero",
                  "timedOut": false,
                  "duration": 4,
                  "state": "passed",
                  "speed": "fast",
                  "pass": true,
                  "fail": false,
                  "pending": false,
                  "context": null,
                  "code": "const response = await request(app)\n  .put(\"/expenses/1\")\n  .set(\"Authorization\", `Bearer ${token}`)\n  .send(test.editExpense);\nexpect(response.status).to.equal(test.statusCode);\nexpect(response.body.message).to.equal(test.expectedMessage);",
                  "err": {},
                  "uuid": "60984067-0643-4666-a338-b4dbe45b2902",
                  "parentUUID": "29182ad9-b809-46a1-a5a3-65758623d5b1",
                  "isHook": false,
                  "skipped": false
                },
                {
                  "title": "Deve retornar erro quando a data não for informada",
                  "fullTitle": "Expense Controller PUT /expenses/:id Deve retornar erro quando a data não for informada",
                  "timedOut": false,
                  "duration": 3,
                  "state": "passed",
                  "speed": "fast",
                  "pass": true,
                  "fail": false,
                  "pending": false,
                  "context": null,
                  "code": "const response = await request(app)\n  .put(\"/expenses/1\")\n  .set(\"Authorization\", `Bearer ${token}`)\n  .send(test.editExpense);\nexpect(response.status).to.equal(test.statusCode);\nexpect(response.body.message).to.equal(test.expectedMessage);",
                  "err": {},
                  "uuid": "cbcb67da-5e48-48ae-97a8-c365e8a7bc28",
                  "parentUUID": "29182ad9-b809-46a1-a5a3-65758623d5b1",
                  "isHook": false,
                  "skipped": false
                },
                {
                  "title": "Deve editar uma despesa com sucesso",
                  "fullTitle": "Expense Controller PUT /expenses/:id Deve editar uma despesa com sucesso",
                  "timedOut": false,
                  "duration": 3,
                  "state": "passed",
                  "speed": "fast",
                  "pass": true,
                  "fail": false,
                  "pending": false,
                  "context": null,
                  "code": "const expenseRequest = require(\"../../fixture/requests/expense/expenseRequest.json\");\nconst response = await request(app)\n  .put(\"/expenses/1\")\n  .set(\"Authorization\", `Bearer ${token}`)\n  .send(expenseRequest);\nconst expectedResponse = require(\"../../fixture/responses/expense/editExpenseSuccessfulResponse.json\");\nexpect(response.status).to.equal(expectedResponse.statusCode);\nexpect(response.body)\n  .excluding(\"date\")\n  .to.deep.equal(expectedResponse.body);",
                  "err": {},
                  "uuid": "0be8d8ff-e8cf-403c-9cf9-92e87ae4a241",
                  "parentUUID": "29182ad9-b809-46a1-a5a3-65758623d5b1",
                  "isHook": false,
                  "skipped": false
                }
              ],
              "suites": [],
              "passes": [
                "30f48a5c-d067-4400-8416-9ba18c50e1eb",
                "529cf6a7-5cc9-4d8e-8a91-b77f048e6df2",
                "f4cfc49c-199a-4776-913a-a0aa48e7dc39",
                "60984067-0643-4666-a338-b4dbe45b2902",
                "cbcb67da-5e48-48ae-97a8-c365e8a7bc28",
                "0be8d8ff-e8cf-403c-9cf9-92e87ae4a241"
              ],
              "failures": [],
              "pending": [],
              "skipped": [],
              "duration": 21,
              "root": false,
              "rootEmpty": false,
              "_timeout": 10000
            }
          ],
          "passes": [],
          "failures": [],
          "pending": [],
          "skipped": [],
          "duration": 0,
          "root": false,
          "rootEmpty": false,
          "_timeout": 10000
        },
        {
          "uuid": "423dedd6-01e2-48f1-83ff-908782936e2e",
          "title": "Expense Controller - Mocked",
          "fullFile": "/home/runner/work/trabalho-final-automacao-api/trabalho-final-automacao-api/test/rest/controller/expense/expenseControllerMocked.test.js",
          "file": "/test/rest/controller/expense/expenseControllerMocked.test.js",
          "beforeHooks": [
            {
              "title": "\"before all\" hook in \"Expense Controller - Mocked\"",
              "fullTitle": "Expense Controller - Mocked \"before all\" hook in \"Expense Controller - Mocked\"",
              "timedOut": false,
              "duration": 24,
              "state": null,
              "speed": null,
              "pass": false,
              "fail": false,
              "pending": false,
              "context": null,
              "code": "const loginRequest = require(\"../../fixture/requests/user/loginRequest.json\");\nconst response = await request(app).post(\"/users/login\").send(loginRequest);\ntoken = response.body.token;",
              "err": {},
              "uuid": "2365a668-7853-43e8-900e-cd57ff51efae",
              "parentUUID": "423dedd6-01e2-48f1-83ff-908782936e2e",
              "isHook": true,
              "skipped": false
            }
          ],
          "afterHooks": [
            {
              "title": "\"after each\" hook in \"Expense Controller - Mocked\"",
              "fullTitle": "Expense Controller - Mocked \"after each\" hook in \"Expense Controller - Mocked\"",
              "timedOut": false,
              "duration": 0,
              "state": null,
              "speed": null,
              "pass": false,
              "fail": false,
              "pending": false,
              "context": null,
              "code": "sinon.restore();",
              "err": {},
              "uuid": "1129ad7d-773b-4313-867a-a3b61653c1a0",
              "parentUUID": "423dedd6-01e2-48f1-83ff-908782936e2e",
              "isHook": true,
              "skipped": false
            }
          ],
          "tests": [],
          "suites": [
            {
              "uuid": "910e3270-f82c-4288-b8e7-1833f4c35d93",
              "title": "POST /expenses",
              "fullFile": "/home/runner/work/trabalho-final-automacao-api/trabalho-final-automacao-api/test/rest/controller/expense/expenseControllerMocked.test.js",
              "file": "/test/rest/controller/expense/expenseControllerMocked.test.js",
              "beforeHooks": [],
              "afterHooks": [],
              "tests": [
                {
                  "title": "Deve retornar erro quando a descrição não for informada",
                  "fullTitle": "Expense Controller - Mocked POST /expenses Deve retornar erro quando a descrição não for informada",
                  "timedOut": false,
                  "duration": 5,
                  "state": "passed",
                  "speed": "fast",
                  "pass": true,
                  "fail": false,
                  "pending": false,
                  "context": null,
                  "code": "const error = new Error(test.expectedMessage);\nerror.status = test.statusCode;\nconst expenseServiceMock = sinon.stub(expenseService, \"addExpense\");\nexpenseServiceMock.throws(error);\nconst response = await request(app)\n  .post(\"/expenses\")\n  .set(\"Authorization\", `Bearer ${token}`)\n  .send(test.createExpense);\nexpect(response.status).to.equal(test.statusCode);\nexpect(response.body.message).to.equal(test.expectedMessage);",
                  "err": {},
                  "uuid": "31c2b2cf-7b1b-44d1-bdb5-03e8f006ee36",
                  "parentUUID": "910e3270-f82c-4288-b8e7-1833f4c35d93",
                  "isHook": false,
                  "skipped": false
                },
                {
                  "title": "Deve retornar erro quando o valor não for informado",
                  "fullTitle": "Expense Controller - Mocked POST /expenses Deve retornar erro quando o valor não for informado",
                  "timedOut": false,
                  "duration": 3,
                  "state": "passed",
                  "speed": "fast",
                  "pass": true,
                  "fail": false,
                  "pending": false,
                  "context": null,
                  "code": "const error = new Error(test.expectedMessage);\nerror.status = test.statusCode;\nconst expenseServiceMock = sinon.stub(expenseService, \"addExpense\");\nexpenseServiceMock.throws(error);\nconst response = await request(app)\n  .post(\"/expenses\")\n  .set(\"Authorization\", `Bearer ${token}`)\n  .send(test.createExpense);\nexpect(response.status).to.equal(test.statusCode);\nexpect(response.body.message).to.equal(test.expectedMessage);",
                  "err": {},
                  "uuid": "210ea54b-02d0-4cee-a63a-0b9d2545aa85",
                  "parentUUID": "910e3270-f82c-4288-b8e7-1833f4c35d93",
                  "isHook": false,
                  "skipped": false
                },
                {
                  "title": "Deve retornar erro quando a data não for informada",
                  "fullTitle": "Expense Controller - Mocked POST /expenses Deve retornar erro quando a data não for informada",
                  "timedOut": false,
                  "duration": 3,
                  "state": "passed",
                  "speed": "fast",
                  "pass": true,
                  "fail": false,
                  "pending": false,
                  "context": null,
                  "code": "const error = new Error(test.expectedMessage);\nerror.status = test.statusCode;\nconst expenseServiceMock = sinon.stub(expenseService, \"addExpense\");\nexpenseServiceMock.throws(error);\nconst response = await request(app)\n  .post(\"/expenses\")\n  .set(\"Authorization\", `Bearer ${token}`)\n  .send(test.createExpense);\nexpect(response.status).to.equal(test.statusCode);\nexpect(response.body.message).to.equal(test.expectedMessage);",
                  "err": {},
                  "uuid": "6532887f-0144-4435-883b-61891299b590",
                  "parentUUID": "910e3270-f82c-4288-b8e7-1833f4c35d93",
                  "isHook": false,
                  "skipped": false
                },
                {
                  "title": "Deve registrar uma despesa com sucesso",
                  "fullTitle": "Expense Controller - Mocked POST /expenses Deve registrar uma despesa com sucesso",
                  "timedOut": false,
                  "duration": 3,
                  "state": "passed",
                  "speed": "fast",
                  "pass": true,
                  "fail": false,
                  "pending": false,
                  "context": null,
                  "code": "const expenseRequest = require(\"../../fixture/requests/expense/expenseRequest.json\");\nconst expectedResponse = require(\"../../fixture/responses/expense/createExpenseSuccessfulResponse.json\");\nconst expenseServiceMock = sinon.stub(expenseService, \"addExpense\");\nexpenseServiceMock.returns(expectedResponse.body);\nconst response = await request(app)\n  .post(\"/expenses\")\n  .set(\"Authorization\", `Bearer ${token}`)\n  .send(expenseRequest);\nexpect(response.status).to.equal(expectedResponse.statusCode);\nexpect(response.body).to.deep.equal(expectedResponse.body);",
                  "err": {},
                  "uuid": "9f6aa736-78df-42a5-974e-6003b2c91c6d",
                  "parentUUID": "910e3270-f82c-4288-b8e7-1833f4c35d93",
                  "isHook": false,
                  "skipped": false
                }
              ],
              "suites": [],
              "passes": [
                "31c2b2cf-7b1b-44d1-bdb5-03e8f006ee36",
                "210ea54b-02d0-4cee-a63a-0b9d2545aa85",
                "6532887f-0144-4435-883b-61891299b590",
                "9f6aa736-78df-42a5-974e-6003b2c91c6d"
              ],
              "failures": [],
              "pending": [],
              "skipped": [],
              "duration": 14,
              "root": false,
              "rootEmpty": false,
              "_timeout": 10000
            },
            {
              "uuid": "81bf9b6b-4f11-4f76-b43c-976943b5119c",
              "title": "PUT /expenses/:id",
              "fullFile": "/home/runner/work/trabalho-final-automacao-api/trabalho-final-automacao-api/test/rest/controller/expense/expenseControllerMocked.test.js",
              "file": "/test/rest/controller/expense/expenseControllerMocked.test.js",
              "beforeHooks": [],
              "afterHooks": [],
              "tests": [
                {
                  "title": "Deve retornar erro quando a descrição não for informada",
                  "fullTitle": "Expense Controller - Mocked PUT /expenses/:id Deve retornar erro quando a descrição não for informada",
                  "timedOut": false,
                  "duration": 4,
                  "state": "passed",
                  "speed": "fast",
                  "pass": true,
                  "fail": false,
                  "pending": false,
                  "context": null,
                  "code": "const error = new Error(test.expectedMessage);\nerror.status = test.statusCode;\nconst expenseServiceMock = sinon.stub(expenseService, \"editExpense\");\nexpenseServiceMock.throws(error);\nconst response = await request(app)\n  .put(\"/expenses/1\")\n  .set(\"Authorization\", `Bearer ${token}`)\n  .send(test.editExpense);\nexpect(response.status).to.equal(test.statusCode);\nexpect(response.body.message).to.equal(test.expectedMessage);",
                  "err": {},
                  "uuid": "c11010af-618b-4460-bb0d-bfd06e4a6442",
                  "parentUUID": "81bf9b6b-4f11-4f76-b43c-976943b5119c",
                  "isHook": false,
                  "skipped": false
                },
                {
                  "title": "Deve retornar erro quando o valor não for informado",
                  "fullTitle": "Expense Controller - Mocked PUT /expenses/:id Deve retornar erro quando o valor não for informado",
                  "timedOut": false,
                  "duration": 3,
                  "state": "passed",
                  "speed": "fast",
                  "pass": true,
                  "fail": false,
                  "pending": false,
                  "context": null,
                  "code": "const error = new Error(test.expectedMessage);\nerror.status = test.statusCode;\nconst expenseServiceMock = sinon.stub(expenseService, \"editExpense\");\nexpenseServiceMock.throws(error);\nconst response = await request(app)\n  .put(\"/expenses/1\")\n  .set(\"Authorization\", `Bearer ${token}`)\n  .send(test.editExpense);\nexpect(response.status).to.equal(test.statusCode);\nexpect(response.body.message).to.equal(test.expectedMessage);",
                  "err": {},
                  "uuid": "86fd1c67-1839-4115-9a3a-a4be9dc65897",
                  "parentUUID": "81bf9b6b-4f11-4f76-b43c-976943b5119c",
                  "isHook": false,
                  "skipped": false
                },
                {
                  "title": "Deve retornar erro quando o valor menor que zero",
                  "fullTitle": "Expense Controller - Mocked PUT /expenses/:id Deve retornar erro quando o valor menor que zero",
                  "timedOut": false,
                  "duration": 3,
                  "state": "passed",
                  "speed": "fast",
                  "pass": true,
                  "fail": false,
                  "pending": false,
                  "context": null,
                  "code": "const error = new Error(test.expectedMessage);\nerror.status = test.statusCode;\nconst expenseServiceMock = sinon.stub(expenseService, \"editExpense\");\nexpenseServiceMock.throws(error);\nconst response = await request(app)\n  .put(\"/expenses/1\")\n  .set(\"Authorization\", `Bearer ${token}`)\n  .send(test.editExpense);\nexpect(response.status).to.equal(test.statusCode);\nexpect(response.body.message).to.equal(test.expectedMessage);",
                  "err": {},
                  "uuid": "fb86ec7c-54e6-4fc8-b822-198c2a8be424",
                  "parentUUID": "81bf9b6b-4f11-4f76-b43c-976943b5119c",
                  "isHook": false,
                  "skipped": false
                },
                {
                  "title": "Deve retornar erro quando o valor for igual a zero",
                  "fullTitle": "Expense Controller - Mocked PUT /expenses/:id Deve retornar erro quando o valor for igual a zero",
                  "timedOut": false,
                  "duration": 3,
                  "state": "passed",
                  "speed": "fast",
                  "pass": true,
                  "fail": false,
                  "pending": false,
                  "context": null,
                  "code": "const error = new Error(test.expectedMessage);\nerror.status = test.statusCode;\nconst expenseServiceMock = sinon.stub(expenseService, \"editExpense\");\nexpenseServiceMock.throws(error);\nconst response = await request(app)\n  .put(\"/expenses/1\")\n  .set(\"Authorization\", `Bearer ${token}`)\n  .send(test.editExpense);\nexpect(response.status).to.equal(test.statusCode);\nexpect(response.body.message).to.equal(test.expectedMessage);",
                  "err": {},
                  "uuid": "1865bb37-fb17-49c7-97de-b4061ec17c68",
                  "parentUUID": "81bf9b6b-4f11-4f76-b43c-976943b5119c",
                  "isHook": false,
                  "skipped": false
                },
                {
                  "title": "Deve retornar erro quando a data não for informada",
                  "fullTitle": "Expense Controller - Mocked PUT /expenses/:id Deve retornar erro quando a data não for informada",
                  "timedOut": false,
                  "duration": 3,
                  "state": "passed",
                  "speed": "fast",
                  "pass": true,
                  "fail": false,
                  "pending": false,
                  "context": null,
                  "code": "const error = new Error(test.expectedMessage);\nerror.status = test.statusCode;\nconst expenseServiceMock = sinon.stub(expenseService, \"editExpense\");\nexpenseServiceMock.throws(error);\nconst response = await request(app)\n  .put(\"/expenses/1\")\n  .set(\"Authorization\", `Bearer ${token}`)\n  .send(test.editExpense);\nexpect(response.status).to.equal(test.statusCode);\nexpect(response.body.message).to.equal(test.expectedMessage);",
                  "err": {},
                  "uuid": "9c679017-e51e-4301-a45f-e19e9c33056e",
                  "parentUUID": "81bf9b6b-4f11-4f76-b43c-976943b5119c",
                  "isHook": false,
                  "skipped": false
                },
                {
                  "title": "Deve editar uma despesa com sucesso",
                  "fullTitle": "Expense Controller - Mocked PUT /expenses/:id Deve editar uma despesa com sucesso",
                  "timedOut": false,
                  "duration": 3,
                  "state": "passed",
                  "speed": "fast",
                  "pass": true,
                  "fail": false,
                  "pending": false,
                  "context": null,
                  "code": "const expenseRequest = require(\"../../fixture/requests/expense/expenseRequest.json\");\nconst expectedResponse = require(\"../../fixture/responses/expense/editExpenseSuccessfulResponse.json\");\nconst expenseServiceMock = sinon.stub(expenseService, \"editExpense\");\nexpenseServiceMock.returns(expectedResponse.body);\nconst response = await request(app)\n  .put(\"/expenses/1\")\n  .set(\"Authorization\", `Bearer ${token}`)\n  .send(expenseRequest);\nexpect(response.status).to.equal(200);\nexpect(response.body).to.deep.equal(expectedResponse.body);",
                  "err": {},
                  "uuid": "1ea3eada-bc08-43bd-921d-ee72fd23fc76",
                  "parentUUID": "81bf9b6b-4f11-4f76-b43c-976943b5119c",
                  "isHook": false,
                  "skipped": false
                }
              ],
              "suites": [],
              "passes": [
                "c11010af-618b-4460-bb0d-bfd06e4a6442",
                "86fd1c67-1839-4115-9a3a-a4be9dc65897",
                "fb86ec7c-54e6-4fc8-b822-198c2a8be424",
                "1865bb37-fb17-49c7-97de-b4061ec17c68",
                "9c679017-e51e-4301-a45f-e19e9c33056e",
                "1ea3eada-bc08-43bd-921d-ee72fd23fc76"
              ],
              "failures": [],
              "pending": [],
              "skipped": [],
              "duration": 19,
              "root": false,
              "rootEmpty": false,
              "_timeout": 10000
            }
          ],
          "passes": [],
          "failures": [],
          "pending": [],
          "skipped": [],
          "duration": 0,
          "root": false,
          "rootEmpty": false,
          "_timeout": 10000
        },
        {
          "uuid": "bda35b56-ad3f-4858-a0ba-b40a811df483",
          "title": "User Controller",
          "fullFile": "/home/runner/work/trabalho-final-automacao-api/trabalho-final-automacao-api/test/rest/controller/user/userController.test.js",
          "file": "/test/rest/controller/user/userController.test.js",
          "beforeHooks": [],
          "afterHooks": [],
          "tests": [],
          "suites": [
            {
              "uuid": "43332055-6d01-447c-b816-064931eeb33c",
              "title": "POST /users/register",
              "fullFile": "/home/runner/work/trabalho-final-automacao-api/trabalho-final-automacao-api/test/rest/controller/user/userController.test.js",
              "file": "/test/rest/controller/user/userController.test.js",
              "beforeHooks": [],
              "afterHooks": [],
              "tests": [
                {
                  "title": "Deve retornar erro quando o usuário não for informado",
                  "fullTitle": "User Controller POST /users/register Deve retornar erro quando o usuário não for informado",
                  "timedOut": false,
                  "duration": 1,
                  "state": "passed",
                  "speed": "fast",
                  "pass": true,
                  "fail": false,
                  "pending": false,
                  "context": null,
                  "code": "const response = await request(app)\n  .post(\"/users/register\")\n  .send(test.createUser);\nexpect(response.status).to.equal(test.statusCode);\nexpect(response.body.message).to.equal(test.expectedMessage);",
                  "err": {},
                  "uuid": "52c39131-a5af-4986-bac2-80393d52eff2",
                  "parentUUID": "43332055-6d01-447c-b816-064931eeb33c",
                  "isHook": false,
                  "skipped": false
                },
                {
                  "title": "Deve retornar erro quando a senha não for informada",
                  "fullTitle": "User Controller POST /users/register Deve retornar erro quando a senha não for informada",
                  "timedOut": false,
                  "duration": 1,
                  "state": "passed",
                  "speed": "fast",
                  "pass": true,
                  "fail": false,
                  "pending": false,
                  "context": null,
                  "code": "const response = await request(app)\n  .post(\"/users/register\")\n  .send(test.createUser);\nexpect(response.status).to.equal(test.statusCode);\nexpect(response.body.message).to.equal(test.expectedMessage);",
                  "err": {},
                  "uuid": "0fa8c7f8-7532-416e-97b3-82c23fe3cb60",
                  "parentUUID": "43332055-6d01-447c-b816-064931eeb33c",
                  "isHook": false,
                  "skipped": false
                },
                {
                  "title": "Deve retornar erro quando o usuário já existir",
                  "fullTitle": "User Controller POST /users/register Deve retornar erro quando o usuário já existir",
                  "timedOut": false,
                  "duration": 2,
                  "state": "passed",
                  "speed": "fast",
                  "pass": true,
                  "fail": false,
                  "pending": false,
                  "context": null,
                  "code": "const response = await request(app)\n  .post(\"/users/register\")\n  .send(test.createUser);\nexpect(response.status).to.equal(test.statusCode);\nexpect(response.body.message).to.equal(test.expectedMessage);",
                  "err": {},
                  "uuid": "507b27e1-bd17-48ea-a340-56c652d58728",
                  "parentUUID": "43332055-6d01-447c-b816-064931eeb33c",
                  "isHook": false,
                  "skipped": false
                },
                {
                  "title": "Deve criar usuário com sucesso",
                  "fullTitle": "User Controller POST /users/register Deve criar usuário com sucesso",
                  "timedOut": false,
                  "duration": 86,
                  "state": "passed",
                  "speed": "slow",
                  "pass": true,
                  "fail": false,
                  "pending": false,
                  "context": null,
                  "code": "const response = await request(app)\n  .post(\"/users/register\")\n  .send({\n    username: `user${Math.random()}`,\n    password: \"password\",\n  });\nconst expectedResponse = require(\"../../fixture/responses/user/createUserResponseSuccessful.json\");\nexpect(response.status).to.equal(expectedResponse.statusCode);\nexpect(response.body).to.deep.equal(expectedResponse.body);",
                  "err": {},
                  "uuid": "40621098-f107-4268-a203-112fb9246835",
                  "parentUUID": "43332055-6d01-447c-b816-064931eeb33c",
                  "isHook": false,
                  "skipped": false
                }
              ],
              "suites": [],
              "passes": [
                "52c39131-a5af-4986-bac2-80393d52eff2",
                "0fa8c7f8-7532-416e-97b3-82c23fe3cb60",
                "507b27e1-bd17-48ea-a340-56c652d58728",
                "40621098-f107-4268-a203-112fb9246835"
              ],
              "failures": [],
              "pending": [],
              "skipped": [],
              "duration": 90,
              "root": false,
              "rootEmpty": false,
              "_timeout": 10000
            },
            {
              "uuid": "ff2f8525-3e94-41cc-8708-83f7d3d9eed7",
              "title": "POST /users/login",
              "fullFile": "/home/runner/work/trabalho-final-automacao-api/trabalho-final-automacao-api/test/rest/controller/user/userController.test.js",
              "file": "/test/rest/controller/user/userController.test.js",
              "beforeHooks": [],
              "afterHooks": [],
              "tests": [
                {
                  "title": "Deve retornar erro quando o usuário não for informado",
                  "fullTitle": "User Controller POST /users/login Deve retornar erro quando o usuário não for informado",
                  "timedOut": false,
                  "duration": 2,
                  "state": "passed",
                  "speed": "fast",
                  "pass": true,
                  "fail": false,
                  "pending": false,
                  "context": null,
                  "code": "const response = await request(app)\n  .post(\"/users/login\")\n  .send(test.loginUser);\nexpect(response.status).to.equal(test.statusCode);\nexpect(response.body.message).to.equal(test.expectedMessage);",
                  "err": {},
                  "uuid": "c1fa7033-475c-4cc4-846f-27032293fb1a",
                  "parentUUID": "ff2f8525-3e94-41cc-8708-83f7d3d9eed7",
                  "isHook": false,
                  "skipped": false
                },
                {
                  "title": "Deve retornar erro quando a senha não for informada",
                  "fullTitle": "User Controller POST /users/login Deve retornar erro quando a senha não for informada",
                  "timedOut": false,
                  "duration": 2,
                  "state": "passed",
                  "speed": "fast",
                  "pass": true,
                  "fail": false,
                  "pending": false,
                  "context": null,
                  "code": "const response = await request(app)\n  .post(\"/users/login\")\n  .send(test.loginUser);\nexpect(response.status).to.equal(test.statusCode);\nexpect(response.body.message).to.equal(test.expectedMessage);",
                  "err": {},
                  "uuid": "8cd4d571-88d4-4cfc-a044-79ecca86addd",
                  "parentUUID": "ff2f8525-3e94-41cc-8708-83f7d3d9eed7",
                  "isHook": false,
                  "skipped": false
                },
                {
                  "title": "Deve retornar erro quando informar usuário inexistente",
                  "fullTitle": "User Controller POST /users/login Deve retornar erro quando informar usuário inexistente",
                  "timedOut": false,
                  "duration": 1,
                  "state": "passed",
                  "speed": "fast",
                  "pass": true,
                  "fail": false,
                  "pending": false,
                  "context": null,
                  "code": "const response = await request(app)\n  .post(\"/users/login\")\n  .send(test.loginUser);\nexpect(response.status).to.equal(test.statusCode);\nexpect(response.body.message).to.equal(test.expectedMessage);",
                  "err": {},
                  "uuid": "0074c097-ae4f-4092-a9c4-fa11ef84fd89",
                  "parentUUID": "ff2f8525-3e94-41cc-8708-83f7d3d9eed7",
                  "isHook": false,
                  "skipped": false
                },
                {
                  "title": "Deve retornar erro quando informar senha incorreta",
                  "fullTitle": "User Controller POST /users/login Deve retornar erro quando informar senha incorreta",
                  "timedOut": false,
                  "duration": 23,
                  "state": "passed",
                  "speed": "fast",
                  "pass": true,
                  "fail": false,
                  "pending": false,
                  "context": null,
                  "code": "const response = await request(app)\n  .post(\"/users/login\")\n  .send(test.loginUser);\nexpect(response.status).to.equal(test.statusCode);\nexpect(response.body.message).to.equal(test.expectedMessage);",
                  "err": {},
                  "uuid": "0f4e3917-fd98-44b1-b202-e8ec796d5248",
                  "parentUUID": "ff2f8525-3e94-41cc-8708-83f7d3d9eed7",
                  "isHook": false,
                  "skipped": false
                },
                {
                  "title": "Deve realizar o login com sucesso",
                  "fullTitle": "User Controller POST /users/login Deve realizar o login com sucesso",
                  "timedOut": false,
                  "duration": 24,
                  "state": "passed",
                  "speed": "fast",
                  "pass": true,
                  "fail": false,
                  "pending": false,
                  "context": null,
                  "code": "const loginRequest = require(\"../../fixture/requests/user/loginRequest.json\");\nconst response = await request(app)\n  .post(\"/users/login\")\n  .send(loginRequest);\nexpect(response.status).to.equal(200);\nexpect(response.body.token).to.be.not.null;",
                  "err": {},
                  "uuid": "9208d7a6-e32c-407b-82e1-f4ed4214e1e7",
                  "parentUUID": "ff2f8525-3e94-41cc-8708-83f7d3d9eed7",
                  "isHook": false,
                  "skipped": false
                }
              ],
              "suites": [],
              "passes": [
                "c1fa7033-475c-4cc4-846f-27032293fb1a",
                "8cd4d571-88d4-4cfc-a044-79ecca86addd",
                "0074c097-ae4f-4092-a9c4-fa11ef84fd89",
                "0f4e3917-fd98-44b1-b202-e8ec796d5248",
                "9208d7a6-e32c-407b-82e1-f4ed4214e1e7"
              ],
              "failures": [],
              "pending": [],
              "skipped": [],
              "duration": 52,
              "root": false,
              "rootEmpty": false,
              "_timeout": 10000
            }
          ],
          "passes": [],
          "failures": [],
          "pending": [],
          "skipped": [],
          "duration": 0,
          "root": false,
          "rootEmpty": false,
          "_timeout": 10000
        },
        {
          "uuid": "14a86228-1a15-4953-8e99-01b6cd686143",
          "title": "User Controller - Mocked",
          "fullFile": "/home/runner/work/trabalho-final-automacao-api/trabalho-final-automacao-api/test/rest/controller/user/userControllerMocked.test.js",
          "file": "/test/rest/controller/user/userControllerMocked.test.js",
          "beforeHooks": [],
          "afterHooks": [
            {
              "title": "\"after each\" hook in \"User Controller - Mocked\"",
              "fullTitle": "User Controller - Mocked \"after each\" hook in \"User Controller - Mocked\"",
              "timedOut": false,
              "duration": 0,
              "state": null,
              "speed": null,
              "pass": false,
              "fail": false,
              "pending": false,
              "context": null,
              "code": "sinon.restore();",
              "err": {},
              "uuid": "c8a8ac7a-3df6-494d-8129-080f50336163",
              "parentUUID": "14a86228-1a15-4953-8e99-01b6cd686143",
              "isHook": true,
              "skipped": false
            }
          ],
          "tests": [],
          "suites": [
            {
              "uuid": "c8771460-0dd0-40dd-81d9-4e0579cb66b9",
              "title": "POST /users/register",
              "fullFile": "/home/runner/work/trabalho-final-automacao-api/trabalho-final-automacao-api/test/rest/controller/user/userControllerMocked.test.js",
              "file": "/test/rest/controller/user/userControllerMocked.test.js",
              "beforeHooks": [],
              "afterHooks": [],
              "tests": [
                {
                  "title": "Deve retornar erro quando o usuário não for informado",
                  "fullTitle": "User Controller - Mocked POST /users/register Deve retornar erro quando o usuário não for informado",
                  "timedOut": false,
                  "duration": 2,
                  "state": "passed",
                  "speed": "fast",
                  "pass": true,
                  "fail": false,
                  "pending": false,
                  "context": null,
                  "code": "const error = new Error(test.expectedMessage);\nerror.status = test.statusCode;\nconst userServiceMock = sinon.stub(userService, \"registerUser\");\nuserServiceMock.throws(error);\nconst response = await request(app)\n  .post(\"/users/register\")\n  .send(test.createUser);\nexpect(response.status).to.equal(test.statusCode);\nexpect(response.body.message).to.equal(test.expectedMessage);",
                  "err": {},
                  "uuid": "4aecee0f-e872-42be-a7f6-baab2f8f5fb1",
                  "parentUUID": "c8771460-0dd0-40dd-81d9-4e0579cb66b9",
                  "isHook": false,
                  "skipped": false
                },
                {
                  "title": "Deve retornar erro quando a senha não for informada",
                  "fullTitle": "User Controller - Mocked POST /users/register Deve retornar erro quando a senha não for informada",
                  "timedOut": false,
                  "duration": 1,
                  "state": "passed",
                  "speed": "fast",
                  "pass": true,
                  "fail": false,
                  "pending": false,
                  "context": null,
                  "code": "const error = new Error(test.expectedMessage);\nerror.status = test.statusCode;\nconst userServiceMock = sinon.stub(userService, \"registerUser\");\nuserServiceMock.throws(error);\nconst response = await request(app)\n  .post(\"/users/register\")\n  .send(test.createUser);\nexpect(response.status).to.equal(test.statusCode);\nexpect(response.body.message).to.equal(test.expectedMessage);",
                  "err": {},
                  "uuid": "fdad6364-38cc-429c-88cd-8ef5c04a97e0",
                  "parentUUID": "c8771460-0dd0-40dd-81d9-4e0579cb66b9",
                  "isHook": false,
                  "skipped": false
                },
                {
                  "title": "Deve retornar erro quando o usuário já existir",
                  "fullTitle": "User Controller - Mocked POST /users/register Deve retornar erro quando o usuário já existir",
                  "timedOut": false,
                  "duration": 1,
                  "state": "passed",
                  "speed": "fast",
                  "pass": true,
                  "fail": false,
                  "pending": false,
                  "context": null,
                  "code": "const error = new Error(test.expectedMessage);\nerror.status = test.statusCode;\nconst userServiceMock = sinon.stub(userService, \"registerUser\");\nuserServiceMock.throws(error);\nconst response = await request(app)\n  .post(\"/users/register\")\n  .send(test.createUser);\nexpect(response.status).to.equal(test.statusCode);\nexpect(response.body.message).to.equal(test.expectedMessage);",
                  "err": {},
                  "uuid": "62f4f146-b621-4a4b-87f7-05511aceba91",
                  "parentUUID": "c8771460-0dd0-40dd-81d9-4e0579cb66b9",
                  "isHook": false,
                  "skipped": false
                },
                {
                  "title": "Deve criar usuário com sucesso",
                  "fullTitle": "User Controller - Mocked POST /users/register Deve criar usuário com sucesso",
                  "timedOut": false,
                  "duration": 2,
                  "state": "passed",
                  "speed": "fast",
                  "pass": true,
                  "fail": false,
                  "pending": false,
                  "context": null,
                  "code": "const expectedResponse = require(\"../../fixture/responses/user/createUserResponseSuccessful.json\");\nconst userServiceMock = sinon.stub(userService, \"registerUser\");\nuserServiceMock.returns({\n  message: expectedResponse.body.message,\n  user: { username: \"user\", password: \"password\" },\n});\nconst response = await request(app).post(\"/users/register\").send({\n  username: \"username\",\n  password: \"password\",\n});\nexpect(response.status).to.equal(expectedResponse.statusCode);\nexpect(response.body).to.deep.equal(expectedResponse.body);",
                  "err": {},
                  "uuid": "71f8672f-c533-4d1f-9efe-1438800f3398",
                  "parentUUID": "c8771460-0dd0-40dd-81d9-4e0579cb66b9",
                  "isHook": false,
                  "skipped": false
                }
              ],
              "suites": [],
              "passes": [
                "4aecee0f-e872-42be-a7f6-baab2f8f5fb1",
                "fdad6364-38cc-429c-88cd-8ef5c04a97e0",
                "62f4f146-b621-4a4b-87f7-05511aceba91",
                "71f8672f-c533-4d1f-9efe-1438800f3398"
              ],
              "failures": [],
              "pending": [],
              "skipped": [],
              "duration": 6,
              "root": false,
              "rootEmpty": false,
              "_timeout": 10000
            },
            {
              "uuid": "7e0b8981-c1dc-47a0-9810-1b5f6b954fa6",
              "title": "POST /users/login",
              "fullFile": "/home/runner/work/trabalho-final-automacao-api/trabalho-final-automacao-api/test/rest/controller/user/userControllerMocked.test.js",
              "file": "/test/rest/controller/user/userControllerMocked.test.js",
              "beforeHooks": [],
              "afterHooks": [],
              "tests": [
                {
                  "title": "Deve retornar erro quando o usuário não for informado",
                  "fullTitle": "User Controller - Mocked POST /users/login Deve retornar erro quando o usuário não for informado",
                  "timedOut": false,
                  "duration": 2,
                  "state": "passed",
                  "speed": "fast",
                  "pass": true,
                  "fail": false,
                  "pending": false,
                  "context": null,
                  "code": "const error = new Error(test.expectedMessage);\nerror.status = test.statusCode;\nconst userServiceMock = sinon.stub(userService, \"validateUser\");\nuserServiceMock.throws(error);\nconst response = await request(app)\n  .post(\"/users/login\")\n  .send(test.loginUser);\nexpect(response.status).to.equal(test.statusCode);\nexpect(response.body.message).to.equal(test.expectedMessage);",
                  "err": {},
                  "uuid": "fd7d7c2b-825d-4ae4-9da1-764e41ae0534",
                  "parentUUID": "7e0b8981-c1dc-47a0-9810-1b5f6b954fa6",
                  "isHook": false,
                  "skipped": false
                },
                {
                  "title": "Deve retornar erro quando a senha não for informada",
                  "fullTitle": "User Controller - Mocked POST /users/login Deve retornar erro quando a senha não for informada",
                  "timedOut": false,
                  "duration": 2,
                  "state": "passed",
                  "speed": "fast",
                  "pass": true,
                  "fail": false,
                  "pending": false,
                  "context": null,
                  "code": "const error = new Error(test.expectedMessage);\nerror.status = test.statusCode;\nconst userServiceMock = sinon.stub(userService, \"validateUser\");\nuserServiceMock.throws(error);\nconst response = await request(app)\n  .post(\"/users/login\")\n  .send(test.loginUser);\nexpect(response.status).to.equal(test.statusCode);\nexpect(response.body.message).to.equal(test.expectedMessage);",
                  "err": {},
                  "uuid": "92aacd44-c318-430f-ac17-ab062b57472c",
                  "parentUUID": "7e0b8981-c1dc-47a0-9810-1b5f6b954fa6",
                  "isHook": false,
                  "skipped": false
                },
                {
                  "title": "Deve retornar erro quando informar usuário inexistente",
                  "fullTitle": "User Controller - Mocked POST /users/login Deve retornar erro quando informar usuário inexistente",
                  "timedOut": false,
                  "duration": 2,
                  "state": "passed",
                  "speed": "fast",
                  "pass": true,
                  "fail": false,
                  "pending": false,
                  "context": null,
                  "code": "const error = new Error(test.expectedMessage);\nerror.status = test.statusCode;\nconst userServiceMock = sinon.stub(userService, \"validateUser\");\nuserServiceMock.throws(error);\nconst response = await request(app)\n  .post(\"/users/login\")\n  .send(test.loginUser);\nexpect(response.status).to.equal(test.statusCode);\nexpect(response.body.message).to.equal(test.expectedMessage);",
                  "err": {},
                  "uuid": "7af7e015-58b6-427b-bdea-98f652b55f41",
                  "parentUUID": "7e0b8981-c1dc-47a0-9810-1b5f6b954fa6",
                  "isHook": false,
                  "skipped": false
                },
                {
                  "title": "Deve retornar erro quando informar senha incorreta",
                  "fullTitle": "User Controller - Mocked POST /users/login Deve retornar erro quando informar senha incorreta",
                  "timedOut": false,
                  "duration": 2,
                  "state": "passed",
                  "speed": "fast",
                  "pass": true,
                  "fail": false,
                  "pending": false,
                  "context": null,
                  "code": "const error = new Error(test.expectedMessage);\nerror.status = test.statusCode;\nconst userServiceMock = sinon.stub(userService, \"validateUser\");\nuserServiceMock.throws(error);\nconst response = await request(app)\n  .post(\"/users/login\")\n  .send(test.loginUser);\nexpect(response.status).to.equal(test.statusCode);\nexpect(response.body.message).to.equal(test.expectedMessage);",
                  "err": {},
                  "uuid": "da8d8266-96c2-433e-b15d-8c6d520eab43",
                  "parentUUID": "7e0b8981-c1dc-47a0-9810-1b5f6b954fa6",
                  "isHook": false,
                  "skipped": false
                },
                {
                  "title": "Deve realizar o login com sucesso",
                  "fullTitle": "User Controller - Mocked POST /users/login Deve realizar o login com sucesso",
                  "timedOut": false,
                  "duration": 2,
                  "state": "passed",
                  "speed": "fast",
                  "pass": true,
                  "fail": false,
                  "pending": false,
                  "context": null,
                  "code": "const userServiceMock = sinon.stub(userService, \"validateUser\");\nuserServiceMock.returns({\n  token: \"eyJhbGciOiJIUzI1NiIsInR5cCI6IkpXVCJ9.mocktoken\",\n});\nconst loginRequest = require(\"../../fixture/requests/user/loginRequest.json\");\nconst response = await request(app)\n  .post(\"/users/login\")\n  .send(loginRequest);\nexpect(response.status).to.equal(200);\nexpect(response.body.token).to.be.not.null;",
                  "err": {},
                  "uuid": "391cbbc6-8f94-4be3-b9f7-4bbe929a4a84",
                  "parentUUID": "7e0b8981-c1dc-47a0-9810-1b5f6b954fa6",
                  "isHook": false,
                  "skipped": false
                }
              ],
              "suites": [],
              "passes": [
                "fd7d7c2b-825d-4ae4-9da1-764e41ae0534",
                "92aacd44-c318-430f-ac17-ab062b57472c",
                "7af7e015-58b6-427b-bdea-98f652b55f41",
                "da8d8266-96c2-433e-b15d-8c6d520eab43",
                "391cbbc6-8f94-4be3-b9f7-4bbe929a4a84"
              ],
              "failures": [],
              "pending": [],
              "skipped": [],
              "duration": 10,
              "root": false,
              "rootEmpty": false,
              "_timeout": 10000
            }
          ],
          "passes": [],
          "failures": [],
          "pending": [],
          "skipped": [],
          "duration": 0,
          "root": false,
          "rootEmpty": false,
          "_timeout": 10000
        }
      ],
      "passes": [],
      "failures": [],
      "pending": [],
      "skipped": [],
      "duration": 0,
      "root": true,
      "rootEmpty": true,
      "_timeout": 10000
    }
  ],
  "meta": {
    "mocha": {
      "version": "11.7.2"
    },
    "mochawesome": {
      "options": {
        "quiet": false,
        "reportFilename": "mochawesome",
        "saveHtml": true,
        "saveJson": true,
        "consoleReporter": "spec",
        "useInlineDiffs": false,
        "code": true
      },
      "version": "7.1.4"
    },
    "marge": {
      "options": {
        "reportDir": "mochawesome-report",
        "overwrite": "false"
      },
      "version": "6.3.0"
    }
  }
}